[2024-01-21T13:20:39.464+0000] {processor.py:161} INFO - Started process (PID=70) to work on /home/airflow/.local/lib/python3.8/site-packages/airflow/example_dags/example_latest_only_with_trigger.py
[2024-01-21T13:20:39.471+0000] {processor.py:830} INFO - Processing file /home/airflow/.local/lib/python3.8/site-packages/airflow/example_dags/example_latest_only_with_trigger.py for tasks to queue
[2024-01-21T13:20:39.479+0000] {logging_mixin.py:188} INFO - [2024-01-21T13:20:39.478+0000] {dagbag.py:538} INFO - Filling up the DagBag from /home/airflow/.local/lib/python3.8/site-packages/airflow/example_dags/example_latest_only_with_trigger.py
[2024-01-21T13:20:39.501+0000] {processor.py:840} INFO - DAG(s) 'latest_only_with_trigger' retrieved from /home/airflow/.local/lib/python3.8/site-packages/airflow/example_dags/example_latest_only_with_trigger.py
[2024-01-21T13:20:40.060+0000] {logging_mixin.py:188} INFO - [2024-01-21T13:20:40.059+0000] {dag.py:3036} INFO - Sync 1 DAGs
[2024-01-21T13:20:40.117+0000] {logging_mixin.py:188} INFO - [2024-01-21T13:20:40.117+0000] {dag.py:3823} INFO - Setting next_dagrun for latest_only_with_trigger to 2024-01-21 08:00:00+00:00, run_after=2024-01-21 12:00:00+00:00
[2024-01-21T13:20:40.192+0000] {processor.py:183} INFO - Processing /home/airflow/.local/lib/python3.8/site-packages/airflow/example_dags/example_latest_only_with_trigger.py took 0.736 seconds
[2024-01-21T13:21:10.297+0000] {processor.py:161} INFO - Started process (PID=125) to work on /home/airflow/.local/lib/python3.8/site-packages/airflow/example_dags/example_latest_only_with_trigger.py
[2024-01-21T13:21:10.300+0000] {processor.py:830} INFO - Processing file /home/airflow/.local/lib/python3.8/site-packages/airflow/example_dags/example_latest_only_with_trigger.py for tasks to queue
[2024-01-21T13:21:10.305+0000] {logging_mixin.py:188} INFO - [2024-01-21T13:21:10.304+0000] {dagbag.py:538} INFO - Filling up the DagBag from /home/airflow/.local/lib/python3.8/site-packages/airflow/example_dags/example_latest_only_with_trigger.py
[2024-01-21T13:21:10.319+0000] {processor.py:840} INFO - DAG(s) 'latest_only_with_trigger' retrieved from /home/airflow/.local/lib/python3.8/site-packages/airflow/example_dags/example_latest_only_with_trigger.py
[2024-01-21T13:21:10.358+0000] {logging_mixin.py:188} INFO - [2024-01-21T13:21:10.357+0000] {dag.py:3036} INFO - Sync 1 DAGs
[2024-01-21T13:21:10.402+0000] {logging_mixin.py:188} INFO - [2024-01-21T13:21:10.402+0000] {dag.py:3823} INFO - Setting next_dagrun for latest_only_with_trigger to 2024-01-21 08:00:00+00:00, run_after=2024-01-21 12:00:00+00:00
[2024-01-21T13:21:10.460+0000] {processor.py:183} INFO - Processing /home/airflow/.local/lib/python3.8/site-packages/airflow/example_dags/example_latest_only_with_trigger.py took 0.171 seconds
[2024-01-21T13:21:41.109+0000] {processor.py:161} INFO - Started process (PID=180) to work on /home/airflow/.local/lib/python3.8/site-packages/airflow/example_dags/example_latest_only_with_trigger.py
[2024-01-21T13:21:41.111+0000] {processor.py:830} INFO - Processing file /home/airflow/.local/lib/python3.8/site-packages/airflow/example_dags/example_latest_only_with_trigger.py for tasks to queue
[2024-01-21T13:21:41.114+0000] {logging_mixin.py:188} INFO - [2024-01-21T13:21:41.114+0000] {dagbag.py:538} INFO - Filling up the DagBag from /home/airflow/.local/lib/python3.8/site-packages/airflow/example_dags/example_latest_only_with_trigger.py
[2024-01-21T13:21:41.127+0000] {processor.py:840} INFO - DAG(s) 'latest_only_with_trigger' retrieved from /home/airflow/.local/lib/python3.8/site-packages/airflow/example_dags/example_latest_only_with_trigger.py
[2024-01-21T13:21:41.163+0000] {logging_mixin.py:188} INFO - [2024-01-21T13:21:41.163+0000] {dag.py:3036} INFO - Sync 1 DAGs
[2024-01-21T13:21:41.208+0000] {logging_mixin.py:188} INFO - [2024-01-21T13:21:41.208+0000] {dag.py:3823} INFO - Setting next_dagrun for latest_only_with_trigger to 2024-01-21 08:00:00+00:00, run_after=2024-01-21 12:00:00+00:00
[2024-01-21T13:21:41.244+0000] {processor.py:183} INFO - Processing /home/airflow/.local/lib/python3.8/site-packages/airflow/example_dags/example_latest_only_with_trigger.py took 0.142 seconds
[2024-01-21T13:22:11.860+0000] {processor.py:161} INFO - Started process (PID=234) to work on /home/airflow/.local/lib/python3.8/site-packages/airflow/example_dags/example_latest_only_with_trigger.py
[2024-01-21T13:22:11.862+0000] {processor.py:830} INFO - Processing file /home/airflow/.local/lib/python3.8/site-packages/airflow/example_dags/example_latest_only_with_trigger.py for tasks to queue
[2024-01-21T13:22:11.866+0000] {logging_mixin.py:188} INFO - [2024-01-21T13:22:11.865+0000] {dagbag.py:538} INFO - Filling up the DagBag from /home/airflow/.local/lib/python3.8/site-packages/airflow/example_dags/example_latest_only_with_trigger.py
[2024-01-21T13:22:11.876+0000] {processor.py:840} INFO - DAG(s) 'latest_only_with_trigger' retrieved from /home/airflow/.local/lib/python3.8/site-packages/airflow/example_dags/example_latest_only_with_trigger.py
[2024-01-21T13:22:11.913+0000] {logging_mixin.py:188} INFO - [2024-01-21T13:22:11.912+0000] {dag.py:3036} INFO - Sync 1 DAGs
[2024-01-21T13:22:11.948+0000] {logging_mixin.py:188} INFO - [2024-01-21T13:22:11.947+0000] {dag.py:3823} INFO - Setting next_dagrun for latest_only_with_trigger to 2024-01-21 08:00:00+00:00, run_after=2024-01-21 12:00:00+00:00
[2024-01-21T13:22:11.992+0000] {processor.py:183} INFO - Processing /home/airflow/.local/lib/python3.8/site-packages/airflow/example_dags/example_latest_only_with_trigger.py took 0.139 seconds
[2024-01-21T13:39:38.016+0000] {processor.py:161} INFO - Started process (PID=76) to work on /home/airflow/.local/lib/python3.8/site-packages/airflow/example_dags/example_latest_only_with_trigger.py
[2024-01-21T13:39:38.019+0000] {processor.py:830} INFO - Processing file /home/airflow/.local/lib/python3.8/site-packages/airflow/example_dags/example_latest_only_with_trigger.py for tasks to queue
[2024-01-21T13:39:38.053+0000] {logging_mixin.py:188} INFO - [2024-01-21T13:39:38.051+0000] {dagbag.py:538} INFO - Filling up the DagBag from /home/airflow/.local/lib/python3.8/site-packages/airflow/example_dags/example_latest_only_with_trigger.py
[2024-01-21T13:39:38.104+0000] {processor.py:840} INFO - DAG(s) 'latest_only_with_trigger' retrieved from /home/airflow/.local/lib/python3.8/site-packages/airflow/example_dags/example_latest_only_with_trigger.py
[2024-01-21T13:39:38.544+0000] {logging_mixin.py:188} INFO - [2024-01-21T13:39:38.544+0000] {dag.py:3036} INFO - Sync 1 DAGs
[2024-01-21T13:39:38.620+0000] {logging_mixin.py:188} INFO - [2024-01-21T13:39:38.619+0000] {dag.py:3823} INFO - Setting next_dagrun for latest_only_with_trigger to 2024-01-21 08:00:00+00:00, run_after=2024-01-21 12:00:00+00:00
[2024-01-21T13:39:38.688+0000] {processor.py:183} INFO - Processing /home/airflow/.local/lib/python3.8/site-packages/airflow/example_dags/example_latest_only_with_trigger.py took 0.681 seconds
[2024-01-21T13:40:10.075+0000] {processor.py:161} INFO - Started process (PID=131) to work on /home/airflow/.local/lib/python3.8/site-packages/airflow/example_dags/example_latest_only_with_trigger.py
[2024-01-21T13:40:10.080+0000] {processor.py:830} INFO - Processing file /home/airflow/.local/lib/python3.8/site-packages/airflow/example_dags/example_latest_only_with_trigger.py for tasks to queue
[2024-01-21T13:40:10.092+0000] {logging_mixin.py:188} INFO - [2024-01-21T13:40:10.091+0000] {dagbag.py:538} INFO - Filling up the DagBag from /home/airflow/.local/lib/python3.8/site-packages/airflow/example_dags/example_latest_only_with_trigger.py
[2024-01-21T13:40:10.198+0000] {processor.py:840} INFO - DAG(s) 'latest_only_with_trigger' retrieved from /home/airflow/.local/lib/python3.8/site-packages/airflow/example_dags/example_latest_only_with_trigger.py
[2024-01-21T13:40:10.393+0000] {logging_mixin.py:188} INFO - [2024-01-21T13:40:10.393+0000] {dag.py:3036} INFO - Sync 1 DAGs
[2024-01-21T13:40:10.626+0000] {logging_mixin.py:188} INFO - [2024-01-21T13:40:10.626+0000] {dag.py:3823} INFO - Setting next_dagrun for latest_only_with_trigger to 2024-01-21 08:00:00+00:00, run_after=2024-01-21 12:00:00+00:00
[2024-01-21T13:40:10.734+0000] {processor.py:183} INFO - Processing /home/airflow/.local/lib/python3.8/site-packages/airflow/example_dags/example_latest_only_with_trigger.py took 0.687 seconds
[2024-01-21T13:40:41.242+0000] {processor.py:161} INFO - Started process (PID=188) to work on /home/airflow/.local/lib/python3.8/site-packages/airflow/example_dags/example_latest_only_with_trigger.py
[2024-01-21T13:40:41.252+0000] {processor.py:830} INFO - Processing file /home/airflow/.local/lib/python3.8/site-packages/airflow/example_dags/example_latest_only_with_trigger.py for tasks to queue
[2024-01-21T13:40:41.259+0000] {logging_mixin.py:188} INFO - [2024-01-21T13:40:41.258+0000] {dagbag.py:538} INFO - Filling up the DagBag from /home/airflow/.local/lib/python3.8/site-packages/airflow/example_dags/example_latest_only_with_trigger.py
[2024-01-21T13:40:41.487+0000] {processor.py:840} INFO - DAG(s) 'latest_only_with_trigger' retrieved from /home/airflow/.local/lib/python3.8/site-packages/airflow/example_dags/example_latest_only_with_trigger.py
[2024-01-21T13:40:41.619+0000] {logging_mixin.py:188} INFO - [2024-01-21T13:40:41.618+0000] {dag.py:3036} INFO - Sync 1 DAGs
[2024-01-21T13:40:41.708+0000] {logging_mixin.py:188} INFO - [2024-01-21T13:40:41.707+0000] {dag.py:3823} INFO - Setting next_dagrun for latest_only_with_trigger to 2024-01-21 08:00:00+00:00, run_after=2024-01-21 12:00:00+00:00
[2024-01-21T13:40:41.856+0000] {processor.py:183} INFO - Processing /home/airflow/.local/lib/python3.8/site-packages/airflow/example_dags/example_latest_only_with_trigger.py took 0.649 seconds
[2024-01-21T13:41:12.818+0000] {processor.py:161} INFO - Started process (PID=244) to work on /home/airflow/.local/lib/python3.8/site-packages/airflow/example_dags/example_latest_only_with_trigger.py
[2024-01-21T13:41:12.820+0000] {processor.py:830} INFO - Processing file /home/airflow/.local/lib/python3.8/site-packages/airflow/example_dags/example_latest_only_with_trigger.py for tasks to queue
[2024-01-21T13:41:12.824+0000] {logging_mixin.py:188} INFO - [2024-01-21T13:41:12.823+0000] {dagbag.py:538} INFO - Filling up the DagBag from /home/airflow/.local/lib/python3.8/site-packages/airflow/example_dags/example_latest_only_with_trigger.py
[2024-01-21T13:41:12.836+0000] {processor.py:840} INFO - DAG(s) 'latest_only_with_trigger' retrieved from /home/airflow/.local/lib/python3.8/site-packages/airflow/example_dags/example_latest_only_with_trigger.py
[2024-01-21T13:41:12.880+0000] {logging_mixin.py:188} INFO - [2024-01-21T13:41:12.879+0000] {dag.py:3036} INFO - Sync 1 DAGs
[2024-01-21T13:41:12.918+0000] {logging_mixin.py:188} INFO - [2024-01-21T13:41:12.917+0000] {dag.py:3823} INFO - Setting next_dagrun for latest_only_with_trigger to 2024-01-21 08:00:00+00:00, run_after=2024-01-21 12:00:00+00:00
[2024-01-21T13:41:12.956+0000] {processor.py:183} INFO - Processing /home/airflow/.local/lib/python3.8/site-packages/airflow/example_dags/example_latest_only_with_trigger.py took 0.148 seconds
[2024-01-21T13:41:43.239+0000] {processor.py:161} INFO - Started process (PID=299) to work on /home/airflow/.local/lib/python3.8/site-packages/airflow/example_dags/example_latest_only_with_trigger.py
[2024-01-21T13:41:43.242+0000] {processor.py:830} INFO - Processing file /home/airflow/.local/lib/python3.8/site-packages/airflow/example_dags/example_latest_only_with_trigger.py for tasks to queue
[2024-01-21T13:41:43.248+0000] {logging_mixin.py:188} INFO - [2024-01-21T13:41:43.247+0000] {dagbag.py:538} INFO - Filling up the DagBag from /home/airflow/.local/lib/python3.8/site-packages/airflow/example_dags/example_latest_only_with_trigger.py
[2024-01-21T13:41:43.285+0000] {processor.py:840} INFO - DAG(s) 'latest_only_with_trigger' retrieved from /home/airflow/.local/lib/python3.8/site-packages/airflow/example_dags/example_latest_only_with_trigger.py
[2024-01-21T13:41:43.383+0000] {logging_mixin.py:188} INFO - [2024-01-21T13:41:43.383+0000] {dag.py:3036} INFO - Sync 1 DAGs
[2024-01-21T13:41:43.461+0000] {logging_mixin.py:188} INFO - [2024-01-21T13:41:43.461+0000] {dag.py:3823} INFO - Setting next_dagrun for latest_only_with_trigger to 2024-01-21 08:00:00+00:00, run_after=2024-01-21 12:00:00+00:00
[2024-01-21T13:41:43.523+0000] {processor.py:183} INFO - Processing /home/airflow/.local/lib/python3.8/site-packages/airflow/example_dags/example_latest_only_with_trigger.py took 0.296 seconds
[2024-01-21T13:42:14.287+0000] {processor.py:161} INFO - Started process (PID=354) to work on /home/airflow/.local/lib/python3.8/site-packages/airflow/example_dags/example_latest_only_with_trigger.py
[2024-01-21T13:42:14.291+0000] {processor.py:830} INFO - Processing file /home/airflow/.local/lib/python3.8/site-packages/airflow/example_dags/example_latest_only_with_trigger.py for tasks to queue
[2024-01-21T13:42:14.296+0000] {logging_mixin.py:188} INFO - [2024-01-21T13:42:14.296+0000] {dagbag.py:538} INFO - Filling up the DagBag from /home/airflow/.local/lib/python3.8/site-packages/airflow/example_dags/example_latest_only_with_trigger.py
[2024-01-21T13:42:14.312+0000] {processor.py:840} INFO - DAG(s) 'latest_only_with_trigger' retrieved from /home/airflow/.local/lib/python3.8/site-packages/airflow/example_dags/example_latest_only_with_trigger.py
[2024-01-21T13:42:14.362+0000] {logging_mixin.py:188} INFO - [2024-01-21T13:42:14.362+0000] {dag.py:3036} INFO - Sync 1 DAGs
[2024-01-21T13:42:14.407+0000] {logging_mixin.py:188} INFO - [2024-01-21T13:42:14.407+0000] {dag.py:3823} INFO - Setting next_dagrun for latest_only_with_trigger to 2024-01-21 08:00:00+00:00, run_after=2024-01-21 12:00:00+00:00
[2024-01-21T13:42:14.449+0000] {processor.py:183} INFO - Processing /home/airflow/.local/lib/python3.8/site-packages/airflow/example_dags/example_latest_only_with_trigger.py took 0.169 seconds
[2024-01-21T13:42:44.936+0000] {processor.py:161} INFO - Started process (PID=409) to work on /home/airflow/.local/lib/python3.8/site-packages/airflow/example_dags/example_latest_only_with_trigger.py
[2024-01-21T13:42:44.955+0000] {processor.py:830} INFO - Processing file /home/airflow/.local/lib/python3.8/site-packages/airflow/example_dags/example_latest_only_with_trigger.py for tasks to queue
[2024-01-21T13:42:44.964+0000] {logging_mixin.py:188} INFO - [2024-01-21T13:42:44.963+0000] {dagbag.py:538} INFO - Filling up the DagBag from /home/airflow/.local/lib/python3.8/site-packages/airflow/example_dags/example_latest_only_with_trigger.py
[2024-01-21T13:42:44.982+0000] {processor.py:840} INFO - DAG(s) 'latest_only_with_trigger' retrieved from /home/airflow/.local/lib/python3.8/site-packages/airflow/example_dags/example_latest_only_with_trigger.py
[2024-01-21T13:42:45.096+0000] {logging_mixin.py:188} INFO - [2024-01-21T13:42:45.095+0000] {dag.py:3036} INFO - Sync 1 DAGs
[2024-01-21T13:42:45.195+0000] {logging_mixin.py:188} INFO - [2024-01-21T13:42:45.195+0000] {dag.py:3823} INFO - Setting next_dagrun for latest_only_with_trigger to 2024-01-21 08:00:00+00:00, run_after=2024-01-21 12:00:00+00:00
[2024-01-21T13:42:45.259+0000] {processor.py:183} INFO - Processing /home/airflow/.local/lib/python3.8/site-packages/airflow/example_dags/example_latest_only_with_trigger.py took 0.338 seconds
[2024-01-21T13:43:15.413+0000] {processor.py:161} INFO - Started process (PID=464) to work on /home/airflow/.local/lib/python3.8/site-packages/airflow/example_dags/example_latest_only_with_trigger.py
[2024-01-21T13:43:15.415+0000] {processor.py:830} INFO - Processing file /home/airflow/.local/lib/python3.8/site-packages/airflow/example_dags/example_latest_only_with_trigger.py for tasks to queue
[2024-01-21T13:43:15.420+0000] {logging_mixin.py:188} INFO - [2024-01-21T13:43:15.420+0000] {dagbag.py:538} INFO - Filling up the DagBag from /home/airflow/.local/lib/python3.8/site-packages/airflow/example_dags/example_latest_only_with_trigger.py
[2024-01-21T13:43:15.434+0000] {processor.py:840} INFO - DAG(s) 'latest_only_with_trigger' retrieved from /home/airflow/.local/lib/python3.8/site-packages/airflow/example_dags/example_latest_only_with_trigger.py
[2024-01-21T13:43:15.489+0000] {logging_mixin.py:188} INFO - [2024-01-21T13:43:15.489+0000] {dag.py:3036} INFO - Sync 1 DAGs
[2024-01-21T13:43:15.558+0000] {logging_mixin.py:188} INFO - [2024-01-21T13:43:15.557+0000] {dag.py:3823} INFO - Setting next_dagrun for latest_only_with_trigger to 2024-01-21 08:00:00+00:00, run_after=2024-01-21 12:00:00+00:00
[2024-01-21T13:43:15.614+0000] {processor.py:183} INFO - Processing /home/airflow/.local/lib/python3.8/site-packages/airflow/example_dags/example_latest_only_with_trigger.py took 0.208 seconds
[2024-01-21T13:43:45.910+0000] {processor.py:161} INFO - Started process (PID=520) to work on /home/airflow/.local/lib/python3.8/site-packages/airflow/example_dags/example_latest_only_with_trigger.py
[2024-01-21T13:43:45.915+0000] {processor.py:830} INFO - Processing file /home/airflow/.local/lib/python3.8/site-packages/airflow/example_dags/example_latest_only_with_trigger.py for tasks to queue
[2024-01-21T13:43:45.920+0000] {logging_mixin.py:188} INFO - [2024-01-21T13:43:45.920+0000] {dagbag.py:538} INFO - Filling up the DagBag from /home/airflow/.local/lib/python3.8/site-packages/airflow/example_dags/example_latest_only_with_trigger.py
[2024-01-21T13:43:45.935+0000] {processor.py:840} INFO - DAG(s) 'latest_only_with_trigger' retrieved from /home/airflow/.local/lib/python3.8/site-packages/airflow/example_dags/example_latest_only_with_trigger.py
[2024-01-21T13:43:46.032+0000] {logging_mixin.py:188} INFO - [2024-01-21T13:43:46.031+0000] {dag.py:3036} INFO - Sync 1 DAGs
[2024-01-21T13:43:46.090+0000] {logging_mixin.py:188} INFO - [2024-01-21T13:43:46.089+0000] {dag.py:3823} INFO - Setting next_dagrun for latest_only_with_trigger to 2024-01-21 08:00:00+00:00, run_after=2024-01-21 12:00:00+00:00
[2024-01-21T13:43:46.123+0000] {processor.py:183} INFO - Processing /home/airflow/.local/lib/python3.8/site-packages/airflow/example_dags/example_latest_only_with_trigger.py took 0.226 seconds
[2024-01-21T13:44:16.465+0000] {processor.py:161} INFO - Started process (PID=575) to work on /home/airflow/.local/lib/python3.8/site-packages/airflow/example_dags/example_latest_only_with_trigger.py
[2024-01-21T13:44:16.469+0000] {processor.py:830} INFO - Processing file /home/airflow/.local/lib/python3.8/site-packages/airflow/example_dags/example_latest_only_with_trigger.py for tasks to queue
[2024-01-21T13:44:16.474+0000] {logging_mixin.py:188} INFO - [2024-01-21T13:44:16.473+0000] {dagbag.py:538} INFO - Filling up the DagBag from /home/airflow/.local/lib/python3.8/site-packages/airflow/example_dags/example_latest_only_with_trigger.py
[2024-01-21T13:44:16.487+0000] {processor.py:840} INFO - DAG(s) 'latest_only_with_trigger' retrieved from /home/airflow/.local/lib/python3.8/site-packages/airflow/example_dags/example_latest_only_with_trigger.py
[2024-01-21T13:44:16.531+0000] {logging_mixin.py:188} INFO - [2024-01-21T13:44:16.531+0000] {dag.py:3036} INFO - Sync 1 DAGs
[2024-01-21T13:44:16.589+0000] {logging_mixin.py:188} INFO - [2024-01-21T13:44:16.588+0000] {dag.py:3823} INFO - Setting next_dagrun for latest_only_with_trigger to 2024-01-21 08:00:00+00:00, run_after=2024-01-21 12:00:00+00:00
[2024-01-21T13:44:16.713+0000] {processor.py:183} INFO - Processing /home/airflow/.local/lib/python3.8/site-packages/airflow/example_dags/example_latest_only_with_trigger.py took 0.257 seconds
[2024-01-21T13:44:47.076+0000] {processor.py:161} INFO - Started process (PID=631) to work on /home/airflow/.local/lib/python3.8/site-packages/airflow/example_dags/example_latest_only_with_trigger.py
[2024-01-21T13:44:47.079+0000] {processor.py:830} INFO - Processing file /home/airflow/.local/lib/python3.8/site-packages/airflow/example_dags/example_latest_only_with_trigger.py for tasks to queue
[2024-01-21T13:44:47.083+0000] {logging_mixin.py:188} INFO - [2024-01-21T13:44:47.082+0000] {dagbag.py:538} INFO - Filling up the DagBag from /home/airflow/.local/lib/python3.8/site-packages/airflow/example_dags/example_latest_only_with_trigger.py
[2024-01-21T13:44:47.095+0000] {processor.py:840} INFO - DAG(s) 'latest_only_with_trigger' retrieved from /home/airflow/.local/lib/python3.8/site-packages/airflow/example_dags/example_latest_only_with_trigger.py
[2024-01-21T13:44:47.144+0000] {logging_mixin.py:188} INFO - [2024-01-21T13:44:47.143+0000] {dag.py:3036} INFO - Sync 1 DAGs
[2024-01-21T13:44:47.184+0000] {logging_mixin.py:188} INFO - [2024-01-21T13:44:47.183+0000] {dag.py:3823} INFO - Setting next_dagrun for latest_only_with_trigger to 2024-01-21 08:00:00+00:00, run_after=2024-01-21 12:00:00+00:00
[2024-01-21T13:44:47.219+0000] {processor.py:183} INFO - Processing /home/airflow/.local/lib/python3.8/site-packages/airflow/example_dags/example_latest_only_with_trigger.py took 0.150 seconds
[2024-01-21T13:45:17.577+0000] {processor.py:161} INFO - Started process (PID=687) to work on /home/airflow/.local/lib/python3.8/site-packages/airflow/example_dags/example_latest_only_with_trigger.py
[2024-01-21T13:45:17.582+0000] {processor.py:830} INFO - Processing file /home/airflow/.local/lib/python3.8/site-packages/airflow/example_dags/example_latest_only_with_trigger.py for tasks to queue
[2024-01-21T13:45:17.591+0000] {logging_mixin.py:188} INFO - [2024-01-21T13:45:17.590+0000] {dagbag.py:538} INFO - Filling up the DagBag from /home/airflow/.local/lib/python3.8/site-packages/airflow/example_dags/example_latest_only_with_trigger.py
[2024-01-21T13:45:17.609+0000] {processor.py:840} INFO - DAG(s) 'latest_only_with_trigger' retrieved from /home/airflow/.local/lib/python3.8/site-packages/airflow/example_dags/example_latest_only_with_trigger.py
[2024-01-21T13:45:17.660+0000] {logging_mixin.py:188} INFO - [2024-01-21T13:45:17.660+0000] {dag.py:3036} INFO - Sync 1 DAGs
[2024-01-21T13:45:17.702+0000] {logging_mixin.py:188} INFO - [2024-01-21T13:45:17.702+0000] {dag.py:3823} INFO - Setting next_dagrun for latest_only_with_trigger to 2024-01-21 08:00:00+00:00, run_after=2024-01-21 12:00:00+00:00
[2024-01-21T13:45:17.740+0000] {processor.py:183} INFO - Processing /home/airflow/.local/lib/python3.8/site-packages/airflow/example_dags/example_latest_only_with_trigger.py took 0.175 seconds
[2024-01-21T13:45:48.169+0000] {processor.py:161} INFO - Started process (PID=743) to work on /home/airflow/.local/lib/python3.8/site-packages/airflow/example_dags/example_latest_only_with_trigger.py
[2024-01-21T13:45:48.172+0000] {processor.py:830} INFO - Processing file /home/airflow/.local/lib/python3.8/site-packages/airflow/example_dags/example_latest_only_with_trigger.py for tasks to queue
[2024-01-21T13:45:48.175+0000] {logging_mixin.py:188} INFO - [2024-01-21T13:45:48.175+0000] {dagbag.py:538} INFO - Filling up the DagBag from /home/airflow/.local/lib/python3.8/site-packages/airflow/example_dags/example_latest_only_with_trigger.py
[2024-01-21T13:45:48.187+0000] {processor.py:840} INFO - DAG(s) 'latest_only_with_trigger' retrieved from /home/airflow/.local/lib/python3.8/site-packages/airflow/example_dags/example_latest_only_with_trigger.py
[2024-01-21T13:45:48.240+0000] {logging_mixin.py:188} INFO - [2024-01-21T13:45:48.240+0000] {dag.py:3036} INFO - Sync 1 DAGs
[2024-01-21T13:45:48.312+0000] {logging_mixin.py:188} INFO - [2024-01-21T13:45:48.310+0000] {dag.py:3823} INFO - Setting next_dagrun for latest_only_with_trigger to 2024-01-21 08:00:00+00:00, run_after=2024-01-21 12:00:00+00:00
[2024-01-21T13:45:48.386+0000] {processor.py:183} INFO - Processing /home/airflow/.local/lib/python3.8/site-packages/airflow/example_dags/example_latest_only_with_trigger.py took 0.223 seconds
[2024-01-21T13:46:19.370+0000] {processor.py:161} INFO - Started process (PID=799) to work on /home/airflow/.local/lib/python3.8/site-packages/airflow/example_dags/example_latest_only_with_trigger.py
[2024-01-21T13:46:19.372+0000] {processor.py:830} INFO - Processing file /home/airflow/.local/lib/python3.8/site-packages/airflow/example_dags/example_latest_only_with_trigger.py for tasks to queue
[2024-01-21T13:46:19.377+0000] {logging_mixin.py:188} INFO - [2024-01-21T13:46:19.376+0000] {dagbag.py:538} INFO - Filling up the DagBag from /home/airflow/.local/lib/python3.8/site-packages/airflow/example_dags/example_latest_only_with_trigger.py
[2024-01-21T13:46:19.393+0000] {processor.py:840} INFO - DAG(s) 'latest_only_with_trigger' retrieved from /home/airflow/.local/lib/python3.8/site-packages/airflow/example_dags/example_latest_only_with_trigger.py
[2024-01-21T13:46:19.436+0000] {logging_mixin.py:188} INFO - [2024-01-21T13:46:19.436+0000] {dag.py:3036} INFO - Sync 1 DAGs
[2024-01-21T13:46:19.495+0000] {logging_mixin.py:188} INFO - [2024-01-21T13:46:19.493+0000] {dag.py:3823} INFO - Setting next_dagrun for latest_only_with_trigger to 2024-01-21 08:00:00+00:00, run_after=2024-01-21 12:00:00+00:00
[2024-01-21T13:46:19.543+0000] {processor.py:183} INFO - Processing /home/airflow/.local/lib/python3.8/site-packages/airflow/example_dags/example_latest_only_with_trigger.py took 0.184 seconds
[2024-01-21T13:46:50.062+0000] {processor.py:161} INFO - Started process (PID=854) to work on /home/airflow/.local/lib/python3.8/site-packages/airflow/example_dags/example_latest_only_with_trigger.py
[2024-01-21T13:46:50.065+0000] {processor.py:830} INFO - Processing file /home/airflow/.local/lib/python3.8/site-packages/airflow/example_dags/example_latest_only_with_trigger.py for tasks to queue
[2024-01-21T13:46:50.070+0000] {logging_mixin.py:188} INFO - [2024-01-21T13:46:50.069+0000] {dagbag.py:538} INFO - Filling up the DagBag from /home/airflow/.local/lib/python3.8/site-packages/airflow/example_dags/example_latest_only_with_trigger.py
[2024-01-21T13:46:50.086+0000] {processor.py:840} INFO - DAG(s) 'latest_only_with_trigger' retrieved from /home/airflow/.local/lib/python3.8/site-packages/airflow/example_dags/example_latest_only_with_trigger.py
[2024-01-21T13:46:50.138+0000] {logging_mixin.py:188} INFO - [2024-01-21T13:46:50.137+0000] {dag.py:3036} INFO - Sync 1 DAGs
[2024-01-21T13:46:50.198+0000] {logging_mixin.py:188} INFO - [2024-01-21T13:46:50.198+0000] {dag.py:3823} INFO - Setting next_dagrun for latest_only_with_trigger to 2024-01-21 08:00:00+00:00, run_after=2024-01-21 12:00:00+00:00
[2024-01-21T13:46:50.242+0000] {processor.py:183} INFO - Processing /home/airflow/.local/lib/python3.8/site-packages/airflow/example_dags/example_latest_only_with_trigger.py took 0.189 seconds
[2024-01-21T13:47:20.561+0000] {processor.py:161} INFO - Started process (PID=910) to work on /home/airflow/.local/lib/python3.8/site-packages/airflow/example_dags/example_latest_only_with_trigger.py
[2024-01-21T13:47:20.563+0000] {processor.py:830} INFO - Processing file /home/airflow/.local/lib/python3.8/site-packages/airflow/example_dags/example_latest_only_with_trigger.py for tasks to queue
[2024-01-21T13:47:20.566+0000] {logging_mixin.py:188} INFO - [2024-01-21T13:47:20.566+0000] {dagbag.py:538} INFO - Filling up the DagBag from /home/airflow/.local/lib/python3.8/site-packages/airflow/example_dags/example_latest_only_with_trigger.py
[2024-01-21T13:47:20.580+0000] {processor.py:840} INFO - DAG(s) 'latest_only_with_trigger' retrieved from /home/airflow/.local/lib/python3.8/site-packages/airflow/example_dags/example_latest_only_with_trigger.py
[2024-01-21T13:47:20.638+0000] {logging_mixin.py:188} INFO - [2024-01-21T13:47:20.637+0000] {dag.py:3036} INFO - Sync 1 DAGs
[2024-01-21T13:47:20.685+0000] {logging_mixin.py:188} INFO - [2024-01-21T13:47:20.685+0000] {dag.py:3823} INFO - Setting next_dagrun for latest_only_with_trigger to 2024-01-21 08:00:00+00:00, run_after=2024-01-21 12:00:00+00:00
[2024-01-21T13:47:20.727+0000] {processor.py:183} INFO - Processing /home/airflow/.local/lib/python3.8/site-packages/airflow/example_dags/example_latest_only_with_trigger.py took 0.173 seconds
[2024-01-21T13:47:50.976+0000] {processor.py:161} INFO - Started process (PID=966) to work on /home/airflow/.local/lib/python3.8/site-packages/airflow/example_dags/example_latest_only_with_trigger.py
[2024-01-21T13:47:50.979+0000] {processor.py:830} INFO - Processing file /home/airflow/.local/lib/python3.8/site-packages/airflow/example_dags/example_latest_only_with_trigger.py for tasks to queue
[2024-01-21T13:47:50.983+0000] {logging_mixin.py:188} INFO - [2024-01-21T13:47:50.982+0000] {dagbag.py:538} INFO - Filling up the DagBag from /home/airflow/.local/lib/python3.8/site-packages/airflow/example_dags/example_latest_only_with_trigger.py
[2024-01-21T13:47:50.996+0000] {processor.py:840} INFO - DAG(s) 'latest_only_with_trigger' retrieved from /home/airflow/.local/lib/python3.8/site-packages/airflow/example_dags/example_latest_only_with_trigger.py
[2024-01-21T13:47:51.038+0000] {logging_mixin.py:188} INFO - [2024-01-21T13:47:51.037+0000] {dag.py:3036} INFO - Sync 1 DAGs
[2024-01-21T13:47:51.080+0000] {logging_mixin.py:188} INFO - [2024-01-21T13:47:51.080+0000] {dag.py:3823} INFO - Setting next_dagrun for latest_only_with_trigger to 2024-01-21 08:00:00+00:00, run_after=2024-01-21 12:00:00+00:00
[2024-01-21T13:47:51.120+0000] {processor.py:183} INFO - Processing /home/airflow/.local/lib/python3.8/site-packages/airflow/example_dags/example_latest_only_with_trigger.py took 0.150 seconds
[2024-01-21T13:48:22.185+0000] {processor.py:161} INFO - Started process (PID=1020) to work on /home/airflow/.local/lib/python3.8/site-packages/airflow/example_dags/example_latest_only_with_trigger.py
[2024-01-21T13:48:22.194+0000] {processor.py:830} INFO - Processing file /home/airflow/.local/lib/python3.8/site-packages/airflow/example_dags/example_latest_only_with_trigger.py for tasks to queue
[2024-01-21T13:48:22.212+0000] {logging_mixin.py:188} INFO - [2024-01-21T13:48:22.211+0000] {dagbag.py:538} INFO - Filling up the DagBag from /home/airflow/.local/lib/python3.8/site-packages/airflow/example_dags/example_latest_only_with_trigger.py
[2024-01-21T13:48:22.246+0000] {processor.py:840} INFO - DAG(s) 'latest_only_with_trigger' retrieved from /home/airflow/.local/lib/python3.8/site-packages/airflow/example_dags/example_latest_only_with_trigger.py
[2024-01-21T13:48:22.381+0000] {logging_mixin.py:188} INFO - [2024-01-21T13:48:22.381+0000] {dag.py:3036} INFO - Sync 1 DAGs
[2024-01-21T13:48:22.473+0000] {logging_mixin.py:188} INFO - [2024-01-21T13:48:22.472+0000] {dag.py:3823} INFO - Setting next_dagrun for latest_only_with_trigger to 2024-01-21 08:00:00+00:00, run_after=2024-01-21 12:00:00+00:00
[2024-01-21T13:48:22.539+0000] {processor.py:183} INFO - Processing /home/airflow/.local/lib/python3.8/site-packages/airflow/example_dags/example_latest_only_with_trigger.py took 0.408 seconds
[2024-01-21T13:48:52.842+0000] {processor.py:161} INFO - Started process (PID=1076) to work on /home/airflow/.local/lib/python3.8/site-packages/airflow/example_dags/example_latest_only_with_trigger.py
[2024-01-21T13:48:52.846+0000] {processor.py:830} INFO - Processing file /home/airflow/.local/lib/python3.8/site-packages/airflow/example_dags/example_latest_only_with_trigger.py for tasks to queue
[2024-01-21T13:48:52.856+0000] {logging_mixin.py:188} INFO - [2024-01-21T13:48:52.855+0000] {dagbag.py:538} INFO - Filling up the DagBag from /home/airflow/.local/lib/python3.8/site-packages/airflow/example_dags/example_latest_only_with_trigger.py
[2024-01-21T13:48:52.884+0000] {processor.py:840} INFO - DAG(s) 'latest_only_with_trigger' retrieved from /home/airflow/.local/lib/python3.8/site-packages/airflow/example_dags/example_latest_only_with_trigger.py
[2024-01-21T13:48:52.987+0000] {logging_mixin.py:188} INFO - [2024-01-21T13:48:52.987+0000] {dag.py:3036} INFO - Sync 1 DAGs
[2024-01-21T13:48:53.133+0000] {logging_mixin.py:188} INFO - [2024-01-21T13:48:53.132+0000] {dag.py:3823} INFO - Setting next_dagrun for latest_only_with_trigger to 2024-01-21 08:00:00+00:00, run_after=2024-01-21 12:00:00+00:00
[2024-01-21T13:48:53.210+0000] {processor.py:183} INFO - Processing /home/airflow/.local/lib/python3.8/site-packages/airflow/example_dags/example_latest_only_with_trigger.py took 0.377 seconds
[2024-01-21T13:49:23.313+0000] {processor.py:161} INFO - Started process (PID=1132) to work on /home/airflow/.local/lib/python3.8/site-packages/airflow/example_dags/example_latest_only_with_trigger.py
[2024-01-21T13:49:23.315+0000] {processor.py:830} INFO - Processing file /home/airflow/.local/lib/python3.8/site-packages/airflow/example_dags/example_latest_only_with_trigger.py for tasks to queue
[2024-01-21T13:49:23.319+0000] {logging_mixin.py:188} INFO - [2024-01-21T13:49:23.318+0000] {dagbag.py:538} INFO - Filling up the DagBag from /home/airflow/.local/lib/python3.8/site-packages/airflow/example_dags/example_latest_only_with_trigger.py
[2024-01-21T13:49:23.329+0000] {processor.py:840} INFO - DAG(s) 'latest_only_with_trigger' retrieved from /home/airflow/.local/lib/python3.8/site-packages/airflow/example_dags/example_latest_only_with_trigger.py
[2024-01-21T13:49:23.366+0000] {logging_mixin.py:188} INFO - [2024-01-21T13:49:23.366+0000] {dag.py:3036} INFO - Sync 1 DAGs
[2024-01-21T13:49:23.400+0000] {logging_mixin.py:188} INFO - [2024-01-21T13:49:23.400+0000] {dag.py:3823} INFO - Setting next_dagrun for latest_only_with_trigger to 2024-01-21 08:00:00+00:00, run_after=2024-01-21 12:00:00+00:00
[2024-01-21T13:49:23.433+0000] {processor.py:183} INFO - Processing /home/airflow/.local/lib/python3.8/site-packages/airflow/example_dags/example_latest_only_with_trigger.py took 0.126 seconds
[2024-01-21T13:49:55.450+0000] {processor.py:161} INFO - Started process (PID=1189) to work on /home/airflow/.local/lib/python3.8/site-packages/airflow/example_dags/example_latest_only_with_trigger.py
[2024-01-21T13:49:55.453+0000] {processor.py:830} INFO - Processing file /home/airflow/.local/lib/python3.8/site-packages/airflow/example_dags/example_latest_only_with_trigger.py for tasks to queue
[2024-01-21T13:49:55.460+0000] {logging_mixin.py:188} INFO - [2024-01-21T13:49:55.460+0000] {dagbag.py:538} INFO - Filling up the DagBag from /home/airflow/.local/lib/python3.8/site-packages/airflow/example_dags/example_latest_only_with_trigger.py
[2024-01-21T13:49:55.589+0000] {processor.py:840} INFO - DAG(s) 'latest_only_with_trigger' retrieved from /home/airflow/.local/lib/python3.8/site-packages/airflow/example_dags/example_latest_only_with_trigger.py
[2024-01-21T13:49:55.701+0000] {logging_mixin.py:188} INFO - [2024-01-21T13:49:55.700+0000] {dag.py:3036} INFO - Sync 1 DAGs
[2024-01-21T13:49:55.781+0000] {logging_mixin.py:188} INFO - [2024-01-21T13:49:55.781+0000] {dag.py:3823} INFO - Setting next_dagrun for latest_only_with_trigger to 2024-01-21 08:00:00+00:00, run_after=2024-01-21 12:00:00+00:00
[2024-01-21T13:49:55.836+0000] {processor.py:183} INFO - Processing /home/airflow/.local/lib/python3.8/site-packages/airflow/example_dags/example_latest_only_with_trigger.py took 0.416 seconds
[2024-01-21T13:50:26.091+0000] {processor.py:161} INFO - Started process (PID=1245) to work on /home/airflow/.local/lib/python3.8/site-packages/airflow/example_dags/example_latest_only_with_trigger.py
[2024-01-21T13:50:26.093+0000] {processor.py:830} INFO - Processing file /home/airflow/.local/lib/python3.8/site-packages/airflow/example_dags/example_latest_only_with_trigger.py for tasks to queue
[2024-01-21T13:50:26.099+0000] {logging_mixin.py:188} INFO - [2024-01-21T13:50:26.098+0000] {dagbag.py:538} INFO - Filling up the DagBag from /home/airflow/.local/lib/python3.8/site-packages/airflow/example_dags/example_latest_only_with_trigger.py
[2024-01-21T13:50:26.113+0000] {processor.py:840} INFO - DAG(s) 'latest_only_with_trigger' retrieved from /home/airflow/.local/lib/python3.8/site-packages/airflow/example_dags/example_latest_only_with_trigger.py
[2024-01-21T13:50:26.151+0000] {logging_mixin.py:188} INFO - [2024-01-21T13:50:26.150+0000] {dag.py:3036} INFO - Sync 1 DAGs
[2024-01-21T13:50:26.193+0000] {logging_mixin.py:188} INFO - [2024-01-21T13:50:26.193+0000] {dag.py:3823} INFO - Setting next_dagrun for latest_only_with_trigger to 2024-01-21 08:00:00+00:00, run_after=2024-01-21 12:00:00+00:00
[2024-01-21T13:50:26.241+0000] {processor.py:183} INFO - Processing /home/airflow/.local/lib/python3.8/site-packages/airflow/example_dags/example_latest_only_with_trigger.py took 0.158 seconds
[2024-01-21T13:50:57.108+0000] {processor.py:161} INFO - Started process (PID=1301) to work on /home/airflow/.local/lib/python3.8/site-packages/airflow/example_dags/example_latest_only_with_trigger.py
[2024-01-21T13:50:57.112+0000] {processor.py:830} INFO - Processing file /home/airflow/.local/lib/python3.8/site-packages/airflow/example_dags/example_latest_only_with_trigger.py for tasks to queue
[2024-01-21T13:50:57.116+0000] {logging_mixin.py:188} INFO - [2024-01-21T13:50:57.115+0000] {dagbag.py:538} INFO - Filling up the DagBag from /home/airflow/.local/lib/python3.8/site-packages/airflow/example_dags/example_latest_only_with_trigger.py
[2024-01-21T13:50:57.126+0000] {processor.py:840} INFO - DAG(s) 'latest_only_with_trigger' retrieved from /home/airflow/.local/lib/python3.8/site-packages/airflow/example_dags/example_latest_only_with_trigger.py
[2024-01-21T13:50:57.163+0000] {logging_mixin.py:188} INFO - [2024-01-21T13:50:57.162+0000] {dag.py:3036} INFO - Sync 1 DAGs
[2024-01-21T13:50:57.199+0000] {logging_mixin.py:188} INFO - [2024-01-21T13:50:57.199+0000] {dag.py:3823} INFO - Setting next_dagrun for latest_only_with_trigger to 2024-01-21 08:00:00+00:00, run_after=2024-01-21 12:00:00+00:00
[2024-01-21T13:50:57.235+0000] {processor.py:183} INFO - Processing /home/airflow/.local/lib/python3.8/site-packages/airflow/example_dags/example_latest_only_with_trigger.py took 0.133 seconds
[2024-01-21T13:51:28.501+0000] {processor.py:161} INFO - Started process (PID=1357) to work on /home/airflow/.local/lib/python3.8/site-packages/airflow/example_dags/example_latest_only_with_trigger.py
[2024-01-21T13:51:28.506+0000] {processor.py:830} INFO - Processing file /home/airflow/.local/lib/python3.8/site-packages/airflow/example_dags/example_latest_only_with_trigger.py for tasks to queue
[2024-01-21T13:51:28.511+0000] {logging_mixin.py:188} INFO - [2024-01-21T13:51:28.510+0000] {dagbag.py:538} INFO - Filling up the DagBag from /home/airflow/.local/lib/python3.8/site-packages/airflow/example_dags/example_latest_only_with_trigger.py
[2024-01-21T13:51:28.523+0000] {processor.py:840} INFO - DAG(s) 'latest_only_with_trigger' retrieved from /home/airflow/.local/lib/python3.8/site-packages/airflow/example_dags/example_latest_only_with_trigger.py
[2024-01-21T13:51:28.577+0000] {logging_mixin.py:188} INFO - [2024-01-21T13:51:28.576+0000] {dag.py:3036} INFO - Sync 1 DAGs
[2024-01-21T13:51:28.649+0000] {logging_mixin.py:188} INFO - [2024-01-21T13:51:28.649+0000] {dag.py:3823} INFO - Setting next_dagrun for latest_only_with_trigger to 2024-01-21 08:00:00+00:00, run_after=2024-01-21 12:00:00+00:00
[2024-01-21T13:51:28.715+0000] {processor.py:183} INFO - Processing /home/airflow/.local/lib/python3.8/site-packages/airflow/example_dags/example_latest_only_with_trigger.py took 0.219 seconds
