[2024-01-21T13:20:39.096+0000] {processor.py:161} INFO - Started process (PID=69) to work on /home/airflow/.local/lib/python3.8/site-packages/airflow/example_dags/example_external_task_marker_dag.py
[2024-01-21T13:20:39.112+0000] {processor.py:830} INFO - Processing file /home/airflow/.local/lib/python3.8/site-packages/airflow/example_dags/example_external_task_marker_dag.py for tasks to queue
[2024-01-21T13:20:39.116+0000] {logging_mixin.py:188} INFO - [2024-01-21T13:20:39.116+0000] {dagbag.py:538} INFO - Filling up the DagBag from /home/airflow/.local/lib/python3.8/site-packages/airflow/example_dags/example_external_task_marker_dag.py
[2024-01-21T13:20:39.144+0000] {processor.py:840} INFO - DAG(s) 'example_external_task_marker_parent', 'example_external_task_marker_child' retrieved from /home/airflow/.local/lib/python3.8/site-packages/airflow/example_dags/example_external_task_marker_dag.py
[2024-01-21T13:20:39.516+0000] {logging_mixin.py:188} INFO - [2024-01-21T13:20:39.515+0000] {dag.py:3036} INFO - Sync 2 DAGs
[2024-01-21T13:20:39.544+0000] {logging_mixin.py:188} INFO - [2024-01-21T13:20:39.544+0000] {dag.py:3823} INFO - Setting next_dagrun for example_external_task_marker_child to None, run_after=None
[2024-01-21T13:20:39.552+0000] {logging_mixin.py:188} INFO - [2024-01-21T13:20:39.552+0000] {dag.py:3823} INFO - Setting next_dagrun for example_external_task_marker_parent to None, run_after=None
[2024-01-21T13:20:39.631+0000] {processor.py:183} INFO - Processing /home/airflow/.local/lib/python3.8/site-packages/airflow/example_dags/example_external_task_marker_dag.py took 0.550 seconds
[2024-01-21T13:21:10.080+0000] {processor.py:161} INFO - Started process (PID=124) to work on /home/airflow/.local/lib/python3.8/site-packages/airflow/example_dags/example_external_task_marker_dag.py
[2024-01-21T13:21:10.083+0000] {processor.py:830} INFO - Processing file /home/airflow/.local/lib/python3.8/site-packages/airflow/example_dags/example_external_task_marker_dag.py for tasks to queue
[2024-01-21T13:21:10.088+0000] {logging_mixin.py:188} INFO - [2024-01-21T13:21:10.087+0000] {dagbag.py:538} INFO - Filling up the DagBag from /home/airflow/.local/lib/python3.8/site-packages/airflow/example_dags/example_external_task_marker_dag.py
[2024-01-21T13:21:10.101+0000] {processor.py:840} INFO - DAG(s) 'example_external_task_marker_parent', 'example_external_task_marker_child' retrieved from /home/airflow/.local/lib/python3.8/site-packages/airflow/example_dags/example_external_task_marker_dag.py
[2024-01-21T13:21:10.156+0000] {logging_mixin.py:188} INFO - [2024-01-21T13:21:10.155+0000] {dag.py:3036} INFO - Sync 2 DAGs
[2024-01-21T13:21:10.192+0000] {logging_mixin.py:188} INFO - [2024-01-21T13:21:10.192+0000] {dag.py:3823} INFO - Setting next_dagrun for example_external_task_marker_child to None, run_after=None
[2024-01-21T13:21:10.201+0000] {logging_mixin.py:188} INFO - [2024-01-21T13:21:10.201+0000] {dag.py:3823} INFO - Setting next_dagrun for example_external_task_marker_parent to None, run_after=None
[2024-01-21T13:21:10.265+0000] {processor.py:183} INFO - Processing /home/airflow/.local/lib/python3.8/site-packages/airflow/example_dags/example_external_task_marker_dag.py took 0.191 seconds
[2024-01-21T13:21:40.930+0000] {processor.py:161} INFO - Started process (PID=179) to work on /home/airflow/.local/lib/python3.8/site-packages/airflow/example_dags/example_external_task_marker_dag.py
[2024-01-21T13:21:40.933+0000] {processor.py:830} INFO - Processing file /home/airflow/.local/lib/python3.8/site-packages/airflow/example_dags/example_external_task_marker_dag.py for tasks to queue
[2024-01-21T13:21:40.937+0000] {logging_mixin.py:188} INFO - [2024-01-21T13:21:40.936+0000] {dagbag.py:538} INFO - Filling up the DagBag from /home/airflow/.local/lib/python3.8/site-packages/airflow/example_dags/example_external_task_marker_dag.py
[2024-01-21T13:21:40.948+0000] {processor.py:840} INFO - DAG(s) 'example_external_task_marker_child', 'example_external_task_marker_parent' retrieved from /home/airflow/.local/lib/python3.8/site-packages/airflow/example_dags/example_external_task_marker_dag.py
[2024-01-21T13:21:41.002+0000] {logging_mixin.py:188} INFO - [2024-01-21T13:21:41.001+0000] {dag.py:3036} INFO - Sync 2 DAGs
[2024-01-21T13:21:41.030+0000] {logging_mixin.py:188} INFO - [2024-01-21T13:21:41.030+0000] {dag.py:3823} INFO - Setting next_dagrun for example_external_task_marker_child to None, run_after=None
[2024-01-21T13:21:41.038+0000] {logging_mixin.py:188} INFO - [2024-01-21T13:21:41.038+0000] {dag.py:3823} INFO - Setting next_dagrun for example_external_task_marker_parent to None, run_after=None
[2024-01-21T13:21:41.073+0000] {processor.py:183} INFO - Processing /home/airflow/.local/lib/python3.8/site-packages/airflow/example_dags/example_external_task_marker_dag.py took 0.150 seconds
[2024-01-21T13:22:11.647+0000] {processor.py:161} INFO - Started process (PID=233) to work on /home/airflow/.local/lib/python3.8/site-packages/airflow/example_dags/example_external_task_marker_dag.py
[2024-01-21T13:22:11.651+0000] {processor.py:830} INFO - Processing file /home/airflow/.local/lib/python3.8/site-packages/airflow/example_dags/example_external_task_marker_dag.py for tasks to queue
[2024-01-21T13:22:11.656+0000] {logging_mixin.py:188} INFO - [2024-01-21T13:22:11.655+0000] {dagbag.py:538} INFO - Filling up the DagBag from /home/airflow/.local/lib/python3.8/site-packages/airflow/example_dags/example_external_task_marker_dag.py
[2024-01-21T13:22:11.683+0000] {processor.py:840} INFO - DAG(s) 'example_external_task_marker_parent', 'example_external_task_marker_child' retrieved from /home/airflow/.local/lib/python3.8/site-packages/airflow/example_dags/example_external_task_marker_dag.py
[2024-01-21T13:22:11.749+0000] {logging_mixin.py:188} INFO - [2024-01-21T13:22:11.748+0000] {dag.py:3036} INFO - Sync 2 DAGs
[2024-01-21T13:22:11.779+0000] {logging_mixin.py:188} INFO - [2024-01-21T13:22:11.779+0000] {dag.py:3823} INFO - Setting next_dagrun for example_external_task_marker_child to None, run_after=None
[2024-01-21T13:22:11.787+0000] {logging_mixin.py:188} INFO - [2024-01-21T13:22:11.787+0000] {dag.py:3823} INFO - Setting next_dagrun for example_external_task_marker_parent to None, run_after=None
[2024-01-21T13:22:11.824+0000] {processor.py:183} INFO - Processing /home/airflow/.local/lib/python3.8/site-packages/airflow/example_dags/example_external_task_marker_dag.py took 0.185 seconds
[2024-01-21T13:39:37.620+0000] {processor.py:161} INFO - Started process (PID=75) to work on /home/airflow/.local/lib/python3.8/site-packages/airflow/example_dags/example_external_task_marker_dag.py
[2024-01-21T13:39:37.625+0000] {processor.py:830} INFO - Processing file /home/airflow/.local/lib/python3.8/site-packages/airflow/example_dags/example_external_task_marker_dag.py for tasks to queue
[2024-01-21T13:39:37.631+0000] {logging_mixin.py:188} INFO - [2024-01-21T13:39:37.630+0000] {dagbag.py:538} INFO - Filling up the DagBag from /home/airflow/.local/lib/python3.8/site-packages/airflow/example_dags/example_external_task_marker_dag.py
[2024-01-21T13:39:37.680+0000] {processor.py:840} INFO - DAG(s) 'example_external_task_marker_child', 'example_external_task_marker_parent' retrieved from /home/airflow/.local/lib/python3.8/site-packages/airflow/example_dags/example_external_task_marker_dag.py
[2024-01-21T13:39:38.292+0000] {logging_mixin.py:188} INFO - [2024-01-21T13:39:38.292+0000] {dag.py:3036} INFO - Sync 2 DAGs
[2024-01-21T13:39:38.352+0000] {logging_mixin.py:188} INFO - [2024-01-21T13:39:38.352+0000] {dag.py:3823} INFO - Setting next_dagrun for example_external_task_marker_child to None, run_after=None
[2024-01-21T13:39:38.369+0000] {logging_mixin.py:188} INFO - [2024-01-21T13:39:38.368+0000] {dag.py:3823} INFO - Setting next_dagrun for example_external_task_marker_parent to None, run_after=None
[2024-01-21T13:39:38.439+0000] {processor.py:183} INFO - Processing /home/airflow/.local/lib/python3.8/site-packages/airflow/example_dags/example_external_task_marker_dag.py took 0.843 seconds
[2024-01-21T13:40:09.554+0000] {processor.py:161} INFO - Started process (PID=130) to work on /home/airflow/.local/lib/python3.8/site-packages/airflow/example_dags/example_external_task_marker_dag.py
[2024-01-21T13:40:09.563+0000] {processor.py:830} INFO - Processing file /home/airflow/.local/lib/python3.8/site-packages/airflow/example_dags/example_external_task_marker_dag.py for tasks to queue
[2024-01-21T13:40:09.576+0000] {logging_mixin.py:188} INFO - [2024-01-21T13:40:09.575+0000] {dagbag.py:538} INFO - Filling up the DagBag from /home/airflow/.local/lib/python3.8/site-packages/airflow/example_dags/example_external_task_marker_dag.py
[2024-01-21T13:40:09.729+0000] {processor.py:840} INFO - DAG(s) 'example_external_task_marker_parent', 'example_external_task_marker_child' retrieved from /home/airflow/.local/lib/python3.8/site-packages/airflow/example_dags/example_external_task_marker_dag.py
[2024-01-21T13:40:09.823+0000] {logging_mixin.py:188} INFO - [2024-01-21T13:40:09.822+0000] {dag.py:3036} INFO - Sync 2 DAGs
[2024-01-21T13:40:10.117+0000] {logging_mixin.py:188} INFO - [2024-01-21T13:40:10.103+0000] {dag.py:3823} INFO - Setting next_dagrun for example_external_task_marker_child to None, run_after=None
[2024-01-21T13:40:10.278+0000] {logging_mixin.py:188} INFO - [2024-01-21T13:40:10.278+0000] {dag.py:3823} INFO - Setting next_dagrun for example_external_task_marker_parent to None, run_after=None
[2024-01-21T13:40:10.405+0000] {processor.py:183} INFO - Processing /home/airflow/.local/lib/python3.8/site-packages/airflow/example_dags/example_external_task_marker_dag.py took 0.861 seconds
[2024-01-21T13:40:40.829+0000] {processor.py:161} INFO - Started process (PID=187) to work on /home/airflow/.local/lib/python3.8/site-packages/airflow/example_dags/example_external_task_marker_dag.py
[2024-01-21T13:40:40.835+0000] {processor.py:830} INFO - Processing file /home/airflow/.local/lib/python3.8/site-packages/airflow/example_dags/example_external_task_marker_dag.py for tasks to queue
[2024-01-21T13:40:40.841+0000] {logging_mixin.py:188} INFO - [2024-01-21T13:40:40.840+0000] {dagbag.py:538} INFO - Filling up the DagBag from /home/airflow/.local/lib/python3.8/site-packages/airflow/example_dags/example_external_task_marker_dag.py
[2024-01-21T13:40:40.860+0000] {processor.py:840} INFO - DAG(s) 'example_external_task_marker_child', 'example_external_task_marker_parent' retrieved from /home/airflow/.local/lib/python3.8/site-packages/airflow/example_dags/example_external_task_marker_dag.py
[2024-01-21T13:40:40.946+0000] {logging_mixin.py:188} INFO - [2024-01-21T13:40:40.946+0000] {dag.py:3036} INFO - Sync 2 DAGs
[2024-01-21T13:40:41.015+0000] {logging_mixin.py:188} INFO - [2024-01-21T13:40:41.013+0000] {dag.py:3823} INFO - Setting next_dagrun for example_external_task_marker_child to None, run_after=None
[2024-01-21T13:40:41.129+0000] {logging_mixin.py:188} INFO - [2024-01-21T13:40:41.126+0000] {dag.py:3823} INFO - Setting next_dagrun for example_external_task_marker_parent to None, run_after=None
[2024-01-21T13:40:41.449+0000] {processor.py:183} INFO - Processing /home/airflow/.local/lib/python3.8/site-packages/airflow/example_dags/example_external_task_marker_dag.py took 0.671 seconds
[2024-01-21T13:41:11.673+0000] {processor.py:161} INFO - Started process (PID=243) to work on /home/airflow/.local/lib/python3.8/site-packages/airflow/example_dags/example_external_task_marker_dag.py
[2024-01-21T13:41:11.677+0000] {processor.py:830} INFO - Processing file /home/airflow/.local/lib/python3.8/site-packages/airflow/example_dags/example_external_task_marker_dag.py for tasks to queue
[2024-01-21T13:41:11.681+0000] {logging_mixin.py:188} INFO - [2024-01-21T13:41:11.681+0000] {dagbag.py:538} INFO - Filling up the DagBag from /home/airflow/.local/lib/python3.8/site-packages/airflow/example_dags/example_external_task_marker_dag.py
[2024-01-21T13:41:11.696+0000] {processor.py:840} INFO - DAG(s) 'example_external_task_marker_parent', 'example_external_task_marker_child' retrieved from /home/airflow/.local/lib/python3.8/site-packages/airflow/example_dags/example_external_task_marker_dag.py
[2024-01-21T13:41:11.760+0000] {logging_mixin.py:188} INFO - [2024-01-21T13:41:11.759+0000] {dag.py:3036} INFO - Sync 2 DAGs
[2024-01-21T13:41:11.784+0000] {logging_mixin.py:188} INFO - [2024-01-21T13:41:11.784+0000] {dag.py:3823} INFO - Setting next_dagrun for example_external_task_marker_child to None, run_after=None
[2024-01-21T13:41:11.792+0000] {logging_mixin.py:188} INFO - [2024-01-21T13:41:11.791+0000] {dag.py:3823} INFO - Setting next_dagrun for example_external_task_marker_parent to None, run_after=None
[2024-01-21T13:41:11.829+0000] {processor.py:183} INFO - Processing /home/airflow/.local/lib/python3.8/site-packages/airflow/example_dags/example_external_task_marker_dag.py took 0.163 seconds
[2024-01-21T13:41:41.952+0000] {processor.py:161} INFO - Started process (PID=298) to work on /home/airflow/.local/lib/python3.8/site-packages/airflow/example_dags/example_external_task_marker_dag.py
[2024-01-21T13:41:41.954+0000] {processor.py:830} INFO - Processing file /home/airflow/.local/lib/python3.8/site-packages/airflow/example_dags/example_external_task_marker_dag.py for tasks to queue
[2024-01-21T13:41:41.958+0000] {logging_mixin.py:188} INFO - [2024-01-21T13:41:41.957+0000] {dagbag.py:538} INFO - Filling up the DagBag from /home/airflow/.local/lib/python3.8/site-packages/airflow/example_dags/example_external_task_marker_dag.py
[2024-01-21T13:41:41.971+0000] {processor.py:840} INFO - DAG(s) 'example_external_task_marker_child', 'example_external_task_marker_parent' retrieved from /home/airflow/.local/lib/python3.8/site-packages/airflow/example_dags/example_external_task_marker_dag.py
[2024-01-21T13:41:42.016+0000] {logging_mixin.py:188} INFO - [2024-01-21T13:41:42.016+0000] {dag.py:3036} INFO - Sync 2 DAGs
[2024-01-21T13:41:42.043+0000] {logging_mixin.py:188} INFO - [2024-01-21T13:41:42.042+0000] {dag.py:3823} INFO - Setting next_dagrun for example_external_task_marker_child to None, run_after=None
[2024-01-21T13:41:42.051+0000] {logging_mixin.py:188} INFO - [2024-01-21T13:41:42.051+0000] {dag.py:3823} INFO - Setting next_dagrun for example_external_task_marker_parent to None, run_after=None
[2024-01-21T13:41:42.094+0000] {processor.py:183} INFO - Processing /home/airflow/.local/lib/python3.8/site-packages/airflow/example_dags/example_external_task_marker_dag.py took 0.149 seconds
[2024-01-21T13:42:13.073+0000] {processor.py:161} INFO - Started process (PID=353) to work on /home/airflow/.local/lib/python3.8/site-packages/airflow/example_dags/example_external_task_marker_dag.py
[2024-01-21T13:42:13.120+0000] {processor.py:830} INFO - Processing file /home/airflow/.local/lib/python3.8/site-packages/airflow/example_dags/example_external_task_marker_dag.py for tasks to queue
[2024-01-21T13:42:13.125+0000] {logging_mixin.py:188} INFO - [2024-01-21T13:42:13.124+0000] {dagbag.py:538} INFO - Filling up the DagBag from /home/airflow/.local/lib/python3.8/site-packages/airflow/example_dags/example_external_task_marker_dag.py
[2024-01-21T13:42:13.145+0000] {processor.py:840} INFO - DAG(s) 'example_external_task_marker_parent', 'example_external_task_marker_child' retrieved from /home/airflow/.local/lib/python3.8/site-packages/airflow/example_dags/example_external_task_marker_dag.py
[2024-01-21T13:42:13.202+0000] {logging_mixin.py:188} INFO - [2024-01-21T13:42:13.202+0000] {dag.py:3036} INFO - Sync 2 DAGs
[2024-01-21T13:42:13.229+0000] {logging_mixin.py:188} INFO - [2024-01-21T13:42:13.228+0000] {dag.py:3823} INFO - Setting next_dagrun for example_external_task_marker_child to None, run_after=None
[2024-01-21T13:42:13.241+0000] {logging_mixin.py:188} INFO - [2024-01-21T13:42:13.240+0000] {dag.py:3823} INFO - Setting next_dagrun for example_external_task_marker_parent to None, run_after=None
[2024-01-21T13:42:13.280+0000] {processor.py:183} INFO - Processing /home/airflow/.local/lib/python3.8/site-packages/airflow/example_dags/example_external_task_marker_dag.py took 0.215 seconds
[2024-01-21T13:42:43.515+0000] {processor.py:161} INFO - Started process (PID=408) to work on /home/airflow/.local/lib/python3.8/site-packages/airflow/example_dags/example_external_task_marker_dag.py
[2024-01-21T13:42:43.518+0000] {processor.py:830} INFO - Processing file /home/airflow/.local/lib/python3.8/site-packages/airflow/example_dags/example_external_task_marker_dag.py for tasks to queue
[2024-01-21T13:42:43.523+0000] {logging_mixin.py:188} INFO - [2024-01-21T13:42:43.522+0000] {dagbag.py:538} INFO - Filling up the DagBag from /home/airflow/.local/lib/python3.8/site-packages/airflow/example_dags/example_external_task_marker_dag.py
[2024-01-21T13:42:43.543+0000] {processor.py:840} INFO - DAG(s) 'example_external_task_marker_parent', 'example_external_task_marker_child' retrieved from /home/airflow/.local/lib/python3.8/site-packages/airflow/example_dags/example_external_task_marker_dag.py
[2024-01-21T13:42:43.738+0000] {logging_mixin.py:188} INFO - [2024-01-21T13:42:43.737+0000] {dag.py:3036} INFO - Sync 2 DAGs
[2024-01-21T13:42:43.793+0000] {logging_mixin.py:188} INFO - [2024-01-21T13:42:43.792+0000] {dag.py:3823} INFO - Setting next_dagrun for example_external_task_marker_child to None, run_after=None
[2024-01-21T13:42:43.809+0000] {logging_mixin.py:188} INFO - [2024-01-21T13:42:43.808+0000] {dag.py:3823} INFO - Setting next_dagrun for example_external_task_marker_parent to None, run_after=None
[2024-01-21T13:42:43.864+0000] {processor.py:183} INFO - Processing /home/airflow/.local/lib/python3.8/site-packages/airflow/example_dags/example_external_task_marker_dag.py took 0.359 seconds
[2024-01-21T13:43:14.150+0000] {processor.py:161} INFO - Started process (PID=463) to work on /home/airflow/.local/lib/python3.8/site-packages/airflow/example_dags/example_external_task_marker_dag.py
[2024-01-21T13:43:14.164+0000] {processor.py:830} INFO - Processing file /home/airflow/.local/lib/python3.8/site-packages/airflow/example_dags/example_external_task_marker_dag.py for tasks to queue
[2024-01-21T13:43:14.190+0000] {logging_mixin.py:188} INFO - [2024-01-21T13:43:14.189+0000] {dagbag.py:538} INFO - Filling up the DagBag from /home/airflow/.local/lib/python3.8/site-packages/airflow/example_dags/example_external_task_marker_dag.py
[2024-01-21T13:43:14.342+0000] {processor.py:840} INFO - DAG(s) 'example_external_task_marker_child', 'example_external_task_marker_parent' retrieved from /home/airflow/.local/lib/python3.8/site-packages/airflow/example_dags/example_external_task_marker_dag.py
[2024-01-21T13:43:14.448+0000] {logging_mixin.py:188} INFO - [2024-01-21T13:43:14.447+0000] {dag.py:3036} INFO - Sync 2 DAGs
[2024-01-21T13:43:14.478+0000] {logging_mixin.py:188} INFO - [2024-01-21T13:43:14.478+0000] {dag.py:3823} INFO - Setting next_dagrun for example_external_task_marker_child to None, run_after=None
[2024-01-21T13:43:14.488+0000] {logging_mixin.py:188} INFO - [2024-01-21T13:43:14.488+0000] {dag.py:3823} INFO - Setting next_dagrun for example_external_task_marker_parent to None, run_after=None
[2024-01-21T13:43:14.526+0000] {processor.py:183} INFO - Processing /home/airflow/.local/lib/python3.8/site-packages/airflow/example_dags/example_external_task_marker_dag.py took 0.382 seconds
[2024-01-21T13:43:44.649+0000] {processor.py:161} INFO - Started process (PID=519) to work on /home/airflow/.local/lib/python3.8/site-packages/airflow/example_dags/example_external_task_marker_dag.py
[2024-01-21T13:43:44.652+0000] {processor.py:830} INFO - Processing file /home/airflow/.local/lib/python3.8/site-packages/airflow/example_dags/example_external_task_marker_dag.py for tasks to queue
[2024-01-21T13:43:44.657+0000] {logging_mixin.py:188} INFO - [2024-01-21T13:43:44.656+0000] {dagbag.py:538} INFO - Filling up the DagBag from /home/airflow/.local/lib/python3.8/site-packages/airflow/example_dags/example_external_task_marker_dag.py
[2024-01-21T13:43:44.676+0000] {processor.py:840} INFO - DAG(s) 'example_external_task_marker_parent', 'example_external_task_marker_child' retrieved from /home/airflow/.local/lib/python3.8/site-packages/airflow/example_dags/example_external_task_marker_dag.py
[2024-01-21T13:43:44.781+0000] {logging_mixin.py:188} INFO - [2024-01-21T13:43:44.780+0000] {dag.py:3036} INFO - Sync 2 DAGs
[2024-01-21T13:43:44.808+0000] {logging_mixin.py:188} INFO - [2024-01-21T13:43:44.808+0000] {dag.py:3823} INFO - Setting next_dagrun for example_external_task_marker_child to None, run_after=None
[2024-01-21T13:43:44.816+0000] {logging_mixin.py:188} INFO - [2024-01-21T13:43:44.815+0000] {dag.py:3823} INFO - Setting next_dagrun for example_external_task_marker_parent to None, run_after=None
[2024-01-21T13:43:44.851+0000] {processor.py:183} INFO - Processing /home/airflow/.local/lib/python3.8/site-packages/airflow/example_dags/example_external_task_marker_dag.py took 0.209 seconds
[2024-01-21T13:44:15.132+0000] {processor.py:161} INFO - Started process (PID=574) to work on /home/airflow/.local/lib/python3.8/site-packages/airflow/example_dags/example_external_task_marker_dag.py
[2024-01-21T13:44:15.146+0000] {processor.py:830} INFO - Processing file /home/airflow/.local/lib/python3.8/site-packages/airflow/example_dags/example_external_task_marker_dag.py for tasks to queue
[2024-01-21T13:44:15.158+0000] {logging_mixin.py:188} INFO - [2024-01-21T13:44:15.157+0000] {dagbag.py:538} INFO - Filling up the DagBag from /home/airflow/.local/lib/python3.8/site-packages/airflow/example_dags/example_external_task_marker_dag.py
[2024-01-21T13:44:15.190+0000] {processor.py:840} INFO - DAG(s) 'example_external_task_marker_parent', 'example_external_task_marker_child' retrieved from /home/airflow/.local/lib/python3.8/site-packages/airflow/example_dags/example_external_task_marker_dag.py
[2024-01-21T13:44:15.298+0000] {logging_mixin.py:188} INFO - [2024-01-21T13:44:15.298+0000] {dag.py:3036} INFO - Sync 2 DAGs
[2024-01-21T13:44:15.352+0000] {logging_mixin.py:188} INFO - [2024-01-21T13:44:15.352+0000] {dag.py:3823} INFO - Setting next_dagrun for example_external_task_marker_child to None, run_after=None
[2024-01-21T13:44:15.361+0000] {logging_mixin.py:188} INFO - [2024-01-21T13:44:15.361+0000] {dag.py:3823} INFO - Setting next_dagrun for example_external_task_marker_parent to None, run_after=None
[2024-01-21T13:44:15.410+0000] {processor.py:183} INFO - Processing /home/airflow/.local/lib/python3.8/site-packages/airflow/example_dags/example_external_task_marker_dag.py took 0.293 seconds
[2024-01-21T13:44:46.060+0000] {processor.py:161} INFO - Started process (PID=630) to work on /home/airflow/.local/lib/python3.8/site-packages/airflow/example_dags/example_external_task_marker_dag.py
[2024-01-21T13:44:46.063+0000] {processor.py:830} INFO - Processing file /home/airflow/.local/lib/python3.8/site-packages/airflow/example_dags/example_external_task_marker_dag.py for tasks to queue
[2024-01-21T13:44:46.067+0000] {logging_mixin.py:188} INFO - [2024-01-21T13:44:46.066+0000] {dagbag.py:538} INFO - Filling up the DagBag from /home/airflow/.local/lib/python3.8/site-packages/airflow/example_dags/example_external_task_marker_dag.py
[2024-01-21T13:44:46.089+0000] {processor.py:840} INFO - DAG(s) 'example_external_task_marker_parent', 'example_external_task_marker_child' retrieved from /home/airflow/.local/lib/python3.8/site-packages/airflow/example_dags/example_external_task_marker_dag.py
[2024-01-21T13:44:46.143+0000] {logging_mixin.py:188} INFO - [2024-01-21T13:44:46.143+0000] {dag.py:3036} INFO - Sync 2 DAGs
[2024-01-21T13:44:46.179+0000] {logging_mixin.py:188} INFO - [2024-01-21T13:44:46.179+0000] {dag.py:3823} INFO - Setting next_dagrun for example_external_task_marker_child to None, run_after=None
[2024-01-21T13:44:46.186+0000] {logging_mixin.py:188} INFO - [2024-01-21T13:44:46.186+0000] {dag.py:3823} INFO - Setting next_dagrun for example_external_task_marker_parent to None, run_after=None
[2024-01-21T13:44:46.232+0000] {processor.py:183} INFO - Processing /home/airflow/.local/lib/python3.8/site-packages/airflow/example_dags/example_external_task_marker_dag.py took 0.180 seconds
[2024-01-21T13:45:16.515+0000] {processor.py:161} INFO - Started process (PID=686) to work on /home/airflow/.local/lib/python3.8/site-packages/airflow/example_dags/example_external_task_marker_dag.py
[2024-01-21T13:45:16.517+0000] {processor.py:830} INFO - Processing file /home/airflow/.local/lib/python3.8/site-packages/airflow/example_dags/example_external_task_marker_dag.py for tasks to queue
[2024-01-21T13:45:16.522+0000] {logging_mixin.py:188} INFO - [2024-01-21T13:45:16.521+0000] {dagbag.py:538} INFO - Filling up the DagBag from /home/airflow/.local/lib/python3.8/site-packages/airflow/example_dags/example_external_task_marker_dag.py
[2024-01-21T13:45:16.535+0000] {processor.py:840} INFO - DAG(s) 'example_external_task_marker_child', 'example_external_task_marker_parent' retrieved from /home/airflow/.local/lib/python3.8/site-packages/airflow/example_dags/example_external_task_marker_dag.py
[2024-01-21T13:45:16.584+0000] {logging_mixin.py:188} INFO - [2024-01-21T13:45:16.583+0000] {dag.py:3036} INFO - Sync 2 DAGs
[2024-01-21T13:45:16.610+0000] {logging_mixin.py:188} INFO - [2024-01-21T13:45:16.609+0000] {dag.py:3823} INFO - Setting next_dagrun for example_external_task_marker_child to None, run_after=None
[2024-01-21T13:45:16.617+0000] {logging_mixin.py:188} INFO - [2024-01-21T13:45:16.617+0000] {dag.py:3823} INFO - Setting next_dagrun for example_external_task_marker_parent to None, run_after=None
[2024-01-21T13:45:16.653+0000] {processor.py:183} INFO - Processing /home/airflow/.local/lib/python3.8/site-packages/airflow/example_dags/example_external_task_marker_dag.py took 0.144 seconds
[2024-01-21T13:45:47.128+0000] {processor.py:161} INFO - Started process (PID=742) to work on /home/airflow/.local/lib/python3.8/site-packages/airflow/example_dags/example_external_task_marker_dag.py
[2024-01-21T13:45:47.130+0000] {processor.py:830} INFO - Processing file /home/airflow/.local/lib/python3.8/site-packages/airflow/example_dags/example_external_task_marker_dag.py for tasks to queue
[2024-01-21T13:45:47.134+0000] {logging_mixin.py:188} INFO - [2024-01-21T13:45:47.134+0000] {dagbag.py:538} INFO - Filling up the DagBag from /home/airflow/.local/lib/python3.8/site-packages/airflow/example_dags/example_external_task_marker_dag.py
[2024-01-21T13:45:47.152+0000] {processor.py:840} INFO - DAG(s) 'example_external_task_marker_parent', 'example_external_task_marker_child' retrieved from /home/airflow/.local/lib/python3.8/site-packages/airflow/example_dags/example_external_task_marker_dag.py
[2024-01-21T13:45:47.197+0000] {logging_mixin.py:188} INFO - [2024-01-21T13:45:47.196+0000] {dag.py:3036} INFO - Sync 2 DAGs
[2024-01-21T13:45:47.223+0000] {logging_mixin.py:188} INFO - [2024-01-21T13:45:47.222+0000] {dag.py:3823} INFO - Setting next_dagrun for example_external_task_marker_child to None, run_after=None
[2024-01-21T13:45:47.231+0000] {logging_mixin.py:188} INFO - [2024-01-21T13:45:47.230+0000] {dag.py:3823} INFO - Setting next_dagrun for example_external_task_marker_parent to None, run_after=None
[2024-01-21T13:45:47.270+0000] {processor.py:183} INFO - Processing /home/airflow/.local/lib/python3.8/site-packages/airflow/example_dags/example_external_task_marker_dag.py took 0.150 seconds
[2024-01-21T13:46:18.509+0000] {processor.py:161} INFO - Started process (PID=798) to work on /home/airflow/.local/lib/python3.8/site-packages/airflow/example_dags/example_external_task_marker_dag.py
[2024-01-21T13:46:18.513+0000] {processor.py:830} INFO - Processing file /home/airflow/.local/lib/python3.8/site-packages/airflow/example_dags/example_external_task_marker_dag.py for tasks to queue
[2024-01-21T13:46:18.519+0000] {logging_mixin.py:188} INFO - [2024-01-21T13:46:18.518+0000] {dagbag.py:538} INFO - Filling up the DagBag from /home/airflow/.local/lib/python3.8/site-packages/airflow/example_dags/example_external_task_marker_dag.py
[2024-01-21T13:46:18.544+0000] {processor.py:840} INFO - DAG(s) 'example_external_task_marker_parent', 'example_external_task_marker_child' retrieved from /home/airflow/.local/lib/python3.8/site-packages/airflow/example_dags/example_external_task_marker_dag.py
[2024-01-21T13:46:19.059+0000] {logging_mixin.py:188} INFO - [2024-01-21T13:46:19.057+0000] {dag.py:3036} INFO - Sync 2 DAGs
[2024-01-21T13:46:19.198+0000] {logging_mixin.py:188} INFO - [2024-01-21T13:46:19.197+0000] {dag.py:3823} INFO - Setting next_dagrun for example_external_task_marker_child to None, run_after=None
[2024-01-21T13:46:19.212+0000] {logging_mixin.py:188} INFO - [2024-01-21T13:46:19.212+0000] {dag.py:3823} INFO - Setting next_dagrun for example_external_task_marker_parent to None, run_after=None
[2024-01-21T13:46:19.316+0000] {processor.py:183} INFO - Processing /home/airflow/.local/lib/python3.8/site-packages/airflow/example_dags/example_external_task_marker_dag.py took 0.817 seconds
[2024-01-21T13:46:49.759+0000] {processor.py:161} INFO - Started process (PID=853) to work on /home/airflow/.local/lib/python3.8/site-packages/airflow/example_dags/example_external_task_marker_dag.py
[2024-01-21T13:46:49.763+0000] {processor.py:830} INFO - Processing file /home/airflow/.local/lib/python3.8/site-packages/airflow/example_dags/example_external_task_marker_dag.py for tasks to queue
[2024-01-21T13:46:49.768+0000] {logging_mixin.py:188} INFO - [2024-01-21T13:46:49.768+0000] {dagbag.py:538} INFO - Filling up the DagBag from /home/airflow/.local/lib/python3.8/site-packages/airflow/example_dags/example_external_task_marker_dag.py
[2024-01-21T13:46:49.788+0000] {processor.py:840} INFO - DAG(s) 'example_external_task_marker_parent', 'example_external_task_marker_child' retrieved from /home/airflow/.local/lib/python3.8/site-packages/airflow/example_dags/example_external_task_marker_dag.py
[2024-01-21T13:46:49.866+0000] {logging_mixin.py:188} INFO - [2024-01-21T13:46:49.866+0000] {dag.py:3036} INFO - Sync 2 DAGs
[2024-01-21T13:46:49.974+0000] {logging_mixin.py:188} INFO - [2024-01-21T13:46:49.973+0000] {dag.py:3823} INFO - Setting next_dagrun for example_external_task_marker_child to None, run_after=None
[2024-01-21T13:46:49.991+0000] {logging_mixin.py:188} INFO - [2024-01-21T13:46:49.990+0000] {dag.py:3823} INFO - Setting next_dagrun for example_external_task_marker_parent to None, run_after=None
[2024-01-21T13:46:50.069+0000] {processor.py:183} INFO - Processing /home/airflow/.local/lib/python3.8/site-packages/airflow/example_dags/example_external_task_marker_dag.py took 0.320 seconds
[2024-01-21T13:47:20.368+0000] {processor.py:161} INFO - Started process (PID=909) to work on /home/airflow/.local/lib/python3.8/site-packages/airflow/example_dags/example_external_task_marker_dag.py
[2024-01-21T13:47:20.369+0000] {processor.py:830} INFO - Processing file /home/airflow/.local/lib/python3.8/site-packages/airflow/example_dags/example_external_task_marker_dag.py for tasks to queue
[2024-01-21T13:47:20.373+0000] {logging_mixin.py:188} INFO - [2024-01-21T13:47:20.373+0000] {dagbag.py:538} INFO - Filling up the DagBag from /home/airflow/.local/lib/python3.8/site-packages/airflow/example_dags/example_external_task_marker_dag.py
[2024-01-21T13:47:20.385+0000] {processor.py:840} INFO - DAG(s) 'example_external_task_marker_parent', 'example_external_task_marker_child' retrieved from /home/airflow/.local/lib/python3.8/site-packages/airflow/example_dags/example_external_task_marker_dag.py
[2024-01-21T13:47:20.433+0000] {logging_mixin.py:188} INFO - [2024-01-21T13:47:20.432+0000] {dag.py:3036} INFO - Sync 2 DAGs
[2024-01-21T13:47:20.463+0000] {logging_mixin.py:188} INFO - [2024-01-21T13:47:20.463+0000] {dag.py:3823} INFO - Setting next_dagrun for example_external_task_marker_child to None, run_after=None
[2024-01-21T13:47:20.471+0000] {logging_mixin.py:188} INFO - [2024-01-21T13:47:20.471+0000] {dag.py:3823} INFO - Setting next_dagrun for example_external_task_marker_parent to None, run_after=None
[2024-01-21T13:47:20.519+0000] {processor.py:183} INFO - Processing /home/airflow/.local/lib/python3.8/site-packages/airflow/example_dags/example_external_task_marker_dag.py took 0.158 seconds
[2024-01-21T13:47:50.752+0000] {processor.py:161} INFO - Started process (PID=965) to work on /home/airflow/.local/lib/python3.8/site-packages/airflow/example_dags/example_external_task_marker_dag.py
[2024-01-21T13:47:50.757+0000] {processor.py:830} INFO - Processing file /home/airflow/.local/lib/python3.8/site-packages/airflow/example_dags/example_external_task_marker_dag.py for tasks to queue
[2024-01-21T13:47:50.765+0000] {logging_mixin.py:188} INFO - [2024-01-21T13:47:50.764+0000] {dagbag.py:538} INFO - Filling up the DagBag from /home/airflow/.local/lib/python3.8/site-packages/airflow/example_dags/example_external_task_marker_dag.py
[2024-01-21T13:47:50.782+0000] {processor.py:840} INFO - DAG(s) 'example_external_task_marker_child', 'example_external_task_marker_parent' retrieved from /home/airflow/.local/lib/python3.8/site-packages/airflow/example_dags/example_external_task_marker_dag.py
[2024-01-21T13:47:50.837+0000] {logging_mixin.py:188} INFO - [2024-01-21T13:47:50.836+0000] {dag.py:3036} INFO - Sync 2 DAGs
[2024-01-21T13:47:50.864+0000] {logging_mixin.py:188} INFO - [2024-01-21T13:47:50.864+0000] {dag.py:3823} INFO - Setting next_dagrun for example_external_task_marker_child to None, run_after=None
[2024-01-21T13:47:50.878+0000] {logging_mixin.py:188} INFO - [2024-01-21T13:47:50.877+0000] {dag.py:3823} INFO - Setting next_dagrun for example_external_task_marker_parent to None, run_after=None
[2024-01-21T13:47:50.932+0000] {processor.py:183} INFO - Processing /home/airflow/.local/lib/python3.8/site-packages/airflow/example_dags/example_external_task_marker_dag.py took 0.188 seconds
[2024-01-21T13:48:21.672+0000] {processor.py:161} INFO - Started process (PID=1019) to work on /home/airflow/.local/lib/python3.8/site-packages/airflow/example_dags/example_external_task_marker_dag.py
[2024-01-21T13:48:21.693+0000] {processor.py:830} INFO - Processing file /home/airflow/.local/lib/python3.8/site-packages/airflow/example_dags/example_external_task_marker_dag.py for tasks to queue
[2024-01-21T13:48:21.719+0000] {logging_mixin.py:188} INFO - [2024-01-21T13:48:21.716+0000] {dagbag.py:538} INFO - Filling up the DagBag from /home/airflow/.local/lib/python3.8/site-packages/airflow/example_dags/example_external_task_marker_dag.py
[2024-01-21T13:48:21.752+0000] {processor.py:840} INFO - DAG(s) 'example_external_task_marker_parent', 'example_external_task_marker_child' retrieved from /home/airflow/.local/lib/python3.8/site-packages/airflow/example_dags/example_external_task_marker_dag.py
[2024-01-21T13:48:21.885+0000] {logging_mixin.py:188} INFO - [2024-01-21T13:48:21.884+0000] {dag.py:3036} INFO - Sync 2 DAGs
[2024-01-21T13:48:22.006+0000] {logging_mixin.py:188} INFO - [2024-01-21T13:48:22.005+0000] {dag.py:3823} INFO - Setting next_dagrun for example_external_task_marker_child to None, run_after=None
[2024-01-21T13:48:22.016+0000] {logging_mixin.py:188} INFO - [2024-01-21T13:48:22.015+0000] {dag.py:3823} INFO - Setting next_dagrun for example_external_task_marker_parent to None, run_after=None
[2024-01-21T13:48:22.105+0000] {processor.py:183} INFO - Processing /home/airflow/.local/lib/python3.8/site-packages/airflow/example_dags/example_external_task_marker_dag.py took 0.443 seconds
[2024-01-21T13:48:52.486+0000] {processor.py:161} INFO - Started process (PID=1075) to work on /home/airflow/.local/lib/python3.8/site-packages/airflow/example_dags/example_external_task_marker_dag.py
[2024-01-21T13:48:52.492+0000] {processor.py:830} INFO - Processing file /home/airflow/.local/lib/python3.8/site-packages/airflow/example_dags/example_external_task_marker_dag.py for tasks to queue
[2024-01-21T13:48:52.501+0000] {logging_mixin.py:188} INFO - [2024-01-21T13:48:52.498+0000] {dagbag.py:538} INFO - Filling up the DagBag from /home/airflow/.local/lib/python3.8/site-packages/airflow/example_dags/example_external_task_marker_dag.py
[2024-01-21T13:48:52.551+0000] {processor.py:840} INFO - DAG(s) 'example_external_task_marker_parent', 'example_external_task_marker_child' retrieved from /home/airflow/.local/lib/python3.8/site-packages/airflow/example_dags/example_external_task_marker_dag.py
[2024-01-21T13:48:52.702+0000] {logging_mixin.py:188} INFO - [2024-01-21T13:48:52.702+0000] {dag.py:3036} INFO - Sync 2 DAGs
[2024-01-21T13:48:52.743+0000] {logging_mixin.py:188} INFO - [2024-01-21T13:48:52.742+0000] {dag.py:3823} INFO - Setting next_dagrun for example_external_task_marker_child to None, run_after=None
[2024-01-21T13:48:52.752+0000] {logging_mixin.py:188} INFO - [2024-01-21T13:48:52.752+0000] {dag.py:3823} INFO - Setting next_dagrun for example_external_task_marker_parent to None, run_after=None
[2024-01-21T13:48:52.791+0000] {processor.py:183} INFO - Processing /home/airflow/.local/lib/python3.8/site-packages/airflow/example_dags/example_external_task_marker_dag.py took 0.333 seconds
[2024-01-21T13:49:22.971+0000] {processor.py:161} INFO - Started process (PID=1131) to work on /home/airflow/.local/lib/python3.8/site-packages/airflow/example_dags/example_external_task_marker_dag.py
[2024-01-21T13:49:22.974+0000] {processor.py:830} INFO - Processing file /home/airflow/.local/lib/python3.8/site-packages/airflow/example_dags/example_external_task_marker_dag.py for tasks to queue
[2024-01-21T13:49:22.980+0000] {logging_mixin.py:188} INFO - [2024-01-21T13:49:22.979+0000] {dagbag.py:538} INFO - Filling up the DagBag from /home/airflow/.local/lib/python3.8/site-packages/airflow/example_dags/example_external_task_marker_dag.py
[2024-01-21T13:49:23.090+0000] {processor.py:840} INFO - DAG(s) 'example_external_task_marker_child', 'example_external_task_marker_parent' retrieved from /home/airflow/.local/lib/python3.8/site-packages/airflow/example_dags/example_external_task_marker_dag.py
[2024-01-21T13:49:23.175+0000] {logging_mixin.py:188} INFO - [2024-01-21T13:49:23.174+0000] {dag.py:3036} INFO - Sync 2 DAGs
[2024-01-21T13:49:23.203+0000] {logging_mixin.py:188} INFO - [2024-01-21T13:49:23.203+0000] {dag.py:3823} INFO - Setting next_dagrun for example_external_task_marker_child to None, run_after=None
[2024-01-21T13:49:23.220+0000] {logging_mixin.py:188} INFO - [2024-01-21T13:49:23.220+0000] {dag.py:3823} INFO - Setting next_dagrun for example_external_task_marker_parent to None, run_after=None
[2024-01-21T13:49:23.264+0000] {processor.py:183} INFO - Processing /home/airflow/.local/lib/python3.8/site-packages/airflow/example_dags/example_external_task_marker_dag.py took 0.301 seconds
[2024-01-21T13:49:54.929+0000] {processor.py:161} INFO - Started process (PID=1188) to work on /home/airflow/.local/lib/python3.8/site-packages/airflow/example_dags/example_external_task_marker_dag.py
[2024-01-21T13:49:54.979+0000] {processor.py:830} INFO - Processing file /home/airflow/.local/lib/python3.8/site-packages/airflow/example_dags/example_external_task_marker_dag.py for tasks to queue
[2024-01-21T13:49:55.016+0000] {logging_mixin.py:188} INFO - [2024-01-21T13:49:55.002+0000] {dagbag.py:538} INFO - Filling up the DagBag from /home/airflow/.local/lib/python3.8/site-packages/airflow/example_dags/example_external_task_marker_dag.py
[2024-01-21T13:49:55.125+0000] {processor.py:840} INFO - DAG(s) 'example_external_task_marker_child', 'example_external_task_marker_parent' retrieved from /home/airflow/.local/lib/python3.8/site-packages/airflow/example_dags/example_external_task_marker_dag.py
[2024-01-21T13:49:55.441+0000] {logging_mixin.py:188} INFO - [2024-01-21T13:49:55.441+0000] {dag.py:3036} INFO - Sync 2 DAGs
[2024-01-21T13:49:55.611+0000] {logging_mixin.py:188} INFO - [2024-01-21T13:49:55.610+0000] {dag.py:3823} INFO - Setting next_dagrun for example_external_task_marker_child to None, run_after=None
[2024-01-21T13:49:55.624+0000] {logging_mixin.py:188} INFO - [2024-01-21T13:49:55.623+0000] {dag.py:3823} INFO - Setting next_dagrun for example_external_task_marker_parent to None, run_after=None
[2024-01-21T13:49:55.684+0000] {processor.py:183} INFO - Processing /home/airflow/.local/lib/python3.8/site-packages/airflow/example_dags/example_external_task_marker_dag.py took 0.780 seconds
[2024-01-21T13:50:25.848+0000] {processor.py:161} INFO - Started process (PID=1244) to work on /home/airflow/.local/lib/python3.8/site-packages/airflow/example_dags/example_external_task_marker_dag.py
[2024-01-21T13:50:25.854+0000] {processor.py:830} INFO - Processing file /home/airflow/.local/lib/python3.8/site-packages/airflow/example_dags/example_external_task_marker_dag.py for tasks to queue
[2024-01-21T13:50:25.860+0000] {logging_mixin.py:188} INFO - [2024-01-21T13:50:25.859+0000] {dagbag.py:538} INFO - Filling up the DagBag from /home/airflow/.local/lib/python3.8/site-packages/airflow/example_dags/example_external_task_marker_dag.py
[2024-01-21T13:50:25.879+0000] {processor.py:840} INFO - DAG(s) 'example_external_task_marker_child', 'example_external_task_marker_parent' retrieved from /home/airflow/.local/lib/python3.8/site-packages/airflow/example_dags/example_external_task_marker_dag.py
[2024-01-21T13:50:25.962+0000] {logging_mixin.py:188} INFO - [2024-01-21T13:50:25.961+0000] {dag.py:3036} INFO - Sync 2 DAGs
[2024-01-21T13:50:26.007+0000] {logging_mixin.py:188} INFO - [2024-01-21T13:50:26.007+0000] {dag.py:3823} INFO - Setting next_dagrun for example_external_task_marker_child to None, run_after=None
[2024-01-21T13:50:26.018+0000] {logging_mixin.py:188} INFO - [2024-01-21T13:50:26.017+0000] {dag.py:3823} INFO - Setting next_dagrun for example_external_task_marker_parent to None, run_after=None
[2024-01-21T13:50:26.061+0000] {processor.py:183} INFO - Processing /home/airflow/.local/lib/python3.8/site-packages/airflow/example_dags/example_external_task_marker_dag.py took 0.226 seconds
[2024-01-21T13:50:56.943+0000] {processor.py:161} INFO - Started process (PID=1300) to work on /home/airflow/.local/lib/python3.8/site-packages/airflow/example_dags/example_external_task_marker_dag.py
[2024-01-21T13:50:56.946+0000] {processor.py:830} INFO - Processing file /home/airflow/.local/lib/python3.8/site-packages/airflow/example_dags/example_external_task_marker_dag.py for tasks to queue
[2024-01-21T13:50:56.950+0000] {logging_mixin.py:188} INFO - [2024-01-21T13:50:56.949+0000] {dagbag.py:538} INFO - Filling up the DagBag from /home/airflow/.local/lib/python3.8/site-packages/airflow/example_dags/example_external_task_marker_dag.py
[2024-01-21T13:50:56.962+0000] {processor.py:840} INFO - DAG(s) 'example_external_task_marker_child', 'example_external_task_marker_parent' retrieved from /home/airflow/.local/lib/python3.8/site-packages/airflow/example_dags/example_external_task_marker_dag.py
[2024-01-21T13:50:57.004+0000] {logging_mixin.py:188} INFO - [2024-01-21T13:50:57.004+0000] {dag.py:3036} INFO - Sync 2 DAGs
[2024-01-21T13:50:57.029+0000] {logging_mixin.py:188} INFO - [2024-01-21T13:50:57.028+0000] {dag.py:3823} INFO - Setting next_dagrun for example_external_task_marker_child to None, run_after=None
[2024-01-21T13:50:57.036+0000] {logging_mixin.py:188} INFO - [2024-01-21T13:50:57.036+0000] {dag.py:3823} INFO - Setting next_dagrun for example_external_task_marker_parent to None, run_after=None
[2024-01-21T13:50:57.072+0000] {processor.py:183} INFO - Processing /home/airflow/.local/lib/python3.8/site-packages/airflow/example_dags/example_external_task_marker_dag.py took 0.135 seconds
[2024-01-21T13:51:28.122+0000] {processor.py:161} INFO - Started process (PID=1356) to work on /home/airflow/.local/lib/python3.8/site-packages/airflow/example_dags/example_external_task_marker_dag.py
[2024-01-21T13:51:28.126+0000] {processor.py:830} INFO - Processing file /home/airflow/.local/lib/python3.8/site-packages/airflow/example_dags/example_external_task_marker_dag.py for tasks to queue
[2024-01-21T13:51:28.142+0000] {logging_mixin.py:188} INFO - [2024-01-21T13:51:28.139+0000] {dagbag.py:538} INFO - Filling up the DagBag from /home/airflow/.local/lib/python3.8/site-packages/airflow/example_dags/example_external_task_marker_dag.py
[2024-01-21T13:51:28.187+0000] {processor.py:840} INFO - DAG(s) 'example_external_task_marker_child', 'example_external_task_marker_parent' retrieved from /home/airflow/.local/lib/python3.8/site-packages/airflow/example_dags/example_external_task_marker_dag.py
[2024-01-21T13:51:28.286+0000] {logging_mixin.py:188} INFO - [2024-01-21T13:51:28.285+0000] {dag.py:3036} INFO - Sync 2 DAGs
[2024-01-21T13:51:28.333+0000] {logging_mixin.py:188} INFO - [2024-01-21T13:51:28.333+0000] {dag.py:3823} INFO - Setting next_dagrun for example_external_task_marker_child to None, run_after=None
[2024-01-21T13:51:28.362+0000] {logging_mixin.py:188} INFO - [2024-01-21T13:51:28.362+0000] {dag.py:3823} INFO - Setting next_dagrun for example_external_task_marker_parent to None, run_after=None
[2024-01-21T13:51:28.466+0000] {processor.py:183} INFO - Processing /home/airflow/.local/lib/python3.8/site-packages/airflow/example_dags/example_external_task_marker_dag.py took 0.352 seconds
