[2024-01-21T13:20:42.680+0000] {processor.py:161} INFO - Started process (PID=75) to work on /home/airflow/.local/lib/python3.8/site-packages/airflow/example_dags/example_task_group.py
[2024-01-21T13:20:42.684+0000] {processor.py:830} INFO - Processing file /home/airflow/.local/lib/python3.8/site-packages/airflow/example_dags/example_task_group.py for tasks to queue
[2024-01-21T13:20:42.689+0000] {logging_mixin.py:188} INFO - [2024-01-21T13:20:42.689+0000] {dagbag.py:538} INFO - Filling up the DagBag from /home/airflow/.local/lib/python3.8/site-packages/airflow/example_dags/example_task_group.py
[2024-01-21T13:20:42.726+0000] {processor.py:840} INFO - DAG(s) 'example_task_group' retrieved from /home/airflow/.local/lib/python3.8/site-packages/airflow/example_dags/example_task_group.py
[2024-01-21T13:20:43.116+0000] {logging_mixin.py:188} INFO - [2024-01-21T13:20:43.116+0000] {dag.py:3036} INFO - Sync 1 DAGs
[2024-01-21T13:20:43.221+0000] {logging_mixin.py:188} INFO - [2024-01-21T13:20:43.221+0000] {dag.py:3823} INFO - Setting next_dagrun for example_task_group to 2024-01-20 00:00:00+00:00, run_after=2024-01-21 00:00:00+00:00
[2024-01-21T13:20:43.286+0000] {processor.py:183} INFO - Processing /home/airflow/.local/lib/python3.8/site-packages/airflow/example_dags/example_task_group.py took 0.621 seconds
[2024-01-21T13:21:13.992+0000] {processor.py:161} INFO - Started process (PID=130) to work on /home/airflow/.local/lib/python3.8/site-packages/airflow/example_dags/example_task_group.py
[2024-01-21T13:21:13.994+0000] {processor.py:830} INFO - Processing file /home/airflow/.local/lib/python3.8/site-packages/airflow/example_dags/example_task_group.py for tasks to queue
[2024-01-21T13:21:13.998+0000] {logging_mixin.py:188} INFO - [2024-01-21T13:21:13.998+0000] {dagbag.py:538} INFO - Filling up the DagBag from /home/airflow/.local/lib/python3.8/site-packages/airflow/example_dags/example_task_group.py
[2024-01-21T13:21:14.023+0000] {processor.py:840} INFO - DAG(s) 'example_task_group' retrieved from /home/airflow/.local/lib/python3.8/site-packages/airflow/example_dags/example_task_group.py
[2024-01-21T13:21:14.086+0000] {logging_mixin.py:188} INFO - [2024-01-21T13:21:14.086+0000] {dag.py:3036} INFO - Sync 1 DAGs
[2024-01-21T13:21:14.158+0000] {logging_mixin.py:188} INFO - [2024-01-21T13:21:14.158+0000] {dag.py:3823} INFO - Setting next_dagrun for example_task_group to 2024-01-20 00:00:00+00:00, run_after=2024-01-21 00:00:00+00:00
[2024-01-21T13:21:14.198+0000] {processor.py:183} INFO - Processing /home/airflow/.local/lib/python3.8/site-packages/airflow/example_dags/example_task_group.py took 0.213 seconds
[2024-01-21T13:21:44.401+0000] {processor.py:161} INFO - Started process (PID=184) to work on /home/airflow/.local/lib/python3.8/site-packages/airflow/example_dags/example_task_group.py
[2024-01-21T13:21:44.403+0000] {processor.py:830} INFO - Processing file /home/airflow/.local/lib/python3.8/site-packages/airflow/example_dags/example_task_group.py for tasks to queue
[2024-01-21T13:21:44.406+0000] {logging_mixin.py:188} INFO - [2024-01-21T13:21:44.406+0000] {dagbag.py:538} INFO - Filling up the DagBag from /home/airflow/.local/lib/python3.8/site-packages/airflow/example_dags/example_task_group.py
[2024-01-21T13:21:44.423+0000] {processor.py:840} INFO - DAG(s) 'example_task_group' retrieved from /home/airflow/.local/lib/python3.8/site-packages/airflow/example_dags/example_task_group.py
[2024-01-21T13:21:44.468+0000] {logging_mixin.py:188} INFO - [2024-01-21T13:21:44.467+0000] {dag.py:3036} INFO - Sync 1 DAGs
[2024-01-21T13:21:44.517+0000] {logging_mixin.py:188} INFO - [2024-01-21T13:21:44.517+0000] {dag.py:3823} INFO - Setting next_dagrun for example_task_group to 2024-01-20 00:00:00+00:00, run_after=2024-01-21 00:00:00+00:00
[2024-01-21T13:21:44.561+0000] {processor.py:183} INFO - Processing /home/airflow/.local/lib/python3.8/site-packages/airflow/example_dags/example_task_group.py took 0.166 seconds
[2024-01-21T13:22:15.203+0000] {processor.py:161} INFO - Started process (PID=238) to work on /home/airflow/.local/lib/python3.8/site-packages/airflow/example_dags/example_task_group.py
[2024-01-21T13:22:15.205+0000] {processor.py:830} INFO - Processing file /home/airflow/.local/lib/python3.8/site-packages/airflow/example_dags/example_task_group.py for tasks to queue
[2024-01-21T13:22:15.210+0000] {logging_mixin.py:188} INFO - [2024-01-21T13:22:15.209+0000] {dagbag.py:538} INFO - Filling up the DagBag from /home/airflow/.local/lib/python3.8/site-packages/airflow/example_dags/example_task_group.py
[2024-01-21T13:22:15.227+0000] {processor.py:840} INFO - DAG(s) 'example_task_group' retrieved from /home/airflow/.local/lib/python3.8/site-packages/airflow/example_dags/example_task_group.py
[2024-01-21T13:22:15.287+0000] {logging_mixin.py:188} INFO - [2024-01-21T13:22:15.286+0000] {dag.py:3036} INFO - Sync 1 DAGs
[2024-01-21T13:22:15.357+0000] {logging_mixin.py:188} INFO - [2024-01-21T13:22:15.357+0000] {dag.py:3823} INFO - Setting next_dagrun for example_task_group to 2024-01-20 00:00:00+00:00, run_after=2024-01-21 00:00:00+00:00
[2024-01-21T13:22:15.393+0000] {processor.py:183} INFO - Processing /home/airflow/.local/lib/python3.8/site-packages/airflow/example_dags/example_task_group.py took 0.199 seconds
[2024-01-21T13:39:39.848+0000] {processor.py:161} INFO - Started process (PID=81) to work on /home/airflow/.local/lib/python3.8/site-packages/airflow/example_dags/example_task_group.py
[2024-01-21T13:39:39.851+0000] {processor.py:830} INFO - Processing file /home/airflow/.local/lib/python3.8/site-packages/airflow/example_dags/example_task_group.py for tasks to queue
[2024-01-21T13:39:39.857+0000] {logging_mixin.py:188} INFO - [2024-01-21T13:39:39.856+0000] {dagbag.py:538} INFO - Filling up the DagBag from /home/airflow/.local/lib/python3.8/site-packages/airflow/example_dags/example_task_group.py
[2024-01-21T13:39:39.891+0000] {processor.py:840} INFO - DAG(s) 'example_task_group' retrieved from /home/airflow/.local/lib/python3.8/site-packages/airflow/example_dags/example_task_group.py
[2024-01-21T13:39:40.168+0000] {logging_mixin.py:188} INFO - [2024-01-21T13:39:40.168+0000] {dag.py:3036} INFO - Sync 1 DAGs
[2024-01-21T13:39:40.209+0000] {logging_mixin.py:188} INFO - [2024-01-21T13:39:40.209+0000] {dag.py:3823} INFO - Setting next_dagrun for example_task_group to 2024-01-20 00:00:00+00:00, run_after=2024-01-21 00:00:00+00:00
[2024-01-21T13:39:40.250+0000] {processor.py:183} INFO - Processing /home/airflow/.local/lib/python3.8/site-packages/airflow/example_dags/example_task_group.py took 0.411 seconds
[2024-01-21T13:40:13.511+0000] {processor.py:161} INFO - Started process (PID=136) to work on /home/airflow/.local/lib/python3.8/site-packages/airflow/example_dags/example_task_group.py
[2024-01-21T13:40:13.533+0000] {processor.py:830} INFO - Processing file /home/airflow/.local/lib/python3.8/site-packages/airflow/example_dags/example_task_group.py for tasks to queue
[2024-01-21T13:40:13.540+0000] {logging_mixin.py:188} INFO - [2024-01-21T13:40:13.539+0000] {dagbag.py:538} INFO - Filling up the DagBag from /home/airflow/.local/lib/python3.8/site-packages/airflow/example_dags/example_task_group.py
[2024-01-21T13:40:13.603+0000] {processor.py:840} INFO - DAG(s) 'example_task_group' retrieved from /home/airflow/.local/lib/python3.8/site-packages/airflow/example_dags/example_task_group.py
[2024-01-21T13:40:13.803+0000] {logging_mixin.py:188} INFO - [2024-01-21T13:40:13.802+0000] {dag.py:3036} INFO - Sync 1 DAGs
[2024-01-21T13:40:14.421+0000] {logging_mixin.py:188} INFO - [2024-01-21T13:40:14.420+0000] {dag.py:3823} INFO - Setting next_dagrun for example_task_group to 2024-01-20 00:00:00+00:00, run_after=2024-01-21 00:00:00+00:00
[2024-01-21T13:40:14.814+0000] {processor.py:183} INFO - Processing /home/airflow/.local/lib/python3.8/site-packages/airflow/example_dags/example_task_group.py took 1.452 seconds
[2024-01-21T13:40:45.566+0000] {processor.py:161} INFO - Started process (PID=193) to work on /home/airflow/.local/lib/python3.8/site-packages/airflow/example_dags/example_task_group.py
[2024-01-21T13:40:45.570+0000] {processor.py:830} INFO - Processing file /home/airflow/.local/lib/python3.8/site-packages/airflow/example_dags/example_task_group.py for tasks to queue
[2024-01-21T13:40:45.578+0000] {logging_mixin.py:188} INFO - [2024-01-21T13:40:45.577+0000] {dagbag.py:538} INFO - Filling up the DagBag from /home/airflow/.local/lib/python3.8/site-packages/airflow/example_dags/example_task_group.py
[2024-01-21T13:40:45.601+0000] {processor.py:840} INFO - DAG(s) 'example_task_group' retrieved from /home/airflow/.local/lib/python3.8/site-packages/airflow/example_dags/example_task_group.py
[2024-01-21T13:40:45.657+0000] {logging_mixin.py:188} INFO - [2024-01-21T13:40:45.657+0000] {dag.py:3036} INFO - Sync 1 DAGs
[2024-01-21T13:40:45.735+0000] {logging_mixin.py:188} INFO - [2024-01-21T13:40:45.734+0000] {dag.py:3823} INFO - Setting next_dagrun for example_task_group to 2024-01-20 00:00:00+00:00, run_after=2024-01-21 00:00:00+00:00
[2024-01-21T13:40:45.808+0000] {processor.py:183} INFO - Processing /home/airflow/.local/lib/python3.8/site-packages/airflow/example_dags/example_task_group.py took 0.252 seconds
[2024-01-21T13:41:16.060+0000] {processor.py:161} INFO - Started process (PID=248) to work on /home/airflow/.local/lib/python3.8/site-packages/airflow/example_dags/example_task_group.py
[2024-01-21T13:41:16.062+0000] {processor.py:830} INFO - Processing file /home/airflow/.local/lib/python3.8/site-packages/airflow/example_dags/example_task_group.py for tasks to queue
[2024-01-21T13:41:16.067+0000] {logging_mixin.py:188} INFO - [2024-01-21T13:41:16.067+0000] {dagbag.py:538} INFO - Filling up the DagBag from /home/airflow/.local/lib/python3.8/site-packages/airflow/example_dags/example_task_group.py
[2024-01-21T13:41:16.084+0000] {processor.py:840} INFO - DAG(s) 'example_task_group' retrieved from /home/airflow/.local/lib/python3.8/site-packages/airflow/example_dags/example_task_group.py
[2024-01-21T13:41:16.187+0000] {logging_mixin.py:188} INFO - [2024-01-21T13:41:16.187+0000] {dag.py:3036} INFO - Sync 1 DAGs
[2024-01-21T13:41:16.288+0000] {logging_mixin.py:188} INFO - [2024-01-21T13:41:16.287+0000] {dag.py:3823} INFO - Setting next_dagrun for example_task_group to 2024-01-20 00:00:00+00:00, run_after=2024-01-21 00:00:00+00:00
[2024-01-21T13:41:16.345+0000] {processor.py:183} INFO - Processing /home/airflow/.local/lib/python3.8/site-packages/airflow/example_dags/example_task_group.py took 0.291 seconds
[2024-01-21T13:41:46.809+0000] {processor.py:161} INFO - Started process (PID=303) to work on /home/airflow/.local/lib/python3.8/site-packages/airflow/example_dags/example_task_group.py
[2024-01-21T13:41:46.813+0000] {processor.py:830} INFO - Processing file /home/airflow/.local/lib/python3.8/site-packages/airflow/example_dags/example_task_group.py for tasks to queue
[2024-01-21T13:41:46.819+0000] {logging_mixin.py:188} INFO - [2024-01-21T13:41:46.819+0000] {dagbag.py:538} INFO - Filling up the DagBag from /home/airflow/.local/lib/python3.8/site-packages/airflow/example_dags/example_task_group.py
[2024-01-21T13:41:46.842+0000] {processor.py:840} INFO - DAG(s) 'example_task_group' retrieved from /home/airflow/.local/lib/python3.8/site-packages/airflow/example_dags/example_task_group.py
[2024-01-21T13:41:46.890+0000] {logging_mixin.py:188} INFO - [2024-01-21T13:41:46.889+0000] {dag.py:3036} INFO - Sync 1 DAGs
[2024-01-21T13:41:46.935+0000] {logging_mixin.py:188} INFO - [2024-01-21T13:41:46.935+0000] {dag.py:3823} INFO - Setting next_dagrun for example_task_group to 2024-01-20 00:00:00+00:00, run_after=2024-01-21 00:00:00+00:00
[2024-01-21T13:41:46.974+0000] {processor.py:183} INFO - Processing /home/airflow/.local/lib/python3.8/site-packages/airflow/example_dags/example_task_group.py took 0.172 seconds
[2024-01-21T13:42:17.414+0000] {processor.py:161} INFO - Started process (PID=358) to work on /home/airflow/.local/lib/python3.8/site-packages/airflow/example_dags/example_task_group.py
[2024-01-21T13:42:17.417+0000] {processor.py:830} INFO - Processing file /home/airflow/.local/lib/python3.8/site-packages/airflow/example_dags/example_task_group.py for tasks to queue
[2024-01-21T13:42:17.422+0000] {logging_mixin.py:188} INFO - [2024-01-21T13:42:17.421+0000] {dagbag.py:538} INFO - Filling up the DagBag from /home/airflow/.local/lib/python3.8/site-packages/airflow/example_dags/example_task_group.py
[2024-01-21T13:42:17.440+0000] {processor.py:840} INFO - DAG(s) 'example_task_group' retrieved from /home/airflow/.local/lib/python3.8/site-packages/airflow/example_dags/example_task_group.py
[2024-01-21T13:42:17.488+0000] {logging_mixin.py:188} INFO - [2024-01-21T13:42:17.487+0000] {dag.py:3036} INFO - Sync 1 DAGs
[2024-01-21T13:42:17.527+0000] {logging_mixin.py:188} INFO - [2024-01-21T13:42:17.527+0000] {dag.py:3823} INFO - Setting next_dagrun for example_task_group to 2024-01-20 00:00:00+00:00, run_after=2024-01-21 00:00:00+00:00
[2024-01-21T13:42:17.567+0000] {processor.py:183} INFO - Processing /home/airflow/.local/lib/python3.8/site-packages/airflow/example_dags/example_task_group.py took 0.159 seconds
[2024-01-21T13:42:47.721+0000] {processor.py:161} INFO - Started process (PID=413) to work on /home/airflow/.local/lib/python3.8/site-packages/airflow/example_dags/example_task_group.py
[2024-01-21T13:42:47.730+0000] {processor.py:830} INFO - Processing file /home/airflow/.local/lib/python3.8/site-packages/airflow/example_dags/example_task_group.py for tasks to queue
[2024-01-21T13:42:47.745+0000] {logging_mixin.py:188} INFO - [2024-01-21T13:42:47.744+0000] {dagbag.py:538} INFO - Filling up the DagBag from /home/airflow/.local/lib/python3.8/site-packages/airflow/example_dags/example_task_group.py
[2024-01-21T13:42:47.774+0000] {processor.py:840} INFO - DAG(s) 'example_task_group' retrieved from /home/airflow/.local/lib/python3.8/site-packages/airflow/example_dags/example_task_group.py
[2024-01-21T13:42:47.822+0000] {logging_mixin.py:188} INFO - [2024-01-21T13:42:47.821+0000] {dag.py:3036} INFO - Sync 1 DAGs
[2024-01-21T13:42:47.860+0000] {logging_mixin.py:188} INFO - [2024-01-21T13:42:47.860+0000] {dag.py:3823} INFO - Setting next_dagrun for example_task_group to 2024-01-20 00:00:00+00:00, run_after=2024-01-21 00:00:00+00:00
[2024-01-21T13:42:47.895+0000] {processor.py:183} INFO - Processing /home/airflow/.local/lib/python3.8/site-packages/airflow/example_dags/example_task_group.py took 0.192 seconds
[2024-01-21T13:43:18.261+0000] {processor.py:161} INFO - Started process (PID=468) to work on /home/airflow/.local/lib/python3.8/site-packages/airflow/example_dags/example_task_group.py
[2024-01-21T13:43:18.264+0000] {processor.py:830} INFO - Processing file /home/airflow/.local/lib/python3.8/site-packages/airflow/example_dags/example_task_group.py for tasks to queue
[2024-01-21T13:43:18.269+0000] {logging_mixin.py:188} INFO - [2024-01-21T13:43:18.268+0000] {dagbag.py:538} INFO - Filling up the DagBag from /home/airflow/.local/lib/python3.8/site-packages/airflow/example_dags/example_task_group.py
[2024-01-21T13:43:18.287+0000] {processor.py:840} INFO - DAG(s) 'example_task_group' retrieved from /home/airflow/.local/lib/python3.8/site-packages/airflow/example_dags/example_task_group.py
[2024-01-21T13:43:18.335+0000] {logging_mixin.py:188} INFO - [2024-01-21T13:43:18.335+0000] {dag.py:3036} INFO - Sync 1 DAGs
[2024-01-21T13:43:18.383+0000] {logging_mixin.py:188} INFO - [2024-01-21T13:43:18.383+0000] {dag.py:3823} INFO - Setting next_dagrun for example_task_group to 2024-01-20 00:00:00+00:00, run_after=2024-01-21 00:00:00+00:00
[2024-01-21T13:43:18.425+0000] {processor.py:183} INFO - Processing /home/airflow/.local/lib/python3.8/site-packages/airflow/example_dags/example_task_group.py took 0.175 seconds
[2024-01-21T13:43:48.675+0000] {processor.py:161} INFO - Started process (PID=524) to work on /home/airflow/.local/lib/python3.8/site-packages/airflow/example_dags/example_task_group.py
[2024-01-21T13:43:48.677+0000] {processor.py:830} INFO - Processing file /home/airflow/.local/lib/python3.8/site-packages/airflow/example_dags/example_task_group.py for tasks to queue
[2024-01-21T13:43:48.682+0000] {logging_mixin.py:188} INFO - [2024-01-21T13:43:48.681+0000] {dagbag.py:538} INFO - Filling up the DagBag from /home/airflow/.local/lib/python3.8/site-packages/airflow/example_dags/example_task_group.py
[2024-01-21T13:43:48.699+0000] {processor.py:840} INFO - DAG(s) 'example_task_group' retrieved from /home/airflow/.local/lib/python3.8/site-packages/airflow/example_dags/example_task_group.py
[2024-01-21T13:43:48.750+0000] {logging_mixin.py:188} INFO - [2024-01-21T13:43:48.749+0000] {dag.py:3036} INFO - Sync 1 DAGs
[2024-01-21T13:43:48.805+0000] {logging_mixin.py:188} INFO - [2024-01-21T13:43:48.804+0000] {dag.py:3823} INFO - Setting next_dagrun for example_task_group to 2024-01-20 00:00:00+00:00, run_after=2024-01-21 00:00:00+00:00
[2024-01-21T13:43:48.840+0000] {processor.py:183} INFO - Processing /home/airflow/.local/lib/python3.8/site-packages/airflow/example_dags/example_task_group.py took 0.176 seconds
[2024-01-21T13:44:19.151+0000] {processor.py:161} INFO - Started process (PID=579) to work on /home/airflow/.local/lib/python3.8/site-packages/airflow/example_dags/example_task_group.py
[2024-01-21T13:44:19.155+0000] {processor.py:830} INFO - Processing file /home/airflow/.local/lib/python3.8/site-packages/airflow/example_dags/example_task_group.py for tasks to queue
[2024-01-21T13:44:19.159+0000] {logging_mixin.py:188} INFO - [2024-01-21T13:44:19.158+0000] {dagbag.py:538} INFO - Filling up the DagBag from /home/airflow/.local/lib/python3.8/site-packages/airflow/example_dags/example_task_group.py
[2024-01-21T13:44:19.173+0000] {processor.py:840} INFO - DAG(s) 'example_task_group' retrieved from /home/airflow/.local/lib/python3.8/site-packages/airflow/example_dags/example_task_group.py
[2024-01-21T13:44:19.215+0000] {logging_mixin.py:188} INFO - [2024-01-21T13:44:19.214+0000] {dag.py:3036} INFO - Sync 1 DAGs
[2024-01-21T13:44:19.264+0000] {logging_mixin.py:188} INFO - [2024-01-21T13:44:19.263+0000] {dag.py:3823} INFO - Setting next_dagrun for example_task_group to 2024-01-20 00:00:00+00:00, run_after=2024-01-21 00:00:00+00:00
[2024-01-21T13:44:19.300+0000] {processor.py:183} INFO - Processing /home/airflow/.local/lib/python3.8/site-packages/airflow/example_dags/example_task_group.py took 0.155 seconds
[2024-01-21T13:44:49.556+0000] {processor.py:161} INFO - Started process (PID=635) to work on /home/airflow/.local/lib/python3.8/site-packages/airflow/example_dags/example_task_group.py
[2024-01-21T13:44:49.584+0000] {processor.py:830} INFO - Processing file /home/airflow/.local/lib/python3.8/site-packages/airflow/example_dags/example_task_group.py for tasks to queue
[2024-01-21T13:44:49.618+0000] {logging_mixin.py:188} INFO - [2024-01-21T13:44:49.616+0000] {dagbag.py:538} INFO - Filling up the DagBag from /home/airflow/.local/lib/python3.8/site-packages/airflow/example_dags/example_task_group.py
[2024-01-21T13:44:49.734+0000] {processor.py:840} INFO - DAG(s) 'example_task_group' retrieved from /home/airflow/.local/lib/python3.8/site-packages/airflow/example_dags/example_task_group.py
[2024-01-21T13:44:49.778+0000] {logging_mixin.py:188} INFO - [2024-01-21T13:44:49.777+0000] {dag.py:3036} INFO - Sync 1 DAGs
[2024-01-21T13:44:49.814+0000] {logging_mixin.py:188} INFO - [2024-01-21T13:44:49.814+0000] {dag.py:3823} INFO - Setting next_dagrun for example_task_group to 2024-01-20 00:00:00+00:00, run_after=2024-01-21 00:00:00+00:00
[2024-01-21T13:44:49.855+0000] {processor.py:183} INFO - Processing /home/airflow/.local/lib/python3.8/site-packages/airflow/example_dags/example_task_group.py took 0.336 seconds
[2024-01-21T13:45:20.081+0000] {processor.py:161} INFO - Started process (PID=691) to work on /home/airflow/.local/lib/python3.8/site-packages/airflow/example_dags/example_task_group.py
[2024-01-21T13:45:20.087+0000] {processor.py:830} INFO - Processing file /home/airflow/.local/lib/python3.8/site-packages/airflow/example_dags/example_task_group.py for tasks to queue
[2024-01-21T13:45:20.098+0000] {logging_mixin.py:188} INFO - [2024-01-21T13:45:20.097+0000] {dagbag.py:538} INFO - Filling up the DagBag from /home/airflow/.local/lib/python3.8/site-packages/airflow/example_dags/example_task_group.py
[2024-01-21T13:45:20.141+0000] {processor.py:840} INFO - DAG(s) 'example_task_group' retrieved from /home/airflow/.local/lib/python3.8/site-packages/airflow/example_dags/example_task_group.py
[2024-01-21T13:45:20.207+0000] {logging_mixin.py:188} INFO - [2024-01-21T13:45:20.207+0000] {dag.py:3036} INFO - Sync 1 DAGs
[2024-01-21T13:45:20.252+0000] {logging_mixin.py:188} INFO - [2024-01-21T13:45:20.251+0000] {dag.py:3823} INFO - Setting next_dagrun for example_task_group to 2024-01-20 00:00:00+00:00, run_after=2024-01-21 00:00:00+00:00
[2024-01-21T13:45:20.296+0000] {processor.py:183} INFO - Processing /home/airflow/.local/lib/python3.8/site-packages/airflow/example_dags/example_task_group.py took 0.232 seconds
[2024-01-21T13:45:50.639+0000] {processor.py:161} INFO - Started process (PID=747) to work on /home/airflow/.local/lib/python3.8/site-packages/airflow/example_dags/example_task_group.py
[2024-01-21T13:45:50.641+0000] {processor.py:830} INFO - Processing file /home/airflow/.local/lib/python3.8/site-packages/airflow/example_dags/example_task_group.py for tasks to queue
[2024-01-21T13:45:50.646+0000] {logging_mixin.py:188} INFO - [2024-01-21T13:45:50.645+0000] {dagbag.py:538} INFO - Filling up the DagBag from /home/airflow/.local/lib/python3.8/site-packages/airflow/example_dags/example_task_group.py
[2024-01-21T13:45:50.661+0000] {processor.py:840} INFO - DAG(s) 'example_task_group' retrieved from /home/airflow/.local/lib/python3.8/site-packages/airflow/example_dags/example_task_group.py
[2024-01-21T13:45:50.703+0000] {logging_mixin.py:188} INFO - [2024-01-21T13:45:50.703+0000] {dag.py:3036} INFO - Sync 1 DAGs
[2024-01-21T13:45:50.740+0000] {logging_mixin.py:188} INFO - [2024-01-21T13:45:50.740+0000] {dag.py:3823} INFO - Setting next_dagrun for example_task_group to 2024-01-20 00:00:00+00:00, run_after=2024-01-21 00:00:00+00:00
[2024-01-21T13:45:50.780+0000] {processor.py:183} INFO - Processing /home/airflow/.local/lib/python3.8/site-packages/airflow/example_dags/example_task_group.py took 0.147 seconds
[2024-01-21T13:46:21.095+0000] {processor.py:161} INFO - Started process (PID=803) to work on /home/airflow/.local/lib/python3.8/site-packages/airflow/example_dags/example_task_group.py
[2024-01-21T13:46:21.101+0000] {processor.py:830} INFO - Processing file /home/airflow/.local/lib/python3.8/site-packages/airflow/example_dags/example_task_group.py for tasks to queue
[2024-01-21T13:46:21.110+0000] {logging_mixin.py:188} INFO - [2024-01-21T13:46:21.109+0000] {dagbag.py:538} INFO - Filling up the DagBag from /home/airflow/.local/lib/python3.8/site-packages/airflow/example_dags/example_task_group.py
[2024-01-21T13:46:21.136+0000] {processor.py:840} INFO - DAG(s) 'example_task_group' retrieved from /home/airflow/.local/lib/python3.8/site-packages/airflow/example_dags/example_task_group.py
[2024-01-21T13:46:21.262+0000] {logging_mixin.py:188} INFO - [2024-01-21T13:46:21.261+0000] {dag.py:3036} INFO - Sync 1 DAGs
[2024-01-21T13:46:21.333+0000] {logging_mixin.py:188} INFO - [2024-01-21T13:46:21.332+0000] {dag.py:3823} INFO - Setting next_dagrun for example_task_group to 2024-01-20 00:00:00+00:00, run_after=2024-01-21 00:00:00+00:00
[2024-01-21T13:46:21.386+0000] {processor.py:183} INFO - Processing /home/airflow/.local/lib/python3.8/site-packages/airflow/example_dags/example_task_group.py took 0.301 seconds
[2024-01-21T13:46:51.658+0000] {processor.py:161} INFO - Started process (PID=858) to work on /home/airflow/.local/lib/python3.8/site-packages/airflow/example_dags/example_task_group.py
[2024-01-21T13:46:51.660+0000] {processor.py:830} INFO - Processing file /home/airflow/.local/lib/python3.8/site-packages/airflow/example_dags/example_task_group.py for tasks to queue
[2024-01-21T13:46:51.663+0000] {logging_mixin.py:188} INFO - [2024-01-21T13:46:51.662+0000] {dagbag.py:538} INFO - Filling up the DagBag from /home/airflow/.local/lib/python3.8/site-packages/airflow/example_dags/example_task_group.py
[2024-01-21T13:46:51.673+0000] {processor.py:840} INFO - DAG(s) 'example_task_group' retrieved from /home/airflow/.local/lib/python3.8/site-packages/airflow/example_dags/example_task_group.py
[2024-01-21T13:46:51.713+0000] {logging_mixin.py:188} INFO - [2024-01-21T13:46:51.713+0000] {dag.py:3036} INFO - Sync 1 DAGs
[2024-01-21T13:46:51.759+0000] {logging_mixin.py:188} INFO - [2024-01-21T13:46:51.758+0000] {dag.py:3823} INFO - Setting next_dagrun for example_task_group to 2024-01-20 00:00:00+00:00, run_after=2024-01-21 00:00:00+00:00
[2024-01-21T13:46:51.809+0000] {processor.py:183} INFO - Processing /home/airflow/.local/lib/python3.8/site-packages/airflow/example_dags/example_task_group.py took 0.158 seconds
[2024-01-21T13:47:22.193+0000] {processor.py:161} INFO - Started process (PID=914) to work on /home/airflow/.local/lib/python3.8/site-packages/airflow/example_dags/example_task_group.py
[2024-01-21T13:47:22.195+0000] {processor.py:830} INFO - Processing file /home/airflow/.local/lib/python3.8/site-packages/airflow/example_dags/example_task_group.py for tasks to queue
[2024-01-21T13:47:22.199+0000] {logging_mixin.py:188} INFO - [2024-01-21T13:47:22.198+0000] {dagbag.py:538} INFO - Filling up the DagBag from /home/airflow/.local/lib/python3.8/site-packages/airflow/example_dags/example_task_group.py
[2024-01-21T13:47:22.215+0000] {processor.py:840} INFO - DAG(s) 'example_task_group' retrieved from /home/airflow/.local/lib/python3.8/site-packages/airflow/example_dags/example_task_group.py
[2024-01-21T13:47:22.265+0000] {logging_mixin.py:188} INFO - [2024-01-21T13:47:22.264+0000] {dag.py:3036} INFO - Sync 1 DAGs
[2024-01-21T13:47:22.321+0000] {logging_mixin.py:188} INFO - [2024-01-21T13:47:22.320+0000] {dag.py:3823} INFO - Setting next_dagrun for example_task_group to 2024-01-20 00:00:00+00:00, run_after=2024-01-21 00:00:00+00:00
[2024-01-21T13:47:22.366+0000] {processor.py:183} INFO - Processing /home/airflow/.local/lib/python3.8/site-packages/airflow/example_dags/example_task_group.py took 0.180 seconds
[2024-01-21T13:47:52.579+0000] {processor.py:161} INFO - Started process (PID=970) to work on /home/airflow/.local/lib/python3.8/site-packages/airflow/example_dags/example_task_group.py
[2024-01-21T13:47:52.583+0000] {processor.py:830} INFO - Processing file /home/airflow/.local/lib/python3.8/site-packages/airflow/example_dags/example_task_group.py for tasks to queue
[2024-01-21T13:47:52.591+0000] {logging_mixin.py:188} INFO - [2024-01-21T13:47:52.590+0000] {dagbag.py:538} INFO - Filling up the DagBag from /home/airflow/.local/lib/python3.8/site-packages/airflow/example_dags/example_task_group.py
[2024-01-21T13:47:52.607+0000] {processor.py:840} INFO - DAG(s) 'example_task_group' retrieved from /home/airflow/.local/lib/python3.8/site-packages/airflow/example_dags/example_task_group.py
[2024-01-21T13:47:52.646+0000] {logging_mixin.py:188} INFO - [2024-01-21T13:47:52.646+0000] {dag.py:3036} INFO - Sync 1 DAGs
[2024-01-21T13:47:52.685+0000] {logging_mixin.py:188} INFO - [2024-01-21T13:47:52.685+0000] {dag.py:3823} INFO - Setting next_dagrun for example_task_group to 2024-01-20 00:00:00+00:00, run_after=2024-01-21 00:00:00+00:00
[2024-01-21T13:47:52.719+0000] {processor.py:183} INFO - Processing /home/airflow/.local/lib/python3.8/site-packages/airflow/example_dags/example_task_group.py took 0.146 seconds
[2024-01-21T13:48:23.893+0000] {processor.py:161} INFO - Started process (PID=1026) to work on /home/airflow/.local/lib/python3.8/site-packages/airflow/example_dags/example_task_group.py
[2024-01-21T13:48:23.896+0000] {processor.py:830} INFO - Processing file /home/airflow/.local/lib/python3.8/site-packages/airflow/example_dags/example_task_group.py for tasks to queue
[2024-01-21T13:48:23.904+0000] {logging_mixin.py:188} INFO - [2024-01-21T13:48:23.900+0000] {dagbag.py:538} INFO - Filling up the DagBag from /home/airflow/.local/lib/python3.8/site-packages/airflow/example_dags/example_task_group.py
[2024-01-21T13:48:23.923+0000] {processor.py:840} INFO - DAG(s) 'example_task_group' retrieved from /home/airflow/.local/lib/python3.8/site-packages/airflow/example_dags/example_task_group.py
[2024-01-21T13:48:24.003+0000] {logging_mixin.py:188} INFO - [2024-01-21T13:48:24.002+0000] {dag.py:3036} INFO - Sync 1 DAGs
[2024-01-21T13:48:24.121+0000] {logging_mixin.py:188} INFO - [2024-01-21T13:48:24.120+0000] {dag.py:3823} INFO - Setting next_dagrun for example_task_group to 2024-01-20 00:00:00+00:00, run_after=2024-01-21 00:00:00+00:00
[2024-01-21T13:48:24.272+0000] {processor.py:183} INFO - Processing /home/airflow/.local/lib/python3.8/site-packages/airflow/example_dags/example_task_group.py took 0.387 seconds
[2024-01-21T13:48:54.798+0000] {processor.py:161} INFO - Started process (PID=1080) to work on /home/airflow/.local/lib/python3.8/site-packages/airflow/example_dags/example_task_group.py
[2024-01-21T13:48:54.808+0000] {processor.py:830} INFO - Processing file /home/airflow/.local/lib/python3.8/site-packages/airflow/example_dags/example_task_group.py for tasks to queue
[2024-01-21T13:48:54.827+0000] {logging_mixin.py:188} INFO - [2024-01-21T13:48:54.826+0000] {dagbag.py:538} INFO - Filling up the DagBag from /home/airflow/.local/lib/python3.8/site-packages/airflow/example_dags/example_task_group.py
[2024-01-21T13:48:55.118+0000] {processor.py:840} INFO - DAG(s) 'example_task_group' retrieved from /home/airflow/.local/lib/python3.8/site-packages/airflow/example_dags/example_task_group.py
[2024-01-21T13:48:55.227+0000] {logging_mixin.py:188} INFO - [2024-01-21T13:48:55.224+0000] {dag.py:3036} INFO - Sync 1 DAGs
[2024-01-21T13:48:55.328+0000] {logging_mixin.py:188} INFO - [2024-01-21T13:48:55.327+0000] {dag.py:3823} INFO - Setting next_dagrun for example_task_group to 2024-01-20 00:00:00+00:00, run_after=2024-01-21 00:00:00+00:00
[2024-01-21T13:48:55.376+0000] {processor.py:183} INFO - Processing /home/airflow/.local/lib/python3.8/site-packages/airflow/example_dags/example_task_group.py took 0.593 seconds
[2024-01-21T13:49:25.791+0000] {processor.py:161} INFO - Started process (PID=1136) to work on /home/airflow/.local/lib/python3.8/site-packages/airflow/example_dags/example_task_group.py
[2024-01-21T13:49:25.793+0000] {processor.py:830} INFO - Processing file /home/airflow/.local/lib/python3.8/site-packages/airflow/example_dags/example_task_group.py for tasks to queue
[2024-01-21T13:49:25.797+0000] {logging_mixin.py:188} INFO - [2024-01-21T13:49:25.797+0000] {dagbag.py:538} INFO - Filling up the DagBag from /home/airflow/.local/lib/python3.8/site-packages/airflow/example_dags/example_task_group.py
[2024-01-21T13:49:25.811+0000] {processor.py:840} INFO - DAG(s) 'example_task_group' retrieved from /home/airflow/.local/lib/python3.8/site-packages/airflow/example_dags/example_task_group.py
[2024-01-21T13:49:25.850+0000] {logging_mixin.py:188} INFO - [2024-01-21T13:49:25.849+0000] {dag.py:3036} INFO - Sync 1 DAGs
[2024-01-21T13:49:25.886+0000] {logging_mixin.py:188} INFO - [2024-01-21T13:49:25.885+0000] {dag.py:3823} INFO - Setting next_dagrun for example_task_group to 2024-01-20 00:00:00+00:00, run_after=2024-01-21 00:00:00+00:00
[2024-01-21T13:49:25.921+0000] {processor.py:183} INFO - Processing /home/airflow/.local/lib/python3.8/site-packages/airflow/example_dags/example_task_group.py took 0.137 seconds
[2024-01-21T13:49:56.761+0000] {processor.py:161} INFO - Started process (PID=1193) to work on /home/airflow/.local/lib/python3.8/site-packages/airflow/example_dags/example_task_group.py
[2024-01-21T13:49:56.769+0000] {processor.py:830} INFO - Processing file /home/airflow/.local/lib/python3.8/site-packages/airflow/example_dags/example_task_group.py for tasks to queue
[2024-01-21T13:49:56.782+0000] {logging_mixin.py:188} INFO - [2024-01-21T13:49:56.780+0000] {dagbag.py:538} INFO - Filling up the DagBag from /home/airflow/.local/lib/python3.8/site-packages/airflow/example_dags/example_task_group.py
[2024-01-21T13:49:56.827+0000] {processor.py:840} INFO - DAG(s) 'example_task_group' retrieved from /home/airflow/.local/lib/python3.8/site-packages/airflow/example_dags/example_task_group.py
[2024-01-21T13:49:56.936+0000] {logging_mixin.py:188} INFO - [2024-01-21T13:49:56.936+0000] {dag.py:3036} INFO - Sync 1 DAGs
[2024-01-21T13:49:57.021+0000] {logging_mixin.py:188} INFO - [2024-01-21T13:49:57.021+0000] {dag.py:3823} INFO - Setting next_dagrun for example_task_group to 2024-01-20 00:00:00+00:00, run_after=2024-01-21 00:00:00+00:00
[2024-01-21T13:49:57.094+0000] {processor.py:183} INFO - Processing /home/airflow/.local/lib/python3.8/site-packages/airflow/example_dags/example_task_group.py took 0.345 seconds
[2024-01-21T13:50:27.641+0000] {processor.py:161} INFO - Started process (PID=1249) to work on /home/airflow/.local/lib/python3.8/site-packages/airflow/example_dags/example_task_group.py
[2024-01-21T13:50:27.645+0000] {processor.py:830} INFO - Processing file /home/airflow/.local/lib/python3.8/site-packages/airflow/example_dags/example_task_group.py for tasks to queue
[2024-01-21T13:50:27.650+0000] {logging_mixin.py:188} INFO - [2024-01-21T13:50:27.649+0000] {dagbag.py:538} INFO - Filling up the DagBag from /home/airflow/.local/lib/python3.8/site-packages/airflow/example_dags/example_task_group.py
[2024-01-21T13:50:27.678+0000] {processor.py:840} INFO - DAG(s) 'example_task_group' retrieved from /home/airflow/.local/lib/python3.8/site-packages/airflow/example_dags/example_task_group.py
[2024-01-21T13:50:27.748+0000] {logging_mixin.py:188} INFO - [2024-01-21T13:50:27.747+0000] {dag.py:3036} INFO - Sync 1 DAGs
[2024-01-21T13:50:27.809+0000] {logging_mixin.py:188} INFO - [2024-01-21T13:50:27.809+0000] {dag.py:3823} INFO - Setting next_dagrun for example_task_group to 2024-01-20 00:00:00+00:00, run_after=2024-01-21 00:00:00+00:00
[2024-01-21T13:50:27.843+0000] {processor.py:183} INFO - Processing /home/airflow/.local/lib/python3.8/site-packages/airflow/example_dags/example_task_group.py took 0.213 seconds
[2024-01-21T13:50:58.502+0000] {processor.py:161} INFO - Started process (PID=1305) to work on /home/airflow/.local/lib/python3.8/site-packages/airflow/example_dags/example_task_group.py
[2024-01-21T13:50:58.505+0000] {processor.py:830} INFO - Processing file /home/airflow/.local/lib/python3.8/site-packages/airflow/example_dags/example_task_group.py for tasks to queue
[2024-01-21T13:50:58.511+0000] {logging_mixin.py:188} INFO - [2024-01-21T13:50:58.511+0000] {dagbag.py:538} INFO - Filling up the DagBag from /home/airflow/.local/lib/python3.8/site-packages/airflow/example_dags/example_task_group.py
[2024-01-21T13:50:58.531+0000] {processor.py:840} INFO - DAG(s) 'example_task_group' retrieved from /home/airflow/.local/lib/python3.8/site-packages/airflow/example_dags/example_task_group.py
[2024-01-21T13:50:58.601+0000] {logging_mixin.py:188} INFO - [2024-01-21T13:50:58.601+0000] {dag.py:3036} INFO - Sync 1 DAGs
[2024-01-21T13:50:58.658+0000] {logging_mixin.py:188} INFO - [2024-01-21T13:50:58.658+0000] {dag.py:3823} INFO - Setting next_dagrun for example_task_group to 2024-01-20 00:00:00+00:00, run_after=2024-01-21 00:00:00+00:00
[2024-01-21T13:50:58.693+0000] {processor.py:183} INFO - Processing /home/airflow/.local/lib/python3.8/site-packages/airflow/example_dags/example_task_group.py took 0.200 seconds
[2024-01-21T13:51:29.045+0000] {processor.py:161} INFO - Started process (PID=1361) to work on /home/airflow/.local/lib/python3.8/site-packages/airflow/example_dags/example_task_group.py
[2024-01-21T13:51:29.048+0000] {processor.py:830} INFO - Processing file /home/airflow/.local/lib/python3.8/site-packages/airflow/example_dags/example_task_group.py for tasks to queue
[2024-01-21T13:51:29.052+0000] {logging_mixin.py:188} INFO - [2024-01-21T13:51:29.052+0000] {dagbag.py:538} INFO - Filling up the DagBag from /home/airflow/.local/lib/python3.8/site-packages/airflow/example_dags/example_task_group.py
[2024-01-21T13:51:29.068+0000] {processor.py:840} INFO - DAG(s) 'example_task_group' retrieved from /home/airflow/.local/lib/python3.8/site-packages/airflow/example_dags/example_task_group.py
[2024-01-21T13:51:29.113+0000] {logging_mixin.py:188} INFO - [2024-01-21T13:51:29.113+0000] {dag.py:3036} INFO - Sync 1 DAGs
[2024-01-21T13:51:29.158+0000] {logging_mixin.py:188} INFO - [2024-01-21T13:51:29.157+0000] {dag.py:3823} INFO - Setting next_dagrun for example_task_group to 2024-01-20 00:00:00+00:00, run_after=2024-01-21 00:00:00+00:00
[2024-01-21T13:51:29.204+0000] {processor.py:183} INFO - Processing /home/airflow/.local/lib/python3.8/site-packages/airflow/example_dags/example_task_group.py took 0.168 seconds
