[2024-01-21T13:20:46.661+0000] {processor.py:161} INFO - Started process (PID=83) to work on /home/airflow/.local/lib/python3.8/site-packages/airflow/example_dags/example_subdag_operator.py
[2024-01-21T13:20:46.664+0000] {processor.py:830} INFO - Processing file /home/airflow/.local/lib/python3.8/site-packages/airflow/example_dags/example_subdag_operator.py for tasks to queue
[2024-01-21T13:20:46.669+0000] {logging_mixin.py:188} INFO - [2024-01-21T13:20:46.669+0000] {dagbag.py:538} INFO - Filling up the DagBag from /home/airflow/.local/lib/python3.8/site-packages/airflow/example_dags/example_subdag_operator.py
[2024-01-21T13:20:46.806+0000] {processor.py:840} INFO - DAG(s) 'example_subdag_operator.section-1', 'example_subdag_operator.section-2', 'example_subdag_operator' retrieved from /home/airflow/.local/lib/python3.8/site-packages/airflow/example_dags/example_subdag_operator.py
[2024-01-21T13:20:47.132+0000] {logging_mixin.py:188} INFO - [2024-01-21T13:20:47.131+0000] {dag.py:3036} INFO - Sync 3 DAGs
[2024-01-21T13:20:47.218+0000] {logging_mixin.py:188} INFO - [2024-01-21T13:20:47.217+0000] {dag.py:3823} INFO - Setting next_dagrun for example_subdag_operator to 2022-01-01 00:00:00+00:00, run_after=2022-01-01 00:00:00+00:00
[2024-01-21T13:20:47.236+0000] {logging_mixin.py:188} INFO - [2024-01-21T13:20:47.235+0000] {dag.py:3823} INFO - Setting next_dagrun for example_subdag_operator.section-1 to None, run_after=None
[2024-01-21T13:20:47.240+0000] {logging_mixin.py:188} INFO - [2024-01-21T13:20:47.240+0000] {dag.py:3823} INFO - Setting next_dagrun for example_subdag_operator.section-2 to None, run_after=None
[2024-01-21T13:20:47.295+0000] {logging_mixin.py:188} INFO - [2024-01-21T13:20:47.294+0000] {dag.py:3036} INFO - Sync 2 DAGs
[2024-01-21T13:20:47.323+0000] {logging_mixin.py:188} INFO - [2024-01-21T13:20:47.322+0000] {dag.py:3823} INFO - Setting next_dagrun for example_subdag_operator.section-1 to None, run_after=None
[2024-01-21T13:20:47.338+0000] {logging_mixin.py:188} INFO - [2024-01-21T13:20:47.324+0000] {dag.py:3823} INFO - Setting next_dagrun for example_subdag_operator.section-2 to None, run_after=None
[2024-01-21T13:20:47.366+0000] {processor.py:183} INFO - Processing /home/airflow/.local/lib/python3.8/site-packages/airflow/example_dags/example_subdag_operator.py took 0.716 seconds
[2024-01-21T13:21:17.547+0000] {processor.py:161} INFO - Started process (PID=138) to work on /home/airflow/.local/lib/python3.8/site-packages/airflow/example_dags/example_subdag_operator.py
[2024-01-21T13:21:17.551+0000] {processor.py:830} INFO - Processing file /home/airflow/.local/lib/python3.8/site-packages/airflow/example_dags/example_subdag_operator.py for tasks to queue
[2024-01-21T13:21:17.555+0000] {logging_mixin.py:188} INFO - [2024-01-21T13:21:17.555+0000] {dagbag.py:538} INFO - Filling up the DagBag from /home/airflow/.local/lib/python3.8/site-packages/airflow/example_dags/example_subdag_operator.py
[2024-01-21T13:21:17.659+0000] {processor.py:840} INFO - DAG(s) 'example_subdag_operator.section-1', 'example_subdag_operator.section-2', 'example_subdag_operator' retrieved from /home/airflow/.local/lib/python3.8/site-packages/airflow/example_dags/example_subdag_operator.py
[2024-01-21T13:21:17.718+0000] {logging_mixin.py:188} INFO - [2024-01-21T13:21:17.718+0000] {dag.py:3036} INFO - Sync 3 DAGs
[2024-01-21T13:21:17.812+0000] {logging_mixin.py:188} INFO - [2024-01-21T13:21:17.811+0000] {dag.py:3823} INFO - Setting next_dagrun for example_subdag_operator to 2022-01-01 00:00:00+00:00, run_after=2022-01-01 00:00:00+00:00
[2024-01-21T13:21:17.827+0000] {logging_mixin.py:188} INFO - [2024-01-21T13:21:17.826+0000] {dag.py:3823} INFO - Setting next_dagrun for example_subdag_operator.section-1 to None, run_after=None
[2024-01-21T13:21:17.847+0000] {logging_mixin.py:188} INFO - [2024-01-21T13:21:17.846+0000] {dag.py:3823} INFO - Setting next_dagrun for example_subdag_operator.section-2 to None, run_after=None
[2024-01-21T13:21:17.904+0000] {logging_mixin.py:188} INFO - [2024-01-21T13:21:17.903+0000] {dag.py:3036} INFO - Sync 2 DAGs
[2024-01-21T13:21:17.925+0000] {logging_mixin.py:188} INFO - [2024-01-21T13:21:17.925+0000] {dag.py:3823} INFO - Setting next_dagrun for example_subdag_operator.section-1 to None, run_after=None
[2024-01-21T13:21:17.927+0000] {logging_mixin.py:188} INFO - [2024-01-21T13:21:17.927+0000] {dag.py:3823} INFO - Setting next_dagrun for example_subdag_operator.section-2 to None, run_after=None
[2024-01-21T13:21:17.984+0000] {processor.py:183} INFO - Processing /home/airflow/.local/lib/python3.8/site-packages/airflow/example_dags/example_subdag_operator.py took 0.447 seconds
[2024-01-21T13:21:48.899+0000] {processor.py:161} INFO - Started process (PID=193) to work on /home/airflow/.local/lib/python3.8/site-packages/airflow/example_dags/example_subdag_operator.py
[2024-01-21T13:21:48.902+0000] {processor.py:830} INFO - Processing file /home/airflow/.local/lib/python3.8/site-packages/airflow/example_dags/example_subdag_operator.py for tasks to queue
[2024-01-21T13:21:48.908+0000] {logging_mixin.py:188} INFO - [2024-01-21T13:21:48.907+0000] {dagbag.py:538} INFO - Filling up the DagBag from /home/airflow/.local/lib/python3.8/site-packages/airflow/example_dags/example_subdag_operator.py
[2024-01-21T13:21:48.962+0000] {processor.py:840} INFO - DAG(s) 'example_subdag_operator.section-1', 'example_subdag_operator.section-2', 'example_subdag_operator' retrieved from /home/airflow/.local/lib/python3.8/site-packages/airflow/example_dags/example_subdag_operator.py
[2024-01-21T13:21:48.997+0000] {logging_mixin.py:188} INFO - [2024-01-21T13:21:48.996+0000] {dag.py:3036} INFO - Sync 3 DAGs
[2024-01-21T13:21:49.042+0000] {logging_mixin.py:188} INFO - [2024-01-21T13:21:49.041+0000] {dag.py:3823} INFO - Setting next_dagrun for example_subdag_operator to 2022-01-01 00:00:00+00:00, run_after=2022-01-01 00:00:00+00:00
[2024-01-21T13:21:49.050+0000] {logging_mixin.py:188} INFO - [2024-01-21T13:21:49.049+0000] {dag.py:3823} INFO - Setting next_dagrun for example_subdag_operator.section-1 to None, run_after=None
[2024-01-21T13:21:49.054+0000] {logging_mixin.py:188} INFO - [2024-01-21T13:21:49.053+0000] {dag.py:3823} INFO - Setting next_dagrun for example_subdag_operator.section-2 to None, run_after=None
[2024-01-21T13:21:49.071+0000] {logging_mixin.py:188} INFO - [2024-01-21T13:21:49.071+0000] {dag.py:3036} INFO - Sync 2 DAGs
[2024-01-21T13:21:49.087+0000] {logging_mixin.py:188} INFO - [2024-01-21T13:21:49.086+0000] {dag.py:3823} INFO - Setting next_dagrun for example_subdag_operator.section-1 to None, run_after=None
[2024-01-21T13:21:49.096+0000] {logging_mixin.py:188} INFO - [2024-01-21T13:21:49.095+0000] {dag.py:3823} INFO - Setting next_dagrun for example_subdag_operator.section-2 to None, run_after=None
[2024-01-21T13:21:49.118+0000] {processor.py:183} INFO - Processing /home/airflow/.local/lib/python3.8/site-packages/airflow/example_dags/example_subdag_operator.py took 0.230 seconds
[2024-01-21T13:22:19.277+0000] {processor.py:161} INFO - Started process (PID=247) to work on /home/airflow/.local/lib/python3.8/site-packages/airflow/example_dags/example_subdag_operator.py
[2024-01-21T13:22:19.280+0000] {processor.py:830} INFO - Processing file /home/airflow/.local/lib/python3.8/site-packages/airflow/example_dags/example_subdag_operator.py for tasks to queue
[2024-01-21T13:22:19.287+0000] {logging_mixin.py:188} INFO - [2024-01-21T13:22:19.285+0000] {dagbag.py:538} INFO - Filling up the DagBag from /home/airflow/.local/lib/python3.8/site-packages/airflow/example_dags/example_subdag_operator.py
[2024-01-21T13:22:19.347+0000] {processor.py:840} INFO - DAG(s) 'example_subdag_operator.section-1', 'example_subdag_operator.section-2', 'example_subdag_operator' retrieved from /home/airflow/.local/lib/python3.8/site-packages/airflow/example_dags/example_subdag_operator.py
[2024-01-21T13:22:19.385+0000] {logging_mixin.py:188} INFO - [2024-01-21T13:22:19.384+0000] {dag.py:3036} INFO - Sync 3 DAGs
[2024-01-21T13:22:19.462+0000] {logging_mixin.py:188} INFO - [2024-01-21T13:22:19.459+0000] {dag.py:3823} INFO - Setting next_dagrun for example_subdag_operator to 2022-01-01 00:00:00+00:00, run_after=2022-01-01 00:00:00+00:00
[2024-01-21T13:22:19.503+0000] {logging_mixin.py:188} INFO - [2024-01-21T13:22:19.502+0000] {dag.py:3823} INFO - Setting next_dagrun for example_subdag_operator.section-1 to None, run_after=None
[2024-01-21T13:22:19.514+0000] {logging_mixin.py:188} INFO - [2024-01-21T13:22:19.513+0000] {dag.py:3823} INFO - Setting next_dagrun for example_subdag_operator.section-2 to None, run_after=None
[2024-01-21T13:22:19.551+0000] {logging_mixin.py:188} INFO - [2024-01-21T13:22:19.550+0000] {dag.py:3036} INFO - Sync 2 DAGs
[2024-01-21T13:22:19.579+0000] {logging_mixin.py:188} INFO - [2024-01-21T13:22:19.579+0000] {dag.py:3823} INFO - Setting next_dagrun for example_subdag_operator.section-1 to None, run_after=None
[2024-01-21T13:22:19.582+0000] {logging_mixin.py:188} INFO - [2024-01-21T13:22:19.581+0000] {dag.py:3823} INFO - Setting next_dagrun for example_subdag_operator.section-2 to None, run_after=None
[2024-01-21T13:22:19.621+0000] {processor.py:183} INFO - Processing /home/airflow/.local/lib/python3.8/site-packages/airflow/example_dags/example_subdag_operator.py took 0.355 seconds
[2024-01-21T13:39:41.546+0000] {processor.py:161} INFO - Started process (PID=89) to work on /home/airflow/.local/lib/python3.8/site-packages/airflow/example_dags/example_subdag_operator.py
[2024-01-21T13:39:41.549+0000] {processor.py:830} INFO - Processing file /home/airflow/.local/lib/python3.8/site-packages/airflow/example_dags/example_subdag_operator.py for tasks to queue
[2024-01-21T13:39:41.553+0000] {logging_mixin.py:188} INFO - [2024-01-21T13:39:41.552+0000] {dagbag.py:538} INFO - Filling up the DagBag from /home/airflow/.local/lib/python3.8/site-packages/airflow/example_dags/example_subdag_operator.py
[2024-01-21T13:39:41.607+0000] {processor.py:840} INFO - DAG(s) 'example_subdag_operator.section-1', 'example_subdag_operator.section-2', 'example_subdag_operator' retrieved from /home/airflow/.local/lib/python3.8/site-packages/airflow/example_dags/example_subdag_operator.py
[2024-01-21T13:39:41.813+0000] {logging_mixin.py:188} INFO - [2024-01-21T13:39:41.813+0000] {dag.py:3036} INFO - Sync 3 DAGs
[2024-01-21T13:39:41.855+0000] {logging_mixin.py:188} INFO - [2024-01-21T13:39:41.855+0000] {dag.py:3823} INFO - Setting next_dagrun for example_subdag_operator to 2022-01-01 00:00:00+00:00, run_after=2022-01-01 00:00:00+00:00
[2024-01-21T13:39:41.862+0000] {logging_mixin.py:188} INFO - [2024-01-21T13:39:41.862+0000] {dag.py:3823} INFO - Setting next_dagrun for example_subdag_operator.section-1 to None, run_after=None
[2024-01-21T13:39:41.866+0000] {logging_mixin.py:188} INFO - [2024-01-21T13:39:41.865+0000] {dag.py:3823} INFO - Setting next_dagrun for example_subdag_operator.section-2 to None, run_after=None
[2024-01-21T13:39:41.886+0000] {logging_mixin.py:188} INFO - [2024-01-21T13:39:41.886+0000] {dag.py:3036} INFO - Sync 2 DAGs
[2024-01-21T13:39:41.897+0000] {logging_mixin.py:188} INFO - [2024-01-21T13:39:41.896+0000] {dag.py:3823} INFO - Setting next_dagrun for example_subdag_operator.section-1 to None, run_after=None
[2024-01-21T13:39:41.898+0000] {logging_mixin.py:188} INFO - [2024-01-21T13:39:41.898+0000] {dag.py:3823} INFO - Setting next_dagrun for example_subdag_operator.section-2 to None, run_after=None
[2024-01-21T13:39:41.922+0000] {processor.py:183} INFO - Processing /home/airflow/.local/lib/python3.8/site-packages/airflow/example_dags/example_subdag_operator.py took 0.382 seconds
[2024-01-21T13:40:25.273+0000] {processor.py:161} INFO - Started process (PID=159) to work on /home/airflow/.local/lib/python3.8/site-packages/airflow/example_dags/example_subdag_operator.py
[2024-01-21T13:40:25.276+0000] {processor.py:830} INFO - Processing file /home/airflow/.local/lib/python3.8/site-packages/airflow/example_dags/example_subdag_operator.py for tasks to queue
[2024-01-21T13:40:25.289+0000] {logging_mixin.py:188} INFO - [2024-01-21T13:40:25.288+0000] {dagbag.py:538} INFO - Filling up the DagBag from /home/airflow/.local/lib/python3.8/site-packages/airflow/example_dags/example_subdag_operator.py
[2024-01-21T13:40:25.431+0000] {processor.py:840} INFO - DAG(s) 'example_subdag_operator.section-1', 'example_subdag_operator.section-2', 'example_subdag_operator' retrieved from /home/airflow/.local/lib/python3.8/site-packages/airflow/example_dags/example_subdag_operator.py
[2024-01-21T13:40:25.527+0000] {logging_mixin.py:188} INFO - [2024-01-21T13:40:25.527+0000] {dag.py:3036} INFO - Sync 3 DAGs
[2024-01-21T13:40:25.588+0000] {logging_mixin.py:188} INFO - [2024-01-21T13:40:25.588+0000] {dag.py:3823} INFO - Setting next_dagrun for example_subdag_operator to 2022-01-01 00:00:00+00:00, run_after=2022-01-01 00:00:00+00:00
[2024-01-21T13:40:25.605+0000] {logging_mixin.py:188} INFO - [2024-01-21T13:40:25.604+0000] {dag.py:3823} INFO - Setting next_dagrun for example_subdag_operator.section-1 to None, run_after=None
[2024-01-21T13:40:25.612+0000] {logging_mixin.py:188} INFO - [2024-01-21T13:40:25.611+0000] {dag.py:3823} INFO - Setting next_dagrun for example_subdag_operator.section-2 to None, run_after=None
[2024-01-21T13:40:25.635+0000] {logging_mixin.py:188} INFO - [2024-01-21T13:40:25.635+0000] {dag.py:3036} INFO - Sync 2 DAGs
[2024-01-21T13:40:25.657+0000] {logging_mixin.py:188} INFO - [2024-01-21T13:40:25.657+0000] {dag.py:3823} INFO - Setting next_dagrun for example_subdag_operator.section-1 to None, run_after=None
[2024-01-21T13:40:25.660+0000] {logging_mixin.py:188} INFO - [2024-01-21T13:40:25.660+0000] {dag.py:3823} INFO - Setting next_dagrun for example_subdag_operator.section-2 to None, run_after=None
[2024-01-21T13:40:25.703+0000] {processor.py:183} INFO - Processing /home/airflow/.local/lib/python3.8/site-packages/airflow/example_dags/example_subdag_operator.py took 0.455 seconds
[2024-01-21T13:40:56.714+0000] {processor.py:161} INFO - Started process (PID=216) to work on /home/airflow/.local/lib/python3.8/site-packages/airflow/example_dags/example_subdag_operator.py
[2024-01-21T13:40:56.718+0000] {processor.py:830} INFO - Processing file /home/airflow/.local/lib/python3.8/site-packages/airflow/example_dags/example_subdag_operator.py for tasks to queue
[2024-01-21T13:40:56.724+0000] {logging_mixin.py:188} INFO - [2024-01-21T13:40:56.723+0000] {dagbag.py:538} INFO - Filling up the DagBag from /home/airflow/.local/lib/python3.8/site-packages/airflow/example_dags/example_subdag_operator.py
[2024-01-21T13:40:56.782+0000] {processor.py:840} INFO - DAG(s) 'example_subdag_operator.section-1', 'example_subdag_operator.section-2', 'example_subdag_operator' retrieved from /home/airflow/.local/lib/python3.8/site-packages/airflow/example_dags/example_subdag_operator.py
[2024-01-21T13:40:56.820+0000] {logging_mixin.py:188} INFO - [2024-01-21T13:40:56.820+0000] {dag.py:3036} INFO - Sync 3 DAGs
[2024-01-21T13:40:56.861+0000] {logging_mixin.py:188} INFO - [2024-01-21T13:40:56.861+0000] {dag.py:3823} INFO - Setting next_dagrun for example_subdag_operator to 2022-01-01 00:00:00+00:00, run_after=2022-01-01 00:00:00+00:00
[2024-01-21T13:40:56.870+0000] {logging_mixin.py:188} INFO - [2024-01-21T13:40:56.870+0000] {dag.py:3823} INFO - Setting next_dagrun for example_subdag_operator.section-1 to None, run_after=None
[2024-01-21T13:40:56.874+0000] {logging_mixin.py:188} INFO - [2024-01-21T13:40:56.873+0000] {dag.py:3823} INFO - Setting next_dagrun for example_subdag_operator.section-2 to None, run_after=None
[2024-01-21T13:40:56.905+0000] {logging_mixin.py:188} INFO - [2024-01-21T13:40:56.904+0000] {dag.py:3036} INFO - Sync 2 DAGs
[2024-01-21T13:40:56.947+0000] {logging_mixin.py:188} INFO - [2024-01-21T13:40:56.946+0000] {dag.py:3823} INFO - Setting next_dagrun for example_subdag_operator.section-1 to None, run_after=None
[2024-01-21T13:40:56.952+0000] {logging_mixin.py:188} INFO - [2024-01-21T13:40:56.952+0000] {dag.py:3823} INFO - Setting next_dagrun for example_subdag_operator.section-2 to None, run_after=None
[2024-01-21T13:40:57.004+0000] {processor.py:183} INFO - Processing /home/airflow/.local/lib/python3.8/site-packages/airflow/example_dags/example_subdag_operator.py took 0.298 seconds
[2024-01-21T13:41:27.156+0000] {processor.py:161} INFO - Started process (PID=272) to work on /home/airflow/.local/lib/python3.8/site-packages/airflow/example_dags/example_subdag_operator.py
[2024-01-21T13:41:27.159+0000] {processor.py:830} INFO - Processing file /home/airflow/.local/lib/python3.8/site-packages/airflow/example_dags/example_subdag_operator.py for tasks to queue
[2024-01-21T13:41:27.167+0000] {logging_mixin.py:188} INFO - [2024-01-21T13:41:27.167+0000] {dagbag.py:538} INFO - Filling up the DagBag from /home/airflow/.local/lib/python3.8/site-packages/airflow/example_dags/example_subdag_operator.py
[2024-01-21T13:41:27.260+0000] {processor.py:840} INFO - DAG(s) 'example_subdag_operator.section-1', 'example_subdag_operator.section-2', 'example_subdag_operator' retrieved from /home/airflow/.local/lib/python3.8/site-packages/airflow/example_dags/example_subdag_operator.py
[2024-01-21T13:41:27.328+0000] {logging_mixin.py:188} INFO - [2024-01-21T13:41:27.328+0000] {dag.py:3036} INFO - Sync 3 DAGs
[2024-01-21T13:41:27.393+0000] {logging_mixin.py:188} INFO - [2024-01-21T13:41:27.392+0000] {dag.py:3823} INFO - Setting next_dagrun for example_subdag_operator to 2022-01-01 00:00:00+00:00, run_after=2022-01-01 00:00:00+00:00
[2024-01-21T13:41:27.403+0000] {logging_mixin.py:188} INFO - [2024-01-21T13:41:27.402+0000] {dag.py:3823} INFO - Setting next_dagrun for example_subdag_operator.section-1 to None, run_after=None
[2024-01-21T13:41:27.406+0000] {logging_mixin.py:188} INFO - [2024-01-21T13:41:27.405+0000] {dag.py:3823} INFO - Setting next_dagrun for example_subdag_operator.section-2 to None, run_after=None
[2024-01-21T13:41:27.424+0000] {logging_mixin.py:188} INFO - [2024-01-21T13:41:27.423+0000] {dag.py:3036} INFO - Sync 2 DAGs
[2024-01-21T13:41:27.448+0000] {logging_mixin.py:188} INFO - [2024-01-21T13:41:27.447+0000] {dag.py:3823} INFO - Setting next_dagrun for example_subdag_operator.section-1 to None, run_after=None
[2024-01-21T13:41:27.454+0000] {logging_mixin.py:188} INFO - [2024-01-21T13:41:27.454+0000] {dag.py:3823} INFO - Setting next_dagrun for example_subdag_operator.section-2 to None, run_after=None
[2024-01-21T13:41:27.501+0000] {processor.py:183} INFO - Processing /home/airflow/.local/lib/python3.8/site-packages/airflow/example_dags/example_subdag_operator.py took 0.358 seconds
[2024-01-21T13:41:57.791+0000] {processor.py:161} INFO - Started process (PID=327) to work on /home/airflow/.local/lib/python3.8/site-packages/airflow/example_dags/example_subdag_operator.py
[2024-01-21T13:41:57.798+0000] {processor.py:830} INFO - Processing file /home/airflow/.local/lib/python3.8/site-packages/airflow/example_dags/example_subdag_operator.py for tasks to queue
[2024-01-21T13:41:57.812+0000] {logging_mixin.py:188} INFO - [2024-01-21T13:41:57.811+0000] {dagbag.py:538} INFO - Filling up the DagBag from /home/airflow/.local/lib/python3.8/site-packages/airflow/example_dags/example_subdag_operator.py
[2024-01-21T13:41:57.964+0000] {processor.py:840} INFO - DAG(s) 'example_subdag_operator.section-1', 'example_subdag_operator.section-2', 'example_subdag_operator' retrieved from /home/airflow/.local/lib/python3.8/site-packages/airflow/example_dags/example_subdag_operator.py
[2024-01-21T13:41:58.095+0000] {logging_mixin.py:188} INFO - [2024-01-21T13:41:58.094+0000] {dag.py:3036} INFO - Sync 3 DAGs
[2024-01-21T13:41:58.226+0000] {logging_mixin.py:188} INFO - [2024-01-21T13:41:58.225+0000] {dag.py:3823} INFO - Setting next_dagrun for example_subdag_operator to 2022-01-01 00:00:00+00:00, run_after=2022-01-01 00:00:00+00:00
[2024-01-21T13:41:58.245+0000] {logging_mixin.py:188} INFO - [2024-01-21T13:41:58.245+0000] {dag.py:3823} INFO - Setting next_dagrun for example_subdag_operator.section-1 to None, run_after=None
[2024-01-21T13:41:58.250+0000] {logging_mixin.py:188} INFO - [2024-01-21T13:41:58.249+0000] {dag.py:3823} INFO - Setting next_dagrun for example_subdag_operator.section-2 to None, run_after=None
[2024-01-21T13:41:58.302+0000] {logging_mixin.py:188} INFO - [2024-01-21T13:41:58.302+0000] {dag.py:3036} INFO - Sync 2 DAGs
[2024-01-21T13:41:58.338+0000] {logging_mixin.py:188} INFO - [2024-01-21T13:41:58.335+0000] {dag.py:3823} INFO - Setting next_dagrun for example_subdag_operator.section-1 to None, run_after=None
[2024-01-21T13:41:58.340+0000] {logging_mixin.py:188} INFO - [2024-01-21T13:41:58.339+0000] {dag.py:3823} INFO - Setting next_dagrun for example_subdag_operator.section-2 to None, run_after=None
[2024-01-21T13:41:58.390+0000] {processor.py:183} INFO - Processing /home/airflow/.local/lib/python3.8/site-packages/airflow/example_dags/example_subdag_operator.py took 0.626 seconds
[2024-01-21T13:42:28.998+0000] {processor.py:161} INFO - Started process (PID=382) to work on /home/airflow/.local/lib/python3.8/site-packages/airflow/example_dags/example_subdag_operator.py
[2024-01-21T13:42:29.002+0000] {processor.py:830} INFO - Processing file /home/airflow/.local/lib/python3.8/site-packages/airflow/example_dags/example_subdag_operator.py for tasks to queue
[2024-01-21T13:42:29.010+0000] {logging_mixin.py:188} INFO - [2024-01-21T13:42:29.009+0000] {dagbag.py:538} INFO - Filling up the DagBag from /home/airflow/.local/lib/python3.8/site-packages/airflow/example_dags/example_subdag_operator.py
[2024-01-21T13:42:29.061+0000] {processor.py:840} INFO - DAG(s) 'example_subdag_operator.section-1', 'example_subdag_operator.section-2', 'example_subdag_operator' retrieved from /home/airflow/.local/lib/python3.8/site-packages/airflow/example_dags/example_subdag_operator.py
[2024-01-21T13:42:29.094+0000] {logging_mixin.py:188} INFO - [2024-01-21T13:42:29.093+0000] {dag.py:3036} INFO - Sync 3 DAGs
[2024-01-21T13:42:29.137+0000] {logging_mixin.py:188} INFO - [2024-01-21T13:42:29.136+0000] {dag.py:3823} INFO - Setting next_dagrun for example_subdag_operator to 2022-01-01 00:00:00+00:00, run_after=2022-01-01 00:00:00+00:00
[2024-01-21T13:42:29.145+0000] {logging_mixin.py:188} INFO - [2024-01-21T13:42:29.144+0000] {dag.py:3823} INFO - Setting next_dagrun for example_subdag_operator.section-1 to None, run_after=None
[2024-01-21T13:42:29.149+0000] {logging_mixin.py:188} INFO - [2024-01-21T13:42:29.148+0000] {dag.py:3823} INFO - Setting next_dagrun for example_subdag_operator.section-2 to None, run_after=None
[2024-01-21T13:42:29.180+0000] {logging_mixin.py:188} INFO - [2024-01-21T13:42:29.179+0000] {dag.py:3036} INFO - Sync 2 DAGs
[2024-01-21T13:42:29.211+0000] {logging_mixin.py:188} INFO - [2024-01-21T13:42:29.209+0000] {dag.py:3823} INFO - Setting next_dagrun for example_subdag_operator.section-1 to None, run_after=None
[2024-01-21T13:42:29.215+0000] {logging_mixin.py:188} INFO - [2024-01-21T13:42:29.214+0000] {dag.py:3823} INFO - Setting next_dagrun for example_subdag_operator.section-2 to None, run_after=None
[2024-01-21T13:42:29.294+0000] {processor.py:183} INFO - Processing /home/airflow/.local/lib/python3.8/site-packages/airflow/example_dags/example_subdag_operator.py took 0.305 seconds
[2024-01-21T13:43:00.212+0000] {processor.py:161} INFO - Started process (PID=437) to work on /home/airflow/.local/lib/python3.8/site-packages/airflow/example_dags/example_subdag_operator.py
[2024-01-21T13:43:00.215+0000] {processor.py:830} INFO - Processing file /home/airflow/.local/lib/python3.8/site-packages/airflow/example_dags/example_subdag_operator.py for tasks to queue
[2024-01-21T13:43:00.219+0000] {logging_mixin.py:188} INFO - [2024-01-21T13:43:00.218+0000] {dagbag.py:538} INFO - Filling up the DagBag from /home/airflow/.local/lib/python3.8/site-packages/airflow/example_dags/example_subdag_operator.py
[2024-01-21T13:43:00.272+0000] {processor.py:840} INFO - DAG(s) 'example_subdag_operator.section-1', 'example_subdag_operator.section-2', 'example_subdag_operator' retrieved from /home/airflow/.local/lib/python3.8/site-packages/airflow/example_dags/example_subdag_operator.py
[2024-01-21T13:43:00.315+0000] {logging_mixin.py:188} INFO - [2024-01-21T13:43:00.314+0000] {dag.py:3036} INFO - Sync 3 DAGs
[2024-01-21T13:43:00.358+0000] {logging_mixin.py:188} INFO - [2024-01-21T13:43:00.358+0000] {dag.py:3823} INFO - Setting next_dagrun for example_subdag_operator to 2022-01-01 00:00:00+00:00, run_after=2022-01-01 00:00:00+00:00
[2024-01-21T13:43:00.366+0000] {logging_mixin.py:188} INFO - [2024-01-21T13:43:00.365+0000] {dag.py:3823} INFO - Setting next_dagrun for example_subdag_operator.section-1 to None, run_after=None
[2024-01-21T13:43:00.369+0000] {logging_mixin.py:188} INFO - [2024-01-21T13:43:00.369+0000] {dag.py:3823} INFO - Setting next_dagrun for example_subdag_operator.section-2 to None, run_after=None
[2024-01-21T13:43:00.386+0000] {logging_mixin.py:188} INFO - [2024-01-21T13:43:00.386+0000] {dag.py:3036} INFO - Sync 2 DAGs
[2024-01-21T13:43:00.399+0000] {logging_mixin.py:188} INFO - [2024-01-21T13:43:00.399+0000] {dag.py:3823} INFO - Setting next_dagrun for example_subdag_operator.section-1 to None, run_after=None
[2024-01-21T13:43:00.402+0000] {logging_mixin.py:188} INFO - [2024-01-21T13:43:00.402+0000] {dag.py:3823} INFO - Setting next_dagrun for example_subdag_operator.section-2 to None, run_after=None
[2024-01-21T13:43:00.437+0000] {processor.py:183} INFO - Processing /home/airflow/.local/lib/python3.8/site-packages/airflow/example_dags/example_subdag_operator.py took 0.230 seconds
[2024-01-21T13:43:31.053+0000] {processor.py:161} INFO - Started process (PID=492) to work on /home/airflow/.local/lib/python3.8/site-packages/airflow/example_dags/example_subdag_operator.py
[2024-01-21T13:43:31.056+0000] {processor.py:830} INFO - Processing file /home/airflow/.local/lib/python3.8/site-packages/airflow/example_dags/example_subdag_operator.py for tasks to queue
[2024-01-21T13:43:31.060+0000] {logging_mixin.py:188} INFO - [2024-01-21T13:43:31.059+0000] {dagbag.py:538} INFO - Filling up the DagBag from /home/airflow/.local/lib/python3.8/site-packages/airflow/example_dags/example_subdag_operator.py
[2024-01-21T13:43:31.113+0000] {processor.py:840} INFO - DAG(s) 'example_subdag_operator.section-1', 'example_subdag_operator.section-2', 'example_subdag_operator' retrieved from /home/airflow/.local/lib/python3.8/site-packages/airflow/example_dags/example_subdag_operator.py
[2024-01-21T13:43:31.156+0000] {logging_mixin.py:188} INFO - [2024-01-21T13:43:31.156+0000] {dag.py:3036} INFO - Sync 3 DAGs
[2024-01-21T13:43:31.208+0000] {logging_mixin.py:188} INFO - [2024-01-21T13:43:31.208+0000] {dag.py:3823} INFO - Setting next_dagrun for example_subdag_operator to 2022-01-01 00:00:00+00:00, run_after=2022-01-01 00:00:00+00:00
[2024-01-21T13:43:31.217+0000] {logging_mixin.py:188} INFO - [2024-01-21T13:43:31.217+0000] {dag.py:3823} INFO - Setting next_dagrun for example_subdag_operator.section-1 to None, run_after=None
[2024-01-21T13:43:31.221+0000] {logging_mixin.py:188} INFO - [2024-01-21T13:43:31.220+0000] {dag.py:3823} INFO - Setting next_dagrun for example_subdag_operator.section-2 to None, run_after=None
[2024-01-21T13:43:31.239+0000] {logging_mixin.py:188} INFO - [2024-01-21T13:43:31.238+0000] {dag.py:3036} INFO - Sync 2 DAGs
[2024-01-21T13:43:31.253+0000] {logging_mixin.py:188} INFO - [2024-01-21T13:43:31.252+0000] {dag.py:3823} INFO - Setting next_dagrun for example_subdag_operator.section-1 to None, run_after=None
[2024-01-21T13:43:31.254+0000] {logging_mixin.py:188} INFO - [2024-01-21T13:43:31.254+0000] {dag.py:3823} INFO - Setting next_dagrun for example_subdag_operator.section-2 to None, run_after=None
[2024-01-21T13:43:31.288+0000] {processor.py:183} INFO - Processing /home/airflow/.local/lib/python3.8/site-packages/airflow/example_dags/example_subdag_operator.py took 0.242 seconds
[2024-01-21T13:44:01.811+0000] {processor.py:161} INFO - Started process (PID=548) to work on /home/airflow/.local/lib/python3.8/site-packages/airflow/example_dags/example_subdag_operator.py
[2024-01-21T13:44:01.813+0000] {processor.py:830} INFO - Processing file /home/airflow/.local/lib/python3.8/site-packages/airflow/example_dags/example_subdag_operator.py for tasks to queue
[2024-01-21T13:44:01.818+0000] {logging_mixin.py:188} INFO - [2024-01-21T13:44:01.817+0000] {dagbag.py:538} INFO - Filling up the DagBag from /home/airflow/.local/lib/python3.8/site-packages/airflow/example_dags/example_subdag_operator.py
[2024-01-21T13:44:01.871+0000] {processor.py:840} INFO - DAG(s) 'example_subdag_operator.section-1', 'example_subdag_operator.section-2', 'example_subdag_operator' retrieved from /home/airflow/.local/lib/python3.8/site-packages/airflow/example_dags/example_subdag_operator.py
[2024-01-21T13:44:01.914+0000] {logging_mixin.py:188} INFO - [2024-01-21T13:44:01.914+0000] {dag.py:3036} INFO - Sync 3 DAGs
[2024-01-21T13:44:01.964+0000] {logging_mixin.py:188} INFO - [2024-01-21T13:44:01.964+0000] {dag.py:3823} INFO - Setting next_dagrun for example_subdag_operator to 2022-01-01 00:00:00+00:00, run_after=2022-01-01 00:00:00+00:00
[2024-01-21T13:44:01.973+0000] {logging_mixin.py:188} INFO - [2024-01-21T13:44:01.973+0000] {dag.py:3823} INFO - Setting next_dagrun for example_subdag_operator.section-1 to None, run_after=None
[2024-01-21T13:44:01.977+0000] {logging_mixin.py:188} INFO - [2024-01-21T13:44:01.977+0000] {dag.py:3823} INFO - Setting next_dagrun for example_subdag_operator.section-2 to None, run_after=None
[2024-01-21T13:44:01.997+0000] {logging_mixin.py:188} INFO - [2024-01-21T13:44:01.996+0000] {dag.py:3036} INFO - Sync 2 DAGs
[2024-01-21T13:44:02.014+0000] {logging_mixin.py:188} INFO - [2024-01-21T13:44:02.013+0000] {dag.py:3823} INFO - Setting next_dagrun for example_subdag_operator.section-1 to None, run_after=None
[2024-01-21T13:44:02.017+0000] {logging_mixin.py:188} INFO - [2024-01-21T13:44:02.015+0000] {dag.py:3823} INFO - Setting next_dagrun for example_subdag_operator.section-2 to None, run_after=None
[2024-01-21T13:44:02.056+0000] {processor.py:183} INFO - Processing /home/airflow/.local/lib/python3.8/site-packages/airflow/example_dags/example_subdag_operator.py took 0.253 seconds
[2024-01-21T13:44:32.298+0000] {processor.py:161} INFO - Started process (PID=603) to work on /home/airflow/.local/lib/python3.8/site-packages/airflow/example_dags/example_subdag_operator.py
[2024-01-21T13:44:32.301+0000] {processor.py:830} INFO - Processing file /home/airflow/.local/lib/python3.8/site-packages/airflow/example_dags/example_subdag_operator.py for tasks to queue
[2024-01-21T13:44:32.305+0000] {logging_mixin.py:188} INFO - [2024-01-21T13:44:32.305+0000] {dagbag.py:538} INFO - Filling up the DagBag from /home/airflow/.local/lib/python3.8/site-packages/airflow/example_dags/example_subdag_operator.py
[2024-01-21T13:44:32.362+0000] {processor.py:840} INFO - DAG(s) 'example_subdag_operator.section-1', 'example_subdag_operator.section-2', 'example_subdag_operator' retrieved from /home/airflow/.local/lib/python3.8/site-packages/airflow/example_dags/example_subdag_operator.py
[2024-01-21T13:44:32.409+0000] {logging_mixin.py:188} INFO - [2024-01-21T13:44:32.408+0000] {dag.py:3036} INFO - Sync 3 DAGs
[2024-01-21T13:44:32.483+0000] {logging_mixin.py:188} INFO - [2024-01-21T13:44:32.480+0000] {dag.py:3823} INFO - Setting next_dagrun for example_subdag_operator to 2022-01-01 00:00:00+00:00, run_after=2022-01-01 00:00:00+00:00
[2024-01-21T13:44:32.500+0000] {logging_mixin.py:188} INFO - [2024-01-21T13:44:32.500+0000] {dag.py:3823} INFO - Setting next_dagrun for example_subdag_operator.section-1 to None, run_after=None
[2024-01-21T13:44:32.511+0000] {logging_mixin.py:188} INFO - [2024-01-21T13:44:32.510+0000] {dag.py:3823} INFO - Setting next_dagrun for example_subdag_operator.section-2 to None, run_after=None
[2024-01-21T13:44:32.551+0000] {logging_mixin.py:188} INFO - [2024-01-21T13:44:32.550+0000] {dag.py:3036} INFO - Sync 2 DAGs
[2024-01-21T13:44:32.575+0000] {logging_mixin.py:188} INFO - [2024-01-21T13:44:32.574+0000] {dag.py:3823} INFO - Setting next_dagrun for example_subdag_operator.section-1 to None, run_after=None
[2024-01-21T13:44:32.578+0000] {logging_mixin.py:188} INFO - [2024-01-21T13:44:32.577+0000] {dag.py:3823} INFO - Setting next_dagrun for example_subdag_operator.section-2 to None, run_after=None
[2024-01-21T13:44:32.651+0000] {processor.py:183} INFO - Processing /home/airflow/.local/lib/python3.8/site-packages/airflow/example_dags/example_subdag_operator.py took 0.359 seconds
[2024-01-21T13:45:02.920+0000] {processor.py:161} INFO - Started process (PID=659) to work on /home/airflow/.local/lib/python3.8/site-packages/airflow/example_dags/example_subdag_operator.py
[2024-01-21T13:45:02.923+0000] {processor.py:830} INFO - Processing file /home/airflow/.local/lib/python3.8/site-packages/airflow/example_dags/example_subdag_operator.py for tasks to queue
[2024-01-21T13:45:02.928+0000] {logging_mixin.py:188} INFO - [2024-01-21T13:45:02.927+0000] {dagbag.py:538} INFO - Filling up the DagBag from /home/airflow/.local/lib/python3.8/site-packages/airflow/example_dags/example_subdag_operator.py
[2024-01-21T13:45:02.992+0000] {processor.py:840} INFO - DAG(s) 'example_subdag_operator.section-1', 'example_subdag_operator.section-2', 'example_subdag_operator' retrieved from /home/airflow/.local/lib/python3.8/site-packages/airflow/example_dags/example_subdag_operator.py
[2024-01-21T13:45:03.061+0000] {logging_mixin.py:188} INFO - [2024-01-21T13:45:03.060+0000] {dag.py:3036} INFO - Sync 3 DAGs
[2024-01-21T13:45:03.313+0000] {logging_mixin.py:188} INFO - [2024-01-21T13:45:03.313+0000] {dag.py:3823} INFO - Setting next_dagrun for example_subdag_operator to 2022-01-01 00:00:00+00:00, run_after=2022-01-01 00:00:00+00:00
[2024-01-21T13:45:03.320+0000] {logging_mixin.py:188} INFO - [2024-01-21T13:45:03.319+0000] {dag.py:3823} INFO - Setting next_dagrun for example_subdag_operator.section-1 to None, run_after=None
[2024-01-21T13:45:03.323+0000] {logging_mixin.py:188} INFO - [2024-01-21T13:45:03.322+0000] {dag.py:3823} INFO - Setting next_dagrun for example_subdag_operator.section-2 to None, run_after=None
[2024-01-21T13:45:03.339+0000] {logging_mixin.py:188} INFO - [2024-01-21T13:45:03.339+0000] {dag.py:3036} INFO - Sync 2 DAGs
[2024-01-21T13:45:03.352+0000] {logging_mixin.py:188} INFO - [2024-01-21T13:45:03.351+0000] {dag.py:3823} INFO - Setting next_dagrun for example_subdag_operator.section-1 to None, run_after=None
[2024-01-21T13:45:03.353+0000] {logging_mixin.py:188} INFO - [2024-01-21T13:45:03.353+0000] {dag.py:3823} INFO - Setting next_dagrun for example_subdag_operator.section-2 to None, run_after=None
[2024-01-21T13:45:03.390+0000] {processor.py:183} INFO - Processing /home/airflow/.local/lib/python3.8/site-packages/airflow/example_dags/example_subdag_operator.py took 0.479 seconds
[2024-01-21T13:45:33.605+0000] {processor.py:161} INFO - Started process (PID=715) to work on /home/airflow/.local/lib/python3.8/site-packages/airflow/example_dags/example_subdag_operator.py
[2024-01-21T13:45:33.607+0000] {processor.py:830} INFO - Processing file /home/airflow/.local/lib/python3.8/site-packages/airflow/example_dags/example_subdag_operator.py for tasks to queue
[2024-01-21T13:45:33.611+0000] {logging_mixin.py:188} INFO - [2024-01-21T13:45:33.610+0000] {dagbag.py:538} INFO - Filling up the DagBag from /home/airflow/.local/lib/python3.8/site-packages/airflow/example_dags/example_subdag_operator.py
[2024-01-21T13:45:33.665+0000] {processor.py:840} INFO - DAG(s) 'example_subdag_operator.section-1', 'example_subdag_operator.section-2', 'example_subdag_operator' retrieved from /home/airflow/.local/lib/python3.8/site-packages/airflow/example_dags/example_subdag_operator.py
[2024-01-21T13:45:33.702+0000] {logging_mixin.py:188} INFO - [2024-01-21T13:45:33.702+0000] {dag.py:3036} INFO - Sync 3 DAGs
[2024-01-21T13:45:33.742+0000] {logging_mixin.py:188} INFO - [2024-01-21T13:45:33.742+0000] {dag.py:3823} INFO - Setting next_dagrun for example_subdag_operator to 2022-01-01 00:00:00+00:00, run_after=2022-01-01 00:00:00+00:00
[2024-01-21T13:45:33.749+0000] {logging_mixin.py:188} INFO - [2024-01-21T13:45:33.748+0000] {dag.py:3823} INFO - Setting next_dagrun for example_subdag_operator.section-1 to None, run_after=None
[2024-01-21T13:45:33.752+0000] {logging_mixin.py:188} INFO - [2024-01-21T13:45:33.751+0000] {dag.py:3823} INFO - Setting next_dagrun for example_subdag_operator.section-2 to None, run_after=None
[2024-01-21T13:45:33.766+0000] {logging_mixin.py:188} INFO - [2024-01-21T13:45:33.765+0000] {dag.py:3036} INFO - Sync 2 DAGs
[2024-01-21T13:45:33.777+0000] {logging_mixin.py:188} INFO - [2024-01-21T13:45:33.777+0000] {dag.py:3823} INFO - Setting next_dagrun for example_subdag_operator.section-1 to None, run_after=None
[2024-01-21T13:45:33.779+0000] {logging_mixin.py:188} INFO - [2024-01-21T13:45:33.779+0000] {dag.py:3823} INFO - Setting next_dagrun for example_subdag_operator.section-2 to None, run_after=None
[2024-01-21T13:45:33.808+0000] {processor.py:183} INFO - Processing /home/airflow/.local/lib/python3.8/site-packages/airflow/example_dags/example_subdag_operator.py took 0.212 seconds
[2024-01-21T13:46:04.150+0000] {processor.py:161} INFO - Started process (PID=771) to work on /home/airflow/.local/lib/python3.8/site-packages/airflow/example_dags/example_subdag_operator.py
[2024-01-21T13:46:04.153+0000] {processor.py:830} INFO - Processing file /home/airflow/.local/lib/python3.8/site-packages/airflow/example_dags/example_subdag_operator.py for tasks to queue
[2024-01-21T13:46:04.157+0000] {logging_mixin.py:188} INFO - [2024-01-21T13:46:04.156+0000] {dagbag.py:538} INFO - Filling up the DagBag from /home/airflow/.local/lib/python3.8/site-packages/airflow/example_dags/example_subdag_operator.py
[2024-01-21T13:46:04.207+0000] {processor.py:840} INFO - DAG(s) 'example_subdag_operator.section-1', 'example_subdag_operator.section-2', 'example_subdag_operator' retrieved from /home/airflow/.local/lib/python3.8/site-packages/airflow/example_dags/example_subdag_operator.py
[2024-01-21T13:46:04.239+0000] {logging_mixin.py:188} INFO - [2024-01-21T13:46:04.238+0000] {dag.py:3036} INFO - Sync 3 DAGs
[2024-01-21T13:46:04.280+0000] {logging_mixin.py:188} INFO - [2024-01-21T13:46:04.280+0000] {dag.py:3823} INFO - Setting next_dagrun for example_subdag_operator to 2022-01-01 00:00:00+00:00, run_after=2022-01-01 00:00:00+00:00
[2024-01-21T13:46:04.288+0000] {logging_mixin.py:188} INFO - [2024-01-21T13:46:04.288+0000] {dag.py:3823} INFO - Setting next_dagrun for example_subdag_operator.section-1 to None, run_after=None
[2024-01-21T13:46:04.292+0000] {logging_mixin.py:188} INFO - [2024-01-21T13:46:04.291+0000] {dag.py:3823} INFO - Setting next_dagrun for example_subdag_operator.section-2 to None, run_after=None
[2024-01-21T13:46:04.308+0000] {logging_mixin.py:188} INFO - [2024-01-21T13:46:04.308+0000] {dag.py:3036} INFO - Sync 2 DAGs
[2024-01-21T13:46:04.319+0000] {logging_mixin.py:188} INFO - [2024-01-21T13:46:04.319+0000] {dag.py:3823} INFO - Setting next_dagrun for example_subdag_operator.section-1 to None, run_after=None
[2024-01-21T13:46:04.321+0000] {logging_mixin.py:188} INFO - [2024-01-21T13:46:04.321+0000] {dag.py:3823} INFO - Setting next_dagrun for example_subdag_operator.section-2 to None, run_after=None
[2024-01-21T13:46:04.355+0000] {processor.py:183} INFO - Processing /home/airflow/.local/lib/python3.8/site-packages/airflow/example_dags/example_subdag_operator.py took 0.212 seconds
[2024-01-21T13:46:36.515+0000] {processor.py:161} INFO - Started process (PID=827) to work on /home/airflow/.local/lib/python3.8/site-packages/airflow/example_dags/example_subdag_operator.py
[2024-01-21T13:46:36.519+0000] {processor.py:830} INFO - Processing file /home/airflow/.local/lib/python3.8/site-packages/airflow/example_dags/example_subdag_operator.py for tasks to queue
[2024-01-21T13:46:36.526+0000] {logging_mixin.py:188} INFO - [2024-01-21T13:46:36.525+0000] {dagbag.py:538} INFO - Filling up the DagBag from /home/airflow/.local/lib/python3.8/site-packages/airflow/example_dags/example_subdag_operator.py
[2024-01-21T13:46:36.685+0000] {processor.py:840} INFO - DAG(s) 'example_subdag_operator.section-1', 'example_subdag_operator.section-2', 'example_subdag_operator' retrieved from /home/airflow/.local/lib/python3.8/site-packages/airflow/example_dags/example_subdag_operator.py
[2024-01-21T13:46:36.918+0000] {logging_mixin.py:188} INFO - [2024-01-21T13:46:36.917+0000] {dag.py:3036} INFO - Sync 3 DAGs
[2024-01-21T13:46:37.050+0000] {logging_mixin.py:188} INFO - [2024-01-21T13:46:37.049+0000] {dag.py:3823} INFO - Setting next_dagrun for example_subdag_operator to 2022-01-01 00:00:00+00:00, run_after=2022-01-01 00:00:00+00:00
[2024-01-21T13:46:37.070+0000] {logging_mixin.py:188} INFO - [2024-01-21T13:46:37.070+0000] {dag.py:3823} INFO - Setting next_dagrun for example_subdag_operator.section-1 to None, run_after=None
[2024-01-21T13:46:37.077+0000] {logging_mixin.py:188} INFO - [2024-01-21T13:46:37.076+0000] {dag.py:3823} INFO - Setting next_dagrun for example_subdag_operator.section-2 to None, run_after=None
[2024-01-21T13:46:37.112+0000] {logging_mixin.py:188} INFO - [2024-01-21T13:46:37.111+0000] {dag.py:3036} INFO - Sync 2 DAGs
[2024-01-21T13:46:37.135+0000] {logging_mixin.py:188} INFO - [2024-01-21T13:46:37.135+0000] {dag.py:3823} INFO - Setting next_dagrun for example_subdag_operator.section-1 to None, run_after=None
[2024-01-21T13:46:37.138+0000] {logging_mixin.py:188} INFO - [2024-01-21T13:46:37.137+0000] {dag.py:3823} INFO - Setting next_dagrun for example_subdag_operator.section-2 to None, run_after=None
[2024-01-21T13:46:37.194+0000] {processor.py:183} INFO - Processing /home/airflow/.local/lib/python3.8/site-packages/airflow/example_dags/example_subdag_operator.py took 0.689 seconds
[2024-01-21T13:47:07.340+0000] {processor.py:161} INFO - Started process (PID=882) to work on /home/airflow/.local/lib/python3.8/site-packages/airflow/example_dags/example_subdag_operator.py
[2024-01-21T13:47:07.343+0000] {processor.py:830} INFO - Processing file /home/airflow/.local/lib/python3.8/site-packages/airflow/example_dags/example_subdag_operator.py for tasks to queue
[2024-01-21T13:47:07.348+0000] {logging_mixin.py:188} INFO - [2024-01-21T13:47:07.347+0000] {dagbag.py:538} INFO - Filling up the DagBag from /home/airflow/.local/lib/python3.8/site-packages/airflow/example_dags/example_subdag_operator.py
[2024-01-21T13:47:07.401+0000] {processor.py:840} INFO - DAG(s) 'example_subdag_operator.section-1', 'example_subdag_operator.section-2', 'example_subdag_operator' retrieved from /home/airflow/.local/lib/python3.8/site-packages/airflow/example_dags/example_subdag_operator.py
[2024-01-21T13:47:07.457+0000] {logging_mixin.py:188} INFO - [2024-01-21T13:47:07.453+0000] {dag.py:3036} INFO - Sync 3 DAGs
[2024-01-21T13:47:07.532+0000] {logging_mixin.py:188} INFO - [2024-01-21T13:47:07.532+0000] {dag.py:3823} INFO - Setting next_dagrun for example_subdag_operator to 2022-01-01 00:00:00+00:00, run_after=2022-01-01 00:00:00+00:00
[2024-01-21T13:47:07.541+0000] {logging_mixin.py:188} INFO - [2024-01-21T13:47:07.540+0000] {dag.py:3823} INFO - Setting next_dagrun for example_subdag_operator.section-1 to None, run_after=None
[2024-01-21T13:47:07.548+0000] {logging_mixin.py:188} INFO - [2024-01-21T13:47:07.547+0000] {dag.py:3823} INFO - Setting next_dagrun for example_subdag_operator.section-2 to None, run_after=None
[2024-01-21T13:47:07.567+0000] {logging_mixin.py:188} INFO - [2024-01-21T13:47:07.567+0000] {dag.py:3036} INFO - Sync 2 DAGs
[2024-01-21T13:47:07.579+0000] {logging_mixin.py:188} INFO - [2024-01-21T13:47:07.578+0000] {dag.py:3823} INFO - Setting next_dagrun for example_subdag_operator.section-1 to None, run_after=None
[2024-01-21T13:47:07.580+0000] {logging_mixin.py:188} INFO - [2024-01-21T13:47:07.580+0000] {dag.py:3823} INFO - Setting next_dagrun for example_subdag_operator.section-2 to None, run_after=None
[2024-01-21T13:47:07.608+0000] {processor.py:183} INFO - Processing /home/airflow/.local/lib/python3.8/site-packages/airflow/example_dags/example_subdag_operator.py took 0.274 seconds
[2024-01-21T13:47:38.604+0000] {processor.py:161} INFO - Started process (PID=938) to work on /home/airflow/.local/lib/python3.8/site-packages/airflow/example_dags/example_subdag_operator.py
[2024-01-21T13:47:38.608+0000] {processor.py:830} INFO - Processing file /home/airflow/.local/lib/python3.8/site-packages/airflow/example_dags/example_subdag_operator.py for tasks to queue
[2024-01-21T13:47:38.613+0000] {logging_mixin.py:188} INFO - [2024-01-21T13:47:38.613+0000] {dagbag.py:538} INFO - Filling up the DagBag from /home/airflow/.local/lib/python3.8/site-packages/airflow/example_dags/example_subdag_operator.py
[2024-01-21T13:47:38.692+0000] {processor.py:840} INFO - DAG(s) 'example_subdag_operator.section-1', 'example_subdag_operator.section-2', 'example_subdag_operator' retrieved from /home/airflow/.local/lib/python3.8/site-packages/airflow/example_dags/example_subdag_operator.py
[2024-01-21T13:47:38.736+0000] {logging_mixin.py:188} INFO - [2024-01-21T13:47:38.735+0000] {dag.py:3036} INFO - Sync 3 DAGs
[2024-01-21T13:47:38.833+0000] {logging_mixin.py:188} INFO - [2024-01-21T13:47:38.832+0000] {dag.py:3823} INFO - Setting next_dagrun for example_subdag_operator to 2022-01-01 00:00:00+00:00, run_after=2022-01-01 00:00:00+00:00
[2024-01-21T13:47:38.844+0000] {logging_mixin.py:188} INFO - [2024-01-21T13:47:38.844+0000] {dag.py:3823} INFO - Setting next_dagrun for example_subdag_operator.section-1 to None, run_after=None
[2024-01-21T13:47:38.850+0000] {logging_mixin.py:188} INFO - [2024-01-21T13:47:38.849+0000] {dag.py:3823} INFO - Setting next_dagrun for example_subdag_operator.section-2 to None, run_after=None
[2024-01-21T13:47:38.877+0000] {logging_mixin.py:188} INFO - [2024-01-21T13:47:38.876+0000] {dag.py:3036} INFO - Sync 2 DAGs
[2024-01-21T13:47:38.900+0000] {logging_mixin.py:188} INFO - [2024-01-21T13:47:38.896+0000] {dag.py:3823} INFO - Setting next_dagrun for example_subdag_operator.section-1 to None, run_after=None
[2024-01-21T13:47:38.905+0000] {logging_mixin.py:188} INFO - [2024-01-21T13:47:38.904+0000] {dag.py:3823} INFO - Setting next_dagrun for example_subdag_operator.section-2 to None, run_after=None
[2024-01-21T13:47:38.949+0000] {processor.py:183} INFO - Processing /home/airflow/.local/lib/python3.8/site-packages/airflow/example_dags/example_subdag_operator.py took 0.357 seconds
[2024-01-21T13:48:11.014+0000] {processor.py:161} INFO - Started process (PID=996) to work on /home/airflow/.local/lib/python3.8/site-packages/airflow/example_dags/example_subdag_operator.py
[2024-01-21T13:48:11.021+0000] {processor.py:830} INFO - Processing file /home/airflow/.local/lib/python3.8/site-packages/airflow/example_dags/example_subdag_operator.py for tasks to queue
[2024-01-21T13:48:11.026+0000] {logging_mixin.py:188} INFO - [2024-01-21T13:48:11.026+0000] {dagbag.py:538} INFO - Filling up the DagBag from /home/airflow/.local/lib/python3.8/site-packages/airflow/example_dags/example_subdag_operator.py
[2024-01-21T13:48:11.206+0000] {processor.py:840} INFO - DAG(s) 'example_subdag_operator.section-1', 'example_subdag_operator.section-2', 'example_subdag_operator' retrieved from /home/airflow/.local/lib/python3.8/site-packages/airflow/example_dags/example_subdag_operator.py
[2024-01-21T13:48:11.397+0000] {logging_mixin.py:188} INFO - [2024-01-21T13:48:11.397+0000] {dag.py:3036} INFO - Sync 3 DAGs
[2024-01-21T13:48:11.657+0000] {logging_mixin.py:188} INFO - [2024-01-21T13:48:11.656+0000] {dag.py:3823} INFO - Setting next_dagrun for example_subdag_operator to 2022-01-01 00:00:00+00:00, run_after=2022-01-01 00:00:00+00:00
[2024-01-21T13:48:11.681+0000] {logging_mixin.py:188} INFO - [2024-01-21T13:48:11.680+0000] {dag.py:3823} INFO - Setting next_dagrun for example_subdag_operator.section-1 to None, run_after=None
[2024-01-21T13:48:11.697+0000] {logging_mixin.py:188} INFO - [2024-01-21T13:48:11.696+0000] {dag.py:3823} INFO - Setting next_dagrun for example_subdag_operator.section-2 to None, run_after=None
[2024-01-21T13:48:11.733+0000] {logging_mixin.py:188} INFO - [2024-01-21T13:48:11.732+0000] {dag.py:3036} INFO - Sync 2 DAGs
[2024-01-21T13:48:11.874+0000] {logging_mixin.py:188} INFO - [2024-01-21T13:48:11.871+0000] {dag.py:3823} INFO - Setting next_dagrun for example_subdag_operator.section-1 to None, run_after=None
[2024-01-21T13:48:11.893+0000] {logging_mixin.py:188} INFO - [2024-01-21T13:48:11.893+0000] {dag.py:3823} INFO - Setting next_dagrun for example_subdag_operator.section-2 to None, run_after=None
[2024-01-21T13:48:12.115+0000] {processor.py:183} INFO - Processing /home/airflow/.local/lib/python3.8/site-packages/airflow/example_dags/example_subdag_operator.py took 1.108 seconds
[2024-01-21T13:48:42.511+0000] {processor.py:161} INFO - Started process (PID=1059) to work on /home/airflow/.local/lib/python3.8/site-packages/airflow/example_dags/example_subdag_operator.py
[2024-01-21T13:48:42.537+0000] {processor.py:830} INFO - Processing file /home/airflow/.local/lib/python3.8/site-packages/airflow/example_dags/example_subdag_operator.py for tasks to queue
[2024-01-21T13:48:42.554+0000] {logging_mixin.py:188} INFO - [2024-01-21T13:48:42.550+0000] {dagbag.py:538} INFO - Filling up the DagBag from /home/airflow/.local/lib/python3.8/site-packages/airflow/example_dags/example_subdag_operator.py
[2024-01-21T13:48:42.814+0000] {processor.py:840} INFO - DAG(s) 'example_subdag_operator.section-1', 'example_subdag_operator.section-2', 'example_subdag_operator' retrieved from /home/airflow/.local/lib/python3.8/site-packages/airflow/example_dags/example_subdag_operator.py
[2024-01-21T13:48:42.903+0000] {logging_mixin.py:188} INFO - [2024-01-21T13:48:42.902+0000] {dag.py:3036} INFO - Sync 3 DAGs
[2024-01-21T13:48:43.153+0000] {logging_mixin.py:188} INFO - [2024-01-21T13:48:43.151+0000] {dag.py:3823} INFO - Setting next_dagrun for example_subdag_operator to 2022-01-01 00:00:00+00:00, run_after=2022-01-01 00:00:00+00:00
[2024-01-21T13:48:43.169+0000] {logging_mixin.py:188} INFO - [2024-01-21T13:48:43.167+0000] {dag.py:3823} INFO - Setting next_dagrun for example_subdag_operator.section-1 to None, run_after=None
[2024-01-21T13:48:43.177+0000] {logging_mixin.py:188} INFO - [2024-01-21T13:48:43.176+0000] {dag.py:3823} INFO - Setting next_dagrun for example_subdag_operator.section-2 to None, run_after=None
[2024-01-21T13:48:43.195+0000] {logging_mixin.py:188} INFO - [2024-01-21T13:48:43.194+0000] {dag.py:3036} INFO - Sync 2 DAGs
[2024-01-21T13:48:43.213+0000] {logging_mixin.py:188} INFO - [2024-01-21T13:48:43.213+0000] {dag.py:3823} INFO - Setting next_dagrun for example_subdag_operator.section-1 to None, run_after=None
[2024-01-21T13:48:43.215+0000] {logging_mixin.py:188} INFO - [2024-01-21T13:48:43.215+0000] {dag.py:3823} INFO - Setting next_dagrun for example_subdag_operator.section-2 to None, run_after=None
[2024-01-21T13:48:43.245+0000] {processor.py:183} INFO - Processing /home/airflow/.local/lib/python3.8/site-packages/airflow/example_dags/example_subdag_operator.py took 0.748 seconds
[2024-01-21T13:49:13.360+0000] {processor.py:161} INFO - Started process (PID=1115) to work on /home/airflow/.local/lib/python3.8/site-packages/airflow/example_dags/example_subdag_operator.py
[2024-01-21T13:49:13.362+0000] {processor.py:830} INFO - Processing file /home/airflow/.local/lib/python3.8/site-packages/airflow/example_dags/example_subdag_operator.py for tasks to queue
[2024-01-21T13:49:13.365+0000] {logging_mixin.py:188} INFO - [2024-01-21T13:49:13.365+0000] {dagbag.py:538} INFO - Filling up the DagBag from /home/airflow/.local/lib/python3.8/site-packages/airflow/example_dags/example_subdag_operator.py
[2024-01-21T13:49:13.412+0000] {processor.py:840} INFO - DAG(s) 'example_subdag_operator.section-1', 'example_subdag_operator.section-2', 'example_subdag_operator' retrieved from /home/airflow/.local/lib/python3.8/site-packages/airflow/example_dags/example_subdag_operator.py
[2024-01-21T13:49:13.449+0000] {logging_mixin.py:188} INFO - [2024-01-21T13:49:13.448+0000] {dag.py:3036} INFO - Sync 3 DAGs
[2024-01-21T13:49:13.489+0000] {logging_mixin.py:188} INFO - [2024-01-21T13:49:13.489+0000] {dag.py:3823} INFO - Setting next_dagrun for example_subdag_operator to 2022-01-01 00:00:00+00:00, run_after=2022-01-01 00:00:00+00:00
[2024-01-21T13:49:13.496+0000] {logging_mixin.py:188} INFO - [2024-01-21T13:49:13.495+0000] {dag.py:3823} INFO - Setting next_dagrun for example_subdag_operator.section-1 to None, run_after=None
[2024-01-21T13:49:13.499+0000] {logging_mixin.py:188} INFO - [2024-01-21T13:49:13.499+0000] {dag.py:3823} INFO - Setting next_dagrun for example_subdag_operator.section-2 to None, run_after=None
[2024-01-21T13:49:13.515+0000] {logging_mixin.py:188} INFO - [2024-01-21T13:49:13.515+0000] {dag.py:3036} INFO - Sync 2 DAGs
[2024-01-21T13:49:13.526+0000] {logging_mixin.py:188} INFO - [2024-01-21T13:49:13.525+0000] {dag.py:3823} INFO - Setting next_dagrun for example_subdag_operator.section-1 to None, run_after=None
[2024-01-21T13:49:13.527+0000] {logging_mixin.py:188} INFO - [2024-01-21T13:49:13.527+0000] {dag.py:3823} INFO - Setting next_dagrun for example_subdag_operator.section-2 to None, run_after=None
[2024-01-21T13:49:13.551+0000] {processor.py:183} INFO - Processing /home/airflow/.local/lib/python3.8/site-packages/airflow/example_dags/example_subdag_operator.py took 0.198 seconds
[2024-01-21T13:49:44.837+0000] {processor.py:161} INFO - Started process (PID=1173) to work on /home/airflow/.local/lib/python3.8/site-packages/airflow/example_dags/example_subdag_operator.py
[2024-01-21T13:49:44.843+0000] {processor.py:830} INFO - Processing file /home/airflow/.local/lib/python3.8/site-packages/airflow/example_dags/example_subdag_operator.py for tasks to queue
[2024-01-21T13:49:44.849+0000] {logging_mixin.py:188} INFO - [2024-01-21T13:49:44.848+0000] {dagbag.py:538} INFO - Filling up the DagBag from /home/airflow/.local/lib/python3.8/site-packages/airflow/example_dags/example_subdag_operator.py
[2024-01-21T13:49:44.967+0000] {processor.py:840} INFO - DAG(s) 'example_subdag_operator.section-1', 'example_subdag_operator.section-2', 'example_subdag_operator' retrieved from /home/airflow/.local/lib/python3.8/site-packages/airflow/example_dags/example_subdag_operator.py
[2024-01-21T13:49:45.122+0000] {logging_mixin.py:188} INFO - [2024-01-21T13:49:45.121+0000] {dag.py:3036} INFO - Sync 3 DAGs
[2024-01-21T13:49:45.330+0000] {logging_mixin.py:188} INFO - [2024-01-21T13:49:45.316+0000] {dag.py:3823} INFO - Setting next_dagrun for example_subdag_operator to 2022-01-01 00:00:00+00:00, run_after=2022-01-01 00:00:00+00:00
[2024-01-21T13:49:45.414+0000] {logging_mixin.py:188} INFO - [2024-01-21T13:49:45.413+0000] {dag.py:3823} INFO - Setting next_dagrun for example_subdag_operator.section-1 to None, run_after=None
[2024-01-21T13:49:45.424+0000] {logging_mixin.py:188} INFO - [2024-01-21T13:49:45.424+0000] {dag.py:3823} INFO - Setting next_dagrun for example_subdag_operator.section-2 to None, run_after=None
[2024-01-21T13:49:45.468+0000] {logging_mixin.py:188} INFO - [2024-01-21T13:49:45.467+0000] {dag.py:3036} INFO - Sync 2 DAGs
[2024-01-21T13:49:45.488+0000] {logging_mixin.py:188} INFO - [2024-01-21T13:49:45.488+0000] {dag.py:3823} INFO - Setting next_dagrun for example_subdag_operator.section-1 to None, run_after=None
[2024-01-21T13:49:45.494+0000] {logging_mixin.py:188} INFO - [2024-01-21T13:49:45.493+0000] {dag.py:3823} INFO - Setting next_dagrun for example_subdag_operator.section-2 to None, run_after=None
[2024-01-21T13:49:45.544+0000] {processor.py:183} INFO - Processing /home/airflow/.local/lib/python3.8/site-packages/airflow/example_dags/example_subdag_operator.py took 0.722 seconds
[2024-01-21T13:50:15.702+0000] {processor.py:161} INFO - Started process (PID=1229) to work on /home/airflow/.local/lib/python3.8/site-packages/airflow/example_dags/example_subdag_operator.py
[2024-01-21T13:50:15.704+0000] {processor.py:830} INFO - Processing file /home/airflow/.local/lib/python3.8/site-packages/airflow/example_dags/example_subdag_operator.py for tasks to queue
[2024-01-21T13:50:15.708+0000] {logging_mixin.py:188} INFO - [2024-01-21T13:50:15.708+0000] {dagbag.py:538} INFO - Filling up the DagBag from /home/airflow/.local/lib/python3.8/site-packages/airflow/example_dags/example_subdag_operator.py
[2024-01-21T13:50:15.747+0000] {processor.py:840} INFO - DAG(s) 'example_subdag_operator.section-1', 'example_subdag_operator.section-2', 'example_subdag_operator' retrieved from /home/airflow/.local/lib/python3.8/site-packages/airflow/example_dags/example_subdag_operator.py
[2024-01-21T13:50:15.772+0000] {logging_mixin.py:188} INFO - [2024-01-21T13:50:15.771+0000] {dag.py:3036} INFO - Sync 3 DAGs
[2024-01-21T13:50:15.810+0000] {logging_mixin.py:188} INFO - [2024-01-21T13:50:15.809+0000] {dag.py:3823} INFO - Setting next_dagrun for example_subdag_operator to 2022-01-01 00:00:00+00:00, run_after=2022-01-01 00:00:00+00:00
[2024-01-21T13:50:15.815+0000] {logging_mixin.py:188} INFO - [2024-01-21T13:50:15.815+0000] {dag.py:3823} INFO - Setting next_dagrun for example_subdag_operator.section-1 to None, run_after=None
[2024-01-21T13:50:15.819+0000] {logging_mixin.py:188} INFO - [2024-01-21T13:50:15.818+0000] {dag.py:3823} INFO - Setting next_dagrun for example_subdag_operator.section-2 to None, run_after=None
[2024-01-21T13:50:15.830+0000] {logging_mixin.py:188} INFO - [2024-01-21T13:50:15.830+0000] {dag.py:3036} INFO - Sync 2 DAGs
[2024-01-21T13:50:15.840+0000] {logging_mixin.py:188} INFO - [2024-01-21T13:50:15.840+0000] {dag.py:3823} INFO - Setting next_dagrun for example_subdag_operator.section-1 to None, run_after=None
[2024-01-21T13:50:15.841+0000] {logging_mixin.py:188} INFO - [2024-01-21T13:50:15.841+0000] {dag.py:3823} INFO - Setting next_dagrun for example_subdag_operator.section-2 to None, run_after=None
[2024-01-21T13:50:15.866+0000] {processor.py:183} INFO - Processing /home/airflow/.local/lib/python3.8/site-packages/airflow/example_dags/example_subdag_operator.py took 0.169 seconds
[2024-01-21T13:50:46.294+0000] {processor.py:161} INFO - Started process (PID=1284) to work on /home/airflow/.local/lib/python3.8/site-packages/airflow/example_dags/example_subdag_operator.py
[2024-01-21T13:50:46.299+0000] {processor.py:830} INFO - Processing file /home/airflow/.local/lib/python3.8/site-packages/airflow/example_dags/example_subdag_operator.py for tasks to queue
[2024-01-21T13:50:46.308+0000] {logging_mixin.py:188} INFO - [2024-01-21T13:50:46.307+0000] {dagbag.py:538} INFO - Filling up the DagBag from /home/airflow/.local/lib/python3.8/site-packages/airflow/example_dags/example_subdag_operator.py
[2024-01-21T13:50:46.462+0000] {processor.py:840} INFO - DAG(s) 'example_subdag_operator.section-1', 'example_subdag_operator.section-2', 'example_subdag_operator' retrieved from /home/airflow/.local/lib/python3.8/site-packages/airflow/example_dags/example_subdag_operator.py
[2024-01-21T13:50:46.573+0000] {logging_mixin.py:188} INFO - [2024-01-21T13:50:46.572+0000] {dag.py:3036} INFO - Sync 3 DAGs
[2024-01-21T13:50:46.729+0000] {logging_mixin.py:188} INFO - [2024-01-21T13:50:46.729+0000] {dag.py:3823} INFO - Setting next_dagrun for example_subdag_operator to 2022-01-01 00:00:00+00:00, run_after=2022-01-01 00:00:00+00:00
[2024-01-21T13:50:46.762+0000] {logging_mixin.py:188} INFO - [2024-01-21T13:50:46.761+0000] {dag.py:3823} INFO - Setting next_dagrun for example_subdag_operator.section-1 to None, run_after=None
[2024-01-21T13:50:46.791+0000] {logging_mixin.py:188} INFO - [2024-01-21T13:50:46.790+0000] {dag.py:3823} INFO - Setting next_dagrun for example_subdag_operator.section-2 to None, run_after=None
[2024-01-21T13:50:46.905+0000] {logging_mixin.py:188} INFO - [2024-01-21T13:50:46.904+0000] {dag.py:3036} INFO - Sync 2 DAGs
[2024-01-21T13:50:46.933+0000] {logging_mixin.py:188} INFO - [2024-01-21T13:50:46.932+0000] {dag.py:3823} INFO - Setting next_dagrun for example_subdag_operator.section-1 to None, run_after=None
[2024-01-21T13:50:46.936+0000] {logging_mixin.py:188} INFO - [2024-01-21T13:50:46.935+0000] {dag.py:3823} INFO - Setting next_dagrun for example_subdag_operator.section-2 to None, run_after=None
[2024-01-21T13:50:46.978+0000] {processor.py:183} INFO - Processing /home/airflow/.local/lib/python3.8/site-packages/airflow/example_dags/example_subdag_operator.py took 0.691 seconds
[2024-01-21T13:51:17.150+0000] {processor.py:161} INFO - Started process (PID=1340) to work on /home/airflow/.local/lib/python3.8/site-packages/airflow/example_dags/example_subdag_operator.py
[2024-01-21T13:51:17.152+0000] {processor.py:830} INFO - Processing file /home/airflow/.local/lib/python3.8/site-packages/airflow/example_dags/example_subdag_operator.py for tasks to queue
[2024-01-21T13:51:17.156+0000] {logging_mixin.py:188} INFO - [2024-01-21T13:51:17.155+0000] {dagbag.py:538} INFO - Filling up the DagBag from /home/airflow/.local/lib/python3.8/site-packages/airflow/example_dags/example_subdag_operator.py
[2024-01-21T13:51:17.198+0000] {processor.py:840} INFO - DAG(s) 'example_subdag_operator.section-1', 'example_subdag_operator.section-2', 'example_subdag_operator' retrieved from /home/airflow/.local/lib/python3.8/site-packages/airflow/example_dags/example_subdag_operator.py
[2024-01-21T13:51:17.227+0000] {logging_mixin.py:188} INFO - [2024-01-21T13:51:17.226+0000] {dag.py:3036} INFO - Sync 3 DAGs
[2024-01-21T13:51:17.261+0000] {logging_mixin.py:188} INFO - [2024-01-21T13:51:17.260+0000] {dag.py:3823} INFO - Setting next_dagrun for example_subdag_operator to 2022-01-01 00:00:00+00:00, run_after=2022-01-01 00:00:00+00:00
[2024-01-21T13:51:17.267+0000] {logging_mixin.py:188} INFO - [2024-01-21T13:51:17.266+0000] {dag.py:3823} INFO - Setting next_dagrun for example_subdag_operator.section-1 to None, run_after=None
[2024-01-21T13:51:17.270+0000] {logging_mixin.py:188} INFO - [2024-01-21T13:51:17.269+0000] {dag.py:3823} INFO - Setting next_dagrun for example_subdag_operator.section-2 to None, run_after=None
[2024-01-21T13:51:17.282+0000] {logging_mixin.py:188} INFO - [2024-01-21T13:51:17.281+0000] {dag.py:3036} INFO - Sync 2 DAGs
[2024-01-21T13:51:17.291+0000] {logging_mixin.py:188} INFO - [2024-01-21T13:51:17.290+0000] {dag.py:3823} INFO - Setting next_dagrun for example_subdag_operator.section-1 to None, run_after=None
[2024-01-21T13:51:17.292+0000] {logging_mixin.py:188} INFO - [2024-01-21T13:51:17.292+0000] {dag.py:3823} INFO - Setting next_dagrun for example_subdag_operator.section-2 to None, run_after=None
[2024-01-21T13:51:17.312+0000] {processor.py:183} INFO - Processing /home/airflow/.local/lib/python3.8/site-packages/airflow/example_dags/example_subdag_operator.py took 0.167 seconds
