[2024-01-21T13:20:28.788+0000] {processor.py:161} INFO - Started process (PID=55) to work on /home/airflow/.local/lib/python3.8/site-packages/airflow/example_dags/example_short_circuit_operator.py
[2024-01-21T13:20:28.799+0000] {processor.py:830} INFO - Processing file /home/airflow/.local/lib/python3.8/site-packages/airflow/example_dags/example_short_circuit_operator.py for tasks to queue
[2024-01-21T13:20:28.994+0000] {logging_mixin.py:188} INFO - [2024-01-21T13:20:28.993+0000] {dagbag.py:538} INFO - Filling up the DagBag from /home/airflow/.local/lib/python3.8/site-packages/airflow/example_dags/example_short_circuit_operator.py
[2024-01-21T13:20:29.061+0000] {processor.py:840} INFO - DAG(s) 'example_short_circuit_operator' retrieved from /home/airflow/.local/lib/python3.8/site-packages/airflow/example_dags/example_short_circuit_operator.py
[2024-01-21T13:20:30.629+0000] {logging_mixin.py:188} INFO - [2024-01-21T13:20:30.628+0000] {dag.py:3036} INFO - Sync 1 DAGs
[2024-01-21T13:20:30.939+0000] {logging_mixin.py:188} INFO - [2024-01-21T13:20:30.768+0000] {dag.py:3823} INFO - Setting next_dagrun for example_short_circuit_operator to 2024-01-20 00:00:00+00:00, run_after=2024-01-21 00:00:00+00:00
[2024-01-21T13:20:31.772+0000] {processor.py:183} INFO - Processing /home/airflow/.local/lib/python3.8/site-packages/airflow/example_dags/example_short_circuit_operator.py took 3.057 seconds
[2024-01-21T13:21:02.467+0000] {processor.py:161} INFO - Started process (PID=110) to work on /home/airflow/.local/lib/python3.8/site-packages/airflow/example_dags/example_short_circuit_operator.py
[2024-01-21T13:21:02.470+0000] {processor.py:830} INFO - Processing file /home/airflow/.local/lib/python3.8/site-packages/airflow/example_dags/example_short_circuit_operator.py for tasks to queue
[2024-01-21T13:21:02.474+0000] {logging_mixin.py:188} INFO - [2024-01-21T13:21:02.474+0000] {dagbag.py:538} INFO - Filling up the DagBag from /home/airflow/.local/lib/python3.8/site-packages/airflow/example_dags/example_short_circuit_operator.py
[2024-01-21T13:21:02.494+0000] {processor.py:840} INFO - DAG(s) 'example_short_circuit_operator' retrieved from /home/airflow/.local/lib/python3.8/site-packages/airflow/example_dags/example_short_circuit_operator.py
[2024-01-21T13:21:02.539+0000] {logging_mixin.py:188} INFO - [2024-01-21T13:21:02.538+0000] {dag.py:3036} INFO - Sync 1 DAGs
[2024-01-21T13:21:02.578+0000] {logging_mixin.py:188} INFO - [2024-01-21T13:21:02.577+0000] {dag.py:3823} INFO - Setting next_dagrun for example_short_circuit_operator to 2024-01-20 00:00:00+00:00, run_after=2024-01-21 00:00:00+00:00
[2024-01-21T13:21:02.617+0000] {processor.py:183} INFO - Processing /home/airflow/.local/lib/python3.8/site-packages/airflow/example_dags/example_short_circuit_operator.py took 0.158 seconds
[2024-01-21T13:21:34.110+0000] {processor.py:161} INFO - Started process (PID=165) to work on /home/airflow/.local/lib/python3.8/site-packages/airflow/example_dags/example_short_circuit_operator.py
[2024-01-21T13:21:34.113+0000] {processor.py:830} INFO - Processing file /home/airflow/.local/lib/python3.8/site-packages/airflow/example_dags/example_short_circuit_operator.py for tasks to queue
[2024-01-21T13:21:34.122+0000] {logging_mixin.py:188} INFO - [2024-01-21T13:21:34.121+0000] {dagbag.py:538} INFO - Filling up the DagBag from /home/airflow/.local/lib/python3.8/site-packages/airflow/example_dags/example_short_circuit_operator.py
[2024-01-21T13:21:34.164+0000] {processor.py:840} INFO - DAG(s) 'example_short_circuit_operator' retrieved from /home/airflow/.local/lib/python3.8/site-packages/airflow/example_dags/example_short_circuit_operator.py
[2024-01-21T13:21:34.317+0000] {logging_mixin.py:188} INFO - [2024-01-21T13:21:34.317+0000] {dag.py:3036} INFO - Sync 1 DAGs
[2024-01-21T13:21:34.433+0000] {logging_mixin.py:188} INFO - [2024-01-21T13:21:34.432+0000] {dag.py:3823} INFO - Setting next_dagrun for example_short_circuit_operator to 2024-01-20 00:00:00+00:00, run_after=2024-01-21 00:00:00+00:00
[2024-01-21T13:21:34.517+0000] {processor.py:183} INFO - Processing /home/airflow/.local/lib/python3.8/site-packages/airflow/example_dags/example_short_circuit_operator.py took 0.416 seconds
[2024-01-21T13:22:04.589+0000] {processor.py:161} INFO - Started process (PID=219) to work on /home/airflow/.local/lib/python3.8/site-packages/airflow/example_dags/example_short_circuit_operator.py
[2024-01-21T13:22:04.591+0000] {processor.py:830} INFO - Processing file /home/airflow/.local/lib/python3.8/site-packages/airflow/example_dags/example_short_circuit_operator.py for tasks to queue
[2024-01-21T13:22:04.595+0000] {logging_mixin.py:188} INFO - [2024-01-21T13:22:04.594+0000] {dagbag.py:538} INFO - Filling up the DagBag from /home/airflow/.local/lib/python3.8/site-packages/airflow/example_dags/example_short_circuit_operator.py
[2024-01-21T13:22:04.614+0000] {processor.py:840} INFO - DAG(s) 'example_short_circuit_operator' retrieved from /home/airflow/.local/lib/python3.8/site-packages/airflow/example_dags/example_short_circuit_operator.py
[2024-01-21T13:22:04.665+0000] {logging_mixin.py:188} INFO - [2024-01-21T13:22:04.664+0000] {dag.py:3036} INFO - Sync 1 DAGs
[2024-01-21T13:22:04.718+0000] {logging_mixin.py:188} INFO - [2024-01-21T13:22:04.718+0000] {dag.py:3823} INFO - Setting next_dagrun for example_short_circuit_operator to 2024-01-20 00:00:00+00:00, run_after=2024-01-21 00:00:00+00:00
[2024-01-21T13:22:04.753+0000] {processor.py:183} INFO - Processing /home/airflow/.local/lib/python3.8/site-packages/airflow/example_dags/example_short_circuit_operator.py took 0.173 seconds
[2024-01-21T13:22:35.813+0000] {processor.py:161} INFO - Started process (PID=272) to work on /home/airflow/.local/lib/python3.8/site-packages/airflow/example_dags/example_short_circuit_operator.py
[2024-01-21T13:22:35.829+0000] {processor.py:830} INFO - Processing file /home/airflow/.local/lib/python3.8/site-packages/airflow/example_dags/example_short_circuit_operator.py for tasks to queue
[2024-01-21T13:22:35.852+0000] {logging_mixin.py:188} INFO - [2024-01-21T13:22:35.850+0000] {dagbag.py:538} INFO - Filling up the DagBag from /home/airflow/.local/lib/python3.8/site-packages/airflow/example_dags/example_short_circuit_operator.py
[2024-01-21T13:22:35.912+0000] {processor.py:840} INFO - DAG(s) 'example_short_circuit_operator' retrieved from /home/airflow/.local/lib/python3.8/site-packages/airflow/example_dags/example_short_circuit_operator.py
[2024-01-21T13:22:36.053+0000] {logging_mixin.py:188} INFO - [2024-01-21T13:22:36.052+0000] {dag.py:3036} INFO - Sync 1 DAGs
[2024-01-21T13:22:36.197+0000] {logging_mixin.py:188} INFO - [2024-01-21T13:22:36.196+0000] {dag.py:3823} INFO - Setting next_dagrun for example_short_circuit_operator to 2024-01-20 00:00:00+00:00, run_after=2024-01-21 00:00:00+00:00
[2024-01-21T13:22:36.403+0000] {processor.py:183} INFO - Processing /home/airflow/.local/lib/python3.8/site-packages/airflow/example_dags/example_short_circuit_operator.py took 0.637 seconds
[2024-01-21T13:39:05.310+0000] {processor.py:161} INFO - Started process (PID=50) to work on /home/airflow/.local/lib/python3.8/site-packages/airflow/example_dags/example_short_circuit_operator.py
[2024-01-21T13:39:05.314+0000] {processor.py:830} INFO - Processing file /home/airflow/.local/lib/python3.8/site-packages/airflow/example_dags/example_short_circuit_operator.py for tasks to queue
[2024-01-21T13:39:05.339+0000] {logging_mixin.py:188} INFO - [2024-01-21T13:39:05.338+0000] {dagbag.py:538} INFO - Filling up the DagBag from /home/airflow/.local/lib/python3.8/site-packages/airflow/example_dags/example_short_circuit_operator.py
[2024-01-21T13:39:05.391+0000] {processor.py:840} INFO - DAG(s) 'example_short_circuit_operator' retrieved from /home/airflow/.local/lib/python3.8/site-packages/airflow/example_dags/example_short_circuit_operator.py
[2024-01-21T13:39:06.766+0000] {logging_mixin.py:188} INFO - [2024-01-21T13:39:06.765+0000] {dag.py:3036} INFO - Sync 1 DAGs
[2024-01-21T13:39:06.963+0000] {logging_mixin.py:188} INFO - [2024-01-21T13:39:06.962+0000] {dag.py:3823} INFO - Setting next_dagrun for example_short_circuit_operator to 2024-01-20 00:00:00+00:00, run_after=2024-01-21 00:00:00+00:00
[2024-01-21T13:39:07.532+0000] {processor.py:183} INFO - Processing /home/airflow/.local/lib/python3.8/site-packages/airflow/example_dags/example_short_circuit_operator.py took 2.237 seconds
[2024-01-21T13:39:47.150+0000] {processor.py:161} INFO - Started process (PID=111) to work on /home/airflow/.local/lib/python3.8/site-packages/airflow/example_dags/example_short_circuit_operator.py
[2024-01-21T13:39:47.153+0000] {processor.py:830} INFO - Processing file /home/airflow/.local/lib/python3.8/site-packages/airflow/example_dags/example_short_circuit_operator.py for tasks to queue
[2024-01-21T13:39:47.156+0000] {logging_mixin.py:188} INFO - [2024-01-21T13:39:47.156+0000] {dagbag.py:538} INFO - Filling up the DagBag from /home/airflow/.local/lib/python3.8/site-packages/airflow/example_dags/example_short_circuit_operator.py
[2024-01-21T13:39:47.170+0000] {processor.py:840} INFO - DAG(s) 'example_short_circuit_operator' retrieved from /home/airflow/.local/lib/python3.8/site-packages/airflow/example_dags/example_short_circuit_operator.py
[2024-01-21T13:39:47.209+0000] {logging_mixin.py:188} INFO - [2024-01-21T13:39:47.209+0000] {dag.py:3036} INFO - Sync 1 DAGs
[2024-01-21T13:39:47.246+0000] {logging_mixin.py:188} INFO - [2024-01-21T13:39:47.246+0000] {dag.py:3823} INFO - Setting next_dagrun for example_short_circuit_operator to 2024-01-20 00:00:00+00:00, run_after=2024-01-21 00:00:00+00:00
[2024-01-21T13:39:47.281+0000] {processor.py:183} INFO - Processing /home/airflow/.local/lib/python3.8/site-packages/airflow/example_dags/example_short_circuit_operator.py took 0.136 seconds
[2024-01-21T13:40:24.453+0000] {processor.py:161} INFO - Started process (PID=156) to work on /home/airflow/.local/lib/python3.8/site-packages/airflow/example_dags/example_short_circuit_operator.py
[2024-01-21T13:40:24.457+0000] {processor.py:830} INFO - Processing file /home/airflow/.local/lib/python3.8/site-packages/airflow/example_dags/example_short_circuit_operator.py for tasks to queue
[2024-01-21T13:40:24.463+0000] {logging_mixin.py:188} INFO - [2024-01-21T13:40:24.463+0000] {dagbag.py:538} INFO - Filling up the DagBag from /home/airflow/.local/lib/python3.8/site-packages/airflow/example_dags/example_short_circuit_operator.py
[2024-01-21T13:40:24.488+0000] {processor.py:840} INFO - DAG(s) 'example_short_circuit_operator' retrieved from /home/airflow/.local/lib/python3.8/site-packages/airflow/example_dags/example_short_circuit_operator.py
[2024-01-21T13:40:24.570+0000] {logging_mixin.py:188} INFO - [2024-01-21T13:40:24.569+0000] {dag.py:3036} INFO - Sync 1 DAGs
[2024-01-21T13:40:24.808+0000] {logging_mixin.py:188} INFO - [2024-01-21T13:40:24.807+0000] {dag.py:3823} INFO - Setting next_dagrun for example_short_circuit_operator to 2024-01-20 00:00:00+00:00, run_after=2024-01-21 00:00:00+00:00
[2024-01-21T13:40:24.888+0000] {processor.py:183} INFO - Processing /home/airflow/.local/lib/python3.8/site-packages/airflow/example_dags/example_short_circuit_operator.py took 0.444 seconds
[2024-01-21T13:40:55.142+0000] {processor.py:161} INFO - Started process (PID=213) to work on /home/airflow/.local/lib/python3.8/site-packages/airflow/example_dags/example_short_circuit_operator.py
[2024-01-21T13:40:55.145+0000] {processor.py:830} INFO - Processing file /home/airflow/.local/lib/python3.8/site-packages/airflow/example_dags/example_short_circuit_operator.py for tasks to queue
[2024-01-21T13:40:55.154+0000] {logging_mixin.py:188} INFO - [2024-01-21T13:40:55.153+0000] {dagbag.py:538} INFO - Filling up the DagBag from /home/airflow/.local/lib/python3.8/site-packages/airflow/example_dags/example_short_circuit_operator.py
[2024-01-21T13:40:55.191+0000] {processor.py:840} INFO - DAG(s) 'example_short_circuit_operator' retrieved from /home/airflow/.local/lib/python3.8/site-packages/airflow/example_dags/example_short_circuit_operator.py
[2024-01-21T13:40:55.272+0000] {logging_mixin.py:188} INFO - [2024-01-21T13:40:55.271+0000] {dag.py:3036} INFO - Sync 1 DAGs
[2024-01-21T13:40:55.348+0000] {logging_mixin.py:188} INFO - [2024-01-21T13:40:55.348+0000] {dag.py:3823} INFO - Setting next_dagrun for example_short_circuit_operator to 2024-01-20 00:00:00+00:00, run_after=2024-01-21 00:00:00+00:00
[2024-01-21T13:40:55.443+0000] {processor.py:183} INFO - Processing /home/airflow/.local/lib/python3.8/site-packages/airflow/example_dags/example_short_circuit_operator.py took 0.311 seconds
[2024-01-21T13:41:26.530+0000] {processor.py:161} INFO - Started process (PID=269) to work on /home/airflow/.local/lib/python3.8/site-packages/airflow/example_dags/example_short_circuit_operator.py
[2024-01-21T13:41:26.536+0000] {processor.py:830} INFO - Processing file /home/airflow/.local/lib/python3.8/site-packages/airflow/example_dags/example_short_circuit_operator.py for tasks to queue
[2024-01-21T13:41:26.541+0000] {logging_mixin.py:188} INFO - [2024-01-21T13:41:26.541+0000] {dagbag.py:538} INFO - Filling up the DagBag from /home/airflow/.local/lib/python3.8/site-packages/airflow/example_dags/example_short_circuit_operator.py
[2024-01-21T13:41:26.563+0000] {processor.py:840} INFO - DAG(s) 'example_short_circuit_operator' retrieved from /home/airflow/.local/lib/python3.8/site-packages/airflow/example_dags/example_short_circuit_operator.py
[2024-01-21T13:41:26.657+0000] {logging_mixin.py:188} INFO - [2024-01-21T13:41:26.656+0000] {dag.py:3036} INFO - Sync 1 DAGs
[2024-01-21T13:41:26.732+0000] {logging_mixin.py:188} INFO - [2024-01-21T13:41:26.731+0000] {dag.py:3823} INFO - Setting next_dagrun for example_short_circuit_operator to 2024-01-20 00:00:00+00:00, run_after=2024-01-21 00:00:00+00:00
[2024-01-21T13:41:26.804+0000] {processor.py:183} INFO - Processing /home/airflow/.local/lib/python3.8/site-packages/airflow/example_dags/example_short_circuit_operator.py took 0.284 seconds
[2024-01-21T13:41:56.967+0000] {processor.py:161} INFO - Started process (PID=324) to work on /home/airflow/.local/lib/python3.8/site-packages/airflow/example_dags/example_short_circuit_operator.py
[2024-01-21T13:41:56.978+0000] {processor.py:830} INFO - Processing file /home/airflow/.local/lib/python3.8/site-packages/airflow/example_dags/example_short_circuit_operator.py for tasks to queue
[2024-01-21T13:41:56.984+0000] {logging_mixin.py:188} INFO - [2024-01-21T13:41:56.983+0000] {dagbag.py:538} INFO - Filling up the DagBag from /home/airflow/.local/lib/python3.8/site-packages/airflow/example_dags/example_short_circuit_operator.py
[2024-01-21T13:41:57.005+0000] {processor.py:840} INFO - DAG(s) 'example_short_circuit_operator' retrieved from /home/airflow/.local/lib/python3.8/site-packages/airflow/example_dags/example_short_circuit_operator.py
[2024-01-21T13:41:57.101+0000] {logging_mixin.py:188} INFO - [2024-01-21T13:41:57.101+0000] {dag.py:3036} INFO - Sync 1 DAGs
[2024-01-21T13:41:57.166+0000] {logging_mixin.py:188} INFO - [2024-01-21T13:41:57.165+0000] {dag.py:3823} INFO - Setting next_dagrun for example_short_circuit_operator to 2024-01-20 00:00:00+00:00, run_after=2024-01-21 00:00:00+00:00
[2024-01-21T13:41:57.214+0000] {processor.py:183} INFO - Processing /home/airflow/.local/lib/python3.8/site-packages/airflow/example_dags/example_short_circuit_operator.py took 0.254 seconds
[2024-01-21T13:42:27.611+0000] {processor.py:161} INFO - Started process (PID=379) to work on /home/airflow/.local/lib/python3.8/site-packages/airflow/example_dags/example_short_circuit_operator.py
[2024-01-21T13:42:27.613+0000] {processor.py:830} INFO - Processing file /home/airflow/.local/lib/python3.8/site-packages/airflow/example_dags/example_short_circuit_operator.py for tasks to queue
[2024-01-21T13:42:27.617+0000] {logging_mixin.py:188} INFO - [2024-01-21T13:42:27.616+0000] {dagbag.py:538} INFO - Filling up the DagBag from /home/airflow/.local/lib/python3.8/site-packages/airflow/example_dags/example_short_circuit_operator.py
[2024-01-21T13:42:27.633+0000] {processor.py:840} INFO - DAG(s) 'example_short_circuit_operator' retrieved from /home/airflow/.local/lib/python3.8/site-packages/airflow/example_dags/example_short_circuit_operator.py
[2024-01-21T13:42:27.675+0000] {logging_mixin.py:188} INFO - [2024-01-21T13:42:27.674+0000] {dag.py:3036} INFO - Sync 1 DAGs
[2024-01-21T13:42:27.727+0000] {logging_mixin.py:188} INFO - [2024-01-21T13:42:27.726+0000] {dag.py:3823} INFO - Setting next_dagrun for example_short_circuit_operator to 2024-01-20 00:00:00+00:00, run_after=2024-01-21 00:00:00+00:00
[2024-01-21T13:42:27.774+0000] {processor.py:183} INFO - Processing /home/airflow/.local/lib/python3.8/site-packages/airflow/example_dags/example_short_circuit_operator.py took 0.169 seconds
[2024-01-21T13:42:57.843+0000] {processor.py:161} INFO - Started process (PID=434) to work on /home/airflow/.local/lib/python3.8/site-packages/airflow/example_dags/example_short_circuit_operator.py
[2024-01-21T13:42:57.845+0000] {processor.py:830} INFO - Processing file /home/airflow/.local/lib/python3.8/site-packages/airflow/example_dags/example_short_circuit_operator.py for tasks to queue
[2024-01-21T13:42:57.849+0000] {logging_mixin.py:188} INFO - [2024-01-21T13:42:57.848+0000] {dagbag.py:538} INFO - Filling up the DagBag from /home/airflow/.local/lib/python3.8/site-packages/airflow/example_dags/example_short_circuit_operator.py
[2024-01-21T13:42:57.863+0000] {processor.py:840} INFO - DAG(s) 'example_short_circuit_operator' retrieved from /home/airflow/.local/lib/python3.8/site-packages/airflow/example_dags/example_short_circuit_operator.py
[2024-01-21T13:42:57.907+0000] {logging_mixin.py:188} INFO - [2024-01-21T13:42:57.907+0000] {dag.py:3036} INFO - Sync 1 DAGs
[2024-01-21T13:42:57.950+0000] {logging_mixin.py:188} INFO - [2024-01-21T13:42:57.949+0000] {dag.py:3823} INFO - Setting next_dagrun for example_short_circuit_operator to 2024-01-20 00:00:00+00:00, run_after=2024-01-21 00:00:00+00:00
[2024-01-21T13:42:57.991+0000] {processor.py:183} INFO - Processing /home/airflow/.local/lib/python3.8/site-packages/airflow/example_dags/example_short_circuit_operator.py took 0.154 seconds
[2024-01-21T13:43:28.708+0000] {processor.py:161} INFO - Started process (PID=489) to work on /home/airflow/.local/lib/python3.8/site-packages/airflow/example_dags/example_short_circuit_operator.py
[2024-01-21T13:43:28.710+0000] {processor.py:830} INFO - Processing file /home/airflow/.local/lib/python3.8/site-packages/airflow/example_dags/example_short_circuit_operator.py for tasks to queue
[2024-01-21T13:43:28.715+0000] {logging_mixin.py:188} INFO - [2024-01-21T13:43:28.714+0000] {dagbag.py:538} INFO - Filling up the DagBag from /home/airflow/.local/lib/python3.8/site-packages/airflow/example_dags/example_short_circuit_operator.py
[2024-01-21T13:43:28.736+0000] {processor.py:840} INFO - DAG(s) 'example_short_circuit_operator' retrieved from /home/airflow/.local/lib/python3.8/site-packages/airflow/example_dags/example_short_circuit_operator.py
[2024-01-21T13:43:28.798+0000] {logging_mixin.py:188} INFO - [2024-01-21T13:43:28.797+0000] {dag.py:3036} INFO - Sync 1 DAGs
[2024-01-21T13:43:28.855+0000] {logging_mixin.py:188} INFO - [2024-01-21T13:43:28.854+0000] {dag.py:3823} INFO - Setting next_dagrun for example_short_circuit_operator to 2024-01-20 00:00:00+00:00, run_after=2024-01-21 00:00:00+00:00
[2024-01-21T13:43:28.923+0000] {processor.py:183} INFO - Processing /home/airflow/.local/lib/python3.8/site-packages/airflow/example_dags/example_short_circuit_operator.py took 0.223 seconds
[2024-01-21T13:44:00.420+0000] {processor.py:161} INFO - Started process (PID=545) to work on /home/airflow/.local/lib/python3.8/site-packages/airflow/example_dags/example_short_circuit_operator.py
[2024-01-21T13:44:00.423+0000] {processor.py:830} INFO - Processing file /home/airflow/.local/lib/python3.8/site-packages/airflow/example_dags/example_short_circuit_operator.py for tasks to queue
[2024-01-21T13:44:00.428+0000] {logging_mixin.py:188} INFO - [2024-01-21T13:44:00.428+0000] {dagbag.py:538} INFO - Filling up the DagBag from /home/airflow/.local/lib/python3.8/site-packages/airflow/example_dags/example_short_circuit_operator.py
[2024-01-21T13:44:00.448+0000] {processor.py:840} INFO - DAG(s) 'example_short_circuit_operator' retrieved from /home/airflow/.local/lib/python3.8/site-packages/airflow/example_dags/example_short_circuit_operator.py
[2024-01-21T13:44:00.539+0000] {logging_mixin.py:188} INFO - [2024-01-21T13:44:00.539+0000] {dag.py:3036} INFO - Sync 1 DAGs
[2024-01-21T13:44:00.592+0000] {logging_mixin.py:188} INFO - [2024-01-21T13:44:00.592+0000] {dag.py:3823} INFO - Setting next_dagrun for example_short_circuit_operator to 2024-01-20 00:00:00+00:00, run_after=2024-01-21 00:00:00+00:00
[2024-01-21T13:44:00.637+0000] {processor.py:183} INFO - Processing /home/airflow/.local/lib/python3.8/site-packages/airflow/example_dags/example_short_circuit_operator.py took 0.225 seconds
[2024-01-21T13:44:31.002+0000] {processor.py:161} INFO - Started process (PID=600) to work on /home/airflow/.local/lib/python3.8/site-packages/airflow/example_dags/example_short_circuit_operator.py
[2024-01-21T13:44:31.018+0000] {processor.py:830} INFO - Processing file /home/airflow/.local/lib/python3.8/site-packages/airflow/example_dags/example_short_circuit_operator.py for tasks to queue
[2024-01-21T13:44:31.028+0000] {logging_mixin.py:188} INFO - [2024-01-21T13:44:31.027+0000] {dagbag.py:538} INFO - Filling up the DagBag from /home/airflow/.local/lib/python3.8/site-packages/airflow/example_dags/example_short_circuit_operator.py
[2024-01-21T13:44:31.045+0000] {processor.py:840} INFO - DAG(s) 'example_short_circuit_operator' retrieved from /home/airflow/.local/lib/python3.8/site-packages/airflow/example_dags/example_short_circuit_operator.py
[2024-01-21T13:44:31.114+0000] {logging_mixin.py:188} INFO - [2024-01-21T13:44:31.114+0000] {dag.py:3036} INFO - Sync 1 DAGs
[2024-01-21T13:44:31.162+0000] {logging_mixin.py:188} INFO - [2024-01-21T13:44:31.161+0000] {dag.py:3823} INFO - Setting next_dagrun for example_short_circuit_operator to 2024-01-20 00:00:00+00:00, run_after=2024-01-21 00:00:00+00:00
[2024-01-21T13:44:31.224+0000] {processor.py:183} INFO - Processing /home/airflow/.local/lib/python3.8/site-packages/airflow/example_dags/example_short_circuit_operator.py took 0.230 seconds
[2024-01-21T13:45:01.466+0000] {processor.py:161} INFO - Started process (PID=656) to work on /home/airflow/.local/lib/python3.8/site-packages/airflow/example_dags/example_short_circuit_operator.py
[2024-01-21T13:45:01.469+0000] {processor.py:830} INFO - Processing file /home/airflow/.local/lib/python3.8/site-packages/airflow/example_dags/example_short_circuit_operator.py for tasks to queue
[2024-01-21T13:45:01.474+0000] {logging_mixin.py:188} INFO - [2024-01-21T13:45:01.473+0000] {dagbag.py:538} INFO - Filling up the DagBag from /home/airflow/.local/lib/python3.8/site-packages/airflow/example_dags/example_short_circuit_operator.py
[2024-01-21T13:45:01.501+0000] {processor.py:840} INFO - DAG(s) 'example_short_circuit_operator' retrieved from /home/airflow/.local/lib/python3.8/site-packages/airflow/example_dags/example_short_circuit_operator.py
[2024-01-21T13:45:01.562+0000] {logging_mixin.py:188} INFO - [2024-01-21T13:45:01.561+0000] {dag.py:3036} INFO - Sync 1 DAGs
[2024-01-21T13:45:01.729+0000] {logging_mixin.py:188} INFO - [2024-01-21T13:45:01.626+0000] {dag.py:3823} INFO - Setting next_dagrun for example_short_circuit_operator to 2024-01-20 00:00:00+00:00, run_after=2024-01-21 00:00:00+00:00
[2024-01-21T13:45:01.810+0000] {processor.py:183} INFO - Processing /home/airflow/.local/lib/python3.8/site-packages/airflow/example_dags/example_short_circuit_operator.py took 0.351 seconds
[2024-01-21T13:45:32.020+0000] {processor.py:161} INFO - Started process (PID=712) to work on /home/airflow/.local/lib/python3.8/site-packages/airflow/example_dags/example_short_circuit_operator.py
[2024-01-21T13:45:32.022+0000] {processor.py:830} INFO - Processing file /home/airflow/.local/lib/python3.8/site-packages/airflow/example_dags/example_short_circuit_operator.py for tasks to queue
[2024-01-21T13:45:32.028+0000] {logging_mixin.py:188} INFO - [2024-01-21T13:45:32.027+0000] {dagbag.py:538} INFO - Filling up the DagBag from /home/airflow/.local/lib/python3.8/site-packages/airflow/example_dags/example_short_circuit_operator.py
[2024-01-21T13:45:32.049+0000] {processor.py:840} INFO - DAG(s) 'example_short_circuit_operator' retrieved from /home/airflow/.local/lib/python3.8/site-packages/airflow/example_dags/example_short_circuit_operator.py
[2024-01-21T13:45:32.096+0000] {logging_mixin.py:188} INFO - [2024-01-21T13:45:32.096+0000] {dag.py:3036} INFO - Sync 1 DAGs
[2024-01-21T13:45:32.141+0000] {logging_mixin.py:188} INFO - [2024-01-21T13:45:32.141+0000] {dag.py:3823} INFO - Setting next_dagrun for example_short_circuit_operator to 2024-01-20 00:00:00+00:00, run_after=2024-01-21 00:00:00+00:00
[2024-01-21T13:45:32.179+0000] {processor.py:183} INFO - Processing /home/airflow/.local/lib/python3.8/site-packages/airflow/example_dags/example_short_circuit_operator.py took 0.168 seconds
[2024-01-21T13:46:02.825+0000] {processor.py:161} INFO - Started process (PID=768) to work on /home/airflow/.local/lib/python3.8/site-packages/airflow/example_dags/example_short_circuit_operator.py
[2024-01-21T13:46:02.827+0000] {processor.py:830} INFO - Processing file /home/airflow/.local/lib/python3.8/site-packages/airflow/example_dags/example_short_circuit_operator.py for tasks to queue
[2024-01-21T13:46:02.832+0000] {logging_mixin.py:188} INFO - [2024-01-21T13:46:02.831+0000] {dagbag.py:538} INFO - Filling up the DagBag from /home/airflow/.local/lib/python3.8/site-packages/airflow/example_dags/example_short_circuit_operator.py
[2024-01-21T13:46:02.854+0000] {processor.py:840} INFO - DAG(s) 'example_short_circuit_operator' retrieved from /home/airflow/.local/lib/python3.8/site-packages/airflow/example_dags/example_short_circuit_operator.py
[2024-01-21T13:46:02.908+0000] {logging_mixin.py:188} INFO - [2024-01-21T13:46:02.907+0000] {dag.py:3036} INFO - Sync 1 DAGs
[2024-01-21T13:46:02.968+0000] {logging_mixin.py:188} INFO - [2024-01-21T13:46:02.968+0000] {dag.py:3823} INFO - Setting next_dagrun for example_short_circuit_operator to 2024-01-20 00:00:00+00:00, run_after=2024-01-21 00:00:00+00:00
[2024-01-21T13:46:03.029+0000] {processor.py:183} INFO - Processing /home/airflow/.local/lib/python3.8/site-packages/airflow/example_dags/example_short_circuit_operator.py took 0.212 seconds
[2024-01-21T13:46:35.451+0000] {processor.py:161} INFO - Started process (PID=824) to work on /home/airflow/.local/lib/python3.8/site-packages/airflow/example_dags/example_short_circuit_operator.py
[2024-01-21T13:46:35.457+0000] {processor.py:830} INFO - Processing file /home/airflow/.local/lib/python3.8/site-packages/airflow/example_dags/example_short_circuit_operator.py for tasks to queue
[2024-01-21T13:46:35.464+0000] {logging_mixin.py:188} INFO - [2024-01-21T13:46:35.462+0000] {dagbag.py:538} INFO - Filling up the DagBag from /home/airflow/.local/lib/python3.8/site-packages/airflow/example_dags/example_short_circuit_operator.py
[2024-01-21T13:46:35.526+0000] {processor.py:840} INFO - DAG(s) 'example_short_circuit_operator' retrieved from /home/airflow/.local/lib/python3.8/site-packages/airflow/example_dags/example_short_circuit_operator.py
[2024-01-21T13:46:35.837+0000] {logging_mixin.py:188} INFO - [2024-01-21T13:46:35.837+0000] {dag.py:3036} INFO - Sync 1 DAGs
[2024-01-21T13:46:36.244+0000] {logging_mixin.py:188} INFO - [2024-01-21T13:46:36.244+0000] {dag.py:3823} INFO - Setting next_dagrun for example_short_circuit_operator to 2024-01-20 00:00:00+00:00, run_after=2024-01-21 00:00:00+00:00
[2024-01-21T13:46:36.445+0000] {processor.py:183} INFO - Processing /home/airflow/.local/lib/python3.8/site-packages/airflow/example_dags/example_short_circuit_operator.py took 1.007 seconds
[2024-01-21T13:47:07.087+0000] {processor.py:161} INFO - Started process (PID=879) to work on /home/airflow/.local/lib/python3.8/site-packages/airflow/example_dags/example_short_circuit_operator.py
[2024-01-21T13:47:07.089+0000] {processor.py:830} INFO - Processing file /home/airflow/.local/lib/python3.8/site-packages/airflow/example_dags/example_short_circuit_operator.py for tasks to queue
[2024-01-21T13:47:07.093+0000] {logging_mixin.py:188} INFO - [2024-01-21T13:47:07.092+0000] {dagbag.py:538} INFO - Filling up the DagBag from /home/airflow/.local/lib/python3.8/site-packages/airflow/example_dags/example_short_circuit_operator.py
[2024-01-21T13:47:07.115+0000] {processor.py:840} INFO - DAG(s) 'example_short_circuit_operator' retrieved from /home/airflow/.local/lib/python3.8/site-packages/airflow/example_dags/example_short_circuit_operator.py
[2024-01-21T13:47:07.173+0000] {logging_mixin.py:188} INFO - [2024-01-21T13:47:07.173+0000] {dag.py:3036} INFO - Sync 1 DAGs
[2024-01-21T13:47:07.223+0000] {logging_mixin.py:188} INFO - [2024-01-21T13:47:07.223+0000] {dag.py:3823} INFO - Setting next_dagrun for example_short_circuit_operator to 2024-01-20 00:00:00+00:00, run_after=2024-01-21 00:00:00+00:00
[2024-01-21T13:47:07.267+0000] {processor.py:183} INFO - Processing /home/airflow/.local/lib/python3.8/site-packages/airflow/example_dags/example_short_circuit_operator.py took 0.189 seconds
[2024-01-21T13:47:37.892+0000] {processor.py:161} INFO - Started process (PID=935) to work on /home/airflow/.local/lib/python3.8/site-packages/airflow/example_dags/example_short_circuit_operator.py
[2024-01-21T13:47:37.895+0000] {processor.py:830} INFO - Processing file /home/airflow/.local/lib/python3.8/site-packages/airflow/example_dags/example_short_circuit_operator.py for tasks to queue
[2024-01-21T13:47:37.900+0000] {logging_mixin.py:188} INFO - [2024-01-21T13:47:37.899+0000] {dagbag.py:538} INFO - Filling up the DagBag from /home/airflow/.local/lib/python3.8/site-packages/airflow/example_dags/example_short_circuit_operator.py
[2024-01-21T13:47:37.936+0000] {processor.py:840} INFO - DAG(s) 'example_short_circuit_operator' retrieved from /home/airflow/.local/lib/python3.8/site-packages/airflow/example_dags/example_short_circuit_operator.py
[2024-01-21T13:47:38.111+0000] {logging_mixin.py:188} INFO - [2024-01-21T13:47:38.111+0000] {dag.py:3036} INFO - Sync 1 DAGs
[2024-01-21T13:47:38.263+0000] {logging_mixin.py:188} INFO - [2024-01-21T13:47:38.262+0000] {dag.py:3823} INFO - Setting next_dagrun for example_short_circuit_operator to 2024-01-20 00:00:00+00:00, run_after=2024-01-21 00:00:00+00:00
[2024-01-21T13:47:38.327+0000] {processor.py:183} INFO - Processing /home/airflow/.local/lib/python3.8/site-packages/airflow/example_dags/example_short_circuit_operator.py took 0.452 seconds
[2024-01-21T13:48:09.470+0000] {processor.py:161} INFO - Started process (PID=991) to work on /home/airflow/.local/lib/python3.8/site-packages/airflow/example_dags/example_short_circuit_operator.py
[2024-01-21T13:48:09.474+0000] {processor.py:830} INFO - Processing file /home/airflow/.local/lib/python3.8/site-packages/airflow/example_dags/example_short_circuit_operator.py for tasks to queue
[2024-01-21T13:48:09.481+0000] {logging_mixin.py:188} INFO - [2024-01-21T13:48:09.480+0000] {dagbag.py:538} INFO - Filling up the DagBag from /home/airflow/.local/lib/python3.8/site-packages/airflow/example_dags/example_short_circuit_operator.py
[2024-01-21T13:48:09.508+0000] {processor.py:840} INFO - DAG(s) 'example_short_circuit_operator' retrieved from /home/airflow/.local/lib/python3.8/site-packages/airflow/example_dags/example_short_circuit_operator.py
[2024-01-21T13:48:09.592+0000] {logging_mixin.py:188} INFO - [2024-01-21T13:48:09.591+0000] {dag.py:3036} INFO - Sync 1 DAGs
[2024-01-21T13:48:09.678+0000] {logging_mixin.py:188} INFO - [2024-01-21T13:48:09.677+0000] {dag.py:3823} INFO - Setting next_dagrun for example_short_circuit_operator to 2024-01-20 00:00:00+00:00, run_after=2024-01-21 00:00:00+00:00
[2024-01-21T13:48:09.759+0000] {processor.py:183} INFO - Processing /home/airflow/.local/lib/python3.8/site-packages/airflow/example_dags/example_short_circuit_operator.py took 0.302 seconds
[2024-01-21T13:48:40.565+0000] {processor.py:161} INFO - Started process (PID=1047) to work on /home/airflow/.local/lib/python3.8/site-packages/airflow/example_dags/example_short_circuit_operator.py
[2024-01-21T13:48:40.568+0000] {processor.py:830} INFO - Processing file /home/airflow/.local/lib/python3.8/site-packages/airflow/example_dags/example_short_circuit_operator.py for tasks to queue
[2024-01-21T13:48:40.572+0000] {logging_mixin.py:188} INFO - [2024-01-21T13:48:40.571+0000] {dagbag.py:538} INFO - Filling up the DagBag from /home/airflow/.local/lib/python3.8/site-packages/airflow/example_dags/example_short_circuit_operator.py
[2024-01-21T13:48:40.588+0000] {processor.py:840} INFO - DAG(s) 'example_short_circuit_operator' retrieved from /home/airflow/.local/lib/python3.8/site-packages/airflow/example_dags/example_short_circuit_operator.py
[2024-01-21T13:48:40.638+0000] {logging_mixin.py:188} INFO - [2024-01-21T13:48:40.638+0000] {dag.py:3036} INFO - Sync 1 DAGs
[2024-01-21T13:48:40.687+0000] {logging_mixin.py:188} INFO - [2024-01-21T13:48:40.687+0000] {dag.py:3823} INFO - Setting next_dagrun for example_short_circuit_operator to 2024-01-20 00:00:00+00:00, run_after=2024-01-21 00:00:00+00:00
[2024-01-21T13:48:40.745+0000] {processor.py:183} INFO - Processing /home/airflow/.local/lib/python3.8/site-packages/airflow/example_dags/example_short_circuit_operator.py took 0.185 seconds
[2024-01-21T13:49:11.555+0000] {processor.py:161} INFO - Started process (PID=1103) to work on /home/airflow/.local/lib/python3.8/site-packages/airflow/example_dags/example_short_circuit_operator.py
[2024-01-21T13:49:11.560+0000] {processor.py:830} INFO - Processing file /home/airflow/.local/lib/python3.8/site-packages/airflow/example_dags/example_short_circuit_operator.py for tasks to queue
[2024-01-21T13:49:11.564+0000] {logging_mixin.py:188} INFO - [2024-01-21T13:49:11.564+0000] {dagbag.py:538} INFO - Filling up the DagBag from /home/airflow/.local/lib/python3.8/site-packages/airflow/example_dags/example_short_circuit_operator.py
[2024-01-21T13:49:11.580+0000] {processor.py:840} INFO - DAG(s) 'example_short_circuit_operator' retrieved from /home/airflow/.local/lib/python3.8/site-packages/airflow/example_dags/example_short_circuit_operator.py
[2024-01-21T13:49:11.634+0000] {logging_mixin.py:188} INFO - [2024-01-21T13:49:11.634+0000] {dag.py:3036} INFO - Sync 1 DAGs
[2024-01-21T13:49:11.683+0000] {logging_mixin.py:188} INFO - [2024-01-21T13:49:11.683+0000] {dag.py:3823} INFO - Setting next_dagrun for example_short_circuit_operator to 2024-01-20 00:00:00+00:00, run_after=2024-01-21 00:00:00+00:00
[2024-01-21T13:49:11.717+0000] {processor.py:183} INFO - Processing /home/airflow/.local/lib/python3.8/site-packages/airflow/example_dags/example_short_circuit_operator.py took 0.168 seconds
[2024-01-21T13:49:41.940+0000] {processor.py:161} INFO - Started process (PID=1159) to work on /home/airflow/.local/lib/python3.8/site-packages/airflow/example_dags/example_short_circuit_operator.py
[2024-01-21T13:49:41.945+0000] {processor.py:830} INFO - Processing file /home/airflow/.local/lib/python3.8/site-packages/airflow/example_dags/example_short_circuit_operator.py for tasks to queue
[2024-01-21T13:49:41.954+0000] {logging_mixin.py:188} INFO - [2024-01-21T13:49:41.952+0000] {dagbag.py:538} INFO - Filling up the DagBag from /home/airflow/.local/lib/python3.8/site-packages/airflow/example_dags/example_short_circuit_operator.py
[2024-01-21T13:49:41.980+0000] {processor.py:840} INFO - DAG(s) 'example_short_circuit_operator' retrieved from /home/airflow/.local/lib/python3.8/site-packages/airflow/example_dags/example_short_circuit_operator.py
[2024-01-21T13:49:42.051+0000] {logging_mixin.py:188} INFO - [2024-01-21T13:49:42.050+0000] {dag.py:3036} INFO - Sync 1 DAGs
[2024-01-21T13:49:42.121+0000] {logging_mixin.py:188} INFO - [2024-01-21T13:49:42.120+0000] {dag.py:3823} INFO - Setting next_dagrun for example_short_circuit_operator to 2024-01-20 00:00:00+00:00, run_after=2024-01-21 00:00:00+00:00
[2024-01-21T13:49:42.174+0000] {processor.py:183} INFO - Processing /home/airflow/.local/lib/python3.8/site-packages/airflow/example_dags/example_short_circuit_operator.py took 0.243 seconds
[2024-01-21T13:50:12.911+0000] {processor.py:161} INFO - Started process (PID=1222) to work on /home/airflow/.local/lib/python3.8/site-packages/airflow/example_dags/example_short_circuit_operator.py
[2024-01-21T13:50:12.913+0000] {processor.py:830} INFO - Processing file /home/airflow/.local/lib/python3.8/site-packages/airflow/example_dags/example_short_circuit_operator.py for tasks to queue
[2024-01-21T13:50:12.917+0000] {logging_mixin.py:188} INFO - [2024-01-21T13:50:12.916+0000] {dagbag.py:538} INFO - Filling up the DagBag from /home/airflow/.local/lib/python3.8/site-packages/airflow/example_dags/example_short_circuit_operator.py
[2024-01-21T13:50:12.935+0000] {processor.py:840} INFO - DAG(s) 'example_short_circuit_operator' retrieved from /home/airflow/.local/lib/python3.8/site-packages/airflow/example_dags/example_short_circuit_operator.py
[2024-01-21T13:50:12.981+0000] {logging_mixin.py:188} INFO - [2024-01-21T13:50:12.980+0000] {dag.py:3036} INFO - Sync 1 DAGs
[2024-01-21T13:50:13.027+0000] {logging_mixin.py:188} INFO - [2024-01-21T13:50:13.026+0000] {dag.py:3823} INFO - Setting next_dagrun for example_short_circuit_operator to 2024-01-20 00:00:00+00:00, run_after=2024-01-21 00:00:00+00:00
[2024-01-21T13:50:13.066+0000] {processor.py:183} INFO - Processing /home/airflow/.local/lib/python3.8/site-packages/airflow/example_dags/example_short_circuit_operator.py took 0.161 seconds
[2024-01-21T13:50:44.244+0000] {processor.py:161} INFO - Started process (PID=1278) to work on /home/airflow/.local/lib/python3.8/site-packages/airflow/example_dags/example_short_circuit_operator.py
[2024-01-21T13:50:44.248+0000] {processor.py:830} INFO - Processing file /home/airflow/.local/lib/python3.8/site-packages/airflow/example_dags/example_short_circuit_operator.py for tasks to queue
[2024-01-21T13:50:44.255+0000] {logging_mixin.py:188} INFO - [2024-01-21T13:50:44.253+0000] {dagbag.py:538} INFO - Filling up the DagBag from /home/airflow/.local/lib/python3.8/site-packages/airflow/example_dags/example_short_circuit_operator.py
[2024-01-21T13:50:44.288+0000] {processor.py:840} INFO - DAG(s) 'example_short_circuit_operator' retrieved from /home/airflow/.local/lib/python3.8/site-packages/airflow/example_dags/example_short_circuit_operator.py
[2024-01-21T13:50:44.387+0000] {logging_mixin.py:188} INFO - [2024-01-21T13:50:44.386+0000] {dag.py:3036} INFO - Sync 1 DAGs
[2024-01-21T13:50:44.463+0000] {logging_mixin.py:188} INFO - [2024-01-21T13:50:44.463+0000] {dag.py:3823} INFO - Setting next_dagrun for example_short_circuit_operator to 2024-01-20 00:00:00+00:00, run_after=2024-01-21 00:00:00+00:00
[2024-01-21T13:50:44.531+0000] {processor.py:183} INFO - Processing /home/airflow/.local/lib/python3.8/site-packages/airflow/example_dags/example_short_circuit_operator.py took 0.299 seconds
[2024-01-21T13:51:14.969+0000] {processor.py:161} INFO - Started process (PID=1334) to work on /home/airflow/.local/lib/python3.8/site-packages/airflow/example_dags/example_short_circuit_operator.py
[2024-01-21T13:51:14.972+0000] {processor.py:830} INFO - Processing file /home/airflow/.local/lib/python3.8/site-packages/airflow/example_dags/example_short_circuit_operator.py for tasks to queue
[2024-01-21T13:51:14.980+0000] {logging_mixin.py:188} INFO - [2024-01-21T13:51:14.979+0000] {dagbag.py:538} INFO - Filling up the DagBag from /home/airflow/.local/lib/python3.8/site-packages/airflow/example_dags/example_short_circuit_operator.py
[2024-01-21T13:51:15.003+0000] {processor.py:840} INFO - DAG(s) 'example_short_circuit_operator' retrieved from /home/airflow/.local/lib/python3.8/site-packages/airflow/example_dags/example_short_circuit_operator.py
[2024-01-21T13:51:15.119+0000] {logging_mixin.py:188} INFO - [2024-01-21T13:51:15.118+0000] {dag.py:3036} INFO - Sync 1 DAGs
[2024-01-21T13:51:15.222+0000] {logging_mixin.py:188} INFO - [2024-01-21T13:51:15.219+0000] {dag.py:3823} INFO - Setting next_dagrun for example_short_circuit_operator to 2024-01-20 00:00:00+00:00, run_after=2024-01-21 00:00:00+00:00
[2024-01-21T13:51:15.307+0000] {processor.py:183} INFO - Processing /home/airflow/.local/lib/python3.8/site-packages/airflow/example_dags/example_short_circuit_operator.py took 0.351 seconds
