[2024-01-21T13:20:34.458+0000] {processor.py:161} INFO - Started process (PID=59) to work on /home/airflow/.local/lib/python3.8/site-packages/airflow/example_dags/example_nested_branch_dag.py
[2024-01-21T13:20:34.501+0000] {processor.py:830} INFO - Processing file /home/airflow/.local/lib/python3.8/site-packages/airflow/example_dags/example_nested_branch_dag.py for tasks to queue
[2024-01-21T13:20:34.516+0000] {logging_mixin.py:188} INFO - [2024-01-21T13:20:34.514+0000] {dagbag.py:538} INFO - Filling up the DagBag from /home/airflow/.local/lib/python3.8/site-packages/airflow/example_dags/example_nested_branch_dag.py
[2024-01-21T13:20:34.576+0000] {processor.py:840} INFO - DAG(s) 'example_nested_branch_dag' retrieved from /home/airflow/.local/lib/python3.8/site-packages/airflow/example_dags/example_nested_branch_dag.py
[2024-01-21T13:20:34.937+0000] {logging_mixin.py:188} INFO - [2024-01-21T13:20:34.936+0000] {dag.py:3036} INFO - Sync 1 DAGs
[2024-01-21T13:20:35.036+0000] {logging_mixin.py:188} INFO - [2024-01-21T13:20:35.036+0000] {dag.py:3823} INFO - Setting next_dagrun for example_nested_branch_dag to 2024-01-20 00:00:00+00:00, run_after=2024-01-21 00:00:00+00:00
[2024-01-21T13:20:35.115+0000] {processor.py:183} INFO - Processing /home/airflow/.local/lib/python3.8/site-packages/airflow/example_dags/example_nested_branch_dag.py took 0.680 seconds
[2024-01-21T13:21:05.711+0000] {processor.py:161} INFO - Started process (PID=114) to work on /home/airflow/.local/lib/python3.8/site-packages/airflow/example_dags/example_nested_branch_dag.py
[2024-01-21T13:21:05.713+0000] {processor.py:830} INFO - Processing file /home/airflow/.local/lib/python3.8/site-packages/airflow/example_dags/example_nested_branch_dag.py for tasks to queue
[2024-01-21T13:21:05.719+0000] {logging_mixin.py:188} INFO - [2024-01-21T13:21:05.718+0000] {dagbag.py:538} INFO - Filling up the DagBag from /home/airflow/.local/lib/python3.8/site-packages/airflow/example_dags/example_nested_branch_dag.py
[2024-01-21T13:21:05.750+0000] {processor.py:840} INFO - DAG(s) 'example_nested_branch_dag' retrieved from /home/airflow/.local/lib/python3.8/site-packages/airflow/example_dags/example_nested_branch_dag.py
[2024-01-21T13:21:05.812+0000] {logging_mixin.py:188} INFO - [2024-01-21T13:21:05.811+0000] {dag.py:3036} INFO - Sync 1 DAGs
[2024-01-21T13:21:05.882+0000] {logging_mixin.py:188} INFO - [2024-01-21T13:21:05.881+0000] {dag.py:3823} INFO - Setting next_dagrun for example_nested_branch_dag to 2024-01-20 00:00:00+00:00, run_after=2024-01-21 00:00:00+00:00
[2024-01-21T13:21:05.993+0000] {processor.py:183} INFO - Processing /home/airflow/.local/lib/python3.8/site-packages/airflow/example_dags/example_nested_branch_dag.py took 0.290 seconds
[2024-01-21T13:21:36.632+0000] {processor.py:161} INFO - Started process (PID=169) to work on /home/airflow/.local/lib/python3.8/site-packages/airflow/example_dags/example_nested_branch_dag.py
[2024-01-21T13:21:36.635+0000] {processor.py:830} INFO - Processing file /home/airflow/.local/lib/python3.8/site-packages/airflow/example_dags/example_nested_branch_dag.py for tasks to queue
[2024-01-21T13:21:36.651+0000] {logging_mixin.py:188} INFO - [2024-01-21T13:21:36.650+0000] {dagbag.py:538} INFO - Filling up the DagBag from /home/airflow/.local/lib/python3.8/site-packages/airflow/example_dags/example_nested_branch_dag.py
[2024-01-21T13:21:36.682+0000] {processor.py:840} INFO - DAG(s) 'example_nested_branch_dag' retrieved from /home/airflow/.local/lib/python3.8/site-packages/airflow/example_dags/example_nested_branch_dag.py
[2024-01-21T13:21:36.752+0000] {logging_mixin.py:188} INFO - [2024-01-21T13:21:36.752+0000] {dag.py:3036} INFO - Sync 1 DAGs
[2024-01-21T13:21:36.850+0000] {logging_mixin.py:188} INFO - [2024-01-21T13:21:36.850+0000] {dag.py:3823} INFO - Setting next_dagrun for example_nested_branch_dag to 2024-01-20 00:00:00+00:00, run_after=2024-01-21 00:00:00+00:00
[2024-01-21T13:21:36.939+0000] {processor.py:183} INFO - Processing /home/airflow/.local/lib/python3.8/site-packages/airflow/example_dags/example_nested_branch_dag.py took 0.321 seconds
[2024-01-21T13:22:07.121+0000] {processor.py:161} INFO - Started process (PID=222) to work on /home/airflow/.local/lib/python3.8/site-packages/airflow/example_dags/example_nested_branch_dag.py
[2024-01-21T13:22:07.146+0000] {processor.py:830} INFO - Processing file /home/airflow/.local/lib/python3.8/site-packages/airflow/example_dags/example_nested_branch_dag.py for tasks to queue
[2024-01-21T13:22:07.153+0000] {logging_mixin.py:188} INFO - [2024-01-21T13:22:07.152+0000] {dagbag.py:538} INFO - Filling up the DagBag from /home/airflow/.local/lib/python3.8/site-packages/airflow/example_dags/example_nested_branch_dag.py
[2024-01-21T13:22:07.247+0000] {processor.py:840} INFO - DAG(s) 'example_nested_branch_dag' retrieved from /home/airflow/.local/lib/python3.8/site-packages/airflow/example_dags/example_nested_branch_dag.py
[2024-01-21T13:22:07.380+0000] {logging_mixin.py:188} INFO - [2024-01-21T13:22:07.380+0000] {dag.py:3036} INFO - Sync 1 DAGs
[2024-01-21T13:22:07.442+0000] {logging_mixin.py:188} INFO - [2024-01-21T13:22:07.441+0000] {dag.py:3823} INFO - Setting next_dagrun for example_nested_branch_dag to 2024-01-20 00:00:00+00:00, run_after=2024-01-21 00:00:00+00:00
[2024-01-21T13:22:07.491+0000] {processor.py:183} INFO - Processing /home/airflow/.local/lib/python3.8/site-packages/airflow/example_dags/example_nested_branch_dag.py took 0.397 seconds
[2024-01-21T13:39:27.090+0000] {processor.py:161} INFO - Started process (PID=60) to work on /home/airflow/.local/lib/python3.8/site-packages/airflow/example_dags/example_nested_branch_dag.py
[2024-01-21T13:39:27.137+0000] {processor.py:830} INFO - Processing file /home/airflow/.local/lib/python3.8/site-packages/airflow/example_dags/example_nested_branch_dag.py for tasks to queue
[2024-01-21T13:39:27.399+0000] {logging_mixin.py:188} INFO - [2024-01-21T13:39:27.373+0000] {dagbag.py:538} INFO - Filling up the DagBag from /home/airflow/.local/lib/python3.8/site-packages/airflow/example_dags/example_nested_branch_dag.py
[2024-01-21T13:39:27.710+0000] {processor.py:840} INFO - DAG(s) 'example_nested_branch_dag' retrieved from /home/airflow/.local/lib/python3.8/site-packages/airflow/example_dags/example_nested_branch_dag.py
[2024-01-21T13:39:29.530+0000] {logging_mixin.py:188} INFO - [2024-01-21T13:39:29.529+0000] {dag.py:3036} INFO - Sync 1 DAGs
[2024-01-21T13:39:29.760+0000] {logging_mixin.py:188} INFO - [2024-01-21T13:39:29.759+0000] {dag.py:3823} INFO - Setting next_dagrun for example_nested_branch_dag to 2024-01-20 00:00:00+00:00, run_after=2024-01-21 00:00:00+00:00
[2024-01-21T13:39:29.919+0000] {processor.py:183} INFO - Processing /home/airflow/.local/lib/python3.8/site-packages/airflow/example_dags/example_nested_branch_dag.py took 3.106 seconds
[2024-01-21T13:40:00.625+0000] {processor.py:161} INFO - Started process (PID=115) to work on /home/airflow/.local/lib/python3.8/site-packages/airflow/example_dags/example_nested_branch_dag.py
[2024-01-21T13:40:00.628+0000] {processor.py:830} INFO - Processing file /home/airflow/.local/lib/python3.8/site-packages/airflow/example_dags/example_nested_branch_dag.py for tasks to queue
[2024-01-21T13:40:00.637+0000] {logging_mixin.py:188} INFO - [2024-01-21T13:40:00.636+0000] {dagbag.py:538} INFO - Filling up the DagBag from /home/airflow/.local/lib/python3.8/site-packages/airflow/example_dags/example_nested_branch_dag.py
[2024-01-21T13:40:00.912+0000] {processor.py:840} INFO - DAG(s) 'example_nested_branch_dag' retrieved from /home/airflow/.local/lib/python3.8/site-packages/airflow/example_dags/example_nested_branch_dag.py
[2024-01-21T13:40:01.454+0000] {logging_mixin.py:188} INFO - [2024-01-21T13:40:01.453+0000] {dag.py:3036} INFO - Sync 1 DAGs
[2024-01-21T13:40:01.618+0000] {logging_mixin.py:188} INFO - [2024-01-21T13:40:01.616+0000] {dag.py:3823} INFO - Setting next_dagrun for example_nested_branch_dag to 2024-01-20 00:00:00+00:00, run_after=2024-01-21 00:00:00+00:00
[2024-01-21T13:40:01.791+0000] {processor.py:183} INFO - Processing /home/airflow/.local/lib/python3.8/site-packages/airflow/example_dags/example_nested_branch_dag.py took 1.270 seconds
[2024-01-21T13:40:32.218+0000] {processor.py:161} INFO - Started process (PID=170) to work on /home/airflow/.local/lib/python3.8/site-packages/airflow/example_dags/example_nested_branch_dag.py
[2024-01-21T13:40:32.221+0000] {processor.py:830} INFO - Processing file /home/airflow/.local/lib/python3.8/site-packages/airflow/example_dags/example_nested_branch_dag.py for tasks to queue
[2024-01-21T13:40:32.233+0000] {logging_mixin.py:188} INFO - [2024-01-21T13:40:32.232+0000] {dagbag.py:538} INFO - Filling up the DagBag from /home/airflow/.local/lib/python3.8/site-packages/airflow/example_dags/example_nested_branch_dag.py
[2024-01-21T13:40:32.261+0000] {processor.py:840} INFO - DAG(s) 'example_nested_branch_dag' retrieved from /home/airflow/.local/lib/python3.8/site-packages/airflow/example_dags/example_nested_branch_dag.py
[2024-01-21T13:40:32.321+0000] {logging_mixin.py:188} INFO - [2024-01-21T13:40:32.320+0000] {dag.py:3036} INFO - Sync 1 DAGs
[2024-01-21T13:40:32.444+0000] {logging_mixin.py:188} INFO - [2024-01-21T13:40:32.438+0000] {dag.py:3823} INFO - Setting next_dagrun for example_nested_branch_dag to 2024-01-20 00:00:00+00:00, run_after=2024-01-21 00:00:00+00:00
[2024-01-21T13:40:32.527+0000] {processor.py:183} INFO - Processing /home/airflow/.local/lib/python3.8/site-packages/airflow/example_dags/example_nested_branch_dag.py took 0.316 seconds
[2024-01-21T13:41:02.783+0000] {processor.py:161} INFO - Started process (PID=227) to work on /home/airflow/.local/lib/python3.8/site-packages/airflow/example_dags/example_nested_branch_dag.py
[2024-01-21T13:41:02.790+0000] {processor.py:830} INFO - Processing file /home/airflow/.local/lib/python3.8/site-packages/airflow/example_dags/example_nested_branch_dag.py for tasks to queue
[2024-01-21T13:41:02.800+0000] {logging_mixin.py:188} INFO - [2024-01-21T13:41:02.798+0000] {dagbag.py:538} INFO - Filling up the DagBag from /home/airflow/.local/lib/python3.8/site-packages/airflow/example_dags/example_nested_branch_dag.py
[2024-01-21T13:41:02.868+0000] {processor.py:840} INFO - DAG(s) 'example_nested_branch_dag' retrieved from /home/airflow/.local/lib/python3.8/site-packages/airflow/example_dags/example_nested_branch_dag.py
[2024-01-21T13:41:02.992+0000] {logging_mixin.py:188} INFO - [2024-01-21T13:41:02.991+0000] {dag.py:3036} INFO - Sync 1 DAGs
[2024-01-21T13:41:03.080+0000] {logging_mixin.py:188} INFO - [2024-01-21T13:41:03.080+0000] {dag.py:3823} INFO - Setting next_dagrun for example_nested_branch_dag to 2024-01-20 00:00:00+00:00, run_after=2024-01-21 00:00:00+00:00
[2024-01-21T13:41:03.148+0000] {processor.py:183} INFO - Processing /home/airflow/.local/lib/python3.8/site-packages/airflow/example_dags/example_nested_branch_dag.py took 0.385 seconds
[2024-01-21T13:41:33.404+0000] {processor.py:161} INFO - Started process (PID=283) to work on /home/airflow/.local/lib/python3.8/site-packages/airflow/example_dags/example_nested_branch_dag.py
[2024-01-21T13:41:33.407+0000] {processor.py:830} INFO - Processing file /home/airflow/.local/lib/python3.8/site-packages/airflow/example_dags/example_nested_branch_dag.py for tasks to queue
[2024-01-21T13:41:33.412+0000] {logging_mixin.py:188} INFO - [2024-01-21T13:41:33.411+0000] {dagbag.py:538} INFO - Filling up the DagBag from /home/airflow/.local/lib/python3.8/site-packages/airflow/example_dags/example_nested_branch_dag.py
[2024-01-21T13:41:33.437+0000] {processor.py:840} INFO - DAG(s) 'example_nested_branch_dag' retrieved from /home/airflow/.local/lib/python3.8/site-packages/airflow/example_dags/example_nested_branch_dag.py
[2024-01-21T13:41:33.486+0000] {logging_mixin.py:188} INFO - [2024-01-21T13:41:33.486+0000] {dag.py:3036} INFO - Sync 1 DAGs
[2024-01-21T13:41:33.524+0000] {logging_mixin.py:188} INFO - [2024-01-21T13:41:33.523+0000] {dag.py:3823} INFO - Setting next_dagrun for example_nested_branch_dag to 2024-01-20 00:00:00+00:00, run_after=2024-01-21 00:00:00+00:00
[2024-01-21T13:41:33.558+0000] {processor.py:183} INFO - Processing /home/airflow/.local/lib/python3.8/site-packages/airflow/example_dags/example_nested_branch_dag.py took 0.162 seconds
[2024-01-21T13:42:04.040+0000] {processor.py:161} INFO - Started process (PID=338) to work on /home/airflow/.local/lib/python3.8/site-packages/airflow/example_dags/example_nested_branch_dag.py
[2024-01-21T13:42:04.048+0000] {processor.py:830} INFO - Processing file /home/airflow/.local/lib/python3.8/site-packages/airflow/example_dags/example_nested_branch_dag.py for tasks to queue
[2024-01-21T13:42:04.059+0000] {logging_mixin.py:188} INFO - [2024-01-21T13:42:04.059+0000] {dagbag.py:538} INFO - Filling up the DagBag from /home/airflow/.local/lib/python3.8/site-packages/airflow/example_dags/example_nested_branch_dag.py
[2024-01-21T13:42:04.174+0000] {processor.py:840} INFO - DAG(s) 'example_nested_branch_dag' retrieved from /home/airflow/.local/lib/python3.8/site-packages/airflow/example_dags/example_nested_branch_dag.py
[2024-01-21T13:42:04.257+0000] {logging_mixin.py:188} INFO - [2024-01-21T13:42:04.257+0000] {dag.py:3036} INFO - Sync 1 DAGs
[2024-01-21T13:42:04.334+0000] {logging_mixin.py:188} INFO - [2024-01-21T13:42:04.333+0000] {dag.py:3823} INFO - Setting next_dagrun for example_nested_branch_dag to 2024-01-20 00:00:00+00:00, run_after=2024-01-21 00:00:00+00:00
[2024-01-21T13:42:04.375+0000] {processor.py:183} INFO - Processing /home/airflow/.local/lib/python3.8/site-packages/airflow/example_dags/example_nested_branch_dag.py took 0.351 seconds
[2024-01-21T13:42:35.465+0000] {processor.py:161} INFO - Started process (PID=393) to work on /home/airflow/.local/lib/python3.8/site-packages/airflow/example_dags/example_nested_branch_dag.py
[2024-01-21T13:42:35.471+0000] {processor.py:830} INFO - Processing file /home/airflow/.local/lib/python3.8/site-packages/airflow/example_dags/example_nested_branch_dag.py for tasks to queue
[2024-01-21T13:42:35.540+0000] {logging_mixin.py:188} INFO - [2024-01-21T13:42:35.480+0000] {dagbag.py:538} INFO - Filling up the DagBag from /home/airflow/.local/lib/python3.8/site-packages/airflow/example_dags/example_nested_branch_dag.py
[2024-01-21T13:42:35.819+0000] {processor.py:840} INFO - DAG(s) 'example_nested_branch_dag' retrieved from /home/airflow/.local/lib/python3.8/site-packages/airflow/example_dags/example_nested_branch_dag.py
[2024-01-21T13:42:35.997+0000] {logging_mixin.py:188} INFO - [2024-01-21T13:42:35.997+0000] {dag.py:3036} INFO - Sync 1 DAGs
[2024-01-21T13:42:36.174+0000] {logging_mixin.py:188} INFO - [2024-01-21T13:42:36.174+0000] {dag.py:3823} INFO - Setting next_dagrun for example_nested_branch_dag to 2024-01-20 00:00:00+00:00, run_after=2024-01-21 00:00:00+00:00
[2024-01-21T13:42:36.247+0000] {processor.py:183} INFO - Processing /home/airflow/.local/lib/python3.8/site-packages/airflow/example_dags/example_nested_branch_dag.py took 0.798 seconds
[2024-01-21T13:43:06.643+0000] {processor.py:161} INFO - Started process (PID=448) to work on /home/airflow/.local/lib/python3.8/site-packages/airflow/example_dags/example_nested_branch_dag.py
[2024-01-21T13:43:06.646+0000] {processor.py:830} INFO - Processing file /home/airflow/.local/lib/python3.8/site-packages/airflow/example_dags/example_nested_branch_dag.py for tasks to queue
[2024-01-21T13:43:06.652+0000] {logging_mixin.py:188} INFO - [2024-01-21T13:43:06.651+0000] {dagbag.py:538} INFO - Filling up the DagBag from /home/airflow/.local/lib/python3.8/site-packages/airflow/example_dags/example_nested_branch_dag.py
[2024-01-21T13:43:06.712+0000] {processor.py:840} INFO - DAG(s) 'example_nested_branch_dag' retrieved from /home/airflow/.local/lib/python3.8/site-packages/airflow/example_dags/example_nested_branch_dag.py
[2024-01-21T13:43:06.763+0000] {logging_mixin.py:188} INFO - [2024-01-21T13:43:06.762+0000] {dag.py:3036} INFO - Sync 1 DAGs
[2024-01-21T13:43:06.810+0000] {logging_mixin.py:188} INFO - [2024-01-21T13:43:06.809+0000] {dag.py:3823} INFO - Setting next_dagrun for example_nested_branch_dag to 2024-01-20 00:00:00+00:00, run_after=2024-01-21 00:00:00+00:00
[2024-01-21T13:43:06.853+0000] {processor.py:183} INFO - Processing /home/airflow/.local/lib/python3.8/site-packages/airflow/example_dags/example_nested_branch_dag.py took 0.220 seconds
[2024-01-21T13:43:37.261+0000] {processor.py:161} INFO - Started process (PID=503) to work on /home/airflow/.local/lib/python3.8/site-packages/airflow/example_dags/example_nested_branch_dag.py
[2024-01-21T13:43:37.263+0000] {processor.py:830} INFO - Processing file /home/airflow/.local/lib/python3.8/site-packages/airflow/example_dags/example_nested_branch_dag.py for tasks to queue
[2024-01-21T13:43:37.269+0000] {logging_mixin.py:188} INFO - [2024-01-21T13:43:37.268+0000] {dagbag.py:538} INFO - Filling up the DagBag from /home/airflow/.local/lib/python3.8/site-packages/airflow/example_dags/example_nested_branch_dag.py
[2024-01-21T13:43:37.305+0000] {processor.py:840} INFO - DAG(s) 'example_nested_branch_dag' retrieved from /home/airflow/.local/lib/python3.8/site-packages/airflow/example_dags/example_nested_branch_dag.py
[2024-01-21T13:43:37.471+0000] {logging_mixin.py:188} INFO - [2024-01-21T13:43:37.470+0000] {dag.py:3036} INFO - Sync 1 DAGs
[2024-01-21T13:43:37.533+0000] {logging_mixin.py:188} INFO - [2024-01-21T13:43:37.533+0000] {dag.py:3823} INFO - Setting next_dagrun for example_nested_branch_dag to 2024-01-20 00:00:00+00:00, run_after=2024-01-21 00:00:00+00:00
[2024-01-21T13:43:37.591+0000] {processor.py:183} INFO - Processing /home/airflow/.local/lib/python3.8/site-packages/airflow/example_dags/example_nested_branch_dag.py took 0.339 seconds
[2024-01-21T13:44:08.119+0000] {processor.py:161} INFO - Started process (PID=559) to work on /home/airflow/.local/lib/python3.8/site-packages/airflow/example_dags/example_nested_branch_dag.py
[2024-01-21T13:44:08.121+0000] {processor.py:830} INFO - Processing file /home/airflow/.local/lib/python3.8/site-packages/airflow/example_dags/example_nested_branch_dag.py for tasks to queue
[2024-01-21T13:44:08.125+0000] {logging_mixin.py:188} INFO - [2024-01-21T13:44:08.125+0000] {dagbag.py:538} INFO - Filling up the DagBag from /home/airflow/.local/lib/python3.8/site-packages/airflow/example_dags/example_nested_branch_dag.py
[2024-01-21T13:44:08.147+0000] {processor.py:840} INFO - DAG(s) 'example_nested_branch_dag' retrieved from /home/airflow/.local/lib/python3.8/site-packages/airflow/example_dags/example_nested_branch_dag.py
[2024-01-21T13:44:08.289+0000] {logging_mixin.py:188} INFO - [2024-01-21T13:44:08.287+0000] {dag.py:3036} INFO - Sync 1 DAGs
[2024-01-21T13:44:08.389+0000] {logging_mixin.py:188} INFO - [2024-01-21T13:44:08.388+0000] {dag.py:3823} INFO - Setting next_dagrun for example_nested_branch_dag to 2024-01-20 00:00:00+00:00, run_after=2024-01-21 00:00:00+00:00
[2024-01-21T13:44:08.460+0000] {processor.py:183} INFO - Processing /home/airflow/.local/lib/python3.8/site-packages/airflow/example_dags/example_nested_branch_dag.py took 0.346 seconds
[2024-01-21T13:44:38.673+0000] {processor.py:161} INFO - Started process (PID=615) to work on /home/airflow/.local/lib/python3.8/site-packages/airflow/example_dags/example_nested_branch_dag.py
[2024-01-21T13:44:38.675+0000] {processor.py:830} INFO - Processing file /home/airflow/.local/lib/python3.8/site-packages/airflow/example_dags/example_nested_branch_dag.py for tasks to queue
[2024-01-21T13:44:38.681+0000] {logging_mixin.py:188} INFO - [2024-01-21T13:44:38.680+0000] {dagbag.py:538} INFO - Filling up the DagBag from /home/airflow/.local/lib/python3.8/site-packages/airflow/example_dags/example_nested_branch_dag.py
[2024-01-21T13:44:38.700+0000] {processor.py:840} INFO - DAG(s) 'example_nested_branch_dag' retrieved from /home/airflow/.local/lib/python3.8/site-packages/airflow/example_dags/example_nested_branch_dag.py
[2024-01-21T13:44:38.741+0000] {logging_mixin.py:188} INFO - [2024-01-21T13:44:38.740+0000] {dag.py:3036} INFO - Sync 1 DAGs
[2024-01-21T13:44:38.801+0000] {logging_mixin.py:188} INFO - [2024-01-21T13:44:38.801+0000] {dag.py:3823} INFO - Setting next_dagrun for example_nested_branch_dag to 2024-01-20 00:00:00+00:00, run_after=2024-01-21 00:00:00+00:00
[2024-01-21T13:44:38.889+0000] {processor.py:183} INFO - Processing /home/airflow/.local/lib/python3.8/site-packages/airflow/example_dags/example_nested_branch_dag.py took 0.225 seconds
[2024-01-21T13:45:09.041+0000] {processor.py:161} INFO - Started process (PID=668) to work on /home/airflow/.local/lib/python3.8/site-packages/airflow/example_dags/example_nested_branch_dag.py
[2024-01-21T13:45:09.044+0000] {processor.py:830} INFO - Processing file /home/airflow/.local/lib/python3.8/site-packages/airflow/example_dags/example_nested_branch_dag.py for tasks to queue
[2024-01-21T13:45:09.051+0000] {logging_mixin.py:188} INFO - [2024-01-21T13:45:09.050+0000] {dagbag.py:538} INFO - Filling up the DagBag from /home/airflow/.local/lib/python3.8/site-packages/airflow/example_dags/example_nested_branch_dag.py
[2024-01-21T13:45:09.078+0000] {processor.py:840} INFO - DAG(s) 'example_nested_branch_dag' retrieved from /home/airflow/.local/lib/python3.8/site-packages/airflow/example_dags/example_nested_branch_dag.py
[2024-01-21T13:45:09.133+0000] {logging_mixin.py:188} INFO - [2024-01-21T13:45:09.133+0000] {dag.py:3036} INFO - Sync 1 DAGs
[2024-01-21T13:45:09.184+0000] {logging_mixin.py:188} INFO - [2024-01-21T13:45:09.184+0000] {dag.py:3823} INFO - Setting next_dagrun for example_nested_branch_dag to 2024-01-20 00:00:00+00:00, run_after=2024-01-21 00:00:00+00:00
[2024-01-21T13:45:09.248+0000] {processor.py:183} INFO - Processing /home/airflow/.local/lib/python3.8/site-packages/airflow/example_dags/example_nested_branch_dag.py took 0.217 seconds
[2024-01-21T13:45:39.578+0000] {processor.py:161} INFO - Started process (PID=724) to work on /home/airflow/.local/lib/python3.8/site-packages/airflow/example_dags/example_nested_branch_dag.py
[2024-01-21T13:45:39.582+0000] {processor.py:830} INFO - Processing file /home/airflow/.local/lib/python3.8/site-packages/airflow/example_dags/example_nested_branch_dag.py for tasks to queue
[2024-01-21T13:45:39.587+0000] {logging_mixin.py:188} INFO - [2024-01-21T13:45:39.586+0000] {dagbag.py:538} INFO - Filling up the DagBag from /home/airflow/.local/lib/python3.8/site-packages/airflow/example_dags/example_nested_branch_dag.py
[2024-01-21T13:45:39.610+0000] {processor.py:840} INFO - DAG(s) 'example_nested_branch_dag' retrieved from /home/airflow/.local/lib/python3.8/site-packages/airflow/example_dags/example_nested_branch_dag.py
[2024-01-21T13:45:39.677+0000] {logging_mixin.py:188} INFO - [2024-01-21T13:45:39.676+0000] {dag.py:3036} INFO - Sync 1 DAGs
[2024-01-21T13:45:39.765+0000] {logging_mixin.py:188} INFO - [2024-01-21T13:45:39.765+0000] {dag.py:3823} INFO - Setting next_dagrun for example_nested_branch_dag to 2024-01-20 00:00:00+00:00, run_after=2024-01-21 00:00:00+00:00
[2024-01-21T13:45:39.816+0000] {processor.py:183} INFO - Processing /home/airflow/.local/lib/python3.8/site-packages/airflow/example_dags/example_nested_branch_dag.py took 0.244 seconds
[2024-01-21T13:46:10.133+0000] {processor.py:161} INFO - Started process (PID=780) to work on /home/airflow/.local/lib/python3.8/site-packages/airflow/example_dags/example_nested_branch_dag.py
[2024-01-21T13:46:10.136+0000] {processor.py:830} INFO - Processing file /home/airflow/.local/lib/python3.8/site-packages/airflow/example_dags/example_nested_branch_dag.py for tasks to queue
[2024-01-21T13:46:10.143+0000] {logging_mixin.py:188} INFO - [2024-01-21T13:46:10.142+0000] {dagbag.py:538} INFO - Filling up the DagBag from /home/airflow/.local/lib/python3.8/site-packages/airflow/example_dags/example_nested_branch_dag.py
[2024-01-21T13:46:10.168+0000] {processor.py:840} INFO - DAG(s) 'example_nested_branch_dag' retrieved from /home/airflow/.local/lib/python3.8/site-packages/airflow/example_dags/example_nested_branch_dag.py
[2024-01-21T13:46:10.225+0000] {logging_mixin.py:188} INFO - [2024-01-21T13:46:10.225+0000] {dag.py:3036} INFO - Sync 1 DAGs
[2024-01-21T13:46:10.280+0000] {logging_mixin.py:188} INFO - [2024-01-21T13:46:10.280+0000] {dag.py:3823} INFO - Setting next_dagrun for example_nested_branch_dag to 2024-01-20 00:00:00+00:00, run_after=2024-01-21 00:00:00+00:00
[2024-01-21T13:46:10.328+0000] {processor.py:183} INFO - Processing /home/airflow/.local/lib/python3.8/site-packages/airflow/example_dags/example_nested_branch_dag.py took 0.205 seconds
[2024-01-21T13:46:40.569+0000] {processor.py:161} INFO - Started process (PID=836) to work on /home/airflow/.local/lib/python3.8/site-packages/airflow/example_dags/example_nested_branch_dag.py
[2024-01-21T13:46:40.577+0000] {processor.py:830} INFO - Processing file /home/airflow/.local/lib/python3.8/site-packages/airflow/example_dags/example_nested_branch_dag.py for tasks to queue
[2024-01-21T13:46:40.584+0000] {logging_mixin.py:188} INFO - [2024-01-21T13:46:40.583+0000] {dagbag.py:538} INFO - Filling up the DagBag from /home/airflow/.local/lib/python3.8/site-packages/airflow/example_dags/example_nested_branch_dag.py
[2024-01-21T13:46:40.627+0000] {processor.py:840} INFO - DAG(s) 'example_nested_branch_dag' retrieved from /home/airflow/.local/lib/python3.8/site-packages/airflow/example_dags/example_nested_branch_dag.py
[2024-01-21T13:46:40.892+0000] {logging_mixin.py:188} INFO - [2024-01-21T13:46:40.889+0000] {dag.py:3036} INFO - Sync 1 DAGs
[2024-01-21T13:46:41.037+0000] {logging_mixin.py:188} INFO - [2024-01-21T13:46:41.036+0000] {dag.py:3823} INFO - Setting next_dagrun for example_nested_branch_dag to 2024-01-20 00:00:00+00:00, run_after=2024-01-21 00:00:00+00:00
[2024-01-21T13:46:41.118+0000] {processor.py:183} INFO - Processing /home/airflow/.local/lib/python3.8/site-packages/airflow/example_dags/example_nested_branch_dag.py took 0.564 seconds
[2024-01-21T13:47:11.275+0000] {processor.py:161} INFO - Started process (PID=891) to work on /home/airflow/.local/lib/python3.8/site-packages/airflow/example_dags/example_nested_branch_dag.py
[2024-01-21T13:47:11.278+0000] {processor.py:830} INFO - Processing file /home/airflow/.local/lib/python3.8/site-packages/airflow/example_dags/example_nested_branch_dag.py for tasks to queue
[2024-01-21T13:47:11.290+0000] {logging_mixin.py:188} INFO - [2024-01-21T13:47:11.290+0000] {dagbag.py:538} INFO - Filling up the DagBag from /home/airflow/.local/lib/python3.8/site-packages/airflow/example_dags/example_nested_branch_dag.py
[2024-01-21T13:47:11.312+0000] {processor.py:840} INFO - DAG(s) 'example_nested_branch_dag' retrieved from /home/airflow/.local/lib/python3.8/site-packages/airflow/example_dags/example_nested_branch_dag.py
[2024-01-21T13:47:11.395+0000] {logging_mixin.py:188} INFO - [2024-01-21T13:47:11.395+0000] {dag.py:3036} INFO - Sync 1 DAGs
[2024-01-21T13:47:11.527+0000] {logging_mixin.py:188} INFO - [2024-01-21T13:47:11.527+0000] {dag.py:3823} INFO - Setting next_dagrun for example_nested_branch_dag to 2024-01-20 00:00:00+00:00, run_after=2024-01-21 00:00:00+00:00
[2024-01-21T13:47:11.581+0000] {processor.py:183} INFO - Processing /home/airflow/.local/lib/python3.8/site-packages/airflow/example_dags/example_nested_branch_dag.py took 0.315 seconds
[2024-01-21T13:47:42.549+0000] {processor.py:161} INFO - Started process (PID=953) to work on /home/airflow/.local/lib/python3.8/site-packages/airflow/example_dags/example_nested_branch_dag.py
[2024-01-21T13:47:42.553+0000] {processor.py:830} INFO - Processing file /home/airflow/.local/lib/python3.8/site-packages/airflow/example_dags/example_nested_branch_dag.py for tasks to queue
[2024-01-21T13:47:42.558+0000] {logging_mixin.py:188} INFO - [2024-01-21T13:47:42.557+0000] {dagbag.py:538} INFO - Filling up the DagBag from /home/airflow/.local/lib/python3.8/site-packages/airflow/example_dags/example_nested_branch_dag.py
[2024-01-21T13:47:42.584+0000] {processor.py:840} INFO - DAG(s) 'example_nested_branch_dag' retrieved from /home/airflow/.local/lib/python3.8/site-packages/airflow/example_dags/example_nested_branch_dag.py
[2024-01-21T13:47:42.658+0000] {logging_mixin.py:188} INFO - [2024-01-21T13:47:42.658+0000] {dag.py:3036} INFO - Sync 1 DAGs
[2024-01-21T13:47:42.714+0000] {logging_mixin.py:188} INFO - [2024-01-21T13:47:42.713+0000] {dag.py:3823} INFO - Setting next_dagrun for example_nested_branch_dag to 2024-01-20 00:00:00+00:00, run_after=2024-01-21 00:00:00+00:00
[2024-01-21T13:47:42.773+0000] {processor.py:183} INFO - Processing /home/airflow/.local/lib/python3.8/site-packages/airflow/example_dags/example_nested_branch_dag.py took 0.232 seconds
[2024-01-21T13:48:13.470+0000] {processor.py:161} INFO - Started process (PID=1009) to work on /home/airflow/.local/lib/python3.8/site-packages/airflow/example_dags/example_nested_branch_dag.py
[2024-01-21T13:48:13.474+0000] {processor.py:830} INFO - Processing file /home/airflow/.local/lib/python3.8/site-packages/airflow/example_dags/example_nested_branch_dag.py for tasks to queue
[2024-01-21T13:48:13.481+0000] {logging_mixin.py:188} INFO - [2024-01-21T13:48:13.480+0000] {dagbag.py:538} INFO - Filling up the DagBag from /home/airflow/.local/lib/python3.8/site-packages/airflow/example_dags/example_nested_branch_dag.py
[2024-01-21T13:48:13.526+0000] {processor.py:840} INFO - DAG(s) 'example_nested_branch_dag' retrieved from /home/airflow/.local/lib/python3.8/site-packages/airflow/example_dags/example_nested_branch_dag.py
[2024-01-21T13:48:13.607+0000] {logging_mixin.py:188} INFO - [2024-01-21T13:48:13.606+0000] {dag.py:3036} INFO - Sync 1 DAGs
[2024-01-21T13:48:13.691+0000] {logging_mixin.py:188} INFO - [2024-01-21T13:48:13.690+0000] {dag.py:3823} INFO - Setting next_dagrun for example_nested_branch_dag to 2024-01-20 00:00:00+00:00, run_after=2024-01-21 00:00:00+00:00
[2024-01-21T13:48:13.756+0000] {processor.py:183} INFO - Processing /home/airflow/.local/lib/python3.8/site-packages/airflow/example_dags/example_nested_branch_dag.py took 0.297 seconds
[2024-01-21T13:48:44.669+0000] {processor.py:161} INFO - Started process (PID=1065) to work on /home/airflow/.local/lib/python3.8/site-packages/airflow/example_dags/example_nested_branch_dag.py
[2024-01-21T13:48:44.674+0000] {processor.py:830} INFO - Processing file /home/airflow/.local/lib/python3.8/site-packages/airflow/example_dags/example_nested_branch_dag.py for tasks to queue
[2024-01-21T13:48:44.681+0000] {logging_mixin.py:188} INFO - [2024-01-21T13:48:44.680+0000] {dagbag.py:538} INFO - Filling up the DagBag from /home/airflow/.local/lib/python3.8/site-packages/airflow/example_dags/example_nested_branch_dag.py
[2024-01-21T13:48:44.711+0000] {processor.py:840} INFO - DAG(s) 'example_nested_branch_dag' retrieved from /home/airflow/.local/lib/python3.8/site-packages/airflow/example_dags/example_nested_branch_dag.py
[2024-01-21T13:48:44.758+0000] {logging_mixin.py:188} INFO - [2024-01-21T13:48:44.757+0000] {dag.py:3036} INFO - Sync 1 DAGs
[2024-01-21T13:48:44.802+0000] {logging_mixin.py:188} INFO - [2024-01-21T13:48:44.802+0000] {dag.py:3823} INFO - Setting next_dagrun for example_nested_branch_dag to 2024-01-20 00:00:00+00:00, run_after=2024-01-21 00:00:00+00:00
[2024-01-21T13:48:44.840+0000] {processor.py:183} INFO - Processing /home/airflow/.local/lib/python3.8/site-packages/airflow/example_dags/example_nested_branch_dag.py took 0.179 seconds
[2024-01-21T13:49:14.992+0000] {processor.py:161} INFO - Started process (PID=1121) to work on /home/airflow/.local/lib/python3.8/site-packages/airflow/example_dags/example_nested_branch_dag.py
[2024-01-21T13:49:14.994+0000] {processor.py:830} INFO - Processing file /home/airflow/.local/lib/python3.8/site-packages/airflow/example_dags/example_nested_branch_dag.py for tasks to queue
[2024-01-21T13:49:14.998+0000] {logging_mixin.py:188} INFO - [2024-01-21T13:49:14.997+0000] {dagbag.py:538} INFO - Filling up the DagBag from /home/airflow/.local/lib/python3.8/site-packages/airflow/example_dags/example_nested_branch_dag.py
[2024-01-21T13:49:15.019+0000] {processor.py:840} INFO - DAG(s) 'example_nested_branch_dag' retrieved from /home/airflow/.local/lib/python3.8/site-packages/airflow/example_dags/example_nested_branch_dag.py
[2024-01-21T13:49:15.071+0000] {logging_mixin.py:188} INFO - [2024-01-21T13:49:15.071+0000] {dag.py:3036} INFO - Sync 1 DAGs
[2024-01-21T13:49:15.114+0000] {logging_mixin.py:188} INFO - [2024-01-21T13:49:15.114+0000] {dag.py:3823} INFO - Setting next_dagrun for example_nested_branch_dag to 2024-01-20 00:00:00+00:00, run_after=2024-01-21 00:00:00+00:00
[2024-01-21T13:49:15.153+0000] {processor.py:183} INFO - Processing /home/airflow/.local/lib/python3.8/site-packages/airflow/example_dags/example_nested_branch_dag.py took 0.168 seconds
[2024-01-21T13:49:46.062+0000] {processor.py:161} INFO - Started process (PID=1178) to work on /home/airflow/.local/lib/python3.8/site-packages/airflow/example_dags/example_nested_branch_dag.py
[2024-01-21T13:49:46.065+0000] {processor.py:830} INFO - Processing file /home/airflow/.local/lib/python3.8/site-packages/airflow/example_dags/example_nested_branch_dag.py for tasks to queue
[2024-01-21T13:49:46.071+0000] {logging_mixin.py:188} INFO - [2024-01-21T13:49:46.070+0000] {dagbag.py:538} INFO - Filling up the DagBag from /home/airflow/.local/lib/python3.8/site-packages/airflow/example_dags/example_nested_branch_dag.py
[2024-01-21T13:49:46.126+0000] {processor.py:840} INFO - DAG(s) 'example_nested_branch_dag' retrieved from /home/airflow/.local/lib/python3.8/site-packages/airflow/example_dags/example_nested_branch_dag.py
[2024-01-21T13:49:46.279+0000] {logging_mixin.py:188} INFO - [2024-01-21T13:49:46.279+0000] {dag.py:3036} INFO - Sync 1 DAGs
[2024-01-21T13:49:46.365+0000] {logging_mixin.py:188} INFO - [2024-01-21T13:49:46.364+0000] {dag.py:3823} INFO - Setting next_dagrun for example_nested_branch_dag to 2024-01-20 00:00:00+00:00, run_after=2024-01-21 00:00:00+00:00
[2024-01-21T13:49:46.422+0000] {processor.py:183} INFO - Processing /home/airflow/.local/lib/python3.8/site-packages/airflow/example_dags/example_nested_branch_dag.py took 0.372 seconds
[2024-01-21T13:50:17.192+0000] {processor.py:161} INFO - Started process (PID=1234) to work on /home/airflow/.local/lib/python3.8/site-packages/airflow/example_dags/example_nested_branch_dag.py
[2024-01-21T13:50:17.194+0000] {processor.py:830} INFO - Processing file /home/airflow/.local/lib/python3.8/site-packages/airflow/example_dags/example_nested_branch_dag.py for tasks to queue
[2024-01-21T13:50:17.198+0000] {logging_mixin.py:188} INFO - [2024-01-21T13:50:17.198+0000] {dagbag.py:538} INFO - Filling up the DagBag from /home/airflow/.local/lib/python3.8/site-packages/airflow/example_dags/example_nested_branch_dag.py
[2024-01-21T13:50:17.219+0000] {processor.py:840} INFO - DAG(s) 'example_nested_branch_dag' retrieved from /home/airflow/.local/lib/python3.8/site-packages/airflow/example_dags/example_nested_branch_dag.py
[2024-01-21T13:50:17.267+0000] {logging_mixin.py:188} INFO - [2024-01-21T13:50:17.266+0000] {dag.py:3036} INFO - Sync 1 DAGs
[2024-01-21T13:50:17.312+0000] {logging_mixin.py:188} INFO - [2024-01-21T13:50:17.312+0000] {dag.py:3823} INFO - Setting next_dagrun for example_nested_branch_dag to 2024-01-20 00:00:00+00:00, run_after=2024-01-21 00:00:00+00:00
[2024-01-21T13:50:17.355+0000] {processor.py:183} INFO - Processing /home/airflow/.local/lib/python3.8/site-packages/airflow/example_dags/example_nested_branch_dag.py took 0.171 seconds
[2024-01-21T13:50:47.698+0000] {processor.py:161} INFO - Started process (PID=1290) to work on /home/airflow/.local/lib/python3.8/site-packages/airflow/example_dags/example_nested_branch_dag.py
[2024-01-21T13:50:47.700+0000] {processor.py:830} INFO - Processing file /home/airflow/.local/lib/python3.8/site-packages/airflow/example_dags/example_nested_branch_dag.py for tasks to queue
[2024-01-21T13:50:47.706+0000] {logging_mixin.py:188} INFO - [2024-01-21T13:50:47.706+0000] {dagbag.py:538} INFO - Filling up the DagBag from /home/airflow/.local/lib/python3.8/site-packages/airflow/example_dags/example_nested_branch_dag.py
[2024-01-21T13:50:47.742+0000] {processor.py:840} INFO - DAG(s) 'example_nested_branch_dag' retrieved from /home/airflow/.local/lib/python3.8/site-packages/airflow/example_dags/example_nested_branch_dag.py
[2024-01-21T13:50:47.801+0000] {logging_mixin.py:188} INFO - [2024-01-21T13:50:47.801+0000] {dag.py:3036} INFO - Sync 1 DAGs
[2024-01-21T13:50:47.855+0000] {logging_mixin.py:188} INFO - [2024-01-21T13:50:47.855+0000] {dag.py:3823} INFO - Setting next_dagrun for example_nested_branch_dag to 2024-01-20 00:00:00+00:00, run_after=2024-01-21 00:00:00+00:00
[2024-01-21T13:50:47.921+0000] {processor.py:183} INFO - Processing /home/airflow/.local/lib/python3.8/site-packages/airflow/example_dags/example_nested_branch_dag.py took 0.230 seconds
[2024-01-21T13:51:18.172+0000] {processor.py:161} INFO - Started process (PID=1341) to work on /home/airflow/.local/lib/python3.8/site-packages/airflow/example_dags/example_nested_branch_dag.py
[2024-01-21T13:51:18.175+0000] {processor.py:830} INFO - Processing file /home/airflow/.local/lib/python3.8/site-packages/airflow/example_dags/example_nested_branch_dag.py for tasks to queue
[2024-01-21T13:51:18.181+0000] {logging_mixin.py:188} INFO - [2024-01-21T13:51:18.180+0000] {dagbag.py:538} INFO - Filling up the DagBag from /home/airflow/.local/lib/python3.8/site-packages/airflow/example_dags/example_nested_branch_dag.py
[2024-01-21T13:51:18.213+0000] {processor.py:840} INFO - DAG(s) 'example_nested_branch_dag' retrieved from /home/airflow/.local/lib/python3.8/site-packages/airflow/example_dags/example_nested_branch_dag.py
[2024-01-21T13:51:18.267+0000] {logging_mixin.py:188} INFO - [2024-01-21T13:51:18.267+0000] {dag.py:3036} INFO - Sync 1 DAGs
[2024-01-21T13:51:18.306+0000] {logging_mixin.py:188} INFO - [2024-01-21T13:51:18.306+0000] {dag.py:3823} INFO - Setting next_dagrun for example_nested_branch_dag to 2024-01-20 00:00:00+00:00, run_after=2024-01-21 00:00:00+00:00
[2024-01-21T13:51:18.344+0000] {processor.py:183} INFO - Processing /home/airflow/.local/lib/python3.8/site-packages/airflow/example_dags/example_nested_branch_dag.py took 0.178 seconds
