[2024-01-21T13:20:38.753+0000] {processor.py:161} INFO - Started process (PID=68) to work on /home/airflow/.local/lib/python3.8/site-packages/airflow/example_dags/example_xcomargs.py
[2024-01-21T13:20:38.759+0000] {processor.py:830} INFO - Processing file /home/airflow/.local/lib/python3.8/site-packages/airflow/example_dags/example_xcomargs.py for tasks to queue
[2024-01-21T13:20:38.764+0000] {logging_mixin.py:188} INFO - [2024-01-21T13:20:38.763+0000] {dagbag.py:538} INFO - Filling up the DagBag from /home/airflow/.local/lib/python3.8/site-packages/airflow/example_dags/example_xcomargs.py
[2024-01-21T13:20:38.798+0000] {processor.py:840} INFO - DAG(s) 'example_xcom_args_with_operators', 'example_xcom_args' retrieved from /home/airflow/.local/lib/python3.8/site-packages/airflow/example_dags/example_xcomargs.py
[2024-01-21T13:20:39.263+0000] {logging_mixin.py:188} INFO - [2024-01-21T13:20:39.262+0000] {dag.py:3036} INFO - Sync 2 DAGs
[2024-01-21T13:20:39.291+0000] {logging_mixin.py:188} INFO - [2024-01-21T13:20:39.291+0000] {dag.py:3823} INFO - Setting next_dagrun for example_xcom_args to None, run_after=None
[2024-01-21T13:20:39.303+0000] {logging_mixin.py:188} INFO - [2024-01-21T13:20:39.302+0000] {dag.py:3823} INFO - Setting next_dagrun for example_xcom_args_with_operators to None, run_after=None
[2024-01-21T13:20:39.361+0000] {processor.py:183} INFO - Processing /home/airflow/.local/lib/python3.8/site-packages/airflow/example_dags/example_xcomargs.py took 0.614 seconds
[2024-01-21T13:21:10.070+0000] {processor.py:161} INFO - Started process (PID=123) to work on /home/airflow/.local/lib/python3.8/site-packages/airflow/example_dags/example_xcomargs.py
[2024-01-21T13:21:10.073+0000] {processor.py:830} INFO - Processing file /home/airflow/.local/lib/python3.8/site-packages/airflow/example_dags/example_xcomargs.py for tasks to queue
[2024-01-21T13:21:10.077+0000] {logging_mixin.py:188} INFO - [2024-01-21T13:21:10.076+0000] {dagbag.py:538} INFO - Filling up the DagBag from /home/airflow/.local/lib/python3.8/site-packages/airflow/example_dags/example_xcomargs.py
[2024-01-21T13:21:10.097+0000] {processor.py:840} INFO - DAG(s) 'example_xcom_args', 'example_xcom_args_with_operators' retrieved from /home/airflow/.local/lib/python3.8/site-packages/airflow/example_dags/example_xcomargs.py
[2024-01-21T13:21:10.152+0000] {logging_mixin.py:188} INFO - [2024-01-21T13:21:10.151+0000] {dag.py:3036} INFO - Sync 2 DAGs
[2024-01-21T13:21:10.186+0000] {logging_mixin.py:188} INFO - [2024-01-21T13:21:10.185+0000] {dag.py:3823} INFO - Setting next_dagrun for example_xcom_args to None, run_after=None
[2024-01-21T13:21:10.195+0000] {logging_mixin.py:188} INFO - [2024-01-21T13:21:10.194+0000] {dag.py:3823} INFO - Setting next_dagrun for example_xcom_args_with_operators to None, run_after=None
[2024-01-21T13:21:10.250+0000] {processor.py:183} INFO - Processing /home/airflow/.local/lib/python3.8/site-packages/airflow/example_dags/example_xcomargs.py took 0.186 seconds
[2024-01-21T13:21:40.919+0000] {processor.py:161} INFO - Started process (PID=178) to work on /home/airflow/.local/lib/python3.8/site-packages/airflow/example_dags/example_xcomargs.py
[2024-01-21T13:21:40.921+0000] {processor.py:830} INFO - Processing file /home/airflow/.local/lib/python3.8/site-packages/airflow/example_dags/example_xcomargs.py for tasks to queue
[2024-01-21T13:21:40.926+0000] {logging_mixin.py:188} INFO - [2024-01-21T13:21:40.925+0000] {dagbag.py:538} INFO - Filling up the DagBag from /home/airflow/.local/lib/python3.8/site-packages/airflow/example_dags/example_xcomargs.py
[2024-01-21T13:21:40.943+0000] {processor.py:840} INFO - DAG(s) 'example_xcom_args', 'example_xcom_args_with_operators' retrieved from /home/airflow/.local/lib/python3.8/site-packages/airflow/example_dags/example_xcomargs.py
[2024-01-21T13:21:40.992+0000] {logging_mixin.py:188} INFO - [2024-01-21T13:21:40.992+0000] {dag.py:3036} INFO - Sync 2 DAGs
[2024-01-21T13:21:41.022+0000] {logging_mixin.py:188} INFO - [2024-01-21T13:21:41.022+0000] {dag.py:3823} INFO - Setting next_dagrun for example_xcom_args to None, run_after=None
[2024-01-21T13:21:41.033+0000] {logging_mixin.py:188} INFO - [2024-01-21T13:21:41.032+0000] {dag.py:3823} INFO - Setting next_dagrun for example_xcom_args_with_operators to None, run_after=None
[2024-01-21T13:21:41.068+0000] {processor.py:183} INFO - Processing /home/airflow/.local/lib/python3.8/site-packages/airflow/example_dags/example_xcomargs.py took 0.157 seconds
[2024-01-21T13:22:11.631+0000] {processor.py:161} INFO - Started process (PID=232) to work on /home/airflow/.local/lib/python3.8/site-packages/airflow/example_dags/example_xcomargs.py
[2024-01-21T13:22:11.635+0000] {processor.py:830} INFO - Processing file /home/airflow/.local/lib/python3.8/site-packages/airflow/example_dags/example_xcomargs.py for tasks to queue
[2024-01-21T13:22:11.641+0000] {logging_mixin.py:188} INFO - [2024-01-21T13:22:11.640+0000] {dagbag.py:538} INFO - Filling up the DagBag from /home/airflow/.local/lib/python3.8/site-packages/airflow/example_dags/example_xcomargs.py
[2024-01-21T13:22:11.662+0000] {processor.py:840} INFO - DAG(s) 'example_xcom_args', 'example_xcom_args_with_operators' retrieved from /home/airflow/.local/lib/python3.8/site-packages/airflow/example_dags/example_xcomargs.py
[2024-01-21T13:22:11.733+0000] {logging_mixin.py:188} INFO - [2024-01-21T13:22:11.732+0000] {dag.py:3036} INFO - Sync 2 DAGs
[2024-01-21T13:22:11.767+0000] {logging_mixin.py:188} INFO - [2024-01-21T13:22:11.766+0000] {dag.py:3823} INFO - Setting next_dagrun for example_xcom_args to None, run_after=None
[2024-01-21T13:22:11.776+0000] {logging_mixin.py:188} INFO - [2024-01-21T13:22:11.775+0000] {dag.py:3823} INFO - Setting next_dagrun for example_xcom_args_with_operators to None, run_after=None
[2024-01-21T13:22:11.816+0000] {processor.py:183} INFO - Processing /home/airflow/.local/lib/python3.8/site-packages/airflow/example_dags/example_xcomargs.py took 0.199 seconds
[2024-01-21T13:39:36.996+0000] {processor.py:161} INFO - Started process (PID=70) to work on /home/airflow/.local/lib/python3.8/site-packages/airflow/example_dags/example_xcomargs.py
[2024-01-21T13:39:37.018+0000] {processor.py:830} INFO - Processing file /home/airflow/.local/lib/python3.8/site-packages/airflow/example_dags/example_xcomargs.py for tasks to queue
[2024-01-21T13:39:37.041+0000] {logging_mixin.py:188} INFO - [2024-01-21T13:39:37.040+0000] {dagbag.py:538} INFO - Filling up the DagBag from /home/airflow/.local/lib/python3.8/site-packages/airflow/example_dags/example_xcomargs.py
[2024-01-21T13:39:37.158+0000] {processor.py:840} INFO - DAG(s) 'example_xcom_args_with_operators', 'example_xcom_args' retrieved from /home/airflow/.local/lib/python3.8/site-packages/airflow/example_dags/example_xcomargs.py
[2024-01-21T13:39:37.862+0000] {logging_mixin.py:188} INFO - [2024-01-21T13:39:37.862+0000] {dag.py:3036} INFO - Sync 2 DAGs
[2024-01-21T13:39:37.900+0000] {logging_mixin.py:188} INFO - [2024-01-21T13:39:37.900+0000] {dag.py:3823} INFO - Setting next_dagrun for example_xcom_args to None, run_after=None
[2024-01-21T13:39:37.909+0000] {logging_mixin.py:188} INFO - [2024-01-21T13:39:37.909+0000] {dag.py:3823} INFO - Setting next_dagrun for example_xcom_args_with_operators to None, run_after=None
[2024-01-21T13:39:37.953+0000] {processor.py:183} INFO - Processing /home/airflow/.local/lib/python3.8/site-packages/airflow/example_dags/example_xcomargs.py took 1.000 seconds
[2024-01-21T13:40:09.201+0000] {processor.py:161} INFO - Started process (PID=129) to work on /home/airflow/.local/lib/python3.8/site-packages/airflow/example_dags/example_xcomargs.py
[2024-01-21T13:40:09.204+0000] {processor.py:830} INFO - Processing file /home/airflow/.local/lib/python3.8/site-packages/airflow/example_dags/example_xcomargs.py for tasks to queue
[2024-01-21T13:40:09.208+0000] {logging_mixin.py:188} INFO - [2024-01-21T13:40:09.208+0000] {dagbag.py:538} INFO - Filling up the DagBag from /home/airflow/.local/lib/python3.8/site-packages/airflow/example_dags/example_xcomargs.py
[2024-01-21T13:40:09.249+0000] {processor.py:840} INFO - DAG(s) 'example_xcom_args_with_operators', 'example_xcom_args' retrieved from /home/airflow/.local/lib/python3.8/site-packages/airflow/example_dags/example_xcomargs.py
[2024-01-21T13:40:09.488+0000] {logging_mixin.py:188} INFO - [2024-01-21T13:40:09.488+0000] {dag.py:3036} INFO - Sync 2 DAGs
[2024-01-21T13:40:09.547+0000] {logging_mixin.py:188} INFO - [2024-01-21T13:40:09.547+0000] {dag.py:3823} INFO - Setting next_dagrun for example_xcom_args to None, run_after=None
[2024-01-21T13:40:09.565+0000] {logging_mixin.py:188} INFO - [2024-01-21T13:40:09.564+0000] {dag.py:3823} INFO - Setting next_dagrun for example_xcom_args_with_operators to None, run_after=None
[2024-01-21T13:40:09.765+0000] {processor.py:183} INFO - Processing /home/airflow/.local/lib/python3.8/site-packages/airflow/example_dags/example_xcomargs.py took 0.576 seconds
[2024-01-21T13:40:40.386+0000] {processor.py:161} INFO - Started process (PID=186) to work on /home/airflow/.local/lib/python3.8/site-packages/airflow/example_dags/example_xcomargs.py
[2024-01-21T13:40:40.390+0000] {processor.py:830} INFO - Processing file /home/airflow/.local/lib/python3.8/site-packages/airflow/example_dags/example_xcomargs.py for tasks to queue
[2024-01-21T13:40:40.396+0000] {logging_mixin.py:188} INFO - [2024-01-21T13:40:40.395+0000] {dagbag.py:538} INFO - Filling up the DagBag from /home/airflow/.local/lib/python3.8/site-packages/airflow/example_dags/example_xcomargs.py
[2024-01-21T13:40:40.440+0000] {processor.py:840} INFO - DAG(s) 'example_xcom_args', 'example_xcom_args_with_operators' retrieved from /home/airflow/.local/lib/python3.8/site-packages/airflow/example_dags/example_xcomargs.py
[2024-01-21T13:40:40.840+0000] {logging_mixin.py:188} INFO - [2024-01-21T13:40:40.839+0000] {dag.py:3036} INFO - Sync 2 DAGs
[2024-01-21T13:40:40.902+0000] {logging_mixin.py:188} INFO - [2024-01-21T13:40:40.901+0000] {dag.py:3823} INFO - Setting next_dagrun for example_xcom_args to None, run_after=None
[2024-01-21T13:40:40.912+0000] {logging_mixin.py:188} INFO - [2024-01-21T13:40:40.912+0000] {dag.py:3823} INFO - Setting next_dagrun for example_xcom_args_with_operators to None, run_after=None
[2024-01-21T13:40:40.972+0000] {processor.py:183} INFO - Processing /home/airflow/.local/lib/python3.8/site-packages/airflow/example_dags/example_xcomargs.py took 0.602 seconds
[2024-01-21T13:41:11.663+0000] {processor.py:161} INFO - Started process (PID=242) to work on /home/airflow/.local/lib/python3.8/site-packages/airflow/example_dags/example_xcomargs.py
[2024-01-21T13:41:11.666+0000] {processor.py:830} INFO - Processing file /home/airflow/.local/lib/python3.8/site-packages/airflow/example_dags/example_xcomargs.py for tasks to queue
[2024-01-21T13:41:11.670+0000] {logging_mixin.py:188} INFO - [2024-01-21T13:41:11.670+0000] {dagbag.py:538} INFO - Filling up the DagBag from /home/airflow/.local/lib/python3.8/site-packages/airflow/example_dags/example_xcomargs.py
[2024-01-21T13:41:11.689+0000] {processor.py:840} INFO - DAG(s) 'example_xcom_args_with_operators', 'example_xcom_args' retrieved from /home/airflow/.local/lib/python3.8/site-packages/airflow/example_dags/example_xcomargs.py
[2024-01-21T13:41:11.758+0000] {logging_mixin.py:188} INFO - [2024-01-21T13:41:11.757+0000] {dag.py:3036} INFO - Sync 2 DAGs
[2024-01-21T13:41:11.785+0000] {logging_mixin.py:188} INFO - [2024-01-21T13:41:11.784+0000] {dag.py:3823} INFO - Setting next_dagrun for example_xcom_args to None, run_after=None
[2024-01-21T13:41:11.791+0000] {logging_mixin.py:188} INFO - [2024-01-21T13:41:11.791+0000] {dag.py:3823} INFO - Setting next_dagrun for example_xcom_args_with_operators to None, run_after=None
[2024-01-21T13:41:11.829+0000] {processor.py:183} INFO - Processing /home/airflow/.local/lib/python3.8/site-packages/airflow/example_dags/example_xcomargs.py took 0.175 seconds
[2024-01-21T13:41:41.938+0000] {processor.py:161} INFO - Started process (PID=297) to work on /home/airflow/.local/lib/python3.8/site-packages/airflow/example_dags/example_xcomargs.py
[2024-01-21T13:41:41.940+0000] {processor.py:830} INFO - Processing file /home/airflow/.local/lib/python3.8/site-packages/airflow/example_dags/example_xcomargs.py for tasks to queue
[2024-01-21T13:41:41.944+0000] {logging_mixin.py:188} INFO - [2024-01-21T13:41:41.943+0000] {dagbag.py:538} INFO - Filling up the DagBag from /home/airflow/.local/lib/python3.8/site-packages/airflow/example_dags/example_xcomargs.py
[2024-01-21T13:41:41.958+0000] {processor.py:840} INFO - DAG(s) 'example_xcom_args', 'example_xcom_args_with_operators' retrieved from /home/airflow/.local/lib/python3.8/site-packages/airflow/example_dags/example_xcomargs.py
[2024-01-21T13:41:42.000+0000] {logging_mixin.py:188} INFO - [2024-01-21T13:41:42.000+0000] {dag.py:3036} INFO - Sync 2 DAGs
[2024-01-21T13:41:42.022+0000] {logging_mixin.py:188} INFO - [2024-01-21T13:41:42.022+0000] {dag.py:3823} INFO - Setting next_dagrun for example_xcom_args to None, run_after=None
[2024-01-21T13:41:42.030+0000] {logging_mixin.py:188} INFO - [2024-01-21T13:41:42.030+0000] {dag.py:3823} INFO - Setting next_dagrun for example_xcom_args_with_operators to None, run_after=None
[2024-01-21T13:41:42.068+0000] {processor.py:183} INFO - Processing /home/airflow/.local/lib/python3.8/site-packages/airflow/example_dags/example_xcomargs.py took 0.136 seconds
[2024-01-21T13:42:12.962+0000] {processor.py:161} INFO - Started process (PID=352) to work on /home/airflow/.local/lib/python3.8/site-packages/airflow/example_dags/example_xcomargs.py
[2024-01-21T13:42:12.965+0000] {processor.py:830} INFO - Processing file /home/airflow/.local/lib/python3.8/site-packages/airflow/example_dags/example_xcomargs.py for tasks to queue
[2024-01-21T13:42:12.969+0000] {logging_mixin.py:188} INFO - [2024-01-21T13:42:12.968+0000] {dagbag.py:538} INFO - Filling up the DagBag from /home/airflow/.local/lib/python3.8/site-packages/airflow/example_dags/example_xcomargs.py
[2024-01-21T13:42:13.048+0000] {processor.py:840} INFO - DAG(s) 'example_xcom_args', 'example_xcom_args_with_operators' retrieved from /home/airflow/.local/lib/python3.8/site-packages/airflow/example_dags/example_xcomargs.py
[2024-01-21T13:42:13.148+0000] {logging_mixin.py:188} INFO - [2024-01-21T13:42:13.147+0000] {dag.py:3036} INFO - Sync 2 DAGs
[2024-01-21T13:42:13.191+0000] {logging_mixin.py:188} INFO - [2024-01-21T13:42:13.191+0000] {dag.py:3823} INFO - Setting next_dagrun for example_xcom_args to None, run_after=None
[2024-01-21T13:42:13.199+0000] {logging_mixin.py:188} INFO - [2024-01-21T13:42:13.199+0000] {dag.py:3823} INFO - Setting next_dagrun for example_xcom_args_with_operators to None, run_after=None
[2024-01-21T13:42:13.238+0000] {processor.py:183} INFO - Processing /home/airflow/.local/lib/python3.8/site-packages/airflow/example_dags/example_xcomargs.py took 0.283 seconds
[2024-01-21T13:42:43.504+0000] {processor.py:161} INFO - Started process (PID=407) to work on /home/airflow/.local/lib/python3.8/site-packages/airflow/example_dags/example_xcomargs.py
[2024-01-21T13:42:43.506+0000] {processor.py:830} INFO - Processing file /home/airflow/.local/lib/python3.8/site-packages/airflow/example_dags/example_xcomargs.py for tasks to queue
[2024-01-21T13:42:43.511+0000] {logging_mixin.py:188} INFO - [2024-01-21T13:42:43.510+0000] {dagbag.py:538} INFO - Filling up the DagBag from /home/airflow/.local/lib/python3.8/site-packages/airflow/example_dags/example_xcomargs.py
[2024-01-21T13:42:43.532+0000] {processor.py:840} INFO - DAG(s) 'example_xcom_args_with_operators', 'example_xcom_args' retrieved from /home/airflow/.local/lib/python3.8/site-packages/airflow/example_dags/example_xcomargs.py
[2024-01-21T13:42:43.731+0000] {logging_mixin.py:188} INFO - [2024-01-21T13:42:43.730+0000] {dag.py:3036} INFO - Sync 2 DAGs
[2024-01-21T13:42:43.815+0000] {logging_mixin.py:188} INFO - [2024-01-21T13:42:43.815+0000] {dag.py:3823} INFO - Setting next_dagrun for example_xcom_args to None, run_after=None
[2024-01-21T13:42:43.833+0000] {logging_mixin.py:188} INFO - [2024-01-21T13:42:43.832+0000] {dag.py:3823} INFO - Setting next_dagrun for example_xcom_args_with_operators to None, run_after=None
[2024-01-21T13:42:43.882+0000] {processor.py:183} INFO - Processing /home/airflow/.local/lib/python3.8/site-packages/airflow/example_dags/example_xcomargs.py took 0.386 seconds
[2024-01-21T13:43:13.940+0000] {processor.py:161} INFO - Started process (PID=462) to work on /home/airflow/.local/lib/python3.8/site-packages/airflow/example_dags/example_xcomargs.py
[2024-01-21T13:43:13.943+0000] {processor.py:830} INFO - Processing file /home/airflow/.local/lib/python3.8/site-packages/airflow/example_dags/example_xcomargs.py for tasks to queue
[2024-01-21T13:43:13.947+0000] {logging_mixin.py:188} INFO - [2024-01-21T13:43:13.946+0000] {dagbag.py:538} INFO - Filling up the DagBag from /home/airflow/.local/lib/python3.8/site-packages/airflow/example_dags/example_xcomargs.py
[2024-01-21T13:43:13.982+0000] {processor.py:840} INFO - DAG(s) 'example_xcom_args', 'example_xcom_args_with_operators' retrieved from /home/airflow/.local/lib/python3.8/site-packages/airflow/example_dags/example_xcomargs.py
[2024-01-21T13:43:14.036+0000] {logging_mixin.py:188} INFO - [2024-01-21T13:43:14.036+0000] {dag.py:3036} INFO - Sync 2 DAGs
[2024-01-21T13:43:14.084+0000] {logging_mixin.py:188} INFO - [2024-01-21T13:43:14.083+0000] {dag.py:3823} INFO - Setting next_dagrun for example_xcom_args to None, run_after=None
[2024-01-21T13:43:14.093+0000] {logging_mixin.py:188} INFO - [2024-01-21T13:43:14.093+0000] {dag.py:3823} INFO - Setting next_dagrun for example_xcom_args_with_operators to None, run_after=None
[2024-01-21T13:43:14.203+0000] {processor.py:183} INFO - Processing /home/airflow/.local/lib/python3.8/site-packages/airflow/example_dags/example_xcomargs.py took 0.270 seconds
[2024-01-21T13:43:44.470+0000] {processor.py:161} INFO - Started process (PID=518) to work on /home/airflow/.local/lib/python3.8/site-packages/airflow/example_dags/example_xcomargs.py
[2024-01-21T13:43:44.472+0000] {processor.py:830} INFO - Processing file /home/airflow/.local/lib/python3.8/site-packages/airflow/example_dags/example_xcomargs.py for tasks to queue
[2024-01-21T13:43:44.476+0000] {logging_mixin.py:188} INFO - [2024-01-21T13:43:44.475+0000] {dagbag.py:538} INFO - Filling up the DagBag from /home/airflow/.local/lib/python3.8/site-packages/airflow/example_dags/example_xcomargs.py
[2024-01-21T13:43:44.491+0000] {processor.py:840} INFO - DAG(s) 'example_xcom_args', 'example_xcom_args_with_operators' retrieved from /home/airflow/.local/lib/python3.8/site-packages/airflow/example_dags/example_xcomargs.py
[2024-01-21T13:43:44.539+0000] {logging_mixin.py:188} INFO - [2024-01-21T13:43:44.539+0000] {dag.py:3036} INFO - Sync 2 DAGs
[2024-01-21T13:43:44.563+0000] {logging_mixin.py:188} INFO - [2024-01-21T13:43:44.563+0000] {dag.py:3823} INFO - Setting next_dagrun for example_xcom_args to None, run_after=None
[2024-01-21T13:43:44.570+0000] {logging_mixin.py:188} INFO - [2024-01-21T13:43:44.570+0000] {dag.py:3823} INFO - Setting next_dagrun for example_xcom_args_with_operators to None, run_after=None
[2024-01-21T13:43:44.605+0000] {processor.py:183} INFO - Processing /home/airflow/.local/lib/python3.8/site-packages/airflow/example_dags/example_xcomargs.py took 0.141 seconds
[2024-01-21T13:44:15.105+0000] {processor.py:161} INFO - Started process (PID=573) to work on /home/airflow/.local/lib/python3.8/site-packages/airflow/example_dags/example_xcomargs.py
[2024-01-21T13:44:15.112+0000] {processor.py:830} INFO - Processing file /home/airflow/.local/lib/python3.8/site-packages/airflow/example_dags/example_xcomargs.py for tasks to queue
[2024-01-21T13:44:15.122+0000] {logging_mixin.py:188} INFO - [2024-01-21T13:44:15.120+0000] {dagbag.py:538} INFO - Filling up the DagBag from /home/airflow/.local/lib/python3.8/site-packages/airflow/example_dags/example_xcomargs.py
[2024-01-21T13:44:15.214+0000] {processor.py:840} INFO - DAG(s) 'example_xcom_args', 'example_xcom_args_with_operators' retrieved from /home/airflow/.local/lib/python3.8/site-packages/airflow/example_dags/example_xcomargs.py
[2024-01-21T13:44:15.332+0000] {logging_mixin.py:188} INFO - [2024-01-21T13:44:15.331+0000] {dag.py:3036} INFO - Sync 2 DAGs
[2024-01-21T13:44:15.367+0000] {logging_mixin.py:188} INFO - [2024-01-21T13:44:15.366+0000] {dag.py:3823} INFO - Setting next_dagrun for example_xcom_args to None, run_after=None
[2024-01-21T13:44:15.377+0000] {logging_mixin.py:188} INFO - [2024-01-21T13:44:15.376+0000] {dag.py:3823} INFO - Setting next_dagrun for example_xcom_args_with_operators to None, run_after=None
[2024-01-21T13:44:15.419+0000] {processor.py:183} INFO - Processing /home/airflow/.local/lib/python3.8/site-packages/airflow/example_dags/example_xcomargs.py took 0.331 seconds
[2024-01-21T13:44:46.044+0000] {processor.py:161} INFO - Started process (PID=629) to work on /home/airflow/.local/lib/python3.8/site-packages/airflow/example_dags/example_xcomargs.py
[2024-01-21T13:44:46.047+0000] {processor.py:830} INFO - Processing file /home/airflow/.local/lib/python3.8/site-packages/airflow/example_dags/example_xcomargs.py for tasks to queue
[2024-01-21T13:44:46.052+0000] {logging_mixin.py:188} INFO - [2024-01-21T13:44:46.051+0000] {dagbag.py:538} INFO - Filling up the DagBag from /home/airflow/.local/lib/python3.8/site-packages/airflow/example_dags/example_xcomargs.py
[2024-01-21T13:44:46.076+0000] {processor.py:840} INFO - DAG(s) 'example_xcom_args_with_operators', 'example_xcom_args' retrieved from /home/airflow/.local/lib/python3.8/site-packages/airflow/example_dags/example_xcomargs.py
[2024-01-21T13:44:46.139+0000] {logging_mixin.py:188} INFO - [2024-01-21T13:44:46.139+0000] {dag.py:3036} INFO - Sync 2 DAGs
[2024-01-21T13:44:46.179+0000] {logging_mixin.py:188} INFO - [2024-01-21T13:44:46.179+0000] {dag.py:3823} INFO - Setting next_dagrun for example_xcom_args to None, run_after=None
[2024-01-21T13:44:46.186+0000] {logging_mixin.py:188} INFO - [2024-01-21T13:44:46.186+0000] {dag.py:3823} INFO - Setting next_dagrun for example_xcom_args_with_operators to None, run_after=None
[2024-01-21T13:44:46.232+0000] {processor.py:183} INFO - Processing /home/airflow/.local/lib/python3.8/site-packages/airflow/example_dags/example_xcomargs.py took 0.198 seconds
[2024-01-21T13:45:16.505+0000] {processor.py:161} INFO - Started process (PID=685) to work on /home/airflow/.local/lib/python3.8/site-packages/airflow/example_dags/example_xcomargs.py
[2024-01-21T13:45:16.507+0000] {processor.py:830} INFO - Processing file /home/airflow/.local/lib/python3.8/site-packages/airflow/example_dags/example_xcomargs.py for tasks to queue
[2024-01-21T13:45:16.510+0000] {logging_mixin.py:188} INFO - [2024-01-21T13:45:16.510+0000] {dagbag.py:538} INFO - Filling up the DagBag from /home/airflow/.local/lib/python3.8/site-packages/airflow/example_dags/example_xcomargs.py
[2024-01-21T13:45:16.527+0000] {processor.py:840} INFO - DAG(s) 'example_xcom_args_with_operators', 'example_xcom_args' retrieved from /home/airflow/.local/lib/python3.8/site-packages/airflow/example_dags/example_xcomargs.py
[2024-01-21T13:45:16.576+0000] {logging_mixin.py:188} INFO - [2024-01-21T13:45:16.575+0000] {dag.py:3036} INFO - Sync 2 DAGs
[2024-01-21T13:45:16.602+0000] {logging_mixin.py:188} INFO - [2024-01-21T13:45:16.601+0000] {dag.py:3823} INFO - Setting next_dagrun for example_xcom_args to None, run_after=None
[2024-01-21T13:45:16.610+0000] {logging_mixin.py:188} INFO - [2024-01-21T13:45:16.610+0000] {dag.py:3823} INFO - Setting next_dagrun for example_xcom_args_with_operators to None, run_after=None
[2024-01-21T13:45:16.647+0000] {processor.py:183} INFO - Processing /home/airflow/.local/lib/python3.8/site-packages/airflow/example_dags/example_xcomargs.py took 0.149 seconds
[2024-01-21T13:45:46.956+0000] {processor.py:161} INFO - Started process (PID=741) to work on /home/airflow/.local/lib/python3.8/site-packages/airflow/example_dags/example_xcomargs.py
[2024-01-21T13:45:46.958+0000] {processor.py:830} INFO - Processing file /home/airflow/.local/lib/python3.8/site-packages/airflow/example_dags/example_xcomargs.py for tasks to queue
[2024-01-21T13:45:46.961+0000] {logging_mixin.py:188} INFO - [2024-01-21T13:45:46.961+0000] {dagbag.py:538} INFO - Filling up the DagBag from /home/airflow/.local/lib/python3.8/site-packages/airflow/example_dags/example_xcomargs.py
[2024-01-21T13:45:46.978+0000] {processor.py:840} INFO - DAG(s) 'example_xcom_args', 'example_xcom_args_with_operators' retrieved from /home/airflow/.local/lib/python3.8/site-packages/airflow/example_dags/example_xcomargs.py
[2024-01-21T13:45:47.035+0000] {logging_mixin.py:188} INFO - [2024-01-21T13:45:47.035+0000] {dag.py:3036} INFO - Sync 2 DAGs
[2024-01-21T13:45:47.067+0000] {logging_mixin.py:188} INFO - [2024-01-21T13:45:47.066+0000] {dag.py:3823} INFO - Setting next_dagrun for example_xcom_args to None, run_after=None
[2024-01-21T13:45:47.077+0000] {logging_mixin.py:188} INFO - [2024-01-21T13:45:47.077+0000] {dag.py:3823} INFO - Setting next_dagrun for example_xcom_args_with_operators to None, run_after=None
[2024-01-21T13:45:47.114+0000] {processor.py:183} INFO - Processing /home/airflow/.local/lib/python3.8/site-packages/airflow/example_dags/example_xcomargs.py took 0.163 seconds
[2024-01-21T13:46:18.492+0000] {processor.py:161} INFO - Started process (PID=797) to work on /home/airflow/.local/lib/python3.8/site-packages/airflow/example_dags/example_xcomargs.py
[2024-01-21T13:46:18.495+0000] {processor.py:830} INFO - Processing file /home/airflow/.local/lib/python3.8/site-packages/airflow/example_dags/example_xcomargs.py for tasks to queue
[2024-01-21T13:46:18.504+0000] {logging_mixin.py:188} INFO - [2024-01-21T13:46:18.503+0000] {dagbag.py:538} INFO - Filling up the DagBag from /home/airflow/.local/lib/python3.8/site-packages/airflow/example_dags/example_xcomargs.py
[2024-01-21T13:46:18.533+0000] {processor.py:840} INFO - DAG(s) 'example_xcom_args_with_operators', 'example_xcom_args' retrieved from /home/airflow/.local/lib/python3.8/site-packages/airflow/example_dags/example_xcomargs.py
[2024-01-21T13:46:18.937+0000] {logging_mixin.py:188} INFO - [2024-01-21T13:46:18.935+0000] {dag.py:3036} INFO - Sync 2 DAGs
[2024-01-21T13:46:19.164+0000] {logging_mixin.py:188} INFO - [2024-01-21T13:46:19.164+0000] {dag.py:3823} INFO - Setting next_dagrun for example_xcom_args to None, run_after=None
[2024-01-21T13:46:19.179+0000] {logging_mixin.py:188} INFO - [2024-01-21T13:46:19.179+0000] {dag.py:3823} INFO - Setting next_dagrun for example_xcom_args_with_operators to None, run_after=None
[2024-01-21T13:46:19.271+0000] {processor.py:183} INFO - Processing /home/airflow/.local/lib/python3.8/site-packages/airflow/example_dags/example_xcomargs.py took 0.788 seconds
[2024-01-21T13:46:49.746+0000] {processor.py:161} INFO - Started process (PID=852) to work on /home/airflow/.local/lib/python3.8/site-packages/airflow/example_dags/example_xcomargs.py
[2024-01-21T13:46:49.750+0000] {processor.py:830} INFO - Processing file /home/airflow/.local/lib/python3.8/site-packages/airflow/example_dags/example_xcomargs.py for tasks to queue
[2024-01-21T13:46:49.756+0000] {logging_mixin.py:188} INFO - [2024-01-21T13:46:49.755+0000] {dagbag.py:538} INFO - Filling up the DagBag from /home/airflow/.local/lib/python3.8/site-packages/airflow/example_dags/example_xcomargs.py
[2024-01-21T13:46:49.780+0000] {processor.py:840} INFO - DAG(s) 'example_xcom_args', 'example_xcom_args_with_operators' retrieved from /home/airflow/.local/lib/python3.8/site-packages/airflow/example_dags/example_xcomargs.py
[2024-01-21T13:46:49.844+0000] {logging_mixin.py:188} INFO - [2024-01-21T13:46:49.843+0000] {dag.py:3036} INFO - Sync 2 DAGs
[2024-01-21T13:46:49.875+0000] {logging_mixin.py:188} INFO - [2024-01-21T13:46:49.875+0000] {dag.py:3823} INFO - Setting next_dagrun for example_xcom_args to None, run_after=None
[2024-01-21T13:46:49.884+0000] {logging_mixin.py:188} INFO - [2024-01-21T13:46:49.883+0000] {dag.py:3823} INFO - Setting next_dagrun for example_xcom_args_with_operators to None, run_after=None
[2024-01-21T13:46:50.001+0000] {processor.py:183} INFO - Processing /home/airflow/.local/lib/python3.8/site-packages/airflow/example_dags/example_xcomargs.py took 0.266 seconds
[2024-01-21T13:47:20.356+0000] {processor.py:161} INFO - Started process (PID=908) to work on /home/airflow/.local/lib/python3.8/site-packages/airflow/example_dags/example_xcomargs.py
[2024-01-21T13:47:20.359+0000] {processor.py:830} INFO - Processing file /home/airflow/.local/lib/python3.8/site-packages/airflow/example_dags/example_xcomargs.py for tasks to queue
[2024-01-21T13:47:20.363+0000] {logging_mixin.py:188} INFO - [2024-01-21T13:47:20.362+0000] {dagbag.py:538} INFO - Filling up the DagBag from /home/airflow/.local/lib/python3.8/site-packages/airflow/example_dags/example_xcomargs.py
[2024-01-21T13:47:20.380+0000] {processor.py:840} INFO - DAG(s) 'example_xcom_args', 'example_xcom_args_with_operators' retrieved from /home/airflow/.local/lib/python3.8/site-packages/airflow/example_dags/example_xcomargs.py
[2024-01-21T13:47:20.429+0000] {logging_mixin.py:188} INFO - [2024-01-21T13:47:20.429+0000] {dag.py:3036} INFO - Sync 2 DAGs
[2024-01-21T13:47:20.458+0000] {logging_mixin.py:188} INFO - [2024-01-21T13:47:20.457+0000] {dag.py:3823} INFO - Setting next_dagrun for example_xcom_args to None, run_after=None
[2024-01-21T13:47:20.466+0000] {logging_mixin.py:188} INFO - [2024-01-21T13:47:20.466+0000] {dag.py:3823} INFO - Setting next_dagrun for example_xcom_args_with_operators to None, run_after=None
[2024-01-21T13:47:20.511+0000] {processor.py:183} INFO - Processing /home/airflow/.local/lib/python3.8/site-packages/airflow/example_dags/example_xcomargs.py took 0.163 seconds
[2024-01-21T13:47:50.735+0000] {processor.py:161} INFO - Started process (PID=964) to work on /home/airflow/.local/lib/python3.8/site-packages/airflow/example_dags/example_xcomargs.py
[2024-01-21T13:47:50.740+0000] {processor.py:830} INFO - Processing file /home/airflow/.local/lib/python3.8/site-packages/airflow/example_dags/example_xcomargs.py for tasks to queue
[2024-01-21T13:47:50.746+0000] {logging_mixin.py:188} INFO - [2024-01-21T13:47:50.745+0000] {dagbag.py:538} INFO - Filling up the DagBag from /home/airflow/.local/lib/python3.8/site-packages/airflow/example_dags/example_xcomargs.py
[2024-01-21T13:47:50.772+0000] {processor.py:840} INFO - DAG(s) 'example_xcom_args', 'example_xcom_args_with_operators' retrieved from /home/airflow/.local/lib/python3.8/site-packages/airflow/example_dags/example_xcomargs.py
[2024-01-21T13:47:50.840+0000] {logging_mixin.py:188} INFO - [2024-01-21T13:47:50.840+0000] {dag.py:3036} INFO - Sync 2 DAGs
[2024-01-21T13:47:50.871+0000] {logging_mixin.py:188} INFO - [2024-01-21T13:47:50.870+0000] {dag.py:3823} INFO - Setting next_dagrun for example_xcom_args to None, run_after=None
[2024-01-21T13:47:50.884+0000] {logging_mixin.py:188} INFO - [2024-01-21T13:47:50.883+0000] {dag.py:3823} INFO - Setting next_dagrun for example_xcom_args_with_operators to None, run_after=None
[2024-01-21T13:47:50.932+0000] {processor.py:183} INFO - Processing /home/airflow/.local/lib/python3.8/site-packages/airflow/example_dags/example_xcomargs.py took 0.205 seconds
[2024-01-21T13:48:21.318+0000] {processor.py:161} INFO - Started process (PID=1018) to work on /home/airflow/.local/lib/python3.8/site-packages/airflow/example_dags/example_xcomargs.py
[2024-01-21T13:48:21.346+0000] {processor.py:830} INFO - Processing file /home/airflow/.local/lib/python3.8/site-packages/airflow/example_dags/example_xcomargs.py for tasks to queue
[2024-01-21T13:48:21.354+0000] {logging_mixin.py:188} INFO - [2024-01-21T13:48:21.352+0000] {dagbag.py:538} INFO - Filling up the DagBag from /home/airflow/.local/lib/python3.8/site-packages/airflow/example_dags/example_xcomargs.py
[2024-01-21T13:48:21.417+0000] {processor.py:840} INFO - DAG(s) 'example_xcom_args', 'example_xcom_args_with_operators' retrieved from /home/airflow/.local/lib/python3.8/site-packages/airflow/example_dags/example_xcomargs.py
[2024-01-21T13:48:21.803+0000] {logging_mixin.py:188} INFO - [2024-01-21T13:48:21.803+0000] {dag.py:3036} INFO - Sync 2 DAGs
[2024-01-21T13:48:21.890+0000] {logging_mixin.py:188} INFO - [2024-01-21T13:48:21.889+0000] {dag.py:3823} INFO - Setting next_dagrun for example_xcom_args to None, run_after=None
[2024-01-21T13:48:21.913+0000] {logging_mixin.py:188} INFO - [2024-01-21T13:48:21.912+0000] {dag.py:3823} INFO - Setting next_dagrun for example_xcom_args_with_operators to None, run_after=None
[2024-01-21T13:48:22.014+0000] {processor.py:183} INFO - Processing /home/airflow/.local/lib/python3.8/site-packages/airflow/example_dags/example_xcomargs.py took 0.713 seconds
[2024-01-21T13:48:52.089+0000] {processor.py:161} INFO - Started process (PID=1074) to work on /home/airflow/.local/lib/python3.8/site-packages/airflow/example_dags/example_xcomargs.py
[2024-01-21T13:48:52.092+0000] {processor.py:830} INFO - Processing file /home/airflow/.local/lib/python3.8/site-packages/airflow/example_dags/example_xcomargs.py for tasks to queue
[2024-01-21T13:48:52.097+0000] {logging_mixin.py:188} INFO - [2024-01-21T13:48:52.096+0000] {dagbag.py:538} INFO - Filling up the DagBag from /home/airflow/.local/lib/python3.8/site-packages/airflow/example_dags/example_xcomargs.py
[2024-01-21T13:48:52.133+0000] {processor.py:840} INFO - DAG(s) 'example_xcom_args', 'example_xcom_args_with_operators' retrieved from /home/airflow/.local/lib/python3.8/site-packages/airflow/example_dags/example_xcomargs.py
[2024-01-21T13:48:52.232+0000] {logging_mixin.py:188} INFO - [2024-01-21T13:48:52.232+0000] {dag.py:3036} INFO - Sync 2 DAGs
[2024-01-21T13:48:52.306+0000] {logging_mixin.py:188} INFO - [2024-01-21T13:48:52.305+0000] {dag.py:3823} INFO - Setting next_dagrun for example_xcom_args to None, run_after=None
[2024-01-21T13:48:52.315+0000] {logging_mixin.py:188} INFO - [2024-01-21T13:48:52.315+0000] {dag.py:3823} INFO - Setting next_dagrun for example_xcom_args_with_operators to None, run_after=None
[2024-01-21T13:48:52.401+0000] {processor.py:183} INFO - Processing /home/airflow/.local/lib/python3.8/site-packages/airflow/example_dags/example_xcomargs.py took 0.316 seconds
[2024-01-21T13:49:22.676+0000] {processor.py:161} INFO - Started process (PID=1130) to work on /home/airflow/.local/lib/python3.8/site-packages/airflow/example_dags/example_xcomargs.py
[2024-01-21T13:49:22.679+0000] {processor.py:830} INFO - Processing file /home/airflow/.local/lib/python3.8/site-packages/airflow/example_dags/example_xcomargs.py for tasks to queue
[2024-01-21T13:49:22.684+0000] {logging_mixin.py:188} INFO - [2024-01-21T13:49:22.684+0000] {dagbag.py:538} INFO - Filling up the DagBag from /home/airflow/.local/lib/python3.8/site-packages/airflow/example_dags/example_xcomargs.py
[2024-01-21T13:49:22.701+0000] {processor.py:840} INFO - DAG(s) 'example_xcom_args_with_operators', 'example_xcom_args' retrieved from /home/airflow/.local/lib/python3.8/site-packages/airflow/example_dags/example_xcomargs.py
[2024-01-21T13:49:22.754+0000] {logging_mixin.py:188} INFO - [2024-01-21T13:49:22.754+0000] {dag.py:3036} INFO - Sync 2 DAGs
[2024-01-21T13:49:22.774+0000] {logging_mixin.py:188} INFO - [2024-01-21T13:49:22.774+0000] {dag.py:3823} INFO - Setting next_dagrun for example_xcom_args to None, run_after=None
[2024-01-21T13:49:22.783+0000] {logging_mixin.py:188} INFO - [2024-01-21T13:49:22.781+0000] {dag.py:3823} INFO - Setting next_dagrun for example_xcom_args_with_operators to None, run_after=None
[2024-01-21T13:49:22.885+0000] {processor.py:183} INFO - Processing /home/airflow/.local/lib/python3.8/site-packages/airflow/example_dags/example_xcomargs.py took 0.216 seconds
[2024-01-21T13:49:54.373+0000] {processor.py:161} INFO - Started process (PID=1187) to work on /home/airflow/.local/lib/python3.8/site-packages/airflow/example_dags/example_xcomargs.py
[2024-01-21T13:49:54.378+0000] {processor.py:830} INFO - Processing file /home/airflow/.local/lib/python3.8/site-packages/airflow/example_dags/example_xcomargs.py for tasks to queue
[2024-01-21T13:49:54.399+0000] {logging_mixin.py:188} INFO - [2024-01-21T13:49:54.398+0000] {dagbag.py:538} INFO - Filling up the DagBag from /home/airflow/.local/lib/python3.8/site-packages/airflow/example_dags/example_xcomargs.py
[2024-01-21T13:49:54.483+0000] {processor.py:840} INFO - DAG(s) 'example_xcom_args', 'example_xcom_args_with_operators' retrieved from /home/airflow/.local/lib/python3.8/site-packages/airflow/example_dags/example_xcomargs.py
[2024-01-21T13:49:54.670+0000] {logging_mixin.py:188} INFO - [2024-01-21T13:49:54.661+0000] {dag.py:3036} INFO - Sync 2 DAGs
[2024-01-21T13:49:54.826+0000] {logging_mixin.py:188} INFO - [2024-01-21T13:49:54.826+0000] {dag.py:3823} INFO - Setting next_dagrun for example_xcom_args to None, run_after=None
[2024-01-21T13:49:54.916+0000] {logging_mixin.py:188} INFO - [2024-01-21T13:49:54.916+0000] {dag.py:3823} INFO - Setting next_dagrun for example_xcom_args_with_operators to None, run_after=None
[2024-01-21T13:49:55.210+0000] {processor.py:183} INFO - Processing /home/airflow/.local/lib/python3.8/site-packages/airflow/example_dags/example_xcomargs.py took 0.860 seconds
[2024-01-21T13:50:25.833+0000] {processor.py:161} INFO - Started process (PID=1243) to work on /home/airflow/.local/lib/python3.8/site-packages/airflow/example_dags/example_xcomargs.py
[2024-01-21T13:50:25.835+0000] {processor.py:830} INFO - Processing file /home/airflow/.local/lib/python3.8/site-packages/airflow/example_dags/example_xcomargs.py for tasks to queue
[2024-01-21T13:50:25.844+0000] {logging_mixin.py:188} INFO - [2024-01-21T13:50:25.842+0000] {dagbag.py:538} INFO - Filling up the DagBag from /home/airflow/.local/lib/python3.8/site-packages/airflow/example_dags/example_xcomargs.py
[2024-01-21T13:50:25.873+0000] {processor.py:840} INFO - DAG(s) 'example_xcom_args', 'example_xcom_args_with_operators' retrieved from /home/airflow/.local/lib/python3.8/site-packages/airflow/example_dags/example_xcomargs.py
[2024-01-21T13:50:25.950+0000] {logging_mixin.py:188} INFO - [2024-01-21T13:50:25.950+0000] {dag.py:3036} INFO - Sync 2 DAGs
[2024-01-21T13:50:25.987+0000] {logging_mixin.py:188} INFO - [2024-01-21T13:50:25.987+0000] {dag.py:3823} INFO - Setting next_dagrun for example_xcom_args to None, run_after=None
[2024-01-21T13:50:26.001+0000] {logging_mixin.py:188} INFO - [2024-01-21T13:50:25.999+0000] {dag.py:3823} INFO - Setting next_dagrun for example_xcom_args_with_operators to None, run_after=None
[2024-01-21T13:50:26.043+0000] {processor.py:183} INFO - Processing /home/airflow/.local/lib/python3.8/site-packages/airflow/example_dags/example_xcomargs.py took 0.224 seconds
[2024-01-21T13:50:56.935+0000] {processor.py:161} INFO - Started process (PID=1299) to work on /home/airflow/.local/lib/python3.8/site-packages/airflow/example_dags/example_xcomargs.py
[2024-01-21T13:50:56.937+0000] {processor.py:830} INFO - Processing file /home/airflow/.local/lib/python3.8/site-packages/airflow/example_dags/example_xcomargs.py for tasks to queue
[2024-01-21T13:50:56.940+0000] {logging_mixin.py:188} INFO - [2024-01-21T13:50:56.940+0000] {dagbag.py:538} INFO - Filling up the DagBag from /home/airflow/.local/lib/python3.8/site-packages/airflow/example_dags/example_xcomargs.py
[2024-01-21T13:50:56.957+0000] {processor.py:840} INFO - DAG(s) 'example_xcom_args_with_operators', 'example_xcom_args' retrieved from /home/airflow/.local/lib/python3.8/site-packages/airflow/example_dags/example_xcomargs.py
[2024-01-21T13:50:57.003+0000] {logging_mixin.py:188} INFO - [2024-01-21T13:50:57.002+0000] {dag.py:3036} INFO - Sync 2 DAGs
[2024-01-21T13:50:57.028+0000] {logging_mixin.py:188} INFO - [2024-01-21T13:50:57.028+0000] {dag.py:3823} INFO - Setting next_dagrun for example_xcom_args to None, run_after=None
[2024-01-21T13:50:57.036+0000] {logging_mixin.py:188} INFO - [2024-01-21T13:50:57.036+0000] {dag.py:3823} INFO - Setting next_dagrun for example_xcom_args_with_operators to None, run_after=None
[2024-01-21T13:50:57.072+0000] {processor.py:183} INFO - Processing /home/airflow/.local/lib/python3.8/site-packages/airflow/example_dags/example_xcomargs.py took 0.144 seconds
[2024-01-21T13:51:28.104+0000] {processor.py:161} INFO - Started process (PID=1355) to work on /home/airflow/.local/lib/python3.8/site-packages/airflow/example_dags/example_xcomargs.py
[2024-01-21T13:51:28.108+0000] {processor.py:830} INFO - Processing file /home/airflow/.local/lib/python3.8/site-packages/airflow/example_dags/example_xcomargs.py for tasks to queue
[2024-01-21T13:51:28.115+0000] {logging_mixin.py:188} INFO - [2024-01-21T13:51:28.115+0000] {dagbag.py:538} INFO - Filling up the DagBag from /home/airflow/.local/lib/python3.8/site-packages/airflow/example_dags/example_xcomargs.py
[2024-01-21T13:51:28.163+0000] {processor.py:840} INFO - DAG(s) 'example_xcom_args_with_operators', 'example_xcom_args' retrieved from /home/airflow/.local/lib/python3.8/site-packages/airflow/example_dags/example_xcomargs.py
[2024-01-21T13:51:28.278+0000] {logging_mixin.py:188} INFO - [2024-01-21T13:51:28.277+0000] {dag.py:3036} INFO - Sync 2 DAGs
[2024-01-21T13:51:28.324+0000] {logging_mixin.py:188} INFO - [2024-01-21T13:51:28.323+0000] {dag.py:3823} INFO - Setting next_dagrun for example_xcom_args to None, run_after=None
[2024-01-21T13:51:28.339+0000] {logging_mixin.py:188} INFO - [2024-01-21T13:51:28.338+0000] {dag.py:3823} INFO - Setting next_dagrun for example_xcom_args_with_operators to None, run_after=None
[2024-01-21T13:51:28.404+0000] {processor.py:183} INFO - Processing /home/airflow/.local/lib/python3.8/site-packages/airflow/example_dags/example_xcomargs.py took 0.311 seconds
