[2024-01-21T13:20:38.441+0000] {processor.py:161} INFO - Started process (PID=67) to work on /home/airflow/.local/lib/python3.8/site-packages/airflow/example_dags/example_python_operator.py
[2024-01-21T13:20:38.443+0000] {processor.py:830} INFO - Processing file /home/airflow/.local/lib/python3.8/site-packages/airflow/example_dags/example_python_operator.py for tasks to queue
[2024-01-21T13:20:38.451+0000] {logging_mixin.py:188} INFO - [2024-01-21T13:20:38.450+0000] {dagbag.py:538} INFO - Filling up the DagBag from /home/airflow/.local/lib/python3.8/site-packages/airflow/example_dags/example_python_operator.py
[2024-01-21T13:20:38.491+0000] {processor.py:840} INFO - DAG(s) 'example_python_operator' retrieved from /home/airflow/.local/lib/python3.8/site-packages/airflow/example_dags/example_python_operator.py
[2024-01-21T13:20:38.864+0000] {logging_mixin.py:188} INFO - [2024-01-21T13:20:38.864+0000] {dag.py:3036} INFO - Sync 1 DAGs
[2024-01-21T13:20:38.911+0000] {logging_mixin.py:188} INFO - [2024-01-21T13:20:38.911+0000] {dag.py:3823} INFO - Setting next_dagrun for example_python_operator to None, run_after=None
[2024-01-21T13:20:39.006+0000] {processor.py:183} INFO - Processing /home/airflow/.local/lib/python3.8/site-packages/airflow/example_dags/example_python_operator.py took 0.582 seconds
[2024-01-21T13:21:09.053+0000] {processor.py:161} INFO - Started process (PID=122) to work on /home/airflow/.local/lib/python3.8/site-packages/airflow/example_dags/example_python_operator.py
[2024-01-21T13:21:09.055+0000] {processor.py:830} INFO - Processing file /home/airflow/.local/lib/python3.8/site-packages/airflow/example_dags/example_python_operator.py for tasks to queue
[2024-01-21T13:21:09.059+0000] {logging_mixin.py:188} INFO - [2024-01-21T13:21:09.058+0000] {dagbag.py:538} INFO - Filling up the DagBag from /home/airflow/.local/lib/python3.8/site-packages/airflow/example_dags/example_python_operator.py
[2024-01-21T13:21:09.079+0000] {processor.py:840} INFO - DAG(s) 'example_python_operator' retrieved from /home/airflow/.local/lib/python3.8/site-packages/airflow/example_dags/example_python_operator.py
[2024-01-21T13:21:09.119+0000] {logging_mixin.py:188} INFO - [2024-01-21T13:21:09.119+0000] {dag.py:3036} INFO - Sync 1 DAGs
[2024-01-21T13:21:09.145+0000] {logging_mixin.py:188} INFO - [2024-01-21T13:21:09.145+0000] {dag.py:3823} INFO - Setting next_dagrun for example_python_operator to None, run_after=None
[2024-01-21T13:21:09.188+0000] {processor.py:183} INFO - Processing /home/airflow/.local/lib/python3.8/site-packages/airflow/example_dags/example_python_operator.py took 0.141 seconds
[2024-01-21T13:21:39.767+0000] {processor.py:161} INFO - Started process (PID=177) to work on /home/airflow/.local/lib/python3.8/site-packages/airflow/example_dags/example_python_operator.py
[2024-01-21T13:21:39.770+0000] {processor.py:830} INFO - Processing file /home/airflow/.local/lib/python3.8/site-packages/airflow/example_dags/example_python_operator.py for tasks to queue
[2024-01-21T13:21:39.774+0000] {logging_mixin.py:188} INFO - [2024-01-21T13:21:39.774+0000] {dagbag.py:538} INFO - Filling up the DagBag from /home/airflow/.local/lib/python3.8/site-packages/airflow/example_dags/example_python_operator.py
[2024-01-21T13:21:39.796+0000] {processor.py:840} INFO - DAG(s) 'example_python_operator' retrieved from /home/airflow/.local/lib/python3.8/site-packages/airflow/example_dags/example_python_operator.py
[2024-01-21T13:21:39.856+0000] {logging_mixin.py:188} INFO - [2024-01-21T13:21:39.856+0000] {dag.py:3036} INFO - Sync 1 DAGs
[2024-01-21T13:21:39.890+0000] {logging_mixin.py:188} INFO - [2024-01-21T13:21:39.890+0000] {dag.py:3823} INFO - Setting next_dagrun for example_python_operator to None, run_after=None
[2024-01-21T13:21:39.936+0000] {processor.py:183} INFO - Processing /home/airflow/.local/lib/python3.8/site-packages/airflow/example_dags/example_python_operator.py took 0.178 seconds
[2024-01-21T13:22:10.508+0000] {processor.py:161} INFO - Started process (PID=231) to work on /home/airflow/.local/lib/python3.8/site-packages/airflow/example_dags/example_python_operator.py
[2024-01-21T13:22:10.511+0000] {processor.py:830} INFO - Processing file /home/airflow/.local/lib/python3.8/site-packages/airflow/example_dags/example_python_operator.py for tasks to queue
[2024-01-21T13:22:10.516+0000] {logging_mixin.py:188} INFO - [2024-01-21T13:22:10.515+0000] {dagbag.py:538} INFO - Filling up the DagBag from /home/airflow/.local/lib/python3.8/site-packages/airflow/example_dags/example_python_operator.py
[2024-01-21T13:22:10.546+0000] {processor.py:840} INFO - DAG(s) 'example_python_operator' retrieved from /home/airflow/.local/lib/python3.8/site-packages/airflow/example_dags/example_python_operator.py
[2024-01-21T13:22:10.610+0000] {logging_mixin.py:188} INFO - [2024-01-21T13:22:10.610+0000] {dag.py:3036} INFO - Sync 1 DAGs
[2024-01-21T13:22:10.636+0000] {logging_mixin.py:188} INFO - [2024-01-21T13:22:10.636+0000] {dag.py:3823} INFO - Setting next_dagrun for example_python_operator to None, run_after=None
[2024-01-21T13:22:10.675+0000] {processor.py:183} INFO - Processing /home/airflow/.local/lib/python3.8/site-packages/airflow/example_dags/example_python_operator.py took 0.175 seconds
[2024-01-21T13:39:36.275+0000] {processor.py:161} INFO - Started process (PID=68) to work on /home/airflow/.local/lib/python3.8/site-packages/airflow/example_dags/example_python_operator.py
[2024-01-21T13:39:36.277+0000] {processor.py:830} INFO - Processing file /home/airflow/.local/lib/python3.8/site-packages/airflow/example_dags/example_python_operator.py for tasks to queue
[2024-01-21T13:39:36.293+0000] {logging_mixin.py:188} INFO - [2024-01-21T13:39:36.292+0000] {dagbag.py:538} INFO - Filling up the DagBag from /home/airflow/.local/lib/python3.8/site-packages/airflow/example_dags/example_python_operator.py
[2024-01-21T13:39:36.391+0000] {processor.py:840} INFO - DAG(s) 'example_python_operator' retrieved from /home/airflow/.local/lib/python3.8/site-packages/airflow/example_dags/example_python_operator.py
[2024-01-21T13:39:37.182+0000] {logging_mixin.py:188} INFO - [2024-01-21T13:39:37.181+0000] {dag.py:3036} INFO - Sync 1 DAGs
[2024-01-21T13:39:37.208+0000] {logging_mixin.py:188} INFO - [2024-01-21T13:39:37.207+0000] {dag.py:3823} INFO - Setting next_dagrun for example_python_operator to None, run_after=None
[2024-01-21T13:39:37.415+0000] {processor.py:183} INFO - Processing /home/airflow/.local/lib/python3.8/site-packages/airflow/example_dags/example_python_operator.py took 1.148 seconds
[2024-01-21T13:40:08.965+0000] {processor.py:161} INFO - Started process (PID=128) to work on /home/airflow/.local/lib/python3.8/site-packages/airflow/example_dags/example_python_operator.py
[2024-01-21T13:40:08.970+0000] {processor.py:830} INFO - Processing file /home/airflow/.local/lib/python3.8/site-packages/airflow/example_dags/example_python_operator.py for tasks to queue
[2024-01-21T13:40:08.978+0000] {logging_mixin.py:188} INFO - [2024-01-21T13:40:08.977+0000] {dagbag.py:538} INFO - Filling up the DagBag from /home/airflow/.local/lib/python3.8/site-packages/airflow/example_dags/example_python_operator.py
[2024-01-21T13:40:09.035+0000] {processor.py:840} INFO - DAG(s) 'example_python_operator' retrieved from /home/airflow/.local/lib/python3.8/site-packages/airflow/example_dags/example_python_operator.py
[2024-01-21T13:40:09.168+0000] {logging_mixin.py:188} INFO - [2024-01-21T13:40:09.167+0000] {dag.py:3036} INFO - Sync 1 DAGs
[2024-01-21T13:40:09.240+0000] {logging_mixin.py:188} INFO - [2024-01-21T13:40:09.227+0000] {dag.py:3823} INFO - Setting next_dagrun for example_python_operator to None, run_after=None
[2024-01-21T13:40:09.339+0000] {processor.py:183} INFO - Processing /home/airflow/.local/lib/python3.8/site-packages/airflow/example_dags/example_python_operator.py took 0.401 seconds
[2024-01-21T13:40:39.842+0000] {processor.py:161} INFO - Started process (PID=185) to work on /home/airflow/.local/lib/python3.8/site-packages/airflow/example_dags/example_python_operator.py
[2024-01-21T13:40:39.848+0000] {processor.py:830} INFO - Processing file /home/airflow/.local/lib/python3.8/site-packages/airflow/example_dags/example_python_operator.py for tasks to queue
[2024-01-21T13:40:39.857+0000] {logging_mixin.py:188} INFO - [2024-01-21T13:40:39.856+0000] {dagbag.py:538} INFO - Filling up the DagBag from /home/airflow/.local/lib/python3.8/site-packages/airflow/example_dags/example_python_operator.py
[2024-01-21T13:40:39.960+0000] {processor.py:840} INFO - DAG(s) 'example_python_operator' retrieved from /home/airflow/.local/lib/python3.8/site-packages/airflow/example_dags/example_python_operator.py
[2024-01-21T13:40:40.266+0000] {logging_mixin.py:188} INFO - [2024-01-21T13:40:40.263+0000] {dag.py:3036} INFO - Sync 1 DAGs
[2024-01-21T13:40:40.326+0000] {logging_mixin.py:188} INFO - [2024-01-21T13:40:40.325+0000] {dag.py:3823} INFO - Setting next_dagrun for example_python_operator to None, run_after=None
[2024-01-21T13:40:40.415+0000] {processor.py:183} INFO - Processing /home/airflow/.local/lib/python3.8/site-packages/airflow/example_dags/example_python_operator.py took 0.586 seconds
[2024-01-21T13:41:10.633+0000] {processor.py:161} INFO - Started process (PID=241) to work on /home/airflow/.local/lib/python3.8/site-packages/airflow/example_dags/example_python_operator.py
[2024-01-21T13:41:10.635+0000] {processor.py:830} INFO - Processing file /home/airflow/.local/lib/python3.8/site-packages/airflow/example_dags/example_python_operator.py for tasks to queue
[2024-01-21T13:41:10.639+0000] {logging_mixin.py:188} INFO - [2024-01-21T13:41:10.638+0000] {dagbag.py:538} INFO - Filling up the DagBag from /home/airflow/.local/lib/python3.8/site-packages/airflow/example_dags/example_python_operator.py
[2024-01-21T13:41:10.660+0000] {processor.py:840} INFO - DAG(s) 'example_python_operator' retrieved from /home/airflow/.local/lib/python3.8/site-packages/airflow/example_dags/example_python_operator.py
[2024-01-21T13:41:10.700+0000] {logging_mixin.py:188} INFO - [2024-01-21T13:41:10.700+0000] {dag.py:3036} INFO - Sync 1 DAGs
[2024-01-21T13:41:10.720+0000] {logging_mixin.py:188} INFO - [2024-01-21T13:41:10.719+0000] {dag.py:3823} INFO - Setting next_dagrun for example_python_operator to None, run_after=None
[2024-01-21T13:41:10.756+0000] {processor.py:183} INFO - Processing /home/airflow/.local/lib/python3.8/site-packages/airflow/example_dags/example_python_operator.py took 0.129 seconds
[2024-01-21T13:41:40.920+0000] {processor.py:161} INFO - Started process (PID=296) to work on /home/airflow/.local/lib/python3.8/site-packages/airflow/example_dags/example_python_operator.py
[2024-01-21T13:41:40.924+0000] {processor.py:830} INFO - Processing file /home/airflow/.local/lib/python3.8/site-packages/airflow/example_dags/example_python_operator.py for tasks to queue
[2024-01-21T13:41:40.931+0000] {logging_mixin.py:188} INFO - [2024-01-21T13:41:40.930+0000] {dagbag.py:538} INFO - Filling up the DagBag from /home/airflow/.local/lib/python3.8/site-packages/airflow/example_dags/example_python_operator.py
[2024-01-21T13:41:40.959+0000] {processor.py:840} INFO - DAG(s) 'example_python_operator' retrieved from /home/airflow/.local/lib/python3.8/site-packages/airflow/example_dags/example_python_operator.py
[2024-01-21T13:41:41.002+0000] {logging_mixin.py:188} INFO - [2024-01-21T13:41:41.002+0000] {dag.py:3036} INFO - Sync 1 DAGs
[2024-01-21T13:41:41.038+0000] {logging_mixin.py:188} INFO - [2024-01-21T13:41:41.037+0000] {dag.py:3823} INFO - Setting next_dagrun for example_python_operator to None, run_after=None
[2024-01-21T13:41:41.146+0000] {processor.py:183} INFO - Processing /home/airflow/.local/lib/python3.8/site-packages/airflow/example_dags/example_python_operator.py took 0.235 seconds
[2024-01-21T13:42:11.929+0000] {processor.py:161} INFO - Started process (PID=351) to work on /home/airflow/.local/lib/python3.8/site-packages/airflow/example_dags/example_python_operator.py
[2024-01-21T13:42:11.932+0000] {processor.py:830} INFO - Processing file /home/airflow/.local/lib/python3.8/site-packages/airflow/example_dags/example_python_operator.py for tasks to queue
[2024-01-21T13:42:11.937+0000] {logging_mixin.py:188} INFO - [2024-01-21T13:42:11.936+0000] {dagbag.py:538} INFO - Filling up the DagBag from /home/airflow/.local/lib/python3.8/site-packages/airflow/example_dags/example_python_operator.py
[2024-01-21T13:42:11.959+0000] {processor.py:840} INFO - DAG(s) 'example_python_operator' retrieved from /home/airflow/.local/lib/python3.8/site-packages/airflow/example_dags/example_python_operator.py
[2024-01-21T13:42:11.997+0000] {logging_mixin.py:188} INFO - [2024-01-21T13:42:11.997+0000] {dag.py:3036} INFO - Sync 1 DAGs
[2024-01-21T13:42:12.016+0000] {logging_mixin.py:188} INFO - [2024-01-21T13:42:12.016+0000] {dag.py:3823} INFO - Setting next_dagrun for example_python_operator to None, run_after=None
[2024-01-21T13:42:12.057+0000] {processor.py:183} INFO - Processing /home/airflow/.local/lib/python3.8/site-packages/airflow/example_dags/example_python_operator.py took 0.137 seconds
[2024-01-21T13:42:42.791+0000] {processor.py:161} INFO - Started process (PID=406) to work on /home/airflow/.local/lib/python3.8/site-packages/airflow/example_dags/example_python_operator.py
[2024-01-21T13:42:42.795+0000] {processor.py:830} INFO - Processing file /home/airflow/.local/lib/python3.8/site-packages/airflow/example_dags/example_python_operator.py for tasks to queue
[2024-01-21T13:42:42.800+0000] {logging_mixin.py:188} INFO - [2024-01-21T13:42:42.800+0000] {dagbag.py:538} INFO - Filling up the DagBag from /home/airflow/.local/lib/python3.8/site-packages/airflow/example_dags/example_python_operator.py
[2024-01-21T13:42:42.840+0000] {processor.py:840} INFO - DAG(s) 'example_python_operator' retrieved from /home/airflow/.local/lib/python3.8/site-packages/airflow/example_dags/example_python_operator.py
[2024-01-21T13:42:43.186+0000] {logging_mixin.py:188} INFO - [2024-01-21T13:42:43.186+0000] {dag.py:3036} INFO - Sync 1 DAGs
[2024-01-21T13:42:43.332+0000] {logging_mixin.py:188} INFO - [2024-01-21T13:42:43.331+0000] {dag.py:3823} INFO - Setting next_dagrun for example_python_operator to None, run_after=None
[2024-01-21T13:42:43.439+0000] {processor.py:183} INFO - Processing /home/airflow/.local/lib/python3.8/site-packages/airflow/example_dags/example_python_operator.py took 0.659 seconds
[2024-01-21T13:43:13.901+0000] {processor.py:161} INFO - Started process (PID=461) to work on /home/airflow/.local/lib/python3.8/site-packages/airflow/example_dags/example_python_operator.py
[2024-01-21T13:43:13.904+0000] {processor.py:830} INFO - Processing file /home/airflow/.local/lib/python3.8/site-packages/airflow/example_dags/example_python_operator.py for tasks to queue
[2024-01-21T13:43:13.908+0000] {logging_mixin.py:188} INFO - [2024-01-21T13:43:13.907+0000] {dagbag.py:538} INFO - Filling up the DagBag from /home/airflow/.local/lib/python3.8/site-packages/airflow/example_dags/example_python_operator.py
[2024-01-21T13:43:13.936+0000] {processor.py:840} INFO - DAG(s) 'example_python_operator' retrieved from /home/airflow/.local/lib/python3.8/site-packages/airflow/example_dags/example_python_operator.py
[2024-01-21T13:43:14.007+0000] {logging_mixin.py:188} INFO - [2024-01-21T13:43:14.007+0000] {dag.py:3036} INFO - Sync 1 DAGs
[2024-01-21T13:43:14.041+0000] {logging_mixin.py:188} INFO - [2024-01-21T13:43:14.040+0000] {dag.py:3823} INFO - Setting next_dagrun for example_python_operator to None, run_after=None
[2024-01-21T13:43:14.088+0000] {processor.py:183} INFO - Processing /home/airflow/.local/lib/python3.8/site-packages/airflow/example_dags/example_python_operator.py took 0.195 seconds
[2024-01-21T13:43:44.237+0000] {processor.py:161} INFO - Started process (PID=517) to work on /home/airflow/.local/lib/python3.8/site-packages/airflow/example_dags/example_python_operator.py
[2024-01-21T13:43:44.239+0000] {processor.py:830} INFO - Processing file /home/airflow/.local/lib/python3.8/site-packages/airflow/example_dags/example_python_operator.py for tasks to queue
[2024-01-21T13:43:44.244+0000] {logging_mixin.py:188} INFO - [2024-01-21T13:43:44.243+0000] {dagbag.py:538} INFO - Filling up the DagBag from /home/airflow/.local/lib/python3.8/site-packages/airflow/example_dags/example_python_operator.py
[2024-01-21T13:43:44.274+0000] {processor.py:840} INFO - DAG(s) 'example_python_operator' retrieved from /home/airflow/.local/lib/python3.8/site-packages/airflow/example_dags/example_python_operator.py
[2024-01-21T13:43:44.347+0000] {logging_mixin.py:188} INFO - [2024-01-21T13:43:44.347+0000] {dag.py:3036} INFO - Sync 1 DAGs
[2024-01-21T13:43:44.374+0000] {logging_mixin.py:188} INFO - [2024-01-21T13:43:44.373+0000] {dag.py:3823} INFO - Setting next_dagrun for example_python_operator to None, run_after=None
[2024-01-21T13:43:44.416+0000] {processor.py:183} INFO - Processing /home/airflow/.local/lib/python3.8/site-packages/airflow/example_dags/example_python_operator.py took 0.188 seconds
[2024-01-21T13:44:14.740+0000] {processor.py:161} INFO - Started process (PID=572) to work on /home/airflow/.local/lib/python3.8/site-packages/airflow/example_dags/example_python_operator.py
[2024-01-21T13:44:14.743+0000] {processor.py:830} INFO - Processing file /home/airflow/.local/lib/python3.8/site-packages/airflow/example_dags/example_python_operator.py for tasks to queue
[2024-01-21T13:44:14.747+0000] {logging_mixin.py:188} INFO - [2024-01-21T13:44:14.746+0000] {dagbag.py:538} INFO - Filling up the DagBag from /home/airflow/.local/lib/python3.8/site-packages/airflow/example_dags/example_python_operator.py
[2024-01-21T13:44:14.768+0000] {processor.py:840} INFO - DAG(s) 'example_python_operator' retrieved from /home/airflow/.local/lib/python3.8/site-packages/airflow/example_dags/example_python_operator.py
[2024-01-21T13:44:14.891+0000] {logging_mixin.py:188} INFO - [2024-01-21T13:44:14.889+0000] {dag.py:3036} INFO - Sync 1 DAGs
[2024-01-21T13:44:14.944+0000] {logging_mixin.py:188} INFO - [2024-01-21T13:44:14.943+0000] {dag.py:3823} INFO - Setting next_dagrun for example_python_operator to None, run_after=None
[2024-01-21T13:44:15.026+0000] {processor.py:183} INFO - Processing /home/airflow/.local/lib/python3.8/site-packages/airflow/example_dags/example_python_operator.py took 0.295 seconds
[2024-01-21T13:44:45.845+0000] {processor.py:161} INFO - Started process (PID=628) to work on /home/airflow/.local/lib/python3.8/site-packages/airflow/example_dags/example_python_operator.py
[2024-01-21T13:44:45.848+0000] {processor.py:830} INFO - Processing file /home/airflow/.local/lib/python3.8/site-packages/airflow/example_dags/example_python_operator.py for tasks to queue
[2024-01-21T13:44:45.852+0000] {logging_mixin.py:188} INFO - [2024-01-21T13:44:45.851+0000] {dagbag.py:538} INFO - Filling up the DagBag from /home/airflow/.local/lib/python3.8/site-packages/airflow/example_dags/example_python_operator.py
[2024-01-21T13:44:45.875+0000] {processor.py:840} INFO - DAG(s) 'example_python_operator' retrieved from /home/airflow/.local/lib/python3.8/site-packages/airflow/example_dags/example_python_operator.py
[2024-01-21T13:44:45.922+0000] {logging_mixin.py:188} INFO - [2024-01-21T13:44:45.921+0000] {dag.py:3036} INFO - Sync 1 DAGs
[2024-01-21T13:44:45.949+0000] {logging_mixin.py:188} INFO - [2024-01-21T13:44:45.948+0000] {dag.py:3823} INFO - Setting next_dagrun for example_python_operator to None, run_after=None
[2024-01-21T13:44:45.996+0000] {processor.py:183} INFO - Processing /home/airflow/.local/lib/python3.8/site-packages/airflow/example_dags/example_python_operator.py took 0.159 seconds
[2024-01-21T13:45:16.345+0000] {processor.py:161} INFO - Started process (PID=684) to work on /home/airflow/.local/lib/python3.8/site-packages/airflow/example_dags/example_python_operator.py
[2024-01-21T13:45:16.348+0000] {processor.py:830} INFO - Processing file /home/airflow/.local/lib/python3.8/site-packages/airflow/example_dags/example_python_operator.py for tasks to queue
[2024-01-21T13:45:16.352+0000] {logging_mixin.py:188} INFO - [2024-01-21T13:45:16.351+0000] {dagbag.py:538} INFO - Filling up the DagBag from /home/airflow/.local/lib/python3.8/site-packages/airflow/example_dags/example_python_operator.py
[2024-01-21T13:45:16.370+0000] {processor.py:840} INFO - DAG(s) 'example_python_operator' retrieved from /home/airflow/.local/lib/python3.8/site-packages/airflow/example_dags/example_python_operator.py
[2024-01-21T13:45:16.411+0000] {logging_mixin.py:188} INFO - [2024-01-21T13:45:16.411+0000] {dag.py:3036} INFO - Sync 1 DAGs
[2024-01-21T13:45:16.431+0000] {logging_mixin.py:188} INFO - [2024-01-21T13:45:16.431+0000] {dag.py:3823} INFO - Setting next_dagrun for example_python_operator to None, run_after=None
[2024-01-21T13:45:16.470+0000] {processor.py:183} INFO - Processing /home/airflow/.local/lib/python3.8/site-packages/airflow/example_dags/example_python_operator.py took 0.132 seconds
[2024-01-21T13:45:46.924+0000] {processor.py:161} INFO - Started process (PID=740) to work on /home/airflow/.local/lib/python3.8/site-packages/airflow/example_dags/example_python_operator.py
[2024-01-21T13:45:46.927+0000] {processor.py:830} INFO - Processing file /home/airflow/.local/lib/python3.8/site-packages/airflow/example_dags/example_python_operator.py for tasks to queue
[2024-01-21T13:45:46.935+0000] {logging_mixin.py:188} INFO - [2024-01-21T13:45:46.934+0000] {dagbag.py:538} INFO - Filling up the DagBag from /home/airflow/.local/lib/python3.8/site-packages/airflow/example_dags/example_python_operator.py
[2024-01-21T13:45:46.958+0000] {processor.py:840} INFO - DAG(s) 'example_python_operator' retrieved from /home/airflow/.local/lib/python3.8/site-packages/airflow/example_dags/example_python_operator.py
[2024-01-21T13:45:47.008+0000] {logging_mixin.py:188} INFO - [2024-01-21T13:45:47.007+0000] {dag.py:3036} INFO - Sync 1 DAGs
[2024-01-21T13:45:47.038+0000] {logging_mixin.py:188} INFO - [2024-01-21T13:45:47.037+0000] {dag.py:3823} INFO - Setting next_dagrun for example_python_operator to None, run_after=None
[2024-01-21T13:45:47.082+0000] {processor.py:183} INFO - Processing /home/airflow/.local/lib/python3.8/site-packages/airflow/example_dags/example_python_operator.py took 0.166 seconds
[2024-01-21T13:46:18.097+0000] {processor.py:161} INFO - Started process (PID=796) to work on /home/airflow/.local/lib/python3.8/site-packages/airflow/example_dags/example_python_operator.py
[2024-01-21T13:46:18.101+0000] {processor.py:830} INFO - Processing file /home/airflow/.local/lib/python3.8/site-packages/airflow/example_dags/example_python_operator.py for tasks to queue
[2024-01-21T13:46:18.110+0000] {logging_mixin.py:188} INFO - [2024-01-21T13:46:18.107+0000] {dagbag.py:538} INFO - Filling up the DagBag from /home/airflow/.local/lib/python3.8/site-packages/airflow/example_dags/example_python_operator.py
[2024-01-21T13:46:18.165+0000] {processor.py:840} INFO - DAG(s) 'example_python_operator' retrieved from /home/airflow/.local/lib/python3.8/site-packages/airflow/example_dags/example_python_operator.py
[2024-01-21T13:46:18.229+0000] {logging_mixin.py:188} INFO - [2024-01-21T13:46:18.228+0000] {dag.py:3036} INFO - Sync 1 DAGs
[2024-01-21T13:46:18.331+0000] {logging_mixin.py:188} INFO - [2024-01-21T13:46:18.329+0000] {dag.py:3823} INFO - Setting next_dagrun for example_python_operator to None, run_after=None
[2024-01-21T13:46:18.433+0000] {processor.py:183} INFO - Processing /home/airflow/.local/lib/python3.8/site-packages/airflow/example_dags/example_python_operator.py took 0.400 seconds
[2024-01-21T13:46:48.730+0000] {processor.py:161} INFO - Started process (PID=851) to work on /home/airflow/.local/lib/python3.8/site-packages/airflow/example_dags/example_python_operator.py
[2024-01-21T13:46:48.733+0000] {processor.py:830} INFO - Processing file /home/airflow/.local/lib/python3.8/site-packages/airflow/example_dags/example_python_operator.py for tasks to queue
[2024-01-21T13:46:48.748+0000] {logging_mixin.py:188} INFO - [2024-01-21T13:46:48.747+0000] {dagbag.py:538} INFO - Filling up the DagBag from /home/airflow/.local/lib/python3.8/site-packages/airflow/example_dags/example_python_operator.py
[2024-01-21T13:46:48.783+0000] {processor.py:840} INFO - DAG(s) 'example_python_operator' retrieved from /home/airflow/.local/lib/python3.8/site-packages/airflow/example_dags/example_python_operator.py
[2024-01-21T13:46:48.843+0000] {logging_mixin.py:188} INFO - [2024-01-21T13:46:48.842+0000] {dag.py:3036} INFO - Sync 1 DAGs
[2024-01-21T13:46:48.884+0000] {logging_mixin.py:188} INFO - [2024-01-21T13:46:48.883+0000] {dag.py:3823} INFO - Setting next_dagrun for example_python_operator to None, run_after=None
[2024-01-21T13:46:48.945+0000] {processor.py:183} INFO - Processing /home/airflow/.local/lib/python3.8/site-packages/airflow/example_dags/example_python_operator.py took 0.236 seconds
[2024-01-21T13:47:19.273+0000] {processor.py:161} INFO - Started process (PID=907) to work on /home/airflow/.local/lib/python3.8/site-packages/airflow/example_dags/example_python_operator.py
[2024-01-21T13:47:19.274+0000] {processor.py:830} INFO - Processing file /home/airflow/.local/lib/python3.8/site-packages/airflow/example_dags/example_python_operator.py for tasks to queue
[2024-01-21T13:47:19.278+0000] {logging_mixin.py:188} INFO - [2024-01-21T13:47:19.277+0000] {dagbag.py:538} INFO - Filling up the DagBag from /home/airflow/.local/lib/python3.8/site-packages/airflow/example_dags/example_python_operator.py
[2024-01-21T13:47:19.299+0000] {processor.py:840} INFO - DAG(s) 'example_python_operator' retrieved from /home/airflow/.local/lib/python3.8/site-packages/airflow/example_dags/example_python_operator.py
[2024-01-21T13:47:19.347+0000] {logging_mixin.py:188} INFO - [2024-01-21T13:47:19.346+0000] {dag.py:3036} INFO - Sync 1 DAGs
[2024-01-21T13:47:19.381+0000] {logging_mixin.py:188} INFO - [2024-01-21T13:47:19.381+0000] {dag.py:3823} INFO - Setting next_dagrun for example_python_operator to None, run_after=None
[2024-01-21T13:47:19.425+0000] {processor.py:183} INFO - Processing /home/airflow/.local/lib/python3.8/site-packages/airflow/example_dags/example_python_operator.py took 0.158 seconds
[2024-01-21T13:47:49.558+0000] {processor.py:161} INFO - Started process (PID=962) to work on /home/airflow/.local/lib/python3.8/site-packages/airflow/example_dags/example_python_operator.py
[2024-01-21T13:47:49.560+0000] {processor.py:830} INFO - Processing file /home/airflow/.local/lib/python3.8/site-packages/airflow/example_dags/example_python_operator.py for tasks to queue
[2024-01-21T13:47:49.563+0000] {logging_mixin.py:188} INFO - [2024-01-21T13:47:49.562+0000] {dagbag.py:538} INFO - Filling up the DagBag from /home/airflow/.local/lib/python3.8/site-packages/airflow/example_dags/example_python_operator.py
[2024-01-21T13:47:49.580+0000] {processor.py:840} INFO - DAG(s) 'example_python_operator' retrieved from /home/airflow/.local/lib/python3.8/site-packages/airflow/example_dags/example_python_operator.py
[2024-01-21T13:47:49.622+0000] {logging_mixin.py:188} INFO - [2024-01-21T13:47:49.621+0000] {dag.py:3036} INFO - Sync 1 DAGs
[2024-01-21T13:47:49.645+0000] {logging_mixin.py:188} INFO - [2024-01-21T13:47:49.644+0000] {dag.py:3823} INFO - Setting next_dagrun for example_python_operator to None, run_after=None
[2024-01-21T13:47:49.682+0000] {processor.py:183} INFO - Processing /home/airflow/.local/lib/python3.8/site-packages/airflow/example_dags/example_python_operator.py took 0.131 seconds
[2024-01-21T13:48:20.595+0000] {processor.py:161} INFO - Started process (PID=1017) to work on /home/airflow/.local/lib/python3.8/site-packages/airflow/example_dags/example_python_operator.py
[2024-01-21T13:48:20.612+0000] {processor.py:830} INFO - Processing file /home/airflow/.local/lib/python3.8/site-packages/airflow/example_dags/example_python_operator.py for tasks to queue
[2024-01-21T13:48:20.620+0000] {logging_mixin.py:188} INFO - [2024-01-21T13:48:20.619+0000] {dagbag.py:538} INFO - Filling up the DagBag from /home/airflow/.local/lib/python3.8/site-packages/airflow/example_dags/example_python_operator.py
[2024-01-21T13:48:20.664+0000] {processor.py:840} INFO - DAG(s) 'example_python_operator' retrieved from /home/airflow/.local/lib/python3.8/site-packages/airflow/example_dags/example_python_operator.py
[2024-01-21T13:48:20.765+0000] {logging_mixin.py:188} INFO - [2024-01-21T13:48:20.764+0000] {dag.py:3036} INFO - Sync 1 DAGs
[2024-01-21T13:48:20.823+0000] {logging_mixin.py:188} INFO - [2024-01-21T13:48:20.823+0000] {dag.py:3823} INFO - Setting next_dagrun for example_python_operator to None, run_after=None
[2024-01-21T13:48:21.217+0000] {processor.py:183} INFO - Processing /home/airflow/.local/lib/python3.8/site-packages/airflow/example_dags/example_python_operator.py took 0.641 seconds
[2024-01-21T13:48:51.665+0000] {processor.py:161} INFO - Started process (PID=1073) to work on /home/airflow/.local/lib/python3.8/site-packages/airflow/example_dags/example_python_operator.py
[2024-01-21T13:48:51.667+0000] {processor.py:830} INFO - Processing file /home/airflow/.local/lib/python3.8/site-packages/airflow/example_dags/example_python_operator.py for tasks to queue
[2024-01-21T13:48:51.672+0000] {logging_mixin.py:188} INFO - [2024-01-21T13:48:51.671+0000] {dagbag.py:538} INFO - Filling up the DagBag from /home/airflow/.local/lib/python3.8/site-packages/airflow/example_dags/example_python_operator.py
[2024-01-21T13:48:51.700+0000] {processor.py:840} INFO - DAG(s) 'example_python_operator' retrieved from /home/airflow/.local/lib/python3.8/site-packages/airflow/example_dags/example_python_operator.py
[2024-01-21T13:48:51.757+0000] {logging_mixin.py:188} INFO - [2024-01-21T13:48:51.757+0000] {dag.py:3036} INFO - Sync 1 DAGs
[2024-01-21T13:48:51.803+0000] {logging_mixin.py:188} INFO - [2024-01-21T13:48:51.802+0000] {dag.py:3823} INFO - Setting next_dagrun for example_python_operator to None, run_after=None
[2024-01-21T13:48:51.876+0000] {processor.py:183} INFO - Processing /home/airflow/.local/lib/python3.8/site-packages/airflow/example_dags/example_python_operator.py took 0.218 seconds
[2024-01-21T13:49:22.324+0000] {processor.py:161} INFO - Started process (PID=1129) to work on /home/airflow/.local/lib/python3.8/site-packages/airflow/example_dags/example_python_operator.py
[2024-01-21T13:49:22.329+0000] {processor.py:830} INFO - Processing file /home/airflow/.local/lib/python3.8/site-packages/airflow/example_dags/example_python_operator.py for tasks to queue
[2024-01-21T13:49:22.334+0000] {logging_mixin.py:188} INFO - [2024-01-21T13:49:22.333+0000] {dagbag.py:538} INFO - Filling up the DagBag from /home/airflow/.local/lib/python3.8/site-packages/airflow/example_dags/example_python_operator.py
[2024-01-21T13:49:22.372+0000] {processor.py:840} INFO - DAG(s) 'example_python_operator' retrieved from /home/airflow/.local/lib/python3.8/site-packages/airflow/example_dags/example_python_operator.py
[2024-01-21T13:49:22.487+0000] {logging_mixin.py:188} INFO - [2024-01-21T13:49:22.486+0000] {dag.py:3036} INFO - Sync 1 DAGs
[2024-01-21T13:49:22.534+0000] {logging_mixin.py:188} INFO - [2024-01-21T13:49:22.533+0000] {dag.py:3823} INFO - Setting next_dagrun for example_python_operator to None, run_after=None
[2024-01-21T13:49:22.623+0000] {processor.py:183} INFO - Processing /home/airflow/.local/lib/python3.8/site-packages/airflow/example_dags/example_python_operator.py took 0.308 seconds
[2024-01-21T13:49:54.152+0000] {processor.py:161} INFO - Started process (PID=1186) to work on /home/airflow/.local/lib/python3.8/site-packages/airflow/example_dags/example_python_operator.py
[2024-01-21T13:49:54.155+0000] {processor.py:830} INFO - Processing file /home/airflow/.local/lib/python3.8/site-packages/airflow/example_dags/example_python_operator.py for tasks to queue
[2024-01-21T13:49:54.163+0000] {logging_mixin.py:188} INFO - [2024-01-21T13:49:54.162+0000] {dagbag.py:538} INFO - Filling up the DagBag from /home/airflow/.local/lib/python3.8/site-packages/airflow/example_dags/example_python_operator.py
[2024-01-21T13:49:54.271+0000] {processor.py:840} INFO - DAG(s) 'example_python_operator' retrieved from /home/airflow/.local/lib/python3.8/site-packages/airflow/example_dags/example_python_operator.py
[2024-01-21T13:49:54.463+0000] {logging_mixin.py:188} INFO - [2024-01-21T13:49:54.462+0000] {dag.py:3036} INFO - Sync 1 DAGs
[2024-01-21T13:49:54.536+0000] {logging_mixin.py:188} INFO - [2024-01-21T13:49:54.536+0000] {dag.py:3823} INFO - Setting next_dagrun for example_python_operator to None, run_after=None
[2024-01-21T13:49:54.674+0000] {processor.py:183} INFO - Processing /home/airflow/.local/lib/python3.8/site-packages/airflow/example_dags/example_python_operator.py took 0.537 seconds
[2024-01-21T13:50:25.548+0000] {processor.py:161} INFO - Started process (PID=1242) to work on /home/airflow/.local/lib/python3.8/site-packages/airflow/example_dags/example_python_operator.py
[2024-01-21T13:50:25.551+0000] {processor.py:830} INFO - Processing file /home/airflow/.local/lib/python3.8/site-packages/airflow/example_dags/example_python_operator.py for tasks to queue
[2024-01-21T13:50:25.558+0000] {logging_mixin.py:188} INFO - [2024-01-21T13:50:25.556+0000] {dagbag.py:538} INFO - Filling up the DagBag from /home/airflow/.local/lib/python3.8/site-packages/airflow/example_dags/example_python_operator.py
[2024-01-21T13:50:25.581+0000] {processor.py:840} INFO - DAG(s) 'example_python_operator' retrieved from /home/airflow/.local/lib/python3.8/site-packages/airflow/example_dags/example_python_operator.py
[2024-01-21T13:50:25.652+0000] {logging_mixin.py:188} INFO - [2024-01-21T13:50:25.652+0000] {dag.py:3036} INFO - Sync 1 DAGs
[2024-01-21T13:50:25.694+0000] {logging_mixin.py:188} INFO - [2024-01-21T13:50:25.691+0000] {dag.py:3823} INFO - Setting next_dagrun for example_python_operator to None, run_after=None
[2024-01-21T13:50:25.777+0000] {processor.py:183} INFO - Processing /home/airflow/.local/lib/python3.8/site-packages/airflow/example_dags/example_python_operator.py took 0.236 seconds
[2024-01-21T13:50:55.885+0000] {processor.py:161} INFO - Started process (PID=1298) to work on /home/airflow/.local/lib/python3.8/site-packages/airflow/example_dags/example_python_operator.py
[2024-01-21T13:50:55.887+0000] {processor.py:830} INFO - Processing file /home/airflow/.local/lib/python3.8/site-packages/airflow/example_dags/example_python_operator.py for tasks to queue
[2024-01-21T13:50:55.894+0000] {logging_mixin.py:188} INFO - [2024-01-21T13:50:55.893+0000] {dagbag.py:538} INFO - Filling up the DagBag from /home/airflow/.local/lib/python3.8/site-packages/airflow/example_dags/example_python_operator.py
[2024-01-21T13:50:55.919+0000] {processor.py:840} INFO - DAG(s) 'example_python_operator' retrieved from /home/airflow/.local/lib/python3.8/site-packages/airflow/example_dags/example_python_operator.py
[2024-01-21T13:50:55.968+0000] {logging_mixin.py:188} INFO - [2024-01-21T13:50:55.968+0000] {dag.py:3036} INFO - Sync 1 DAGs
[2024-01-21T13:50:55.991+0000] {logging_mixin.py:188} INFO - [2024-01-21T13:50:55.990+0000] {dag.py:3823} INFO - Setting next_dagrun for example_python_operator to None, run_after=None
[2024-01-21T13:50:56.030+0000] {processor.py:183} INFO - Processing /home/airflow/.local/lib/python3.8/site-packages/airflow/example_dags/example_python_operator.py took 0.152 seconds
[2024-01-21T13:51:26.342+0000] {processor.py:161} INFO - Started process (PID=1354) to work on /home/airflow/.local/lib/python3.8/site-packages/airflow/example_dags/example_python_operator.py
[2024-01-21T13:51:26.345+0000] {processor.py:830} INFO - Processing file /home/airflow/.local/lib/python3.8/site-packages/airflow/example_dags/example_python_operator.py for tasks to queue
[2024-01-21T13:51:26.499+0000] {logging_mixin.py:188} INFO - [2024-01-21T13:51:26.498+0000] {dagbag.py:538} INFO - Filling up the DagBag from /home/airflow/.local/lib/python3.8/site-packages/airflow/example_dags/example_python_operator.py
[2024-01-21T13:51:26.595+0000] {processor.py:840} INFO - DAG(s) 'example_python_operator' retrieved from /home/airflow/.local/lib/python3.8/site-packages/airflow/example_dags/example_python_operator.py
[2024-01-21T13:51:26.739+0000] {logging_mixin.py:188} INFO - [2024-01-21T13:51:26.738+0000] {dag.py:3036} INFO - Sync 1 DAGs
[2024-01-21T13:51:26.847+0000] {logging_mixin.py:188} INFO - [2024-01-21T13:51:26.846+0000] {dag.py:3823} INFO - Setting next_dagrun for example_python_operator to None, run_after=None
[2024-01-21T13:51:26.977+0000] {processor.py:183} INFO - Processing /home/airflow/.local/lib/python3.8/site-packages/airflow/example_dags/example_python_operator.py took 0.644 seconds
