[2024-01-21T13:20:22.662+0000] {processor.py:161} INFO - Started process (PID=46) to work on /home/airflow/.local/lib/python3.8/site-packages/airflow/example_dags/example_datasets.py
[2024-01-21T13:20:22.683+0000] {processor.py:830} INFO - Processing file /home/airflow/.local/lib/python3.8/site-packages/airflow/example_dags/example_datasets.py for tasks to queue
[2024-01-21T13:20:22.713+0000] {logging_mixin.py:188} INFO - [2024-01-21T13:20:22.709+0000] {dagbag.py:538} INFO - Filling up the DagBag from /home/airflow/.local/lib/python3.8/site-packages/airflow/example_dags/example_datasets.py
[2024-01-21T13:20:23.200+0000] {processor.py:840} INFO - DAG(s) 'dataset_consumes_1_never_scheduled', 'dataset_produces_1', 'dataset_consumes_1', 'dataset_consumes_unknown_never_scheduled', 'dataset_produces_2', 'dataset_consumes_1_and_2' retrieved from /home/airflow/.local/lib/python3.8/site-packages/airflow/example_dags/example_datasets.py
[2024-01-21T13:20:24.282+0000] {logging_mixin.py:188} INFO - [2024-01-21T13:20:24.281+0000] {dag.py:3036} INFO - Sync 6 DAGs
[2024-01-21T13:20:24.352+0000] {logging_mixin.py:188} INFO - [2024-01-21T13:20:24.351+0000] {dag.py:3823} INFO - Setting next_dagrun for dataset_consumes_1 to None, run_after=None
[2024-01-21T13:20:24.365+0000] {logging_mixin.py:188} INFO - [2024-01-21T13:20:24.364+0000] {dag.py:3823} INFO - Setting next_dagrun for dataset_consumes_1_and_2 to None, run_after=None
[2024-01-21T13:20:24.371+0000] {logging_mixin.py:188} INFO - [2024-01-21T13:20:24.370+0000] {dag.py:3823} INFO - Setting next_dagrun for dataset_consumes_1_never_scheduled to None, run_after=None
[2024-01-21T13:20:24.376+0000] {logging_mixin.py:188} INFO - [2024-01-21T13:20:24.375+0000] {dag.py:3823} INFO - Setting next_dagrun for dataset_consumes_unknown_never_scheduled to None, run_after=None
[2024-01-21T13:20:24.396+0000] {logging_mixin.py:188} INFO - [2024-01-21T13:20:24.395+0000] {dag.py:3823} INFO - Setting next_dagrun for dataset_produces_1 to 2024-01-20 00:00:00+00:00, run_after=2024-01-21 00:00:00+00:00
[2024-01-21T13:20:24.400+0000] {logging_mixin.py:188} INFO - [2024-01-21T13:20:24.400+0000] {dag.py:3823} INFO - Setting next_dagrun for dataset_produces_2 to None, run_after=None
[2024-01-21T13:20:24.535+0000] {processor.py:183} INFO - Processing /home/airflow/.local/lib/python3.8/site-packages/airflow/example_dags/example_datasets.py took 1.938 seconds
[2024-01-21T13:20:55.067+0000] {processor.py:161} INFO - Started process (PID=101) to work on /home/airflow/.local/lib/python3.8/site-packages/airflow/example_dags/example_datasets.py
[2024-01-21T13:20:55.070+0000] {processor.py:830} INFO - Processing file /home/airflow/.local/lib/python3.8/site-packages/airflow/example_dags/example_datasets.py for tasks to queue
[2024-01-21T13:20:55.076+0000] {logging_mixin.py:188} INFO - [2024-01-21T13:20:55.075+0000] {dagbag.py:538} INFO - Filling up the DagBag from /home/airflow/.local/lib/python3.8/site-packages/airflow/example_dags/example_datasets.py
[2024-01-21T13:20:55.105+0000] {processor.py:840} INFO - DAG(s) 'dataset_consumes_unknown_never_scheduled', 'dataset_consumes_1', 'dataset_produces_1', 'dataset_consumes_1_and_2', 'dataset_consumes_1_never_scheduled', 'dataset_produces_2' retrieved from /home/airflow/.local/lib/python3.8/site-packages/airflow/example_dags/example_datasets.py
[2024-01-21T13:20:55.292+0000] {logging_mixin.py:188} INFO - [2024-01-21T13:20:55.292+0000] {dag.py:3036} INFO - Sync 6 DAGs
[2024-01-21T13:20:55.366+0000] {logging_mixin.py:188} INFO - [2024-01-21T13:20:55.365+0000] {dag.py:3823} INFO - Setting next_dagrun for dataset_consumes_1 to None, run_after=None
[2024-01-21T13:20:55.376+0000] {logging_mixin.py:188} INFO - [2024-01-21T13:20:55.375+0000] {dag.py:3823} INFO - Setting next_dagrun for dataset_consumes_1_and_2 to None, run_after=None
[2024-01-21T13:20:55.379+0000] {logging_mixin.py:188} INFO - [2024-01-21T13:20:55.379+0000] {dag.py:3823} INFO - Setting next_dagrun for dataset_consumes_1_never_scheduled to None, run_after=None
[2024-01-21T13:20:55.383+0000] {logging_mixin.py:188} INFO - [2024-01-21T13:20:55.383+0000] {dag.py:3823} INFO - Setting next_dagrun for dataset_consumes_unknown_never_scheduled to None, run_after=None
[2024-01-21T13:20:55.391+0000] {logging_mixin.py:188} INFO - [2024-01-21T13:20:55.390+0000] {dag.py:3823} INFO - Setting next_dagrun for dataset_produces_1 to 2024-01-20 00:00:00+00:00, run_after=2024-01-21 00:00:00+00:00
[2024-01-21T13:20:55.394+0000] {logging_mixin.py:188} INFO - [2024-01-21T13:20:55.393+0000] {dag.py:3823} INFO - Setting next_dagrun for dataset_produces_2 to None, run_after=None
[2024-01-21T13:20:55.477+0000] {processor.py:183} INFO - Processing /home/airflow/.local/lib/python3.8/site-packages/airflow/example_dags/example_datasets.py took 0.422 seconds
[2024-01-21T13:21:25.681+0000] {processor.py:161} INFO - Started process (PID=154) to work on /home/airflow/.local/lib/python3.8/site-packages/airflow/example_dags/example_datasets.py
[2024-01-21T13:21:25.686+0000] {processor.py:830} INFO - Processing file /home/airflow/.local/lib/python3.8/site-packages/airflow/example_dags/example_datasets.py for tasks to queue
[2024-01-21T13:21:25.696+0000] {logging_mixin.py:188} INFO - [2024-01-21T13:21:25.696+0000] {dagbag.py:538} INFO - Filling up the DagBag from /home/airflow/.local/lib/python3.8/site-packages/airflow/example_dags/example_datasets.py
[2024-01-21T13:21:25.824+0000] {processor.py:840} INFO - DAG(s) 'dataset_consumes_unknown_never_scheduled', 'dataset_consumes_1', 'dataset_consumes_1_and_2', 'dataset_produces_1', 'dataset_consumes_1_never_scheduled', 'dataset_produces_2' retrieved from /home/airflow/.local/lib/python3.8/site-packages/airflow/example_dags/example_datasets.py
[2024-01-21T13:21:26.387+0000] {logging_mixin.py:188} INFO - [2024-01-21T13:21:26.386+0000] {dag.py:3036} INFO - Sync 6 DAGs
[2024-01-21T13:21:26.573+0000] {logging_mixin.py:188} INFO - [2024-01-21T13:21:26.573+0000] {dag.py:3823} INFO - Setting next_dagrun for dataset_consumes_1 to None, run_after=None
[2024-01-21T13:21:26.725+0000] {logging_mixin.py:188} INFO - [2024-01-21T13:21:26.724+0000] {dag.py:3823} INFO - Setting next_dagrun for dataset_consumes_1_and_2 to None, run_after=None
[2024-01-21T13:21:26.736+0000] {logging_mixin.py:188} INFO - [2024-01-21T13:21:26.735+0000] {dag.py:3823} INFO - Setting next_dagrun for dataset_consumes_1_never_scheduled to None, run_after=None
[2024-01-21T13:21:26.741+0000] {logging_mixin.py:188} INFO - [2024-01-21T13:21:26.740+0000] {dag.py:3823} INFO - Setting next_dagrun for dataset_consumes_unknown_never_scheduled to None, run_after=None
[2024-01-21T13:21:26.757+0000] {logging_mixin.py:188} INFO - [2024-01-21T13:21:26.756+0000] {dag.py:3823} INFO - Setting next_dagrun for dataset_produces_1 to 2024-01-20 00:00:00+00:00, run_after=2024-01-21 00:00:00+00:00
[2024-01-21T13:21:26.766+0000] {logging_mixin.py:188} INFO - [2024-01-21T13:21:26.764+0000] {dag.py:3823} INFO - Setting next_dagrun for dataset_produces_2 to None, run_after=None
[2024-01-21T13:21:27.294+0000] {processor.py:183} INFO - Processing /home/airflow/.local/lib/python3.8/site-packages/airflow/example_dags/example_datasets.py took 1.623 seconds
[2024-01-21T13:21:57.726+0000] {processor.py:161} INFO - Started process (PID=208) to work on /home/airflow/.local/lib/python3.8/site-packages/airflow/example_dags/example_datasets.py
[2024-01-21T13:21:57.728+0000] {processor.py:830} INFO - Processing file /home/airflow/.local/lib/python3.8/site-packages/airflow/example_dags/example_datasets.py for tasks to queue
[2024-01-21T13:21:57.732+0000] {logging_mixin.py:188} INFO - [2024-01-21T13:21:57.732+0000] {dagbag.py:538} INFO - Filling up the DagBag from /home/airflow/.local/lib/python3.8/site-packages/airflow/example_dags/example_datasets.py
[2024-01-21T13:21:57.752+0000] {processor.py:840} INFO - DAG(s) 'dataset_consumes_1_and_2', 'dataset_consumes_1', 'dataset_produces_2', 'dataset_consumes_1_never_scheduled', 'dataset_produces_1', 'dataset_consumes_unknown_never_scheduled' retrieved from /home/airflow/.local/lib/python3.8/site-packages/airflow/example_dags/example_datasets.py
[2024-01-21T13:21:57.849+0000] {logging_mixin.py:188} INFO - [2024-01-21T13:21:57.848+0000] {dag.py:3036} INFO - Sync 6 DAGs
[2024-01-21T13:21:57.897+0000] {logging_mixin.py:188} INFO - [2024-01-21T13:21:57.897+0000] {dag.py:3823} INFO - Setting next_dagrun for dataset_consumes_1 to None, run_after=None
[2024-01-21T13:21:57.905+0000] {logging_mixin.py:188} INFO - [2024-01-21T13:21:57.904+0000] {dag.py:3823} INFO - Setting next_dagrun for dataset_consumes_1_and_2 to None, run_after=None
[2024-01-21T13:21:57.910+0000] {logging_mixin.py:188} INFO - [2024-01-21T13:21:57.910+0000] {dag.py:3823} INFO - Setting next_dagrun for dataset_consumes_1_never_scheduled to None, run_after=None
[2024-01-21T13:21:57.914+0000] {logging_mixin.py:188} INFO - [2024-01-21T13:21:57.914+0000] {dag.py:3823} INFO - Setting next_dagrun for dataset_consumes_unknown_never_scheduled to None, run_after=None
[2024-01-21T13:21:57.921+0000] {logging_mixin.py:188} INFO - [2024-01-21T13:21:57.920+0000] {dag.py:3823} INFO - Setting next_dagrun for dataset_produces_1 to 2024-01-20 00:00:00+00:00, run_after=2024-01-21 00:00:00+00:00
[2024-01-21T13:21:57.925+0000] {logging_mixin.py:188} INFO - [2024-01-21T13:21:57.924+0000] {dag.py:3823} INFO - Setting next_dagrun for dataset_produces_2 to None, run_after=None
[2024-01-21T13:21:57.998+0000] {processor.py:183} INFO - Processing /home/airflow/.local/lib/python3.8/site-packages/airflow/example_dags/example_datasets.py took 0.280 seconds
[2024-01-21T13:22:28.784+0000] {processor.py:161} INFO - Started process (PID=263) to work on /home/airflow/.local/lib/python3.8/site-packages/airflow/example_dags/example_datasets.py
[2024-01-21T13:22:28.788+0000] {processor.py:830} INFO - Processing file /home/airflow/.local/lib/python3.8/site-packages/airflow/example_dags/example_datasets.py for tasks to queue
[2024-01-21T13:22:28.811+0000] {logging_mixin.py:188} INFO - [2024-01-21T13:22:28.806+0000] {dagbag.py:538} INFO - Filling up the DagBag from /home/airflow/.local/lib/python3.8/site-packages/airflow/example_dags/example_datasets.py
[2024-01-21T13:22:29.037+0000] {processor.py:840} INFO - DAG(s) 'dataset_consumes_1', 'dataset_consumes_1_and_2', 'dataset_produces_1', 'dataset_produces_2', 'dataset_consumes_unknown_never_scheduled', 'dataset_consumes_1_never_scheduled' retrieved from /home/airflow/.local/lib/python3.8/site-packages/airflow/example_dags/example_datasets.py
[2024-01-21T13:22:29.351+0000] {logging_mixin.py:188} INFO - [2024-01-21T13:22:29.351+0000] {dag.py:3036} INFO - Sync 6 DAGs
[2024-01-21T13:22:29.418+0000] {logging_mixin.py:188} INFO - [2024-01-21T13:22:29.417+0000] {dag.py:3823} INFO - Setting next_dagrun for dataset_consumes_1 to None, run_after=None
[2024-01-21T13:22:29.438+0000] {logging_mixin.py:188} INFO - [2024-01-21T13:22:29.437+0000] {dag.py:3823} INFO - Setting next_dagrun for dataset_consumes_1_and_2 to None, run_after=None
[2024-01-21T13:22:29.443+0000] {logging_mixin.py:188} INFO - [2024-01-21T13:22:29.443+0000] {dag.py:3823} INFO - Setting next_dagrun for dataset_consumes_1_never_scheduled to None, run_after=None
[2024-01-21T13:22:29.449+0000] {logging_mixin.py:188} INFO - [2024-01-21T13:22:29.449+0000] {dag.py:3823} INFO - Setting next_dagrun for dataset_consumes_unknown_never_scheduled to None, run_after=None
[2024-01-21T13:22:29.457+0000] {logging_mixin.py:188} INFO - [2024-01-21T13:22:29.457+0000] {dag.py:3823} INFO - Setting next_dagrun for dataset_produces_1 to 2024-01-20 00:00:00+00:00, run_after=2024-01-21 00:00:00+00:00
[2024-01-21T13:22:29.464+0000] {logging_mixin.py:188} INFO - [2024-01-21T13:22:29.464+0000] {dag.py:3823} INFO - Setting next_dagrun for dataset_produces_2 to None, run_after=None
[2024-01-21T13:22:29.604+0000] {processor.py:183} INFO - Processing /home/airflow/.local/lib/python3.8/site-packages/airflow/example_dags/example_datasets.py took 0.839 seconds
[2024-01-21T13:38:56.017+0000] {processor.py:161} INFO - Started process (PID=41) to work on /home/airflow/.local/lib/python3.8/site-packages/airflow/example_dags/example_datasets.py
[2024-01-21T13:38:56.022+0000] {processor.py:830} INFO - Processing file /home/airflow/.local/lib/python3.8/site-packages/airflow/example_dags/example_datasets.py for tasks to queue
[2024-01-21T13:38:56.033+0000] {logging_mixin.py:188} INFO - [2024-01-21T13:38:56.029+0000] {dagbag.py:538} INFO - Filling up the DagBag from /home/airflow/.local/lib/python3.8/site-packages/airflow/example_dags/example_datasets.py
[2024-01-21T13:38:56.096+0000] {processor.py:840} INFO - DAG(s) 'dataset_produces_1', 'dataset_consumes_1_and_2', 'dataset_consumes_unknown_never_scheduled', 'dataset_consumes_1', 'dataset_consumes_1_never_scheduled', 'dataset_produces_2' retrieved from /home/airflow/.local/lib/python3.8/site-packages/airflow/example_dags/example_datasets.py
[2024-01-21T13:38:57.827+0000] {logging_mixin.py:188} INFO - [2024-01-21T13:38:57.826+0000] {dag.py:3036} INFO - Sync 6 DAGs
[2024-01-21T13:38:58.001+0000] {logging_mixin.py:188} INFO - [2024-01-21T13:38:58.001+0000] {dag.py:3823} INFO - Setting next_dagrun for dataset_consumes_1 to None, run_after=None
[2024-01-21T13:38:58.014+0000] {logging_mixin.py:188} INFO - [2024-01-21T13:38:58.013+0000] {dag.py:3823} INFO - Setting next_dagrun for dataset_consumes_1_and_2 to None, run_after=None
[2024-01-21T13:38:58.019+0000] {logging_mixin.py:188} INFO - [2024-01-21T13:38:58.019+0000] {dag.py:3823} INFO - Setting next_dagrun for dataset_consumes_1_never_scheduled to None, run_after=None
[2024-01-21T13:38:58.024+0000] {logging_mixin.py:188} INFO - [2024-01-21T13:38:58.023+0000] {dag.py:3823} INFO - Setting next_dagrun for dataset_consumes_unknown_never_scheduled to None, run_after=None
[2024-01-21T13:38:58.040+0000] {logging_mixin.py:188} INFO - [2024-01-21T13:38:58.039+0000] {dag.py:3823} INFO - Setting next_dagrun for dataset_produces_1 to 2024-01-20 00:00:00+00:00, run_after=2024-01-21 00:00:00+00:00
[2024-01-21T13:38:58.047+0000] {logging_mixin.py:188} INFO - [2024-01-21T13:38:58.046+0000] {dag.py:3823} INFO - Setting next_dagrun for dataset_produces_2 to None, run_after=None
[2024-01-21T13:38:58.369+0000] {processor.py:183} INFO - Processing /home/airflow/.local/lib/python3.8/site-packages/airflow/example_dags/example_datasets.py took 2.367 seconds
[2024-01-21T13:39:43.740+0000] {processor.py:161} INFO - Started process (PID=102) to work on /home/airflow/.local/lib/python3.8/site-packages/airflow/example_dags/example_datasets.py
[2024-01-21T13:39:43.745+0000] {processor.py:830} INFO - Processing file /home/airflow/.local/lib/python3.8/site-packages/airflow/example_dags/example_datasets.py for tasks to queue
[2024-01-21T13:39:43.750+0000] {logging_mixin.py:188} INFO - [2024-01-21T13:39:43.750+0000] {dagbag.py:538} INFO - Filling up the DagBag from /home/airflow/.local/lib/python3.8/site-packages/airflow/example_dags/example_datasets.py
[2024-01-21T13:39:43.780+0000] {processor.py:840} INFO - DAG(s) 'dataset_produces_2', 'dataset_consumes_1_and_2', 'dataset_consumes_1', 'dataset_produces_1', 'dataset_consumes_unknown_never_scheduled', 'dataset_consumes_1_never_scheduled' retrieved from /home/airflow/.local/lib/python3.8/site-packages/airflow/example_dags/example_datasets.py
[2024-01-21T13:39:43.906+0000] {logging_mixin.py:188} INFO - [2024-01-21T13:39:43.905+0000] {dag.py:3036} INFO - Sync 6 DAGs
[2024-01-21T13:39:44.087+0000] {logging_mixin.py:188} INFO - [2024-01-21T13:39:44.086+0000] {dag.py:3823} INFO - Setting next_dagrun for dataset_consumes_1 to None, run_after=None
[2024-01-21T13:39:44.128+0000] {logging_mixin.py:188} INFO - [2024-01-21T13:39:44.127+0000] {dag.py:3823} INFO - Setting next_dagrun for dataset_consumes_1_and_2 to None, run_after=None
[2024-01-21T13:39:44.141+0000] {logging_mixin.py:188} INFO - [2024-01-21T13:39:44.141+0000] {dag.py:3823} INFO - Setting next_dagrun for dataset_consumes_1_never_scheduled to None, run_after=None
[2024-01-21T13:39:44.145+0000] {logging_mixin.py:188} INFO - [2024-01-21T13:39:44.145+0000] {dag.py:3823} INFO - Setting next_dagrun for dataset_consumes_unknown_never_scheduled to None, run_after=None
[2024-01-21T13:39:44.158+0000] {logging_mixin.py:188} INFO - [2024-01-21T13:39:44.158+0000] {dag.py:3823} INFO - Setting next_dagrun for dataset_produces_1 to 2024-01-20 00:00:00+00:00, run_after=2024-01-21 00:00:00+00:00
[2024-01-21T13:39:44.166+0000] {logging_mixin.py:188} INFO - [2024-01-21T13:39:44.162+0000] {dag.py:3823} INFO - Setting next_dagrun for dataset_produces_2 to None, run_after=None
[2024-01-21T13:39:44.259+0000] {processor.py:183} INFO - Processing /home/airflow/.local/lib/python3.8/site-packages/airflow/example_dags/example_datasets.py took 0.532 seconds
[2024-01-21T13:40:20.509+0000] {processor.py:161} INFO - Started process (PID=147) to work on /home/airflow/.local/lib/python3.8/site-packages/airflow/example_dags/example_datasets.py
[2024-01-21T13:40:20.534+0000] {processor.py:830} INFO - Processing file /home/airflow/.local/lib/python3.8/site-packages/airflow/example_dags/example_datasets.py for tasks to queue
[2024-01-21T13:40:20.541+0000] {logging_mixin.py:188} INFO - [2024-01-21T13:40:20.540+0000] {dagbag.py:538} INFO - Filling up the DagBag from /home/airflow/.local/lib/python3.8/site-packages/airflow/example_dags/example_datasets.py
[2024-01-21T13:40:20.601+0000] {processor.py:840} INFO - DAG(s) 'dataset_consumes_unknown_never_scheduled', 'dataset_consumes_1_and_2', 'dataset_produces_2', 'dataset_consumes_1_never_scheduled', 'dataset_consumes_1', 'dataset_produces_1' retrieved from /home/airflow/.local/lib/python3.8/site-packages/airflow/example_dags/example_datasets.py
[2024-01-21T13:40:20.773+0000] {logging_mixin.py:188} INFO - [2024-01-21T13:40:20.772+0000] {dag.py:3036} INFO - Sync 6 DAGs
[2024-01-21T13:40:20.844+0000] {logging_mixin.py:188} INFO - [2024-01-21T13:40:20.844+0000] {dag.py:3823} INFO - Setting next_dagrun for dataset_consumes_1 to None, run_after=None
[2024-01-21T13:40:20.855+0000] {logging_mixin.py:188} INFO - [2024-01-21T13:40:20.855+0000] {dag.py:3823} INFO - Setting next_dagrun for dataset_consumes_1_and_2 to None, run_after=None
[2024-01-21T13:40:20.860+0000] {logging_mixin.py:188} INFO - [2024-01-21T13:40:20.859+0000] {dag.py:3823} INFO - Setting next_dagrun for dataset_consumes_1_never_scheduled to None, run_after=None
[2024-01-21T13:40:20.864+0000] {logging_mixin.py:188} INFO - [2024-01-21T13:40:20.864+0000] {dag.py:3823} INFO - Setting next_dagrun for dataset_consumes_unknown_never_scheduled to None, run_after=None
[2024-01-21T13:40:20.875+0000] {logging_mixin.py:188} INFO - [2024-01-21T13:40:20.875+0000] {dag.py:3823} INFO - Setting next_dagrun for dataset_produces_1 to 2024-01-20 00:00:00+00:00, run_after=2024-01-21 00:00:00+00:00
[2024-01-21T13:40:20.886+0000] {logging_mixin.py:188} INFO - [2024-01-21T13:40:20.884+0000] {dag.py:3823} INFO - Setting next_dagrun for dataset_produces_2 to None, run_after=None
[2024-01-21T13:40:21.111+0000] {processor.py:183} INFO - Processing /home/airflow/.local/lib/python3.8/site-packages/airflow/example_dags/example_datasets.py took 0.613 seconds
[2024-01-21T13:40:51.714+0000] {processor.py:161} INFO - Started process (PID=204) to work on /home/airflow/.local/lib/python3.8/site-packages/airflow/example_dags/example_datasets.py
[2024-01-21T13:40:51.716+0000] {processor.py:830} INFO - Processing file /home/airflow/.local/lib/python3.8/site-packages/airflow/example_dags/example_datasets.py for tasks to queue
[2024-01-21T13:40:51.720+0000] {logging_mixin.py:188} INFO - [2024-01-21T13:40:51.719+0000] {dagbag.py:538} INFO - Filling up the DagBag from /home/airflow/.local/lib/python3.8/site-packages/airflow/example_dags/example_datasets.py
[2024-01-21T13:40:51.742+0000] {processor.py:840} INFO - DAG(s) 'dataset_consumes_1_never_scheduled', 'dataset_produces_2', 'dataset_consumes_unknown_never_scheduled', 'dataset_produces_1', 'dataset_consumes_1_and_2', 'dataset_consumes_1' retrieved from /home/airflow/.local/lib/python3.8/site-packages/airflow/example_dags/example_datasets.py
[2024-01-21T13:40:51.821+0000] {logging_mixin.py:188} INFO - [2024-01-21T13:40:51.820+0000] {dag.py:3036} INFO - Sync 6 DAGs
[2024-01-21T13:40:51.869+0000] {logging_mixin.py:188} INFO - [2024-01-21T13:40:51.868+0000] {dag.py:3823} INFO - Setting next_dagrun for dataset_consumes_1 to None, run_after=None
[2024-01-21T13:40:51.878+0000] {logging_mixin.py:188} INFO - [2024-01-21T13:40:51.877+0000] {dag.py:3823} INFO - Setting next_dagrun for dataset_consumes_1_and_2 to None, run_after=None
[2024-01-21T13:40:51.882+0000] {logging_mixin.py:188} INFO - [2024-01-21T13:40:51.882+0000] {dag.py:3823} INFO - Setting next_dagrun for dataset_consumes_1_never_scheduled to None, run_after=None
[2024-01-21T13:40:51.886+0000] {logging_mixin.py:188} INFO - [2024-01-21T13:40:51.886+0000] {dag.py:3823} INFO - Setting next_dagrun for dataset_consumes_unknown_never_scheduled to None, run_after=None
[2024-01-21T13:40:51.893+0000] {logging_mixin.py:188} INFO - [2024-01-21T13:40:51.893+0000] {dag.py:3823} INFO - Setting next_dagrun for dataset_produces_1 to 2024-01-20 00:00:00+00:00, run_after=2024-01-21 00:00:00+00:00
[2024-01-21T13:40:51.897+0000] {logging_mixin.py:188} INFO - [2024-01-21T13:40:51.896+0000] {dag.py:3823} INFO - Setting next_dagrun for dataset_produces_2 to None, run_after=None
[2024-01-21T13:40:51.986+0000] {processor.py:183} INFO - Processing /home/airflow/.local/lib/python3.8/site-packages/airflow/example_dags/example_datasets.py took 0.279 seconds
[2024-01-21T13:41:22.260+0000] {processor.py:161} INFO - Started process (PID=260) to work on /home/airflow/.local/lib/python3.8/site-packages/airflow/example_dags/example_datasets.py
[2024-01-21T13:41:22.264+0000] {processor.py:830} INFO - Processing file /home/airflow/.local/lib/python3.8/site-packages/airflow/example_dags/example_datasets.py for tasks to queue
[2024-01-21T13:41:22.271+0000] {logging_mixin.py:188} INFO - [2024-01-21T13:41:22.271+0000] {dagbag.py:538} INFO - Filling up the DagBag from /home/airflow/.local/lib/python3.8/site-packages/airflow/example_dags/example_datasets.py
[2024-01-21T13:41:22.302+0000] {processor.py:840} INFO - DAG(s) 'dataset_produces_2', 'dataset_produces_1', 'dataset_consumes_1_never_scheduled', 'dataset_consumes_1_and_2', 'dataset_consumes_1', 'dataset_consumes_unknown_never_scheduled' retrieved from /home/airflow/.local/lib/python3.8/site-packages/airflow/example_dags/example_datasets.py
[2024-01-21T13:41:22.457+0000] {logging_mixin.py:188} INFO - [2024-01-21T13:41:22.456+0000] {dag.py:3036} INFO - Sync 6 DAGs
[2024-01-21T13:41:22.526+0000] {logging_mixin.py:188} INFO - [2024-01-21T13:41:22.522+0000] {dag.py:3823} INFO - Setting next_dagrun for dataset_consumes_1 to None, run_after=None
[2024-01-21T13:41:22.540+0000] {logging_mixin.py:188} INFO - [2024-01-21T13:41:22.539+0000] {dag.py:3823} INFO - Setting next_dagrun for dataset_consumes_1_and_2 to None, run_after=None
[2024-01-21T13:41:22.549+0000] {logging_mixin.py:188} INFO - [2024-01-21T13:41:22.548+0000] {dag.py:3823} INFO - Setting next_dagrun for dataset_consumes_1_never_scheduled to None, run_after=None
[2024-01-21T13:41:22.554+0000] {logging_mixin.py:188} INFO - [2024-01-21T13:41:22.554+0000] {dag.py:3823} INFO - Setting next_dagrun for dataset_consumes_unknown_never_scheduled to None, run_after=None
[2024-01-21T13:41:22.564+0000] {logging_mixin.py:188} INFO - [2024-01-21T13:41:22.563+0000] {dag.py:3823} INFO - Setting next_dagrun for dataset_produces_1 to 2024-01-20 00:00:00+00:00, run_after=2024-01-21 00:00:00+00:00
[2024-01-21T13:41:22.568+0000] {logging_mixin.py:188} INFO - [2024-01-21T13:41:22.568+0000] {dag.py:3823} INFO - Setting next_dagrun for dataset_produces_2 to None, run_after=None
[2024-01-21T13:41:22.669+0000] {processor.py:183} INFO - Processing /home/airflow/.local/lib/python3.8/site-packages/airflow/example_dags/example_datasets.py took 0.419 seconds
[2024-01-21T13:41:52.814+0000] {processor.py:161} INFO - Started process (PID=315) to work on /home/airflow/.local/lib/python3.8/site-packages/airflow/example_dags/example_datasets.py
[2024-01-21T13:41:52.862+0000] {processor.py:830} INFO - Processing file /home/airflow/.local/lib/python3.8/site-packages/airflow/example_dags/example_datasets.py for tasks to queue
[2024-01-21T13:41:52.871+0000] {logging_mixin.py:188} INFO - [2024-01-21T13:41:52.869+0000] {dagbag.py:538} INFO - Filling up the DagBag from /home/airflow/.local/lib/python3.8/site-packages/airflow/example_dags/example_datasets.py
[2024-01-21T13:41:52.952+0000] {processor.py:840} INFO - DAG(s) 'dataset_produces_1', 'dataset_consumes_1_never_scheduled', 'dataset_consumes_unknown_never_scheduled', 'dataset_produces_2', 'dataset_consumes_1', 'dataset_consumes_1_and_2' retrieved from /home/airflow/.local/lib/python3.8/site-packages/airflow/example_dags/example_datasets.py
[2024-01-21T13:41:53.368+0000] {logging_mixin.py:188} INFO - [2024-01-21T13:41:53.367+0000] {dag.py:3036} INFO - Sync 6 DAGs
[2024-01-21T13:41:53.490+0000] {logging_mixin.py:188} INFO - [2024-01-21T13:41:53.489+0000] {dag.py:3823} INFO - Setting next_dagrun for dataset_consumes_1 to None, run_after=None
[2024-01-21T13:41:53.516+0000] {logging_mixin.py:188} INFO - [2024-01-21T13:41:53.515+0000] {dag.py:3823} INFO - Setting next_dagrun for dataset_consumes_1_and_2 to None, run_after=None
[2024-01-21T13:41:53.540+0000] {logging_mixin.py:188} INFO - [2024-01-21T13:41:53.539+0000] {dag.py:3823} INFO - Setting next_dagrun for dataset_consumes_1_never_scheduled to None, run_after=None
[2024-01-21T13:41:53.559+0000] {logging_mixin.py:188} INFO - [2024-01-21T13:41:53.558+0000] {dag.py:3823} INFO - Setting next_dagrun for dataset_consumes_unknown_never_scheduled to None, run_after=None
[2024-01-21T13:41:53.578+0000] {logging_mixin.py:188} INFO - [2024-01-21T13:41:53.577+0000] {dag.py:3823} INFO - Setting next_dagrun for dataset_produces_1 to 2024-01-20 00:00:00+00:00, run_after=2024-01-21 00:00:00+00:00
[2024-01-21T13:41:53.585+0000] {logging_mixin.py:188} INFO - [2024-01-21T13:41:53.584+0000] {dag.py:3823} INFO - Setting next_dagrun for dataset_produces_2 to None, run_after=None
[2024-01-21T13:41:53.722+0000] {processor.py:183} INFO - Processing /home/airflow/.local/lib/python3.8/site-packages/airflow/example_dags/example_datasets.py took 0.968 seconds
[2024-01-21T13:42:24.579+0000] {processor.py:161} INFO - Started process (PID=370) to work on /home/airflow/.local/lib/python3.8/site-packages/airflow/example_dags/example_datasets.py
[2024-01-21T13:42:24.582+0000] {processor.py:830} INFO - Processing file /home/airflow/.local/lib/python3.8/site-packages/airflow/example_dags/example_datasets.py for tasks to queue
[2024-01-21T13:42:24.588+0000] {logging_mixin.py:188} INFO - [2024-01-21T13:42:24.588+0000] {dagbag.py:538} INFO - Filling up the DagBag from /home/airflow/.local/lib/python3.8/site-packages/airflow/example_dags/example_datasets.py
[2024-01-21T13:42:24.614+0000] {processor.py:840} INFO - DAG(s) 'dataset_consumes_1_never_scheduled', 'dataset_consumes_1_and_2', 'dataset_produces_2', 'dataset_consumes_1', 'dataset_produces_1', 'dataset_consumes_unknown_never_scheduled' retrieved from /home/airflow/.local/lib/python3.8/site-packages/airflow/example_dags/example_datasets.py
[2024-01-21T13:42:24.734+0000] {logging_mixin.py:188} INFO - [2024-01-21T13:42:24.734+0000] {dag.py:3036} INFO - Sync 6 DAGs
[2024-01-21T13:42:24.827+0000] {logging_mixin.py:188} INFO - [2024-01-21T13:42:24.826+0000] {dag.py:3823} INFO - Setting next_dagrun for dataset_consumes_1 to None, run_after=None
[2024-01-21T13:42:24.839+0000] {logging_mixin.py:188} INFO - [2024-01-21T13:42:24.838+0000] {dag.py:3823} INFO - Setting next_dagrun for dataset_consumes_1_and_2 to None, run_after=None
[2024-01-21T13:42:24.845+0000] {logging_mixin.py:188} INFO - [2024-01-21T13:42:24.845+0000] {dag.py:3823} INFO - Setting next_dagrun for dataset_consumes_1_never_scheduled to None, run_after=None
[2024-01-21T13:42:24.865+0000] {logging_mixin.py:188} INFO - [2024-01-21T13:42:24.865+0000] {dag.py:3823} INFO - Setting next_dagrun for dataset_consumes_unknown_never_scheduled to None, run_after=None
[2024-01-21T13:42:24.885+0000] {logging_mixin.py:188} INFO - [2024-01-21T13:42:24.885+0000] {dag.py:3823} INFO - Setting next_dagrun for dataset_produces_1 to 2024-01-20 00:00:00+00:00, run_after=2024-01-21 00:00:00+00:00
[2024-01-21T13:42:24.896+0000] {logging_mixin.py:188} INFO - [2024-01-21T13:42:24.896+0000] {dag.py:3823} INFO - Setting next_dagrun for dataset_produces_2 to None, run_after=None
[2024-01-21T13:42:25.056+0000] {processor.py:183} INFO - Processing /home/airflow/.local/lib/python3.8/site-packages/airflow/example_dags/example_datasets.py took 0.488 seconds
[2024-01-21T13:42:55.271+0000] {processor.py:161} INFO - Started process (PID=425) to work on /home/airflow/.local/lib/python3.8/site-packages/airflow/example_dags/example_datasets.py
[2024-01-21T13:42:55.275+0000] {processor.py:830} INFO - Processing file /home/airflow/.local/lib/python3.8/site-packages/airflow/example_dags/example_datasets.py for tasks to queue
[2024-01-21T13:42:55.282+0000] {logging_mixin.py:188} INFO - [2024-01-21T13:42:55.281+0000] {dagbag.py:538} INFO - Filling up the DagBag from /home/airflow/.local/lib/python3.8/site-packages/airflow/example_dags/example_datasets.py
[2024-01-21T13:42:55.316+0000] {processor.py:840} INFO - DAG(s) 'dataset_produces_1', 'dataset_consumes_1', 'dataset_consumes_unknown_never_scheduled', 'dataset_produces_2', 'dataset_consumes_1_and_2', 'dataset_consumes_1_never_scheduled' retrieved from /home/airflow/.local/lib/python3.8/site-packages/airflow/example_dags/example_datasets.py
[2024-01-21T13:42:55.395+0000] {logging_mixin.py:188} INFO - [2024-01-21T13:42:55.395+0000] {dag.py:3036} INFO - Sync 6 DAGs
[2024-01-21T13:42:55.444+0000] {logging_mixin.py:188} INFO - [2024-01-21T13:42:55.443+0000] {dag.py:3823} INFO - Setting next_dagrun for dataset_consumes_1 to None, run_after=None
[2024-01-21T13:42:55.451+0000] {logging_mixin.py:188} INFO - [2024-01-21T13:42:55.450+0000] {dag.py:3823} INFO - Setting next_dagrun for dataset_consumes_1_and_2 to None, run_after=None
[2024-01-21T13:42:55.454+0000] {logging_mixin.py:188} INFO - [2024-01-21T13:42:55.454+0000] {dag.py:3823} INFO - Setting next_dagrun for dataset_consumes_1_never_scheduled to None, run_after=None
[2024-01-21T13:42:55.459+0000] {logging_mixin.py:188} INFO - [2024-01-21T13:42:55.458+0000] {dag.py:3823} INFO - Setting next_dagrun for dataset_consumes_unknown_never_scheduled to None, run_after=None
[2024-01-21T13:42:55.465+0000] {logging_mixin.py:188} INFO - [2024-01-21T13:42:55.465+0000] {dag.py:3823} INFO - Setting next_dagrun for dataset_produces_1 to 2024-01-20 00:00:00+00:00, run_after=2024-01-21 00:00:00+00:00
[2024-01-21T13:42:55.469+0000] {logging_mixin.py:188} INFO - [2024-01-21T13:42:55.468+0000] {dag.py:3823} INFO - Setting next_dagrun for dataset_produces_2 to None, run_after=None
[2024-01-21T13:42:55.542+0000] {processor.py:183} INFO - Processing /home/airflow/.local/lib/python3.8/site-packages/airflow/example_dags/example_datasets.py took 0.281 seconds
[2024-01-21T13:43:26.521+0000] {processor.py:161} INFO - Started process (PID=480) to work on /home/airflow/.local/lib/python3.8/site-packages/airflow/example_dags/example_datasets.py
[2024-01-21T13:43:26.525+0000] {processor.py:830} INFO - Processing file /home/airflow/.local/lib/python3.8/site-packages/airflow/example_dags/example_datasets.py for tasks to queue
[2024-01-21T13:43:26.531+0000] {logging_mixin.py:188} INFO - [2024-01-21T13:43:26.530+0000] {dagbag.py:538} INFO - Filling up the DagBag from /home/airflow/.local/lib/python3.8/site-packages/airflow/example_dags/example_datasets.py
[2024-01-21T13:43:26.556+0000] {processor.py:840} INFO - DAG(s) 'dataset_consumes_1_and_2', 'dataset_consumes_unknown_never_scheduled', 'dataset_consumes_1_never_scheduled', 'dataset_produces_1', 'dataset_consumes_1', 'dataset_produces_2' retrieved from /home/airflow/.local/lib/python3.8/site-packages/airflow/example_dags/example_datasets.py
[2024-01-21T13:43:26.628+0000] {logging_mixin.py:188} INFO - [2024-01-21T13:43:26.628+0000] {dag.py:3036} INFO - Sync 6 DAGs
[2024-01-21T13:43:26.670+0000] {logging_mixin.py:188} INFO - [2024-01-21T13:43:26.670+0000] {dag.py:3823} INFO - Setting next_dagrun for dataset_consumes_1 to None, run_after=None
[2024-01-21T13:43:26.676+0000] {logging_mixin.py:188} INFO - [2024-01-21T13:43:26.676+0000] {dag.py:3823} INFO - Setting next_dagrun for dataset_consumes_1_and_2 to None, run_after=None
[2024-01-21T13:43:26.680+0000] {logging_mixin.py:188} INFO - [2024-01-21T13:43:26.680+0000] {dag.py:3823} INFO - Setting next_dagrun for dataset_consumes_1_never_scheduled to None, run_after=None
[2024-01-21T13:43:26.684+0000] {logging_mixin.py:188} INFO - [2024-01-21T13:43:26.684+0000] {dag.py:3823} INFO - Setting next_dagrun for dataset_consumes_unknown_never_scheduled to None, run_after=None
[2024-01-21T13:43:26.693+0000] {logging_mixin.py:188} INFO - [2024-01-21T13:43:26.692+0000] {dag.py:3823} INFO - Setting next_dagrun for dataset_produces_1 to 2024-01-20 00:00:00+00:00, run_after=2024-01-21 00:00:00+00:00
[2024-01-21T13:43:26.697+0000] {logging_mixin.py:188} INFO - [2024-01-21T13:43:26.697+0000] {dag.py:3823} INFO - Setting next_dagrun for dataset_produces_2 to None, run_after=None
[2024-01-21T13:43:26.846+0000] {processor.py:183} INFO - Processing /home/airflow/.local/lib/python3.8/site-packages/airflow/example_dags/example_datasets.py took 0.331 seconds
[2024-01-21T13:43:57.690+0000] {processor.py:161} INFO - Started process (PID=536) to work on /home/airflow/.local/lib/python3.8/site-packages/airflow/example_dags/example_datasets.py
[2024-01-21T13:43:57.695+0000] {processor.py:830} INFO - Processing file /home/airflow/.local/lib/python3.8/site-packages/airflow/example_dags/example_datasets.py for tasks to queue
[2024-01-21T13:43:57.700+0000] {logging_mixin.py:188} INFO - [2024-01-21T13:43:57.699+0000] {dagbag.py:538} INFO - Filling up the DagBag from /home/airflow/.local/lib/python3.8/site-packages/airflow/example_dags/example_datasets.py
[2024-01-21T13:43:57.722+0000] {processor.py:840} INFO - DAG(s) 'dataset_consumes_unknown_never_scheduled', 'dataset_produces_2', 'dataset_consumes_1_never_scheduled', 'dataset_consumes_1_and_2', 'dataset_produces_1', 'dataset_consumes_1' retrieved from /home/airflow/.local/lib/python3.8/site-packages/airflow/example_dags/example_datasets.py
[2024-01-21T13:43:57.841+0000] {logging_mixin.py:188} INFO - [2024-01-21T13:43:57.840+0000] {dag.py:3036} INFO - Sync 6 DAGs
[2024-01-21T13:43:57.901+0000] {logging_mixin.py:188} INFO - [2024-01-21T13:43:57.900+0000] {dag.py:3823} INFO - Setting next_dagrun for dataset_consumes_1 to None, run_after=None
[2024-01-21T13:43:57.911+0000] {logging_mixin.py:188} INFO - [2024-01-21T13:43:57.911+0000] {dag.py:3823} INFO - Setting next_dagrun for dataset_consumes_1_and_2 to None, run_after=None
[2024-01-21T13:43:57.915+0000] {logging_mixin.py:188} INFO - [2024-01-21T13:43:57.915+0000] {dag.py:3823} INFO - Setting next_dagrun for dataset_consumes_1_never_scheduled to None, run_after=None
[2024-01-21T13:43:57.919+0000] {logging_mixin.py:188} INFO - [2024-01-21T13:43:57.918+0000] {dag.py:3823} INFO - Setting next_dagrun for dataset_consumes_unknown_never_scheduled to None, run_after=None
[2024-01-21T13:43:57.928+0000] {logging_mixin.py:188} INFO - [2024-01-21T13:43:57.928+0000] {dag.py:3823} INFO - Setting next_dagrun for dataset_produces_1 to 2024-01-20 00:00:00+00:00, run_after=2024-01-21 00:00:00+00:00
[2024-01-21T13:43:57.933+0000] {logging_mixin.py:188} INFO - [2024-01-21T13:43:57.933+0000] {dag.py:3823} INFO - Setting next_dagrun for dataset_produces_2 to None, run_after=None
[2024-01-21T13:43:58.025+0000] {processor.py:183} INFO - Processing /home/airflow/.local/lib/python3.8/site-packages/airflow/example_dags/example_datasets.py took 0.341 seconds
[2024-01-21T13:44:28.491+0000] {processor.py:161} INFO - Started process (PID=591) to work on /home/airflow/.local/lib/python3.8/site-packages/airflow/example_dags/example_datasets.py
[2024-01-21T13:44:28.493+0000] {processor.py:830} INFO - Processing file /home/airflow/.local/lib/python3.8/site-packages/airflow/example_dags/example_datasets.py for tasks to queue
[2024-01-21T13:44:28.497+0000] {logging_mixin.py:188} INFO - [2024-01-21T13:44:28.497+0000] {dagbag.py:538} INFO - Filling up the DagBag from /home/airflow/.local/lib/python3.8/site-packages/airflow/example_dags/example_datasets.py
[2024-01-21T13:44:28.518+0000] {processor.py:840} INFO - DAG(s) 'dataset_consumes_1_never_scheduled', 'dataset_produces_2', 'dataset_consumes_unknown_never_scheduled', 'dataset_produces_1', 'dataset_consumes_1', 'dataset_consumes_1_and_2' retrieved from /home/airflow/.local/lib/python3.8/site-packages/airflow/example_dags/example_datasets.py
[2024-01-21T13:44:28.602+0000] {logging_mixin.py:188} INFO - [2024-01-21T13:44:28.601+0000] {dag.py:3036} INFO - Sync 6 DAGs
[2024-01-21T13:44:28.653+0000] {logging_mixin.py:188} INFO - [2024-01-21T13:44:28.653+0000] {dag.py:3823} INFO - Setting next_dagrun for dataset_consumes_1 to None, run_after=None
[2024-01-21T13:44:28.660+0000] {logging_mixin.py:188} INFO - [2024-01-21T13:44:28.660+0000] {dag.py:3823} INFO - Setting next_dagrun for dataset_consumes_1_and_2 to None, run_after=None
[2024-01-21T13:44:28.664+0000] {logging_mixin.py:188} INFO - [2024-01-21T13:44:28.663+0000] {dag.py:3823} INFO - Setting next_dagrun for dataset_consumes_1_never_scheduled to None, run_after=None
[2024-01-21T13:44:28.667+0000] {logging_mixin.py:188} INFO - [2024-01-21T13:44:28.667+0000] {dag.py:3823} INFO - Setting next_dagrun for dataset_consumes_unknown_never_scheduled to None, run_after=None
[2024-01-21T13:44:28.673+0000] {logging_mixin.py:188} INFO - [2024-01-21T13:44:28.673+0000] {dag.py:3823} INFO - Setting next_dagrun for dataset_produces_1 to 2024-01-20 00:00:00+00:00, run_after=2024-01-21 00:00:00+00:00
[2024-01-21T13:44:28.677+0000] {logging_mixin.py:188} INFO - [2024-01-21T13:44:28.676+0000] {dag.py:3823} INFO - Setting next_dagrun for dataset_produces_2 to None, run_after=None
[2024-01-21T13:44:28.769+0000] {processor.py:183} INFO - Processing /home/airflow/.local/lib/python3.8/site-packages/airflow/example_dags/example_datasets.py took 0.284 seconds
[2024-01-21T13:44:59.068+0000] {processor.py:161} INFO - Started process (PID=647) to work on /home/airflow/.local/lib/python3.8/site-packages/airflow/example_dags/example_datasets.py
[2024-01-21T13:44:59.076+0000] {processor.py:830} INFO - Processing file /home/airflow/.local/lib/python3.8/site-packages/airflow/example_dags/example_datasets.py for tasks to queue
[2024-01-21T13:44:59.087+0000] {logging_mixin.py:188} INFO - [2024-01-21T13:44:59.087+0000] {dagbag.py:538} INFO - Filling up the DagBag from /home/airflow/.local/lib/python3.8/site-packages/airflow/example_dags/example_datasets.py
[2024-01-21T13:44:59.137+0000] {processor.py:840} INFO - DAG(s) 'dataset_consumes_unknown_never_scheduled', 'dataset_consumes_1', 'dataset_produces_2', 'dataset_produces_1', 'dataset_consumes_1_never_scheduled', 'dataset_consumes_1_and_2' retrieved from /home/airflow/.local/lib/python3.8/site-packages/airflow/example_dags/example_datasets.py
[2024-01-21T13:44:59.252+0000] {logging_mixin.py:188} INFO - [2024-01-21T13:44:59.252+0000] {dag.py:3036} INFO - Sync 6 DAGs
[2024-01-21T13:44:59.318+0000] {logging_mixin.py:188} INFO - [2024-01-21T13:44:59.318+0000] {dag.py:3823} INFO - Setting next_dagrun for dataset_consumes_1 to None, run_after=None
[2024-01-21T13:44:59.331+0000] {logging_mixin.py:188} INFO - [2024-01-21T13:44:59.331+0000] {dag.py:3823} INFO - Setting next_dagrun for dataset_consumes_1_and_2 to None, run_after=None
[2024-01-21T13:44:59.336+0000] {logging_mixin.py:188} INFO - [2024-01-21T13:44:59.336+0000] {dag.py:3823} INFO - Setting next_dagrun for dataset_consumes_1_never_scheduled to None, run_after=None
[2024-01-21T13:44:59.341+0000] {logging_mixin.py:188} INFO - [2024-01-21T13:44:59.340+0000] {dag.py:3823} INFO - Setting next_dagrun for dataset_consumes_unknown_never_scheduled to None, run_after=None
[2024-01-21T13:44:59.351+0000] {logging_mixin.py:188} INFO - [2024-01-21T13:44:59.351+0000] {dag.py:3823} INFO - Setting next_dagrun for dataset_produces_1 to 2024-01-20 00:00:00+00:00, run_after=2024-01-21 00:00:00+00:00
[2024-01-21T13:44:59.356+0000] {logging_mixin.py:188} INFO - [2024-01-21T13:44:59.355+0000] {dag.py:3823} INFO - Setting next_dagrun for dataset_produces_2 to None, run_after=None
[2024-01-21T13:44:59.461+0000] {processor.py:183} INFO - Processing /home/airflow/.local/lib/python3.8/site-packages/airflow/example_dags/example_datasets.py took 0.409 seconds
[2024-01-21T13:45:29.854+0000] {processor.py:161} INFO - Started process (PID=704) to work on /home/airflow/.local/lib/python3.8/site-packages/airflow/example_dags/example_datasets.py
[2024-01-21T13:45:29.857+0000] {processor.py:830} INFO - Processing file /home/airflow/.local/lib/python3.8/site-packages/airflow/example_dags/example_datasets.py for tasks to queue
[2024-01-21T13:45:29.864+0000] {logging_mixin.py:188} INFO - [2024-01-21T13:45:29.863+0000] {dagbag.py:538} INFO - Filling up the DagBag from /home/airflow/.local/lib/python3.8/site-packages/airflow/example_dags/example_datasets.py
[2024-01-21T13:45:29.961+0000] {processor.py:840} INFO - DAG(s) 'dataset_consumes_1_never_scheduled', 'dataset_produces_2', 'dataset_produces_1', 'dataset_consumes_1_and_2', 'dataset_consumes_unknown_never_scheduled', 'dataset_consumes_1' retrieved from /home/airflow/.local/lib/python3.8/site-packages/airflow/example_dags/example_datasets.py
[2024-01-21T13:45:30.123+0000] {logging_mixin.py:188} INFO - [2024-01-21T13:45:30.123+0000] {dag.py:3036} INFO - Sync 6 DAGs
[2024-01-21T13:45:30.201+0000] {logging_mixin.py:188} INFO - [2024-01-21T13:45:30.201+0000] {dag.py:3823} INFO - Setting next_dagrun for dataset_consumes_1 to None, run_after=None
[2024-01-21T13:45:30.208+0000] {logging_mixin.py:188} INFO - [2024-01-21T13:45:30.208+0000] {dag.py:3823} INFO - Setting next_dagrun for dataset_consumes_1_and_2 to None, run_after=None
[2024-01-21T13:45:30.212+0000] {logging_mixin.py:188} INFO - [2024-01-21T13:45:30.211+0000] {dag.py:3823} INFO - Setting next_dagrun for dataset_consumes_1_never_scheduled to None, run_after=None
[2024-01-21T13:45:30.215+0000] {logging_mixin.py:188} INFO - [2024-01-21T13:45:30.215+0000] {dag.py:3823} INFO - Setting next_dagrun for dataset_consumes_unknown_never_scheduled to None, run_after=None
[2024-01-21T13:45:30.226+0000] {logging_mixin.py:188} INFO - [2024-01-21T13:45:30.226+0000] {dag.py:3823} INFO - Setting next_dagrun for dataset_produces_1 to 2024-01-20 00:00:00+00:00, run_after=2024-01-21 00:00:00+00:00
[2024-01-21T13:45:30.231+0000] {logging_mixin.py:188} INFO - [2024-01-21T13:45:30.230+0000] {dag.py:3823} INFO - Setting next_dagrun for dataset_produces_2 to None, run_after=None
[2024-01-21T13:45:30.315+0000] {processor.py:183} INFO - Processing /home/airflow/.local/lib/python3.8/site-packages/airflow/example_dags/example_datasets.py took 0.474 seconds
[2024-01-21T13:46:00.415+0000] {processor.py:161} INFO - Started process (PID=761) to work on /home/airflow/.local/lib/python3.8/site-packages/airflow/example_dags/example_datasets.py
[2024-01-21T13:46:00.418+0000] {processor.py:830} INFO - Processing file /home/airflow/.local/lib/python3.8/site-packages/airflow/example_dags/example_datasets.py for tasks to queue
[2024-01-21T13:46:00.427+0000] {logging_mixin.py:188} INFO - [2024-01-21T13:46:00.426+0000] {dagbag.py:538} INFO - Filling up the DagBag from /home/airflow/.local/lib/python3.8/site-packages/airflow/example_dags/example_datasets.py
[2024-01-21T13:46:00.472+0000] {processor.py:840} INFO - DAG(s) 'dataset_produces_1', 'dataset_consumes_unknown_never_scheduled', 'dataset_consumes_1', 'dataset_consumes_1_never_scheduled', 'dataset_produces_2', 'dataset_consumes_1_and_2' retrieved from /home/airflow/.local/lib/python3.8/site-packages/airflow/example_dags/example_datasets.py
[2024-01-21T13:46:00.609+0000] {logging_mixin.py:188} INFO - [2024-01-21T13:46:00.608+0000] {dag.py:3036} INFO - Sync 6 DAGs
[2024-01-21T13:46:00.668+0000] {logging_mixin.py:188} INFO - [2024-01-21T13:46:00.667+0000] {dag.py:3823} INFO - Setting next_dagrun for dataset_consumes_1 to None, run_after=None
[2024-01-21T13:46:00.676+0000] {logging_mixin.py:188} INFO - [2024-01-21T13:46:00.675+0000] {dag.py:3823} INFO - Setting next_dagrun for dataset_consumes_1_and_2 to None, run_after=None
[2024-01-21T13:46:00.680+0000] {logging_mixin.py:188} INFO - [2024-01-21T13:46:00.680+0000] {dag.py:3823} INFO - Setting next_dagrun for dataset_consumes_1_never_scheduled to None, run_after=None
[2024-01-21T13:46:00.684+0000] {logging_mixin.py:188} INFO - [2024-01-21T13:46:00.684+0000] {dag.py:3823} INFO - Setting next_dagrun for dataset_consumes_unknown_never_scheduled to None, run_after=None
[2024-01-21T13:46:00.695+0000] {logging_mixin.py:188} INFO - [2024-01-21T13:46:00.695+0000] {dag.py:3823} INFO - Setting next_dagrun for dataset_produces_1 to 2024-01-20 00:00:00+00:00, run_after=2024-01-21 00:00:00+00:00
[2024-01-21T13:46:00.700+0000] {logging_mixin.py:188} INFO - [2024-01-21T13:46:00.700+0000] {dag.py:3823} INFO - Setting next_dagrun for dataset_produces_2 to None, run_after=None
[2024-01-21T13:46:01.004+0000] {processor.py:183} INFO - Processing /home/airflow/.local/lib/python3.8/site-packages/airflow/example_dags/example_datasets.py took 0.607 seconds
[2024-01-21T13:46:32.391+0000] {processor.py:161} INFO - Started process (PID=816) to work on /home/airflow/.local/lib/python3.8/site-packages/airflow/example_dags/example_datasets.py
[2024-01-21T13:46:32.396+0000] {processor.py:830} INFO - Processing file /home/airflow/.local/lib/python3.8/site-packages/airflow/example_dags/example_datasets.py for tasks to queue
[2024-01-21T13:46:32.403+0000] {logging_mixin.py:188} INFO - [2024-01-21T13:46:32.402+0000] {dagbag.py:538} INFO - Filling up the DagBag from /home/airflow/.local/lib/python3.8/site-packages/airflow/example_dags/example_datasets.py
[2024-01-21T13:46:32.450+0000] {processor.py:840} INFO - DAG(s) 'dataset_consumes_1', 'dataset_produces_1', 'dataset_produces_2', 'dataset_consumes_unknown_never_scheduled', 'dataset_consumes_1_never_scheduled', 'dataset_consumes_1_and_2' retrieved from /home/airflow/.local/lib/python3.8/site-packages/airflow/example_dags/example_datasets.py
[2024-01-21T13:46:32.671+0000] {logging_mixin.py:188} INFO - [2024-01-21T13:46:32.670+0000] {dag.py:3036} INFO - Sync 6 DAGs
[2024-01-21T13:46:32.860+0000] {logging_mixin.py:188} INFO - [2024-01-21T13:46:32.859+0000] {dag.py:3823} INFO - Setting next_dagrun for dataset_consumes_1 to None, run_after=None
[2024-01-21T13:46:32.884+0000] {logging_mixin.py:188} INFO - [2024-01-21T13:46:32.882+0000] {dag.py:3823} INFO - Setting next_dagrun for dataset_consumes_1_and_2 to None, run_after=None
[2024-01-21T13:46:32.892+0000] {logging_mixin.py:188} INFO - [2024-01-21T13:46:32.891+0000] {dag.py:3823} INFO - Setting next_dagrun for dataset_consumes_1_never_scheduled to None, run_after=None
[2024-01-21T13:46:32.908+0000] {logging_mixin.py:188} INFO - [2024-01-21T13:46:32.907+0000] {dag.py:3823} INFO - Setting next_dagrun for dataset_consumes_unknown_never_scheduled to None, run_after=None
[2024-01-21T13:46:32.963+0000] {logging_mixin.py:188} INFO - [2024-01-21T13:46:32.958+0000] {dag.py:3823} INFO - Setting next_dagrun for dataset_produces_1 to 2024-01-20 00:00:00+00:00, run_after=2024-01-21 00:00:00+00:00
[2024-01-21T13:46:32.988+0000] {logging_mixin.py:188} INFO - [2024-01-21T13:46:32.987+0000] {dag.py:3823} INFO - Setting next_dagrun for dataset_produces_2 to None, run_after=None
[2024-01-21T13:46:33.466+0000] {processor.py:183} INFO - Processing /home/airflow/.local/lib/python3.8/site-packages/airflow/example_dags/example_datasets.py took 1.084 seconds
[2024-01-21T13:47:04.327+0000] {processor.py:161} INFO - Started process (PID=872) to work on /home/airflow/.local/lib/python3.8/site-packages/airflow/example_dags/example_datasets.py
[2024-01-21T13:47:04.333+0000] {processor.py:830} INFO - Processing file /home/airflow/.local/lib/python3.8/site-packages/airflow/example_dags/example_datasets.py for tasks to queue
[2024-01-21T13:47:04.342+0000] {logging_mixin.py:188} INFO - [2024-01-21T13:47:04.341+0000] {dagbag.py:538} INFO - Filling up the DagBag from /home/airflow/.local/lib/python3.8/site-packages/airflow/example_dags/example_datasets.py
[2024-01-21T13:47:04.374+0000] {processor.py:840} INFO - DAG(s) 'dataset_consumes_1_and_2', 'dataset_consumes_unknown_never_scheduled', 'dataset_produces_1', 'dataset_consumes_1_never_scheduled', 'dataset_produces_2', 'dataset_consumes_1' retrieved from /home/airflow/.local/lib/python3.8/site-packages/airflow/example_dags/example_datasets.py
[2024-01-21T13:47:04.796+0000] {logging_mixin.py:188} INFO - [2024-01-21T13:47:04.795+0000] {dag.py:3036} INFO - Sync 6 DAGs
[2024-01-21T13:47:04.904+0000] {logging_mixin.py:188} INFO - [2024-01-21T13:47:04.903+0000] {dag.py:3823} INFO - Setting next_dagrun for dataset_consumes_1 to None, run_after=None
[2024-01-21T13:47:04.932+0000] {logging_mixin.py:188} INFO - [2024-01-21T13:47:04.932+0000] {dag.py:3823} INFO - Setting next_dagrun for dataset_consumes_1_and_2 to None, run_after=None
[2024-01-21T13:47:04.940+0000] {logging_mixin.py:188} INFO - [2024-01-21T13:47:04.940+0000] {dag.py:3823} INFO - Setting next_dagrun for dataset_consumes_1_never_scheduled to None, run_after=None
[2024-01-21T13:47:04.949+0000] {logging_mixin.py:188} INFO - [2024-01-21T13:47:04.948+0000] {dag.py:3823} INFO - Setting next_dagrun for dataset_consumes_unknown_never_scheduled to None, run_after=None
[2024-01-21T13:47:04.981+0000] {logging_mixin.py:188} INFO - [2024-01-21T13:47:04.980+0000] {dag.py:3823} INFO - Setting next_dagrun for dataset_produces_1 to 2024-01-20 00:00:00+00:00, run_after=2024-01-21 00:00:00+00:00
[2024-01-21T13:47:04.990+0000] {logging_mixin.py:188} INFO - [2024-01-21T13:47:04.989+0000] {dag.py:3823} INFO - Setting next_dagrun for dataset_produces_2 to None, run_after=None
[2024-01-21T13:47:05.171+0000] {processor.py:183} INFO - Processing /home/airflow/.local/lib/python3.8/site-packages/airflow/example_dags/example_datasets.py took 0.853 seconds
[2024-01-21T13:47:35.681+0000] {processor.py:161} INFO - Started process (PID=928) to work on /home/airflow/.local/lib/python3.8/site-packages/airflow/example_dags/example_datasets.py
[2024-01-21T13:47:35.684+0000] {processor.py:830} INFO - Processing file /home/airflow/.local/lib/python3.8/site-packages/airflow/example_dags/example_datasets.py for tasks to queue
[2024-01-21T13:47:35.689+0000] {logging_mixin.py:188} INFO - [2024-01-21T13:47:35.689+0000] {dagbag.py:538} INFO - Filling up the DagBag from /home/airflow/.local/lib/python3.8/site-packages/airflow/example_dags/example_datasets.py
[2024-01-21T13:47:35.713+0000] {processor.py:840} INFO - DAG(s) 'dataset_consumes_1_never_scheduled', 'dataset_consumes_1', 'dataset_consumes_1_and_2', 'dataset_consumes_unknown_never_scheduled', 'dataset_produces_2', 'dataset_produces_1' retrieved from /home/airflow/.local/lib/python3.8/site-packages/airflow/example_dags/example_datasets.py
[2024-01-21T13:47:35.826+0000] {logging_mixin.py:188} INFO - [2024-01-21T13:47:35.825+0000] {dag.py:3036} INFO - Sync 6 DAGs
[2024-01-21T13:47:35.879+0000] {logging_mixin.py:188} INFO - [2024-01-21T13:47:35.878+0000] {dag.py:3823} INFO - Setting next_dagrun for dataset_consumes_1 to None, run_after=None
[2024-01-21T13:47:35.889+0000] {logging_mixin.py:188} INFO - [2024-01-21T13:47:35.888+0000] {dag.py:3823} INFO - Setting next_dagrun for dataset_consumes_1_and_2 to None, run_after=None
[2024-01-21T13:47:35.894+0000] {logging_mixin.py:188} INFO - [2024-01-21T13:47:35.894+0000] {dag.py:3823} INFO - Setting next_dagrun for dataset_consumes_1_never_scheduled to None, run_after=None
[2024-01-21T13:47:35.899+0000] {logging_mixin.py:188} INFO - [2024-01-21T13:47:35.898+0000] {dag.py:3823} INFO - Setting next_dagrun for dataset_consumes_unknown_never_scheduled to None, run_after=None
[2024-01-21T13:47:35.912+0000] {logging_mixin.py:188} INFO - [2024-01-21T13:47:35.911+0000] {dag.py:3823} INFO - Setting next_dagrun for dataset_produces_1 to 2024-01-20 00:00:00+00:00, run_after=2024-01-21 00:00:00+00:00
[2024-01-21T13:47:35.916+0000] {logging_mixin.py:188} INFO - [2024-01-21T13:47:35.915+0000] {dag.py:3823} INFO - Setting next_dagrun for dataset_produces_2 to None, run_after=None
[2024-01-21T13:47:36.054+0000] {processor.py:183} INFO - Processing /home/airflow/.local/lib/python3.8/site-packages/airflow/example_dags/example_datasets.py took 0.379 seconds
[2024-01-21T13:48:06.480+0000] {processor.py:161} INFO - Started process (PID=984) to work on /home/airflow/.local/lib/python3.8/site-packages/airflow/example_dags/example_datasets.py
[2024-01-21T13:48:06.485+0000] {processor.py:830} INFO - Processing file /home/airflow/.local/lib/python3.8/site-packages/airflow/example_dags/example_datasets.py for tasks to queue
[2024-01-21T13:48:06.494+0000] {logging_mixin.py:188} INFO - [2024-01-21T13:48:06.493+0000] {dagbag.py:538} INFO - Filling up the DagBag from /home/airflow/.local/lib/python3.8/site-packages/airflow/example_dags/example_datasets.py
[2024-01-21T13:48:06.572+0000] {processor.py:840} INFO - DAG(s) 'dataset_consumes_1_and_2', 'dataset_consumes_unknown_never_scheduled', 'dataset_produces_1', 'dataset_consumes_1_never_scheduled', 'dataset_produces_2', 'dataset_consumes_1' retrieved from /home/airflow/.local/lib/python3.8/site-packages/airflow/example_dags/example_datasets.py
[2024-01-21T13:48:06.740+0000] {logging_mixin.py:188} INFO - [2024-01-21T13:48:06.740+0000] {dag.py:3036} INFO - Sync 6 DAGs
[2024-01-21T13:48:07.111+0000] {logging_mixin.py:188} INFO - [2024-01-21T13:48:07.110+0000] {dag.py:3823} INFO - Setting next_dagrun for dataset_consumes_1 to None, run_after=None
[2024-01-21T13:48:07.156+0000] {logging_mixin.py:188} INFO - [2024-01-21T13:48:07.155+0000] {dag.py:3823} INFO - Setting next_dagrun for dataset_consumes_1_and_2 to None, run_after=None
[2024-01-21T13:48:07.230+0000] {logging_mixin.py:188} INFO - [2024-01-21T13:48:07.191+0000] {dag.py:3823} INFO - Setting next_dagrun for dataset_consumes_1_never_scheduled to None, run_after=None
[2024-01-21T13:48:07.241+0000] {logging_mixin.py:188} INFO - [2024-01-21T13:48:07.241+0000] {dag.py:3823} INFO - Setting next_dagrun for dataset_consumes_unknown_never_scheduled to None, run_after=None
[2024-01-21T13:48:07.386+0000] {logging_mixin.py:188} INFO - [2024-01-21T13:48:07.385+0000] {dag.py:3823} INFO - Setting next_dagrun for dataset_produces_1 to 2024-01-20 00:00:00+00:00, run_after=2024-01-21 00:00:00+00:00
[2024-01-21T13:48:07.394+0000] {logging_mixin.py:188} INFO - [2024-01-21T13:48:07.394+0000] {dag.py:3823} INFO - Setting next_dagrun for dataset_produces_2 to None, run_after=None
[2024-01-21T13:48:07.748+0000] {processor.py:183} INFO - Processing /home/airflow/.local/lib/python3.8/site-packages/airflow/example_dags/example_datasets.py took 1.278 seconds
[2024-01-21T13:48:38.175+0000] {processor.py:161} INFO - Started process (PID=1040) to work on /home/airflow/.local/lib/python3.8/site-packages/airflow/example_dags/example_datasets.py
[2024-01-21T13:48:38.177+0000] {processor.py:830} INFO - Processing file /home/airflow/.local/lib/python3.8/site-packages/airflow/example_dags/example_datasets.py for tasks to queue
[2024-01-21T13:48:38.181+0000] {logging_mixin.py:188} INFO - [2024-01-21T13:48:38.180+0000] {dagbag.py:538} INFO - Filling up the DagBag from /home/airflow/.local/lib/python3.8/site-packages/airflow/example_dags/example_datasets.py
[2024-01-21T13:48:38.205+0000] {processor.py:840} INFO - DAG(s) 'dataset_produces_1', 'dataset_consumes_unknown_never_scheduled', 'dataset_consumes_1', 'dataset_consumes_1_and_2', 'dataset_consumes_1_never_scheduled', 'dataset_produces_2' retrieved from /home/airflow/.local/lib/python3.8/site-packages/airflow/example_dags/example_datasets.py
[2024-01-21T13:48:38.379+0000] {logging_mixin.py:188} INFO - [2024-01-21T13:48:38.379+0000] {dag.py:3036} INFO - Sync 6 DAGs
[2024-01-21T13:48:38.491+0000] {logging_mixin.py:188} INFO - [2024-01-21T13:48:38.491+0000] {dag.py:3823} INFO - Setting next_dagrun for dataset_consumes_1 to None, run_after=None
[2024-01-21T13:48:38.516+0000] {logging_mixin.py:188} INFO - [2024-01-21T13:48:38.514+0000] {dag.py:3823} INFO - Setting next_dagrun for dataset_consumes_1_and_2 to None, run_after=None
[2024-01-21T13:48:38.529+0000] {logging_mixin.py:188} INFO - [2024-01-21T13:48:38.528+0000] {dag.py:3823} INFO - Setting next_dagrun for dataset_consumes_1_never_scheduled to None, run_after=None
[2024-01-21T13:48:38.534+0000] {logging_mixin.py:188} INFO - [2024-01-21T13:48:38.534+0000] {dag.py:3823} INFO - Setting next_dagrun for dataset_consumes_unknown_never_scheduled to None, run_after=None
[2024-01-21T13:48:38.549+0000] {logging_mixin.py:188} INFO - [2024-01-21T13:48:38.548+0000] {dag.py:3823} INFO - Setting next_dagrun for dataset_produces_1 to 2024-01-20 00:00:00+00:00, run_after=2024-01-21 00:00:00+00:00
[2024-01-21T13:48:38.556+0000] {logging_mixin.py:188} INFO - [2024-01-21T13:48:38.555+0000] {dag.py:3823} INFO - Setting next_dagrun for dataset_produces_2 to None, run_after=None
[2024-01-21T13:48:38.734+0000] {processor.py:183} INFO - Processing /home/airflow/.local/lib/python3.8/site-packages/airflow/example_dags/example_datasets.py took 0.564 seconds
[2024-01-21T13:49:08.834+0000] {processor.py:161} INFO - Started process (PID=1096) to work on /home/airflow/.local/lib/python3.8/site-packages/airflow/example_dags/example_datasets.py
[2024-01-21T13:49:08.836+0000] {processor.py:830} INFO - Processing file /home/airflow/.local/lib/python3.8/site-packages/airflow/example_dags/example_datasets.py for tasks to queue
[2024-01-21T13:49:08.840+0000] {logging_mixin.py:188} INFO - [2024-01-21T13:49:08.839+0000] {dagbag.py:538} INFO - Filling up the DagBag from /home/airflow/.local/lib/python3.8/site-packages/airflow/example_dags/example_datasets.py
[2024-01-21T13:49:08.859+0000] {processor.py:840} INFO - DAG(s) 'dataset_consumes_1_never_scheduled', 'dataset_produces_2', 'dataset_produces_1', 'dataset_consumes_1_and_2', 'dataset_consumes_unknown_never_scheduled', 'dataset_consumes_1' retrieved from /home/airflow/.local/lib/python3.8/site-packages/airflow/example_dags/example_datasets.py
[2024-01-21T13:49:08.942+0000] {logging_mixin.py:188} INFO - [2024-01-21T13:49:08.941+0000] {dag.py:3036} INFO - Sync 6 DAGs
[2024-01-21T13:49:08.986+0000] {logging_mixin.py:188} INFO - [2024-01-21T13:49:08.986+0000] {dag.py:3823} INFO - Setting next_dagrun for dataset_consumes_1 to None, run_after=None
[2024-01-21T13:49:08.993+0000] {logging_mixin.py:188} INFO - [2024-01-21T13:49:08.992+0000] {dag.py:3823} INFO - Setting next_dagrun for dataset_consumes_1_and_2 to None, run_after=None
[2024-01-21T13:49:08.996+0000] {logging_mixin.py:188} INFO - [2024-01-21T13:49:08.996+0000] {dag.py:3823} INFO - Setting next_dagrun for dataset_consumes_1_never_scheduled to None, run_after=None
[2024-01-21T13:49:09.000+0000] {logging_mixin.py:188} INFO - [2024-01-21T13:49:09.000+0000] {dag.py:3823} INFO - Setting next_dagrun for dataset_consumes_unknown_never_scheduled to None, run_after=None
[2024-01-21T13:49:09.006+0000] {logging_mixin.py:188} INFO - [2024-01-21T13:49:09.006+0000] {dag.py:3823} INFO - Setting next_dagrun for dataset_produces_1 to 2024-01-20 00:00:00+00:00, run_after=2024-01-21 00:00:00+00:00
[2024-01-21T13:49:09.010+0000] {logging_mixin.py:188} INFO - [2024-01-21T13:49:09.009+0000] {dag.py:3823} INFO - Setting next_dagrun for dataset_produces_2 to None, run_after=None
[2024-01-21T13:49:09.069+0000] {processor.py:183} INFO - Processing /home/airflow/.local/lib/python3.8/site-packages/airflow/example_dags/example_datasets.py took 0.243 seconds
[2024-01-21T13:49:39.506+0000] {processor.py:161} INFO - Started process (PID=1152) to work on /home/airflow/.local/lib/python3.8/site-packages/airflow/example_dags/example_datasets.py
[2024-01-21T13:49:39.511+0000] {processor.py:830} INFO - Processing file /home/airflow/.local/lib/python3.8/site-packages/airflow/example_dags/example_datasets.py for tasks to queue
[2024-01-21T13:49:39.518+0000] {logging_mixin.py:188} INFO - [2024-01-21T13:49:39.517+0000] {dagbag.py:538} INFO - Filling up the DagBag from /home/airflow/.local/lib/python3.8/site-packages/airflow/example_dags/example_datasets.py
[2024-01-21T13:49:39.547+0000] {processor.py:840} INFO - DAG(s) 'dataset_consumes_1_never_scheduled', 'dataset_consumes_1', 'dataset_consumes_unknown_never_scheduled', 'dataset_produces_1', 'dataset_produces_2', 'dataset_consumes_1_and_2' retrieved from /home/airflow/.local/lib/python3.8/site-packages/airflow/example_dags/example_datasets.py
[2024-01-21T13:49:39.687+0000] {logging_mixin.py:188} INFO - [2024-01-21T13:49:39.686+0000] {dag.py:3036} INFO - Sync 6 DAGs
[2024-01-21T13:49:39.758+0000] {logging_mixin.py:188} INFO - [2024-01-21T13:49:39.758+0000] {dag.py:3823} INFO - Setting next_dagrun for dataset_consumes_1 to None, run_after=None
[2024-01-21T13:49:39.779+0000] {logging_mixin.py:188} INFO - [2024-01-21T13:49:39.778+0000] {dag.py:3823} INFO - Setting next_dagrun for dataset_consumes_1_and_2 to None, run_after=None
[2024-01-21T13:49:39.789+0000] {logging_mixin.py:188} INFO - [2024-01-21T13:49:39.788+0000] {dag.py:3823} INFO - Setting next_dagrun for dataset_consumes_1_never_scheduled to None, run_after=None
[2024-01-21T13:49:39.801+0000] {logging_mixin.py:188} INFO - [2024-01-21T13:49:39.799+0000] {dag.py:3823} INFO - Setting next_dagrun for dataset_consumes_unknown_never_scheduled to None, run_after=None
[2024-01-21T13:49:39.821+0000] {logging_mixin.py:188} INFO - [2024-01-21T13:49:39.819+0000] {dag.py:3823} INFO - Setting next_dagrun for dataset_produces_1 to 2024-01-20 00:00:00+00:00, run_after=2024-01-21 00:00:00+00:00
[2024-01-21T13:49:39.831+0000] {logging_mixin.py:188} INFO - [2024-01-21T13:49:39.831+0000] {dag.py:3823} INFO - Setting next_dagrun for dataset_produces_2 to None, run_after=None
[2024-01-21T13:49:39.969+0000] {processor.py:183} INFO - Processing /home/airflow/.local/lib/python3.8/site-packages/airflow/example_dags/example_datasets.py took 0.472 seconds
[2024-01-21T13:50:10.153+0000] {processor.py:161} INFO - Started process (PID=1210) to work on /home/airflow/.local/lib/python3.8/site-packages/airflow/example_dags/example_datasets.py
[2024-01-21T13:50:10.156+0000] {processor.py:830} INFO - Processing file /home/airflow/.local/lib/python3.8/site-packages/airflow/example_dags/example_datasets.py for tasks to queue
[2024-01-21T13:50:10.161+0000] {logging_mixin.py:188} INFO - [2024-01-21T13:50:10.161+0000] {dagbag.py:538} INFO - Filling up the DagBag from /home/airflow/.local/lib/python3.8/site-packages/airflow/example_dags/example_datasets.py
[2024-01-21T13:50:10.180+0000] {processor.py:840} INFO - DAG(s) 'dataset_consumes_unknown_never_scheduled', 'dataset_consumes_1', 'dataset_consumes_1_and_2', 'dataset_consumes_1_never_scheduled', 'dataset_produces_1', 'dataset_produces_2' retrieved from /home/airflow/.local/lib/python3.8/site-packages/airflow/example_dags/example_datasets.py
[2024-01-21T13:50:10.258+0000] {logging_mixin.py:188} INFO - [2024-01-21T13:50:10.258+0000] {dag.py:3036} INFO - Sync 6 DAGs
[2024-01-21T13:50:10.305+0000] {logging_mixin.py:188} INFO - [2024-01-21T13:50:10.304+0000] {dag.py:3823} INFO - Setting next_dagrun for dataset_consumes_1 to None, run_after=None
[2024-01-21T13:50:10.314+0000] {logging_mixin.py:188} INFO - [2024-01-21T13:50:10.313+0000] {dag.py:3823} INFO - Setting next_dagrun for dataset_consumes_1_and_2 to None, run_after=None
[2024-01-21T13:50:10.317+0000] {logging_mixin.py:188} INFO - [2024-01-21T13:50:10.317+0000] {dag.py:3823} INFO - Setting next_dagrun for dataset_consumes_1_never_scheduled to None, run_after=None
[2024-01-21T13:50:10.320+0000] {logging_mixin.py:188} INFO - [2024-01-21T13:50:10.320+0000] {dag.py:3823} INFO - Setting next_dagrun for dataset_consumes_unknown_never_scheduled to None, run_after=None
[2024-01-21T13:50:10.329+0000] {logging_mixin.py:188} INFO - [2024-01-21T13:50:10.329+0000] {dag.py:3823} INFO - Setting next_dagrun for dataset_produces_1 to 2024-01-20 00:00:00+00:00, run_after=2024-01-21 00:00:00+00:00
[2024-01-21T13:50:10.332+0000] {logging_mixin.py:188} INFO - [2024-01-21T13:50:10.332+0000] {dag.py:3823} INFO - Setting next_dagrun for dataset_produces_2 to None, run_after=None
[2024-01-21T13:50:10.415+0000] {processor.py:183} INFO - Processing /home/airflow/.local/lib/python3.8/site-packages/airflow/example_dags/example_datasets.py took 0.269 seconds
[2024-01-21T13:50:40.644+0000] {processor.py:161} INFO - Started process (PID=1264) to work on /home/airflow/.local/lib/python3.8/site-packages/airflow/example_dags/example_datasets.py
[2024-01-21T13:50:40.646+0000] {processor.py:830} INFO - Processing file /home/airflow/.local/lib/python3.8/site-packages/airflow/example_dags/example_datasets.py for tasks to queue
[2024-01-21T13:50:40.652+0000] {logging_mixin.py:188} INFO - [2024-01-21T13:50:40.651+0000] {dagbag.py:538} INFO - Filling up the DagBag from /home/airflow/.local/lib/python3.8/site-packages/airflow/example_dags/example_datasets.py
[2024-01-21T13:50:40.676+0000] {processor.py:840} INFO - DAG(s) 'dataset_produces_1', 'dataset_consumes_1_and_2', 'dataset_consumes_unknown_never_scheduled', 'dataset_produces_2', 'dataset_consumes_1', 'dataset_consumes_1_never_scheduled' retrieved from /home/airflow/.local/lib/python3.8/site-packages/airflow/example_dags/example_datasets.py
[2024-01-21T13:50:40.779+0000] {logging_mixin.py:188} INFO - [2024-01-21T13:50:40.778+0000] {dag.py:3036} INFO - Sync 6 DAGs
[2024-01-21T13:50:40.848+0000] {logging_mixin.py:188} INFO - [2024-01-21T13:50:40.848+0000] {dag.py:3823} INFO - Setting next_dagrun for dataset_consumes_1 to None, run_after=None
[2024-01-21T13:50:40.859+0000] {logging_mixin.py:188} INFO - [2024-01-21T13:50:40.858+0000] {dag.py:3823} INFO - Setting next_dagrun for dataset_consumes_1_and_2 to None, run_after=None
[2024-01-21T13:50:40.865+0000] {logging_mixin.py:188} INFO - [2024-01-21T13:50:40.864+0000] {dag.py:3823} INFO - Setting next_dagrun for dataset_consumes_1_never_scheduled to None, run_after=None
[2024-01-21T13:50:40.868+0000] {logging_mixin.py:188} INFO - [2024-01-21T13:50:40.868+0000] {dag.py:3823} INFO - Setting next_dagrun for dataset_consumes_unknown_never_scheduled to None, run_after=None
[2024-01-21T13:50:40.879+0000] {logging_mixin.py:188} INFO - [2024-01-21T13:50:40.878+0000] {dag.py:3823} INFO - Setting next_dagrun for dataset_produces_1 to 2024-01-20 00:00:00+00:00, run_after=2024-01-21 00:00:00+00:00
[2024-01-21T13:50:40.883+0000] {logging_mixin.py:188} INFO - [2024-01-21T13:50:40.882+0000] {dag.py:3823} INFO - Setting next_dagrun for dataset_produces_2 to None, run_after=None
[2024-01-21T13:50:40.999+0000] {processor.py:183} INFO - Processing /home/airflow/.local/lib/python3.8/site-packages/airflow/example_dags/example_datasets.py took 0.364 seconds
[2024-01-21T13:51:11.124+0000] {processor.py:161} INFO - Started process (PID=1320) to work on /home/airflow/.local/lib/python3.8/site-packages/airflow/example_dags/example_datasets.py
[2024-01-21T13:51:11.131+0000] {processor.py:830} INFO - Processing file /home/airflow/.local/lib/python3.8/site-packages/airflow/example_dags/example_datasets.py for tasks to queue
[2024-01-21T13:51:11.137+0000] {logging_mixin.py:188} INFO - [2024-01-21T13:51:11.136+0000] {dagbag.py:538} INFO - Filling up the DagBag from /home/airflow/.local/lib/python3.8/site-packages/airflow/example_dags/example_datasets.py
[2024-01-21T13:51:11.165+0000] {processor.py:840} INFO - DAG(s) 'dataset_consumes_1_never_scheduled', 'dataset_consumes_1_and_2', 'dataset_consumes_unknown_never_scheduled', 'dataset_produces_1', 'dataset_consumes_1', 'dataset_produces_2' retrieved from /home/airflow/.local/lib/python3.8/site-packages/airflow/example_dags/example_datasets.py
[2024-01-21T13:51:11.262+0000] {logging_mixin.py:188} INFO - [2024-01-21T13:51:11.261+0000] {dag.py:3036} INFO - Sync 6 DAGs
[2024-01-21T13:51:11.329+0000] {logging_mixin.py:188} INFO - [2024-01-21T13:51:11.328+0000] {dag.py:3823} INFO - Setting next_dagrun for dataset_consumes_1 to None, run_after=None
[2024-01-21T13:51:11.340+0000] {logging_mixin.py:188} INFO - [2024-01-21T13:51:11.339+0000] {dag.py:3823} INFO - Setting next_dagrun for dataset_consumes_1_and_2 to None, run_after=None
[2024-01-21T13:51:11.345+0000] {logging_mixin.py:188} INFO - [2024-01-21T13:51:11.345+0000] {dag.py:3823} INFO - Setting next_dagrun for dataset_consumes_1_never_scheduled to None, run_after=None
[2024-01-21T13:51:11.349+0000] {logging_mixin.py:188} INFO - [2024-01-21T13:51:11.348+0000] {dag.py:3823} INFO - Setting next_dagrun for dataset_consumes_unknown_never_scheduled to None, run_after=None
[2024-01-21T13:51:11.356+0000] {logging_mixin.py:188} INFO - [2024-01-21T13:51:11.356+0000] {dag.py:3823} INFO - Setting next_dagrun for dataset_produces_1 to 2024-01-20 00:00:00+00:00, run_after=2024-01-21 00:00:00+00:00
[2024-01-21T13:51:11.360+0000] {logging_mixin.py:188} INFO - [2024-01-21T13:51:11.359+0000] {dag.py:3823} INFO - Setting next_dagrun for dataset_produces_2 to None, run_after=None
[2024-01-21T13:51:11.438+0000] {processor.py:183} INFO - Processing /home/airflow/.local/lib/python3.8/site-packages/airflow/example_dags/example_datasets.py took 0.323 seconds
