[2024-01-21T13:20:44.465+0000] {processor.py:161} INFO - Started process (PID=79) to work on /home/airflow/.local/lib/python3.8/site-packages/airflow/example_dags/example_bash_operator.py
[2024-01-21T13:20:44.468+0000] {processor.py:830} INFO - Processing file /home/airflow/.local/lib/python3.8/site-packages/airflow/example_dags/example_bash_operator.py for tasks to queue
[2024-01-21T13:20:44.475+0000] {logging_mixin.py:188} INFO - [2024-01-21T13:20:44.473+0000] {dagbag.py:538} INFO - Filling up the DagBag from /home/airflow/.local/lib/python3.8/site-packages/airflow/example_dags/example_bash_operator.py
[2024-01-21T13:20:44.528+0000] {processor.py:840} INFO - DAG(s) 'example_bash_operator' retrieved from /home/airflow/.local/lib/python3.8/site-packages/airflow/example_dags/example_bash_operator.py
[2024-01-21T13:20:45.201+0000] {logging_mixin.py:188} INFO - [2024-01-21T13:20:45.200+0000] {dag.py:3036} INFO - Sync 1 DAGs
[2024-01-21T13:20:45.280+0000] {logging_mixin.py:188} INFO - [2024-01-21T13:20:45.280+0000] {dag.py:3823} INFO - Setting next_dagrun for example_bash_operator to 2024-01-20 00:00:00+00:00, run_after=2024-01-21 00:00:00+00:00
[2024-01-21T13:20:45.359+0000] {processor.py:183} INFO - Processing /home/airflow/.local/lib/python3.8/site-packages/airflow/example_dags/example_bash_operator.py took 0.956 seconds
[2024-01-21T13:21:15.654+0000] {processor.py:161} INFO - Started process (PID=134) to work on /home/airflow/.local/lib/python3.8/site-packages/airflow/example_dags/example_bash_operator.py
[2024-01-21T13:21:15.658+0000] {processor.py:830} INFO - Processing file /home/airflow/.local/lib/python3.8/site-packages/airflow/example_dags/example_bash_operator.py for tasks to queue
[2024-01-21T13:21:15.664+0000] {logging_mixin.py:188} INFO - [2024-01-21T13:21:15.663+0000] {dagbag.py:538} INFO - Filling up the DagBag from /home/airflow/.local/lib/python3.8/site-packages/airflow/example_dags/example_bash_operator.py
[2024-01-21T13:21:15.702+0000] {processor.py:840} INFO - DAG(s) 'example_bash_operator' retrieved from /home/airflow/.local/lib/python3.8/site-packages/airflow/example_dags/example_bash_operator.py
[2024-01-21T13:21:15.980+0000] {logging_mixin.py:188} INFO - [2024-01-21T13:21:15.979+0000] {dag.py:3036} INFO - Sync 1 DAGs
[2024-01-21T13:21:16.246+0000] {logging_mixin.py:188} INFO - [2024-01-21T13:21:16.245+0000] {dag.py:3823} INFO - Setting next_dagrun for example_bash_operator to 2024-01-20 00:00:00+00:00, run_after=2024-01-21 00:00:00+00:00
[2024-01-21T13:21:16.339+0000] {processor.py:183} INFO - Processing /home/airflow/.local/lib/python3.8/site-packages/airflow/example_dags/example_bash_operator.py took 0.693 seconds
[2024-01-21T13:21:46.477+0000] {processor.py:161} INFO - Started process (PID=189) to work on /home/airflow/.local/lib/python3.8/site-packages/airflow/example_dags/example_bash_operator.py
[2024-01-21T13:21:46.480+0000] {processor.py:830} INFO - Processing file /home/airflow/.local/lib/python3.8/site-packages/airflow/example_dags/example_bash_operator.py for tasks to queue
[2024-01-21T13:21:46.483+0000] {logging_mixin.py:188} INFO - [2024-01-21T13:21:46.483+0000] {dagbag.py:538} INFO - Filling up the DagBag from /home/airflow/.local/lib/python3.8/site-packages/airflow/example_dags/example_bash_operator.py
[2024-01-21T13:21:46.503+0000] {processor.py:840} INFO - DAG(s) 'example_bash_operator' retrieved from /home/airflow/.local/lib/python3.8/site-packages/airflow/example_dags/example_bash_operator.py
[2024-01-21T13:21:46.555+0000] {logging_mixin.py:188} INFO - [2024-01-21T13:21:46.555+0000] {dag.py:3036} INFO - Sync 1 DAGs
[2024-01-21T13:21:46.597+0000] {logging_mixin.py:188} INFO - [2024-01-21T13:21:46.597+0000] {dag.py:3823} INFO - Setting next_dagrun for example_bash_operator to 2024-01-20 00:00:00+00:00, run_after=2024-01-21 00:00:00+00:00
[2024-01-21T13:21:46.637+0000] {processor.py:183} INFO - Processing /home/airflow/.local/lib/python3.8/site-packages/airflow/example_dags/example_bash_operator.py took 0.168 seconds
[2024-01-21T13:22:16.830+0000] {processor.py:161} INFO - Started process (PID=243) to work on /home/airflow/.local/lib/python3.8/site-packages/airflow/example_dags/example_bash_operator.py
[2024-01-21T13:22:16.832+0000] {processor.py:830} INFO - Processing file /home/airflow/.local/lib/python3.8/site-packages/airflow/example_dags/example_bash_operator.py for tasks to queue
[2024-01-21T13:22:16.836+0000] {logging_mixin.py:188} INFO - [2024-01-21T13:22:16.836+0000] {dagbag.py:538} INFO - Filling up the DagBag from /home/airflow/.local/lib/python3.8/site-packages/airflow/example_dags/example_bash_operator.py
[2024-01-21T13:22:16.856+0000] {processor.py:840} INFO - DAG(s) 'example_bash_operator' retrieved from /home/airflow/.local/lib/python3.8/site-packages/airflow/example_dags/example_bash_operator.py
[2024-01-21T13:22:16.908+0000] {logging_mixin.py:188} INFO - [2024-01-21T13:22:16.908+0000] {dag.py:3036} INFO - Sync 1 DAGs
[2024-01-21T13:22:16.947+0000] {logging_mixin.py:188} INFO - [2024-01-21T13:22:16.947+0000] {dag.py:3823} INFO - Setting next_dagrun for example_bash_operator to 2024-01-20 00:00:00+00:00, run_after=2024-01-21 00:00:00+00:00
[2024-01-21T13:22:16.983+0000] {processor.py:183} INFO - Processing /home/airflow/.local/lib/python3.8/site-packages/airflow/example_dags/example_bash_operator.py took 0.162 seconds
[2024-01-21T13:39:40.721+0000] {processor.py:161} INFO - Started process (PID=85) to work on /home/airflow/.local/lib/python3.8/site-packages/airflow/example_dags/example_bash_operator.py
[2024-01-21T13:39:40.724+0000] {processor.py:830} INFO - Processing file /home/airflow/.local/lib/python3.8/site-packages/airflow/example_dags/example_bash_operator.py for tasks to queue
[2024-01-21T13:39:40.728+0000] {logging_mixin.py:188} INFO - [2024-01-21T13:39:40.728+0000] {dagbag.py:538} INFO - Filling up the DagBag from /home/airflow/.local/lib/python3.8/site-packages/airflow/example_dags/example_bash_operator.py
[2024-01-21T13:39:40.754+0000] {processor.py:840} INFO - DAG(s) 'example_bash_operator' retrieved from /home/airflow/.local/lib/python3.8/site-packages/airflow/example_dags/example_bash_operator.py
[2024-01-21T13:39:41.010+0000] {logging_mixin.py:188} INFO - [2024-01-21T13:39:41.009+0000] {dag.py:3036} INFO - Sync 1 DAGs
[2024-01-21T13:39:41.057+0000] {logging_mixin.py:188} INFO - [2024-01-21T13:39:41.057+0000] {dag.py:3823} INFO - Setting next_dagrun for example_bash_operator to 2024-01-20 00:00:00+00:00, run_after=2024-01-21 00:00:00+00:00
[2024-01-21T13:39:41.098+0000] {processor.py:183} INFO - Processing /home/airflow/.local/lib/python3.8/site-packages/airflow/example_dags/example_bash_operator.py took 0.382 seconds
[2024-01-21T13:40:18.027+0000] {processor.py:161} INFO - Started process (PID=140) to work on /home/airflow/.local/lib/python3.8/site-packages/airflow/example_dags/example_bash_operator.py
[2024-01-21T13:40:18.041+0000] {processor.py:830} INFO - Processing file /home/airflow/.local/lib/python3.8/site-packages/airflow/example_dags/example_bash_operator.py for tasks to queue
[2024-01-21T13:40:18.053+0000] {logging_mixin.py:188} INFO - [2024-01-21T13:40:18.047+0000] {dagbag.py:538} INFO - Filling up the DagBag from /home/airflow/.local/lib/python3.8/site-packages/airflow/example_dags/example_bash_operator.py
[2024-01-21T13:40:18.178+0000] {processor.py:840} INFO - DAG(s) 'example_bash_operator' retrieved from /home/airflow/.local/lib/python3.8/site-packages/airflow/example_dags/example_bash_operator.py
[2024-01-21T13:40:18.336+0000] {logging_mixin.py:188} INFO - [2024-01-21T13:40:18.335+0000] {dag.py:3036} INFO - Sync 1 DAGs
[2024-01-21T13:40:18.543+0000] {logging_mixin.py:188} INFO - [2024-01-21T13:40:18.542+0000] {dag.py:3823} INFO - Setting next_dagrun for example_bash_operator to 2024-01-20 00:00:00+00:00, run_after=2024-01-21 00:00:00+00:00
[2024-01-21T13:40:18.723+0000] {processor.py:183} INFO - Processing /home/airflow/.local/lib/python3.8/site-packages/airflow/example_dags/example_bash_operator.py took 0.705 seconds
[2024-01-21T13:40:48.999+0000] {processor.py:161} INFO - Started process (PID=197) to work on /home/airflow/.local/lib/python3.8/site-packages/airflow/example_dags/example_bash_operator.py
[2024-01-21T13:40:49.002+0000] {processor.py:830} INFO - Processing file /home/airflow/.local/lib/python3.8/site-packages/airflow/example_dags/example_bash_operator.py for tasks to queue
[2024-01-21T13:40:49.017+0000] {logging_mixin.py:188} INFO - [2024-01-21T13:40:49.016+0000] {dagbag.py:538} INFO - Filling up the DagBag from /home/airflow/.local/lib/python3.8/site-packages/airflow/example_dags/example_bash_operator.py
[2024-01-21T13:40:49.061+0000] {processor.py:840} INFO - DAG(s) 'example_bash_operator' retrieved from /home/airflow/.local/lib/python3.8/site-packages/airflow/example_dags/example_bash_operator.py
[2024-01-21T13:40:49.186+0000] {logging_mixin.py:188} INFO - [2024-01-21T13:40:49.185+0000] {dag.py:3036} INFO - Sync 1 DAGs
[2024-01-21T13:40:49.235+0000] {logging_mixin.py:188} INFO - [2024-01-21T13:40:49.235+0000] {dag.py:3823} INFO - Setting next_dagrun for example_bash_operator to 2024-01-20 00:00:00+00:00, run_after=2024-01-21 00:00:00+00:00
[2024-01-21T13:40:49.271+0000] {processor.py:183} INFO - Processing /home/airflow/.local/lib/python3.8/site-packages/airflow/example_dags/example_bash_operator.py took 0.282 seconds
[2024-01-21T13:41:20.109+0000] {processor.py:161} INFO - Started process (PID=254) to work on /home/airflow/.local/lib/python3.8/site-packages/airflow/example_dags/example_bash_operator.py
[2024-01-21T13:41:20.129+0000] {processor.py:830} INFO - Processing file /home/airflow/.local/lib/python3.8/site-packages/airflow/example_dags/example_bash_operator.py for tasks to queue
[2024-01-21T13:41:20.177+0000] {logging_mixin.py:188} INFO - [2024-01-21T13:41:20.176+0000] {dagbag.py:538} INFO - Filling up the DagBag from /home/airflow/.local/lib/python3.8/site-packages/airflow/example_dags/example_bash_operator.py
[2024-01-21T13:41:20.231+0000] {processor.py:840} INFO - DAG(s) 'example_bash_operator' retrieved from /home/airflow/.local/lib/python3.8/site-packages/airflow/example_dags/example_bash_operator.py
[2024-01-21T13:41:20.420+0000] {logging_mixin.py:188} INFO - [2024-01-21T13:41:20.419+0000] {dag.py:3036} INFO - Sync 1 DAGs
[2024-01-21T13:41:20.503+0000] {logging_mixin.py:188} INFO - [2024-01-21T13:41:20.503+0000] {dag.py:3823} INFO - Setting next_dagrun for example_bash_operator to 2024-01-20 00:00:00+00:00, run_after=2024-01-21 00:00:00+00:00
[2024-01-21T13:41:20.669+0000] {processor.py:183} INFO - Processing /home/airflow/.local/lib/python3.8/site-packages/airflow/example_dags/example_bash_operator.py took 0.592 seconds
[2024-01-21T13:41:52.329+0000] {processor.py:161} INFO - Started process (PID=312) to work on /home/airflow/.local/lib/python3.8/site-packages/airflow/example_dags/example_bash_operator.py
[2024-01-21T13:41:52.343+0000] {processor.py:830} INFO - Processing file /home/airflow/.local/lib/python3.8/site-packages/airflow/example_dags/example_bash_operator.py for tasks to queue
[2024-01-21T13:41:52.355+0000] {logging_mixin.py:188} INFO - [2024-01-21T13:41:52.354+0000] {dagbag.py:538} INFO - Filling up the DagBag from /home/airflow/.local/lib/python3.8/site-packages/airflow/example_dags/example_bash_operator.py
[2024-01-21T13:41:52.401+0000] {processor.py:840} INFO - DAG(s) 'example_bash_operator' retrieved from /home/airflow/.local/lib/python3.8/site-packages/airflow/example_dags/example_bash_operator.py
[2024-01-21T13:41:52.537+0000] {logging_mixin.py:188} INFO - [2024-01-21T13:41:52.536+0000] {dag.py:3036} INFO - Sync 1 DAGs
[2024-01-21T13:41:52.612+0000] {logging_mixin.py:188} INFO - [2024-01-21T13:41:52.612+0000] {dag.py:3823} INFO - Setting next_dagrun for example_bash_operator to 2024-01-20 00:00:00+00:00, run_after=2024-01-21 00:00:00+00:00
[2024-01-21T13:41:52.687+0000] {processor.py:183} INFO - Processing /home/airflow/.local/lib/python3.8/site-packages/airflow/example_dags/example_bash_operator.py took 0.375 seconds
[2024-01-21T13:42:23.280+0000] {processor.py:161} INFO - Started process (PID=367) to work on /home/airflow/.local/lib/python3.8/site-packages/airflow/example_dags/example_bash_operator.py
[2024-01-21T13:42:23.283+0000] {processor.py:830} INFO - Processing file /home/airflow/.local/lib/python3.8/site-packages/airflow/example_dags/example_bash_operator.py for tasks to queue
[2024-01-21T13:42:23.289+0000] {logging_mixin.py:188} INFO - [2024-01-21T13:42:23.288+0000] {dagbag.py:538} INFO - Filling up the DagBag from /home/airflow/.local/lib/python3.8/site-packages/airflow/example_dags/example_bash_operator.py
[2024-01-21T13:42:23.334+0000] {processor.py:840} INFO - DAG(s) 'example_bash_operator' retrieved from /home/airflow/.local/lib/python3.8/site-packages/airflow/example_dags/example_bash_operator.py
[2024-01-21T13:42:23.427+0000] {logging_mixin.py:188} INFO - [2024-01-21T13:42:23.426+0000] {dag.py:3036} INFO - Sync 1 DAGs
[2024-01-21T13:42:23.472+0000] {logging_mixin.py:188} INFO - [2024-01-21T13:42:23.472+0000] {dag.py:3823} INFO - Setting next_dagrun for example_bash_operator to 2024-01-20 00:00:00+00:00, run_after=2024-01-21 00:00:00+00:00
[2024-01-21T13:42:23.522+0000] {processor.py:183} INFO - Processing /home/airflow/.local/lib/python3.8/site-packages/airflow/example_dags/example_bash_operator.py took 0.256 seconds
[2024-01-21T13:42:53.941+0000] {processor.py:161} INFO - Started process (PID=422) to work on /home/airflow/.local/lib/python3.8/site-packages/airflow/example_dags/example_bash_operator.py
[2024-01-21T13:42:53.944+0000] {processor.py:830} INFO - Processing file /home/airflow/.local/lib/python3.8/site-packages/airflow/example_dags/example_bash_operator.py for tasks to queue
[2024-01-21T13:42:53.948+0000] {logging_mixin.py:188} INFO - [2024-01-21T13:42:53.947+0000] {dagbag.py:538} INFO - Filling up the DagBag from /home/airflow/.local/lib/python3.8/site-packages/airflow/example_dags/example_bash_operator.py
[2024-01-21T13:42:53.972+0000] {processor.py:840} INFO - DAG(s) 'example_bash_operator' retrieved from /home/airflow/.local/lib/python3.8/site-packages/airflow/example_dags/example_bash_operator.py
[2024-01-21T13:42:54.036+0000] {logging_mixin.py:188} INFO - [2024-01-21T13:42:54.035+0000] {dag.py:3036} INFO - Sync 1 DAGs
[2024-01-21T13:42:54.086+0000] {logging_mixin.py:188} INFO - [2024-01-21T13:42:54.085+0000] {dag.py:3823} INFO - Setting next_dagrun for example_bash_operator to 2024-01-20 00:00:00+00:00, run_after=2024-01-21 00:00:00+00:00
[2024-01-21T13:42:54.123+0000] {processor.py:183} INFO - Processing /home/airflow/.local/lib/python3.8/site-packages/airflow/example_dags/example_bash_operator.py took 0.188 seconds
[2024-01-21T13:43:24.290+0000] {processor.py:161} INFO - Started process (PID=477) to work on /home/airflow/.local/lib/python3.8/site-packages/airflow/example_dags/example_bash_operator.py
[2024-01-21T13:43:24.292+0000] {processor.py:830} INFO - Processing file /home/airflow/.local/lib/python3.8/site-packages/airflow/example_dags/example_bash_operator.py for tasks to queue
[2024-01-21T13:43:24.296+0000] {logging_mixin.py:188} INFO - [2024-01-21T13:43:24.296+0000] {dagbag.py:538} INFO - Filling up the DagBag from /home/airflow/.local/lib/python3.8/site-packages/airflow/example_dags/example_bash_operator.py
[2024-01-21T13:43:24.317+0000] {processor.py:840} INFO - DAG(s) 'example_bash_operator' retrieved from /home/airflow/.local/lib/python3.8/site-packages/airflow/example_dags/example_bash_operator.py
[2024-01-21T13:43:24.370+0000] {logging_mixin.py:188} INFO - [2024-01-21T13:43:24.369+0000] {dag.py:3036} INFO - Sync 1 DAGs
[2024-01-21T13:43:24.410+0000] {logging_mixin.py:188} INFO - [2024-01-21T13:43:24.409+0000] {dag.py:3823} INFO - Setting next_dagrun for example_bash_operator to 2024-01-20 00:00:00+00:00, run_after=2024-01-21 00:00:00+00:00
[2024-01-21T13:43:24.464+0000] {processor.py:183} INFO - Processing /home/airflow/.local/lib/python3.8/site-packages/airflow/example_dags/example_bash_operator.py took 0.182 seconds
[2024-01-21T13:43:55.353+0000] {processor.py:161} INFO - Started process (PID=533) to work on /home/airflow/.local/lib/python3.8/site-packages/airflow/example_dags/example_bash_operator.py
[2024-01-21T13:43:55.356+0000] {processor.py:830} INFO - Processing file /home/airflow/.local/lib/python3.8/site-packages/airflow/example_dags/example_bash_operator.py for tasks to queue
[2024-01-21T13:43:55.361+0000] {logging_mixin.py:188} INFO - [2024-01-21T13:43:55.359+0000] {dagbag.py:538} INFO - Filling up the DagBag from /home/airflow/.local/lib/python3.8/site-packages/airflow/example_dags/example_bash_operator.py
[2024-01-21T13:43:55.391+0000] {processor.py:840} INFO - DAG(s) 'example_bash_operator' retrieved from /home/airflow/.local/lib/python3.8/site-packages/airflow/example_dags/example_bash_operator.py
[2024-01-21T13:43:55.561+0000] {logging_mixin.py:188} INFO - [2024-01-21T13:43:55.560+0000] {dag.py:3036} INFO - Sync 1 DAGs
[2024-01-21T13:43:55.745+0000] {logging_mixin.py:188} INFO - [2024-01-21T13:43:55.744+0000] {dag.py:3823} INFO - Setting next_dagrun for example_bash_operator to 2024-01-20 00:00:00+00:00, run_after=2024-01-21 00:00:00+00:00
[2024-01-21T13:43:56.330+0000] {processor.py:183} INFO - Processing /home/airflow/.local/lib/python3.8/site-packages/airflow/example_dags/example_bash_operator.py took 0.984 seconds
[2024-01-21T13:44:26.444+0000] {processor.py:161} INFO - Started process (PID=588) to work on /home/airflow/.local/lib/python3.8/site-packages/airflow/example_dags/example_bash_operator.py
[2024-01-21T13:44:26.450+0000] {processor.py:830} INFO - Processing file /home/airflow/.local/lib/python3.8/site-packages/airflow/example_dags/example_bash_operator.py for tasks to queue
[2024-01-21T13:44:26.457+0000] {logging_mixin.py:188} INFO - [2024-01-21T13:44:26.456+0000] {dagbag.py:538} INFO - Filling up the DagBag from /home/airflow/.local/lib/python3.8/site-packages/airflow/example_dags/example_bash_operator.py
[2024-01-21T13:44:26.489+0000] {processor.py:840} INFO - DAG(s) 'example_bash_operator' retrieved from /home/airflow/.local/lib/python3.8/site-packages/airflow/example_dags/example_bash_operator.py
[2024-01-21T13:44:26.560+0000] {logging_mixin.py:188} INFO - [2024-01-21T13:44:26.559+0000] {dag.py:3036} INFO - Sync 1 DAGs
[2024-01-21T13:44:26.607+0000] {logging_mixin.py:188} INFO - [2024-01-21T13:44:26.606+0000] {dag.py:3823} INFO - Setting next_dagrun for example_bash_operator to 2024-01-20 00:00:00+00:00, run_after=2024-01-21 00:00:00+00:00
[2024-01-21T13:44:26.639+0000] {processor.py:183} INFO - Processing /home/airflow/.local/lib/python3.8/site-packages/airflow/example_dags/example_bash_operator.py took 0.215 seconds
[2024-01-21T13:44:57.408+0000] {processor.py:161} INFO - Started process (PID=644) to work on /home/airflow/.local/lib/python3.8/site-packages/airflow/example_dags/example_bash_operator.py
[2024-01-21T13:44:57.411+0000] {processor.py:830} INFO - Processing file /home/airflow/.local/lib/python3.8/site-packages/airflow/example_dags/example_bash_operator.py for tasks to queue
[2024-01-21T13:44:57.414+0000] {logging_mixin.py:188} INFO - [2024-01-21T13:44:57.414+0000] {dagbag.py:538} INFO - Filling up the DagBag from /home/airflow/.local/lib/python3.8/site-packages/airflow/example_dags/example_bash_operator.py
[2024-01-21T13:44:57.445+0000] {processor.py:840} INFO - DAG(s) 'example_bash_operator' retrieved from /home/airflow/.local/lib/python3.8/site-packages/airflow/example_dags/example_bash_operator.py
[2024-01-21T13:44:57.493+0000] {logging_mixin.py:188} INFO - [2024-01-21T13:44:57.493+0000] {dag.py:3036} INFO - Sync 1 DAGs
[2024-01-21T13:44:57.528+0000] {logging_mixin.py:188} INFO - [2024-01-21T13:44:57.527+0000] {dag.py:3823} INFO - Setting next_dagrun for example_bash_operator to 2024-01-20 00:00:00+00:00, run_after=2024-01-21 00:00:00+00:00
[2024-01-21T13:44:57.564+0000] {processor.py:183} INFO - Processing /home/airflow/.local/lib/python3.8/site-packages/airflow/example_dags/example_bash_operator.py took 0.165 seconds
[2024-01-21T13:45:28.185+0000] {processor.py:161} INFO - Started process (PID=700) to work on /home/airflow/.local/lib/python3.8/site-packages/airflow/example_dags/example_bash_operator.py
[2024-01-21T13:45:28.187+0000] {processor.py:830} INFO - Processing file /home/airflow/.local/lib/python3.8/site-packages/airflow/example_dags/example_bash_operator.py for tasks to queue
[2024-01-21T13:45:28.191+0000] {logging_mixin.py:188} INFO - [2024-01-21T13:45:28.190+0000] {dagbag.py:538} INFO - Filling up the DagBag from /home/airflow/.local/lib/python3.8/site-packages/airflow/example_dags/example_bash_operator.py
[2024-01-21T13:45:28.211+0000] {processor.py:840} INFO - DAG(s) 'example_bash_operator' retrieved from /home/airflow/.local/lib/python3.8/site-packages/airflow/example_dags/example_bash_operator.py
[2024-01-21T13:45:28.263+0000] {logging_mixin.py:188} INFO - [2024-01-21T13:45:28.262+0000] {dag.py:3036} INFO - Sync 1 DAGs
[2024-01-21T13:45:28.312+0000] {logging_mixin.py:188} INFO - [2024-01-21T13:45:28.312+0000] {dag.py:3823} INFO - Setting next_dagrun for example_bash_operator to 2024-01-20 00:00:00+00:00, run_after=2024-01-21 00:00:00+00:00
[2024-01-21T13:45:28.350+0000] {processor.py:183} INFO - Processing /home/airflow/.local/lib/python3.8/site-packages/airflow/example_dags/example_bash_operator.py took 0.172 seconds
[2024-01-21T13:45:58.794+0000] {processor.py:161} INFO - Started process (PID=756) to work on /home/airflow/.local/lib/python3.8/site-packages/airflow/example_dags/example_bash_operator.py
[2024-01-21T13:45:58.796+0000] {processor.py:830} INFO - Processing file /home/airflow/.local/lib/python3.8/site-packages/airflow/example_dags/example_bash_operator.py for tasks to queue
[2024-01-21T13:45:58.800+0000] {logging_mixin.py:188} INFO - [2024-01-21T13:45:58.799+0000] {dagbag.py:538} INFO - Filling up the DagBag from /home/airflow/.local/lib/python3.8/site-packages/airflow/example_dags/example_bash_operator.py
[2024-01-21T13:45:58.828+0000] {processor.py:840} INFO - DAG(s) 'example_bash_operator' retrieved from /home/airflow/.local/lib/python3.8/site-packages/airflow/example_dags/example_bash_operator.py
[2024-01-21T13:45:58.936+0000] {logging_mixin.py:188} INFO - [2024-01-21T13:45:58.935+0000] {dag.py:3036} INFO - Sync 1 DAGs
[2024-01-21T13:45:58.992+0000] {logging_mixin.py:188} INFO - [2024-01-21T13:45:58.992+0000] {dag.py:3823} INFO - Setting next_dagrun for example_bash_operator to 2024-01-20 00:00:00+00:00, run_after=2024-01-21 00:00:00+00:00
[2024-01-21T13:45:59.042+0000] {processor.py:183} INFO - Processing /home/airflow/.local/lib/python3.8/site-packages/airflow/example_dags/example_bash_operator.py took 0.255 seconds
[2024-01-21T13:46:31.520+0000] {processor.py:161} INFO - Started process (PID=814) to work on /home/airflow/.local/lib/python3.8/site-packages/airflow/example_dags/example_bash_operator.py
[2024-01-21T13:46:31.523+0000] {processor.py:830} INFO - Processing file /home/airflow/.local/lib/python3.8/site-packages/airflow/example_dags/example_bash_operator.py for tasks to queue
[2024-01-21T13:46:31.538+0000] {logging_mixin.py:188} INFO - [2024-01-21T13:46:31.536+0000] {dagbag.py:538} INFO - Filling up the DagBag from /home/airflow/.local/lib/python3.8/site-packages/airflow/example_dags/example_bash_operator.py
[2024-01-21T13:46:31.610+0000] {processor.py:840} INFO - DAG(s) 'example_bash_operator' retrieved from /home/airflow/.local/lib/python3.8/site-packages/airflow/example_dags/example_bash_operator.py
[2024-01-21T13:46:32.060+0000] {logging_mixin.py:188} INFO - [2024-01-21T13:46:32.059+0000] {dag.py:3036} INFO - Sync 1 DAGs
[2024-01-21T13:46:32.280+0000] {logging_mixin.py:188} INFO - [2024-01-21T13:46:32.279+0000] {dag.py:3823} INFO - Setting next_dagrun for example_bash_operator to 2024-01-20 00:00:00+00:00, run_after=2024-01-21 00:00:00+00:00
[2024-01-21T13:46:32.369+0000] {processor.py:183} INFO - Processing /home/airflow/.local/lib/python3.8/site-packages/airflow/example_dags/example_bash_operator.py took 0.900 seconds
[2024-01-21T13:47:02.698+0000] {processor.py:161} INFO - Started process (PID=869) to work on /home/airflow/.local/lib/python3.8/site-packages/airflow/example_dags/example_bash_operator.py
[2024-01-21T13:47:02.701+0000] {processor.py:830} INFO - Processing file /home/airflow/.local/lib/python3.8/site-packages/airflow/example_dags/example_bash_operator.py for tasks to queue
[2024-01-21T13:47:02.705+0000] {logging_mixin.py:188} INFO - [2024-01-21T13:47:02.704+0000] {dagbag.py:538} INFO - Filling up the DagBag from /home/airflow/.local/lib/python3.8/site-packages/airflow/example_dags/example_bash_operator.py
[2024-01-21T13:47:02.730+0000] {processor.py:840} INFO - DAG(s) 'example_bash_operator' retrieved from /home/airflow/.local/lib/python3.8/site-packages/airflow/example_dags/example_bash_operator.py
[2024-01-21T13:47:02.819+0000] {logging_mixin.py:188} INFO - [2024-01-21T13:47:02.818+0000] {dag.py:3036} INFO - Sync 1 DAGs
[2024-01-21T13:47:03.058+0000] {logging_mixin.py:188} INFO - [2024-01-21T13:47:03.057+0000] {dag.py:3823} INFO - Setting next_dagrun for example_bash_operator to 2024-01-20 00:00:00+00:00, run_after=2024-01-21 00:00:00+00:00
[2024-01-21T13:47:03.231+0000] {processor.py:183} INFO - Processing /home/airflow/.local/lib/python3.8/site-packages/airflow/example_dags/example_bash_operator.py took 0.540 seconds
[2024-01-21T13:47:33.460+0000] {processor.py:161} INFO - Started process (PID=926) to work on /home/airflow/.local/lib/python3.8/site-packages/airflow/example_dags/example_bash_operator.py
[2024-01-21T13:47:33.462+0000] {processor.py:830} INFO - Processing file /home/airflow/.local/lib/python3.8/site-packages/airflow/example_dags/example_bash_operator.py for tasks to queue
[2024-01-21T13:47:33.466+0000] {logging_mixin.py:188} INFO - [2024-01-21T13:47:33.465+0000] {dagbag.py:538} INFO - Filling up the DagBag from /home/airflow/.local/lib/python3.8/site-packages/airflow/example_dags/example_bash_operator.py
[2024-01-21T13:47:33.490+0000] {processor.py:840} INFO - DAG(s) 'example_bash_operator' retrieved from /home/airflow/.local/lib/python3.8/site-packages/airflow/example_dags/example_bash_operator.py
[2024-01-21T13:47:33.549+0000] {logging_mixin.py:188} INFO - [2024-01-21T13:47:33.548+0000] {dag.py:3036} INFO - Sync 1 DAGs
[2024-01-21T13:47:33.585+0000] {logging_mixin.py:188} INFO - [2024-01-21T13:47:33.584+0000] {dag.py:3823} INFO - Setting next_dagrun for example_bash_operator to 2024-01-20 00:00:00+00:00, run_after=2024-01-21 00:00:00+00:00
[2024-01-21T13:47:33.619+0000] {processor.py:183} INFO - Processing /home/airflow/.local/lib/python3.8/site-packages/airflow/example_dags/example_bash_operator.py took 0.167 seconds
[2024-01-21T13:48:05.948+0000] {processor.py:161} INFO - Started process (PID=982) to work on /home/airflow/.local/lib/python3.8/site-packages/airflow/example_dags/example_bash_operator.py
[2024-01-21T13:48:05.952+0000] {processor.py:830} INFO - Processing file /home/airflow/.local/lib/python3.8/site-packages/airflow/example_dags/example_bash_operator.py for tasks to queue
[2024-01-21T13:48:05.958+0000] {logging_mixin.py:188} INFO - [2024-01-21T13:48:05.956+0000] {dagbag.py:538} INFO - Filling up the DagBag from /home/airflow/.local/lib/python3.8/site-packages/airflow/example_dags/example_bash_operator.py
[2024-01-21T13:48:05.996+0000] {processor.py:840} INFO - DAG(s) 'example_bash_operator' retrieved from /home/airflow/.local/lib/python3.8/site-packages/airflow/example_dags/example_bash_operator.py
[2024-01-21T13:48:06.190+0000] {logging_mixin.py:188} INFO - [2024-01-21T13:48:06.188+0000] {dag.py:3036} INFO - Sync 1 DAGs
[2024-01-21T13:48:06.330+0000] {logging_mixin.py:188} INFO - [2024-01-21T13:48:06.325+0000] {dag.py:3823} INFO - Setting next_dagrun for example_bash_operator to 2024-01-20 00:00:00+00:00, run_after=2024-01-21 00:00:00+00:00
[2024-01-21T13:48:06.412+0000] {processor.py:183} INFO - Processing /home/airflow/.local/lib/python3.8/site-packages/airflow/example_dags/example_bash_operator.py took 0.474 seconds
[2024-01-21T13:48:36.942+0000] {processor.py:161} INFO - Started process (PID=1038) to work on /home/airflow/.local/lib/python3.8/site-packages/airflow/example_dags/example_bash_operator.py
[2024-01-21T13:48:36.945+0000] {processor.py:830} INFO - Processing file /home/airflow/.local/lib/python3.8/site-packages/airflow/example_dags/example_bash_operator.py for tasks to queue
[2024-01-21T13:48:36.950+0000] {logging_mixin.py:188} INFO - [2024-01-21T13:48:36.950+0000] {dagbag.py:538} INFO - Filling up the DagBag from /home/airflow/.local/lib/python3.8/site-packages/airflow/example_dags/example_bash_operator.py
[2024-01-21T13:48:36.982+0000] {processor.py:840} INFO - DAG(s) 'example_bash_operator' retrieved from /home/airflow/.local/lib/python3.8/site-packages/airflow/example_dags/example_bash_operator.py
[2024-01-21T13:48:37.060+0000] {logging_mixin.py:188} INFO - [2024-01-21T13:48:37.060+0000] {dag.py:3036} INFO - Sync 1 DAGs
[2024-01-21T13:48:37.126+0000] {logging_mixin.py:188} INFO - [2024-01-21T13:48:37.126+0000] {dag.py:3823} INFO - Setting next_dagrun for example_bash_operator to 2024-01-20 00:00:00+00:00, run_after=2024-01-21 00:00:00+00:00
[2024-01-21T13:48:37.173+0000] {processor.py:183} INFO - Processing /home/airflow/.local/lib/python3.8/site-packages/airflow/example_dags/example_bash_operator.py took 0.239 seconds
[2024-01-21T13:49:07.392+0000] {processor.py:161} INFO - Started process (PID=1094) to work on /home/airflow/.local/lib/python3.8/site-packages/airflow/example_dags/example_bash_operator.py
[2024-01-21T13:49:07.394+0000] {processor.py:830} INFO - Processing file /home/airflow/.local/lib/python3.8/site-packages/airflow/example_dags/example_bash_operator.py for tasks to queue
[2024-01-21T13:49:07.399+0000] {logging_mixin.py:188} INFO - [2024-01-21T13:49:07.398+0000] {dagbag.py:538} INFO - Filling up the DagBag from /home/airflow/.local/lib/python3.8/site-packages/airflow/example_dags/example_bash_operator.py
[2024-01-21T13:49:07.421+0000] {processor.py:840} INFO - DAG(s) 'example_bash_operator' retrieved from /home/airflow/.local/lib/python3.8/site-packages/airflow/example_dags/example_bash_operator.py
[2024-01-21T13:49:07.473+0000] {logging_mixin.py:188} INFO - [2024-01-21T13:49:07.473+0000] {dag.py:3036} INFO - Sync 1 DAGs
[2024-01-21T13:49:07.524+0000] {logging_mixin.py:188} INFO - [2024-01-21T13:49:07.524+0000] {dag.py:3823} INFO - Setting next_dagrun for example_bash_operator to 2024-01-20 00:00:00+00:00, run_after=2024-01-21 00:00:00+00:00
[2024-01-21T13:49:07.565+0000] {processor.py:183} INFO - Processing /home/airflow/.local/lib/python3.8/site-packages/airflow/example_dags/example_bash_operator.py took 0.179 seconds
[2024-01-21T13:49:37.631+0000] {processor.py:161} INFO - Started process (PID=1149) to work on /home/airflow/.local/lib/python3.8/site-packages/airflow/example_dags/example_bash_operator.py
[2024-01-21T13:49:37.634+0000] {processor.py:830} INFO - Processing file /home/airflow/.local/lib/python3.8/site-packages/airflow/example_dags/example_bash_operator.py for tasks to queue
[2024-01-21T13:49:37.638+0000] {logging_mixin.py:188} INFO - [2024-01-21T13:49:37.638+0000] {dagbag.py:538} INFO - Filling up the DagBag from /home/airflow/.local/lib/python3.8/site-packages/airflow/example_dags/example_bash_operator.py
[2024-01-21T13:49:37.674+0000] {processor.py:840} INFO - DAG(s) 'example_bash_operator' retrieved from /home/airflow/.local/lib/python3.8/site-packages/airflow/example_dags/example_bash_operator.py
[2024-01-21T13:49:38.310+0000] {logging_mixin.py:188} INFO - [2024-01-21T13:49:38.309+0000] {dag.py:3036} INFO - Sync 1 DAGs
[2024-01-21T13:49:38.365+0000] {logging_mixin.py:188} INFO - [2024-01-21T13:49:38.365+0000] {dag.py:3823} INFO - Setting next_dagrun for example_bash_operator to 2024-01-20 00:00:00+00:00, run_after=2024-01-21 00:00:00+00:00
[2024-01-21T13:49:38.434+0000] {processor.py:183} INFO - Processing /home/airflow/.local/lib/python3.8/site-packages/airflow/example_dags/example_bash_operator.py took 0.810 seconds
[2024-01-21T13:50:08.663+0000] {processor.py:161} INFO - Started process (PID=1206) to work on /home/airflow/.local/lib/python3.8/site-packages/airflow/example_dags/example_bash_operator.py
[2024-01-21T13:50:08.666+0000] {processor.py:830} INFO - Processing file /home/airflow/.local/lib/python3.8/site-packages/airflow/example_dags/example_bash_operator.py for tasks to queue
[2024-01-21T13:50:08.673+0000] {logging_mixin.py:188} INFO - [2024-01-21T13:50:08.672+0000] {dagbag.py:538} INFO - Filling up the DagBag from /home/airflow/.local/lib/python3.8/site-packages/airflow/example_dags/example_bash_operator.py
[2024-01-21T13:50:08.698+0000] {processor.py:840} INFO - DAG(s) 'example_bash_operator' retrieved from /home/airflow/.local/lib/python3.8/site-packages/airflow/example_dags/example_bash_operator.py
[2024-01-21T13:50:08.756+0000] {logging_mixin.py:188} INFO - [2024-01-21T13:50:08.755+0000] {dag.py:3036} INFO - Sync 1 DAGs
[2024-01-21T13:50:08.796+0000] {logging_mixin.py:188} INFO - [2024-01-21T13:50:08.796+0000] {dag.py:3823} INFO - Setting next_dagrun for example_bash_operator to 2024-01-20 00:00:00+00:00, run_after=2024-01-21 00:00:00+00:00
[2024-01-21T13:50:08.836+0000] {processor.py:183} INFO - Processing /home/airflow/.local/lib/python3.8/site-packages/airflow/example_dags/example_bash_operator.py took 0.181 seconds
[2024-01-21T13:50:39.416+0000] {processor.py:161} INFO - Started process (PID=1262) to work on /home/airflow/.local/lib/python3.8/site-packages/airflow/example_dags/example_bash_operator.py
[2024-01-21T13:50:39.420+0000] {processor.py:830} INFO - Processing file /home/airflow/.local/lib/python3.8/site-packages/airflow/example_dags/example_bash_operator.py for tasks to queue
[2024-01-21T13:50:39.424+0000] {logging_mixin.py:188} INFO - [2024-01-21T13:50:39.424+0000] {dagbag.py:538} INFO - Filling up the DagBag from /home/airflow/.local/lib/python3.8/site-packages/airflow/example_dags/example_bash_operator.py
[2024-01-21T13:50:39.457+0000] {processor.py:840} INFO - DAG(s) 'example_bash_operator' retrieved from /home/airflow/.local/lib/python3.8/site-packages/airflow/example_dags/example_bash_operator.py
[2024-01-21T13:50:39.525+0000] {logging_mixin.py:188} INFO - [2024-01-21T13:50:39.525+0000] {dag.py:3036} INFO - Sync 1 DAGs
[2024-01-21T13:50:39.573+0000] {logging_mixin.py:188} INFO - [2024-01-21T13:50:39.573+0000] {dag.py:3823} INFO - Setting next_dagrun for example_bash_operator to 2024-01-20 00:00:00+00:00, run_after=2024-01-21 00:00:00+00:00
[2024-01-21T13:50:39.613+0000] {processor.py:183} INFO - Processing /home/airflow/.local/lib/python3.8/site-packages/airflow/example_dags/example_bash_operator.py took 0.207 seconds
[2024-01-21T13:51:09.841+0000] {processor.py:161} INFO - Started process (PID=1318) to work on /home/airflow/.local/lib/python3.8/site-packages/airflow/example_dags/example_bash_operator.py
[2024-01-21T13:51:09.845+0000] {processor.py:830} INFO - Processing file /home/airflow/.local/lib/python3.8/site-packages/airflow/example_dags/example_bash_operator.py for tasks to queue
[2024-01-21T13:51:09.851+0000] {logging_mixin.py:188} INFO - [2024-01-21T13:51:09.850+0000] {dagbag.py:538} INFO - Filling up the DagBag from /home/airflow/.local/lib/python3.8/site-packages/airflow/example_dags/example_bash_operator.py
[2024-01-21T13:51:09.885+0000] {processor.py:840} INFO - DAG(s) 'example_bash_operator' retrieved from /home/airflow/.local/lib/python3.8/site-packages/airflow/example_dags/example_bash_operator.py
[2024-01-21T13:51:09.977+0000] {logging_mixin.py:188} INFO - [2024-01-21T13:51:09.976+0000] {dag.py:3036} INFO - Sync 1 DAGs
[2024-01-21T13:51:10.048+0000] {logging_mixin.py:188} INFO - [2024-01-21T13:51:10.047+0000] {dag.py:3823} INFO - Setting next_dagrun for example_bash_operator to 2024-01-20 00:00:00+00:00, run_after=2024-01-21 00:00:00+00:00
[2024-01-21T13:51:10.103+0000] {processor.py:183} INFO - Processing /home/airflow/.local/lib/python3.8/site-packages/airflow/example_dags/example_bash_operator.py took 0.273 seconds
