[2024-01-21T13:20:35.225+0000] {processor.py:161} INFO - Started process (PID=60) to work on /home/airflow/.local/lib/python3.8/site-packages/airflow/example_dags/example_sensors.py
[2024-01-21T13:20:35.228+0000] {processor.py:830} INFO - Processing file /home/airflow/.local/lib/python3.8/site-packages/airflow/example_dags/example_sensors.py for tasks to queue
[2024-01-21T13:20:35.232+0000] {logging_mixin.py:188} INFO - [2024-01-21T13:20:35.232+0000] {dagbag.py:538} INFO - Filling up the DagBag from /home/airflow/.local/lib/python3.8/site-packages/airflow/example_dags/example_sensors.py
[2024-01-21T13:20:35.293+0000] {processor.py:840} INFO - DAG(s) 'example_sensors' retrieved from /home/airflow/.local/lib/python3.8/site-packages/airflow/example_dags/example_sensors.py
[2024-01-21T13:20:35.842+0000] {logging_mixin.py:188} INFO - [2024-01-21T13:20:35.841+0000] {dag.py:3036} INFO - Sync 1 DAGs
[2024-01-21T13:20:35.913+0000] {logging_mixin.py:188} INFO - [2024-01-21T13:20:35.912+0000] {dag.py:3823} INFO - Setting next_dagrun for example_sensors to None, run_after=None
[2024-01-21T13:20:35.979+0000] {processor.py:183} INFO - Processing /home/airflow/.local/lib/python3.8/site-packages/airflow/example_dags/example_sensors.py took 0.763 seconds
[2024-01-21T13:21:06.048+0000] {processor.py:161} INFO - Started process (PID=115) to work on /home/airflow/.local/lib/python3.8/site-packages/airflow/example_dags/example_sensors.py
[2024-01-21T13:21:06.051+0000] {processor.py:830} INFO - Processing file /home/airflow/.local/lib/python3.8/site-packages/airflow/example_dags/example_sensors.py for tasks to queue
[2024-01-21T13:21:06.055+0000] {logging_mixin.py:188} INFO - [2024-01-21T13:21:06.055+0000] {dagbag.py:538} INFO - Filling up the DagBag from /home/airflow/.local/lib/python3.8/site-packages/airflow/example_dags/example_sensors.py
[2024-01-21T13:21:06.080+0000] {processor.py:840} INFO - DAG(s) 'example_sensors' retrieved from /home/airflow/.local/lib/python3.8/site-packages/airflow/example_dags/example_sensors.py
[2024-01-21T13:21:06.155+0000] {logging_mixin.py:188} INFO - [2024-01-21T13:21:06.155+0000] {dag.py:3036} INFO - Sync 1 DAGs
[2024-01-21T13:21:06.184+0000] {logging_mixin.py:188} INFO - [2024-01-21T13:21:06.184+0000] {dag.py:3823} INFO - Setting next_dagrun for example_sensors to None, run_after=None
[2024-01-21T13:21:06.241+0000] {processor.py:183} INFO - Processing /home/airflow/.local/lib/python3.8/site-packages/airflow/example_dags/example_sensors.py took 0.202 seconds
[2024-01-21T13:21:36.998+0000] {processor.py:161} INFO - Started process (PID=170) to work on /home/airflow/.local/lib/python3.8/site-packages/airflow/example_dags/example_sensors.py
[2024-01-21T13:21:37.000+0000] {processor.py:830} INFO - Processing file /home/airflow/.local/lib/python3.8/site-packages/airflow/example_dags/example_sensors.py for tasks to queue
[2024-01-21T13:21:37.006+0000] {logging_mixin.py:188} INFO - [2024-01-21T13:21:37.005+0000] {dagbag.py:538} INFO - Filling up the DagBag from /home/airflow/.local/lib/python3.8/site-packages/airflow/example_dags/example_sensors.py
[2024-01-21T13:21:37.029+0000] {processor.py:840} INFO - DAG(s) 'example_sensors' retrieved from /home/airflow/.local/lib/python3.8/site-packages/airflow/example_dags/example_sensors.py
[2024-01-21T13:21:37.087+0000] {logging_mixin.py:188} INFO - [2024-01-21T13:21:37.087+0000] {dag.py:3036} INFO - Sync 1 DAGs
[2024-01-21T13:21:37.113+0000] {logging_mixin.py:188} INFO - [2024-01-21T13:21:37.113+0000] {dag.py:3823} INFO - Setting next_dagrun for example_sensors to None, run_after=None
[2024-01-21T13:21:37.166+0000] {processor.py:183} INFO - Processing /home/airflow/.local/lib/python3.8/site-packages/airflow/example_dags/example_sensors.py took 0.180 seconds
[2024-01-21T13:22:07.681+0000] {processor.py:161} INFO - Started process (PID=224) to work on /home/airflow/.local/lib/python3.8/site-packages/airflow/example_dags/example_sensors.py
[2024-01-21T13:22:07.684+0000] {processor.py:830} INFO - Processing file /home/airflow/.local/lib/python3.8/site-packages/airflow/example_dags/example_sensors.py for tasks to queue
[2024-01-21T13:22:07.688+0000] {logging_mixin.py:188} INFO - [2024-01-21T13:22:07.688+0000] {dagbag.py:538} INFO - Filling up the DagBag from /home/airflow/.local/lib/python3.8/site-packages/airflow/example_dags/example_sensors.py
[2024-01-21T13:22:07.766+0000] {processor.py:840} INFO - DAG(s) 'example_sensors' retrieved from /home/airflow/.local/lib/python3.8/site-packages/airflow/example_dags/example_sensors.py
[2024-01-21T13:22:08.021+0000] {logging_mixin.py:188} INFO - [2024-01-21T13:22:08.020+0000] {dag.py:3036} INFO - Sync 1 DAGs
[2024-01-21T13:22:08.066+0000] {logging_mixin.py:188} INFO - [2024-01-21T13:22:08.065+0000] {dag.py:3823} INFO - Setting next_dagrun for example_sensors to None, run_after=None
[2024-01-21T13:22:08.120+0000] {processor.py:183} INFO - Processing /home/airflow/.local/lib/python3.8/site-packages/airflow/example_dags/example_sensors.py took 0.453 seconds
[2024-01-21T13:39:28.544+0000] {processor.py:161} INFO - Started process (PID=61) to work on /home/airflow/.local/lib/python3.8/site-packages/airflow/example_dags/example_sensors.py
[2024-01-21T13:39:28.567+0000] {processor.py:830} INFO - Processing file /home/airflow/.local/lib/python3.8/site-packages/airflow/example_dags/example_sensors.py for tasks to queue
[2024-01-21T13:39:28.722+0000] {logging_mixin.py:188} INFO - [2024-01-21T13:39:28.720+0000] {dagbag.py:538} INFO - Filling up the DagBag from /home/airflow/.local/lib/python3.8/site-packages/airflow/example_dags/example_sensors.py
[2024-01-21T13:39:29.237+0000] {processor.py:840} INFO - DAG(s) 'example_sensors' retrieved from /home/airflow/.local/lib/python3.8/site-packages/airflow/example_dags/example_sensors.py
[2024-01-21T13:39:30.994+0000] {logging_mixin.py:188} INFO - [2024-01-21T13:39:30.993+0000] {dag.py:3036} INFO - Sync 1 DAGs
[2024-01-21T13:39:31.223+0000] {logging_mixin.py:188} INFO - [2024-01-21T13:39:31.223+0000] {dag.py:3823} INFO - Setting next_dagrun for example_sensors to None, run_after=None
[2024-01-21T13:39:31.519+0000] {processor.py:183} INFO - Processing /home/airflow/.local/lib/python3.8/site-packages/airflow/example_dags/example_sensors.py took 3.100 seconds
[2024-01-21T13:40:02.060+0000] {processor.py:161} INFO - Started process (PID=116) to work on /home/airflow/.local/lib/python3.8/site-packages/airflow/example_dags/example_sensors.py
[2024-01-21T13:40:02.063+0000] {processor.py:830} INFO - Processing file /home/airflow/.local/lib/python3.8/site-packages/airflow/example_dags/example_sensors.py for tasks to queue
[2024-01-21T13:40:02.070+0000] {logging_mixin.py:188} INFO - [2024-01-21T13:40:02.069+0000] {dagbag.py:538} INFO - Filling up the DagBag from /home/airflow/.local/lib/python3.8/site-packages/airflow/example_dags/example_sensors.py
[2024-01-21T13:40:02.196+0000] {processor.py:840} INFO - DAG(s) 'example_sensors' retrieved from /home/airflow/.local/lib/python3.8/site-packages/airflow/example_dags/example_sensors.py
[2024-01-21T13:40:02.459+0000] {logging_mixin.py:188} INFO - [2024-01-21T13:40:02.456+0000] {dag.py:3036} INFO - Sync 1 DAGs
[2024-01-21T13:40:02.626+0000] {logging_mixin.py:188} INFO - [2024-01-21T13:40:02.625+0000] {dag.py:3823} INFO - Setting next_dagrun for example_sensors to None, run_after=None
[2024-01-21T13:40:03.045+0000] {processor.py:183} INFO - Processing /home/airflow/.local/lib/python3.8/site-packages/airflow/example_dags/example_sensors.py took 1.064 seconds
[2024-01-21T13:40:33.669+0000] {processor.py:161} INFO - Started process (PID=171) to work on /home/airflow/.local/lib/python3.8/site-packages/airflow/example_dags/example_sensors.py
[2024-01-21T13:40:33.677+0000] {processor.py:830} INFO - Processing file /home/airflow/.local/lib/python3.8/site-packages/airflow/example_dags/example_sensors.py for tasks to queue
[2024-01-21T13:40:33.687+0000] {logging_mixin.py:188} INFO - [2024-01-21T13:40:33.686+0000] {dagbag.py:538} INFO - Filling up the DagBag from /home/airflow/.local/lib/python3.8/site-packages/airflow/example_dags/example_sensors.py
[2024-01-21T13:40:33.719+0000] {processor.py:840} INFO - DAG(s) 'example_sensors' retrieved from /home/airflow/.local/lib/python3.8/site-packages/airflow/example_dags/example_sensors.py
[2024-01-21T13:40:33.843+0000] {logging_mixin.py:188} INFO - [2024-01-21T13:40:33.842+0000] {dag.py:3036} INFO - Sync 1 DAGs
[2024-01-21T13:40:33.894+0000] {logging_mixin.py:188} INFO - [2024-01-21T13:40:33.894+0000] {dag.py:3823} INFO - Setting next_dagrun for example_sensors to None, run_after=None
[2024-01-21T13:40:33.942+0000] {processor.py:183} INFO - Processing /home/airflow/.local/lib/python3.8/site-packages/airflow/example_dags/example_sensors.py took 0.283 seconds
[2024-01-21T13:41:04.227+0000] {processor.py:161} INFO - Started process (PID=228) to work on /home/airflow/.local/lib/python3.8/site-packages/airflow/example_dags/example_sensors.py
[2024-01-21T13:41:04.229+0000] {processor.py:830} INFO - Processing file /home/airflow/.local/lib/python3.8/site-packages/airflow/example_dags/example_sensors.py for tasks to queue
[2024-01-21T13:41:04.238+0000] {logging_mixin.py:188} INFO - [2024-01-21T13:41:04.237+0000] {dagbag.py:538} INFO - Filling up the DagBag from /home/airflow/.local/lib/python3.8/site-packages/airflow/example_dags/example_sensors.py
[2024-01-21T13:41:04.261+0000] {processor.py:840} INFO - DAG(s) 'example_sensors' retrieved from /home/airflow/.local/lib/python3.8/site-packages/airflow/example_dags/example_sensors.py
[2024-01-21T13:41:04.323+0000] {logging_mixin.py:188} INFO - [2024-01-21T13:41:04.323+0000] {dag.py:3036} INFO - Sync 1 DAGs
[2024-01-21T13:41:04.348+0000] {logging_mixin.py:188} INFO - [2024-01-21T13:41:04.348+0000] {dag.py:3823} INFO - Setting next_dagrun for example_sensors to None, run_after=None
[2024-01-21T13:41:04.391+0000] {processor.py:183} INFO - Processing /home/airflow/.local/lib/python3.8/site-packages/airflow/example_dags/example_sensors.py took 0.171 seconds
[2024-01-21T13:41:34.611+0000] {processor.py:161} INFO - Started process (PID=284) to work on /home/airflow/.local/lib/python3.8/site-packages/airflow/example_dags/example_sensors.py
[2024-01-21T13:41:34.613+0000] {processor.py:830} INFO - Processing file /home/airflow/.local/lib/python3.8/site-packages/airflow/example_dags/example_sensors.py for tasks to queue
[2024-01-21T13:41:34.617+0000] {logging_mixin.py:188} INFO - [2024-01-21T13:41:34.617+0000] {dagbag.py:538} INFO - Filling up the DagBag from /home/airflow/.local/lib/python3.8/site-packages/airflow/example_dags/example_sensors.py
[2024-01-21T13:41:34.638+0000] {processor.py:840} INFO - DAG(s) 'example_sensors' retrieved from /home/airflow/.local/lib/python3.8/site-packages/airflow/example_dags/example_sensors.py
[2024-01-21T13:41:34.688+0000] {logging_mixin.py:188} INFO - [2024-01-21T13:41:34.688+0000] {dag.py:3036} INFO - Sync 1 DAGs
[2024-01-21T13:41:34.708+0000] {logging_mixin.py:188} INFO - [2024-01-21T13:41:34.708+0000] {dag.py:3823} INFO - Setting next_dagrun for example_sensors to None, run_after=None
[2024-01-21T13:41:34.743+0000] {processor.py:183} INFO - Processing /home/airflow/.local/lib/python3.8/site-packages/airflow/example_dags/example_sensors.py took 0.139 seconds
[2024-01-21T13:42:05.055+0000] {processor.py:161} INFO - Started process (PID=339) to work on /home/airflow/.local/lib/python3.8/site-packages/airflow/example_dags/example_sensors.py
[2024-01-21T13:42:05.059+0000] {processor.py:830} INFO - Processing file /home/airflow/.local/lib/python3.8/site-packages/airflow/example_dags/example_sensors.py for tasks to queue
[2024-01-21T13:42:05.063+0000] {logging_mixin.py:188} INFO - [2024-01-21T13:42:05.062+0000] {dagbag.py:538} INFO - Filling up the DagBag from /home/airflow/.local/lib/python3.8/site-packages/airflow/example_dags/example_sensors.py
[2024-01-21T13:42:05.087+0000] {processor.py:840} INFO - DAG(s) 'example_sensors' retrieved from /home/airflow/.local/lib/python3.8/site-packages/airflow/example_dags/example_sensors.py
[2024-01-21T13:42:05.147+0000] {logging_mixin.py:188} INFO - [2024-01-21T13:42:05.146+0000] {dag.py:3036} INFO - Sync 1 DAGs
[2024-01-21T13:42:05.167+0000] {logging_mixin.py:188} INFO - [2024-01-21T13:42:05.166+0000] {dag.py:3823} INFO - Setting next_dagrun for example_sensors to None, run_after=None
[2024-01-21T13:42:05.205+0000] {processor.py:183} INFO - Processing /home/airflow/.local/lib/python3.8/site-packages/airflow/example_dags/example_sensors.py took 0.154 seconds
[2024-01-21T13:42:35.815+0000] {processor.py:161} INFO - Started process (PID=394) to work on /home/airflow/.local/lib/python3.8/site-packages/airflow/example_dags/example_sensors.py
[2024-01-21T13:42:35.832+0000] {processor.py:830} INFO - Processing file /home/airflow/.local/lib/python3.8/site-packages/airflow/example_dags/example_sensors.py for tasks to queue
[2024-01-21T13:42:35.847+0000] {logging_mixin.py:188} INFO - [2024-01-21T13:42:35.847+0000] {dagbag.py:538} INFO - Filling up the DagBag from /home/airflow/.local/lib/python3.8/site-packages/airflow/example_dags/example_sensors.py
[2024-01-21T13:42:35.962+0000] {processor.py:840} INFO - DAG(s) 'example_sensors' retrieved from /home/airflow/.local/lib/python3.8/site-packages/airflow/example_dags/example_sensors.py
[2024-01-21T13:42:36.131+0000] {logging_mixin.py:188} INFO - [2024-01-21T13:42:36.130+0000] {dag.py:3036} INFO - Sync 1 DAGs
[2024-01-21T13:42:36.187+0000] {logging_mixin.py:188} INFO - [2024-01-21T13:42:36.186+0000] {dag.py:3823} INFO - Setting next_dagrun for example_sensors to None, run_after=None
[2024-01-21T13:42:36.230+0000] {processor.py:183} INFO - Processing /home/airflow/.local/lib/python3.8/site-packages/airflow/example_dags/example_sensors.py took 0.584 seconds
[2024-01-21T13:43:06.657+0000] {processor.py:161} INFO - Started process (PID=449) to work on /home/airflow/.local/lib/python3.8/site-packages/airflow/example_dags/example_sensors.py
[2024-01-21T13:43:06.670+0000] {processor.py:830} INFO - Processing file /home/airflow/.local/lib/python3.8/site-packages/airflow/example_dags/example_sensors.py for tasks to queue
[2024-01-21T13:43:06.691+0000] {logging_mixin.py:188} INFO - [2024-01-21T13:43:06.690+0000] {dagbag.py:538} INFO - Filling up the DagBag from /home/airflow/.local/lib/python3.8/site-packages/airflow/example_dags/example_sensors.py
[2024-01-21T13:43:06.727+0000] {processor.py:840} INFO - DAG(s) 'example_sensors' retrieved from /home/airflow/.local/lib/python3.8/site-packages/airflow/example_dags/example_sensors.py
[2024-01-21T13:43:06.779+0000] {logging_mixin.py:188} INFO - [2024-01-21T13:43:06.778+0000] {dag.py:3036} INFO - Sync 1 DAGs
[2024-01-21T13:43:06.806+0000] {logging_mixin.py:188} INFO - [2024-01-21T13:43:06.806+0000] {dag.py:3823} INFO - Setting next_dagrun for example_sensors to None, run_after=None
[2024-01-21T13:43:06.849+0000] {processor.py:183} INFO - Processing /home/airflow/.local/lib/python3.8/site-packages/airflow/example_dags/example_sensors.py took 0.207 seconds
[2024-01-21T13:43:37.277+0000] {processor.py:161} INFO - Started process (PID=504) to work on /home/airflow/.local/lib/python3.8/site-packages/airflow/example_dags/example_sensors.py
[2024-01-21T13:43:37.281+0000] {processor.py:830} INFO - Processing file /home/airflow/.local/lib/python3.8/site-packages/airflow/example_dags/example_sensors.py for tasks to queue
[2024-01-21T13:43:37.301+0000] {logging_mixin.py:188} INFO - [2024-01-21T13:43:37.300+0000] {dagbag.py:538} INFO - Filling up the DagBag from /home/airflow/.local/lib/python3.8/site-packages/airflow/example_dags/example_sensors.py
[2024-01-21T13:43:37.348+0000] {processor.py:840} INFO - DAG(s) 'example_sensors' retrieved from /home/airflow/.local/lib/python3.8/site-packages/airflow/example_dags/example_sensors.py
[2024-01-21T13:43:37.507+0000] {logging_mixin.py:188} INFO - [2024-01-21T13:43:37.506+0000] {dag.py:3036} INFO - Sync 1 DAGs
[2024-01-21T13:43:37.535+0000] {logging_mixin.py:188} INFO - [2024-01-21T13:43:37.534+0000] {dag.py:3823} INFO - Setting next_dagrun for example_sensors to None, run_after=None
[2024-01-21T13:43:37.586+0000] {processor.py:183} INFO - Processing /home/airflow/.local/lib/python3.8/site-packages/airflow/example_dags/example_sensors.py took 0.319 seconds
[2024-01-21T13:44:08.130+0000] {processor.py:161} INFO - Started process (PID=560) to work on /home/airflow/.local/lib/python3.8/site-packages/airflow/example_dags/example_sensors.py
[2024-01-21T13:44:08.132+0000] {processor.py:830} INFO - Processing file /home/airflow/.local/lib/python3.8/site-packages/airflow/example_dags/example_sensors.py for tasks to queue
[2024-01-21T13:44:08.138+0000] {logging_mixin.py:188} INFO - [2024-01-21T13:44:08.137+0000] {dagbag.py:538} INFO - Filling up the DagBag from /home/airflow/.local/lib/python3.8/site-packages/airflow/example_dags/example_sensors.py
[2024-01-21T13:44:08.171+0000] {processor.py:840} INFO - DAG(s) 'example_sensors' retrieved from /home/airflow/.local/lib/python3.8/site-packages/airflow/example_dags/example_sensors.py
[2024-01-21T13:44:08.283+0000] {logging_mixin.py:188} INFO - [2024-01-21T13:44:08.283+0000] {dag.py:3036} INFO - Sync 1 DAGs
[2024-01-21T13:44:08.329+0000] {logging_mixin.py:188} INFO - [2024-01-21T13:44:08.329+0000] {dag.py:3823} INFO - Setting next_dagrun for example_sensors to None, run_after=None
[2024-01-21T13:44:08.431+0000] {processor.py:183} INFO - Processing /home/airflow/.local/lib/python3.8/site-packages/airflow/example_dags/example_sensors.py took 0.307 seconds
[2024-01-21T13:44:38.479+0000] {processor.py:161} INFO - Started process (PID=612) to work on /home/airflow/.local/lib/python3.8/site-packages/airflow/example_dags/example_sensors.py
[2024-01-21T13:44:38.481+0000] {processor.py:830} INFO - Processing file /home/airflow/.local/lib/python3.8/site-packages/airflow/example_dags/example_sensors.py for tasks to queue
[2024-01-21T13:44:38.485+0000] {logging_mixin.py:188} INFO - [2024-01-21T13:44:38.484+0000] {dagbag.py:538} INFO - Filling up the DagBag from /home/airflow/.local/lib/python3.8/site-packages/airflow/example_dags/example_sensors.py
[2024-01-21T13:44:38.503+0000] {processor.py:840} INFO - DAG(s) 'example_sensors' retrieved from /home/airflow/.local/lib/python3.8/site-packages/airflow/example_dags/example_sensors.py
[2024-01-21T13:44:38.555+0000] {logging_mixin.py:188} INFO - [2024-01-21T13:44:38.554+0000] {dag.py:3036} INFO - Sync 1 DAGs
[2024-01-21T13:44:38.579+0000] {logging_mixin.py:188} INFO - [2024-01-21T13:44:38.579+0000] {dag.py:3823} INFO - Setting next_dagrun for example_sensors to None, run_after=None
[2024-01-21T13:44:38.619+0000] {processor.py:183} INFO - Processing /home/airflow/.local/lib/python3.8/site-packages/airflow/example_dags/example_sensors.py took 0.148 seconds
[2024-01-21T13:45:09.041+0000] {processor.py:161} INFO - Started process (PID=669) to work on /home/airflow/.local/lib/python3.8/site-packages/airflow/example_dags/example_sensors.py
[2024-01-21T13:45:09.044+0000] {processor.py:830} INFO - Processing file /home/airflow/.local/lib/python3.8/site-packages/airflow/example_dags/example_sensors.py for tasks to queue
[2024-01-21T13:45:09.050+0000] {logging_mixin.py:188} INFO - [2024-01-21T13:45:09.049+0000] {dagbag.py:538} INFO - Filling up the DagBag from /home/airflow/.local/lib/python3.8/site-packages/airflow/example_dags/example_sensors.py
[2024-01-21T13:45:09.074+0000] {processor.py:840} INFO - DAG(s) 'example_sensors' retrieved from /home/airflow/.local/lib/python3.8/site-packages/airflow/example_dags/example_sensors.py
[2024-01-21T13:45:09.127+0000] {logging_mixin.py:188} INFO - [2024-01-21T13:45:09.127+0000] {dag.py:3036} INFO - Sync 1 DAGs
[2024-01-21T13:45:09.152+0000] {logging_mixin.py:188} INFO - [2024-01-21T13:45:09.151+0000] {dag.py:3823} INFO - Setting next_dagrun for example_sensors to None, run_after=None
[2024-01-21T13:45:09.196+0000] {processor.py:183} INFO - Processing /home/airflow/.local/lib/python3.8/site-packages/airflow/example_dags/example_sensors.py took 0.163 seconds
[2024-01-21T13:45:39.592+0000] {processor.py:161} INFO - Started process (PID=725) to work on /home/airflow/.local/lib/python3.8/site-packages/airflow/example_dags/example_sensors.py
[2024-01-21T13:45:39.595+0000] {processor.py:830} INFO - Processing file /home/airflow/.local/lib/python3.8/site-packages/airflow/example_dags/example_sensors.py for tasks to queue
[2024-01-21T13:45:39.600+0000] {logging_mixin.py:188} INFO - [2024-01-21T13:45:39.600+0000] {dagbag.py:538} INFO - Filling up the DagBag from /home/airflow/.local/lib/python3.8/site-packages/airflow/example_dags/example_sensors.py
[2024-01-21T13:45:39.620+0000] {processor.py:840} INFO - DAG(s) 'example_sensors' retrieved from /home/airflow/.local/lib/python3.8/site-packages/airflow/example_dags/example_sensors.py
[2024-01-21T13:45:39.691+0000] {logging_mixin.py:188} INFO - [2024-01-21T13:45:39.690+0000] {dag.py:3036} INFO - Sync 1 DAGs
[2024-01-21T13:45:39.741+0000] {logging_mixin.py:188} INFO - [2024-01-21T13:45:39.741+0000] {dag.py:3823} INFO - Setting next_dagrun for example_sensors to None, run_after=None
[2024-01-21T13:45:39.788+0000] {processor.py:183} INFO - Processing /home/airflow/.local/lib/python3.8/site-packages/airflow/example_dags/example_sensors.py took 0.203 seconds
[2024-01-21T13:46:10.146+0000] {processor.py:161} INFO - Started process (PID=781) to work on /home/airflow/.local/lib/python3.8/site-packages/airflow/example_dags/example_sensors.py
[2024-01-21T13:46:10.148+0000] {processor.py:830} INFO - Processing file /home/airflow/.local/lib/python3.8/site-packages/airflow/example_dags/example_sensors.py for tasks to queue
[2024-01-21T13:46:10.154+0000] {logging_mixin.py:188} INFO - [2024-01-21T13:46:10.153+0000] {dagbag.py:538} INFO - Filling up the DagBag from /home/airflow/.local/lib/python3.8/site-packages/airflow/example_dags/example_sensors.py
[2024-01-21T13:46:10.176+0000] {processor.py:840} INFO - DAG(s) 'example_sensors' retrieved from /home/airflow/.local/lib/python3.8/site-packages/airflow/example_dags/example_sensors.py
[2024-01-21T13:46:10.243+0000] {logging_mixin.py:188} INFO - [2024-01-21T13:46:10.243+0000] {dag.py:3036} INFO - Sync 1 DAGs
[2024-01-21T13:46:10.274+0000] {logging_mixin.py:188} INFO - [2024-01-21T13:46:10.274+0000] {dag.py:3823} INFO - Setting next_dagrun for example_sensors to None, run_after=None
[2024-01-21T13:46:10.325+0000] {processor.py:183} INFO - Processing /home/airflow/.local/lib/python3.8/site-packages/airflow/example_dags/example_sensors.py took 0.187 seconds
[2024-01-21T13:46:40.615+0000] {processor.py:161} INFO - Started process (PID=837) to work on /home/airflow/.local/lib/python3.8/site-packages/airflow/example_dags/example_sensors.py
[2024-01-21T13:46:40.619+0000] {processor.py:830} INFO - Processing file /home/airflow/.local/lib/python3.8/site-packages/airflow/example_dags/example_sensors.py for tasks to queue
[2024-01-21T13:46:40.643+0000] {logging_mixin.py:188} INFO - [2024-01-21T13:46:40.628+0000] {dagbag.py:538} INFO - Filling up the DagBag from /home/airflow/.local/lib/python3.8/site-packages/airflow/example_dags/example_sensors.py
[2024-01-21T13:46:40.799+0000] {processor.py:840} INFO - DAG(s) 'example_sensors' retrieved from /home/airflow/.local/lib/python3.8/site-packages/airflow/example_dags/example_sensors.py
[2024-01-21T13:46:41.038+0000] {logging_mixin.py:188} INFO - [2024-01-21T13:46:41.037+0000] {dag.py:3036} INFO - Sync 1 DAGs
[2024-01-21T13:46:41.115+0000] {logging_mixin.py:188} INFO - [2024-01-21T13:46:41.115+0000] {dag.py:3823} INFO - Setting next_dagrun for example_sensors to None, run_after=None
[2024-01-21T13:46:41.185+0000] {processor.py:183} INFO - Processing /home/airflow/.local/lib/python3.8/site-packages/airflow/example_dags/example_sensors.py took 0.589 seconds
[2024-01-21T13:47:11.299+0000] {processor.py:161} INFO - Started process (PID=892) to work on /home/airflow/.local/lib/python3.8/site-packages/airflow/example_dags/example_sensors.py
[2024-01-21T13:47:11.302+0000] {processor.py:830} INFO - Processing file /home/airflow/.local/lib/python3.8/site-packages/airflow/example_dags/example_sensors.py for tasks to queue
[2024-01-21T13:47:11.305+0000] {logging_mixin.py:188} INFO - [2024-01-21T13:47:11.305+0000] {dagbag.py:538} INFO - Filling up the DagBag from /home/airflow/.local/lib/python3.8/site-packages/airflow/example_dags/example_sensors.py
[2024-01-21T13:47:11.326+0000] {processor.py:840} INFO - DAG(s) 'example_sensors' retrieved from /home/airflow/.local/lib/python3.8/site-packages/airflow/example_dags/example_sensors.py
[2024-01-21T13:47:11.497+0000] {logging_mixin.py:188} INFO - [2024-01-21T13:47:11.496+0000] {dag.py:3036} INFO - Sync 1 DAGs
[2024-01-21T13:47:11.562+0000] {logging_mixin.py:188} INFO - [2024-01-21T13:47:11.562+0000] {dag.py:3823} INFO - Setting next_dagrun for example_sensors to None, run_after=None
[2024-01-21T13:47:11.613+0000] {processor.py:183} INFO - Processing /home/airflow/.local/lib/python3.8/site-packages/airflow/example_dags/example_sensors.py took 0.320 seconds
[2024-01-21T13:47:42.556+0000] {processor.py:161} INFO - Started process (PID=954) to work on /home/airflow/.local/lib/python3.8/site-packages/airflow/example_dags/example_sensors.py
[2024-01-21T13:47:42.559+0000] {processor.py:830} INFO - Processing file /home/airflow/.local/lib/python3.8/site-packages/airflow/example_dags/example_sensors.py for tasks to queue
[2024-01-21T13:47:42.564+0000] {logging_mixin.py:188} INFO - [2024-01-21T13:47:42.563+0000] {dagbag.py:538} INFO - Filling up the DagBag from /home/airflow/.local/lib/python3.8/site-packages/airflow/example_dags/example_sensors.py
[2024-01-21T13:47:42.587+0000] {processor.py:840} INFO - DAG(s) 'example_sensors' retrieved from /home/airflow/.local/lib/python3.8/site-packages/airflow/example_dags/example_sensors.py
[2024-01-21T13:47:42.670+0000] {logging_mixin.py:188} INFO - [2024-01-21T13:47:42.670+0000] {dag.py:3036} INFO - Sync 1 DAGs
[2024-01-21T13:47:42.702+0000] {logging_mixin.py:188} INFO - [2024-01-21T13:47:42.701+0000] {dag.py:3823} INFO - Setting next_dagrun for example_sensors to None, run_after=None
[2024-01-21T13:47:42.763+0000] {processor.py:183} INFO - Processing /home/airflow/.local/lib/python3.8/site-packages/airflow/example_dags/example_sensors.py took 0.215 seconds
[2024-01-21T13:48:14.021+0000] {processor.py:161} INFO - Started process (PID=1010) to work on /home/airflow/.local/lib/python3.8/site-packages/airflow/example_dags/example_sensors.py
[2024-01-21T13:48:14.030+0000] {processor.py:830} INFO - Processing file /home/airflow/.local/lib/python3.8/site-packages/airflow/example_dags/example_sensors.py for tasks to queue
[2024-01-21T13:48:14.044+0000] {logging_mixin.py:188} INFO - [2024-01-21T13:48:14.042+0000] {dagbag.py:538} INFO - Filling up the DagBag from /home/airflow/.local/lib/python3.8/site-packages/airflow/example_dags/example_sensors.py
[2024-01-21T13:48:14.095+0000] {processor.py:840} INFO - DAG(s) 'example_sensors' retrieved from /home/airflow/.local/lib/python3.8/site-packages/airflow/example_dags/example_sensors.py
[2024-01-21T13:48:14.256+0000] {logging_mixin.py:188} INFO - [2024-01-21T13:48:14.255+0000] {dag.py:3036} INFO - Sync 1 DAGs
[2024-01-21T13:48:14.385+0000] {logging_mixin.py:188} INFO - [2024-01-21T13:48:14.384+0000] {dag.py:3823} INFO - Setting next_dagrun for example_sensors to None, run_after=None
[2024-01-21T13:48:14.456+0000] {processor.py:183} INFO - Processing /home/airflow/.local/lib/python3.8/site-packages/airflow/example_dags/example_sensors.py took 0.447 seconds
[2024-01-21T13:48:44.700+0000] {processor.py:161} INFO - Started process (PID=1066) to work on /home/airflow/.local/lib/python3.8/site-packages/airflow/example_dags/example_sensors.py
[2024-01-21T13:48:44.702+0000] {processor.py:830} INFO - Processing file /home/airflow/.local/lib/python3.8/site-packages/airflow/example_dags/example_sensors.py for tasks to queue
[2024-01-21T13:48:44.706+0000] {logging_mixin.py:188} INFO - [2024-01-21T13:48:44.706+0000] {dagbag.py:538} INFO - Filling up the DagBag from /home/airflow/.local/lib/python3.8/site-packages/airflow/example_dags/example_sensors.py
[2024-01-21T13:48:44.726+0000] {processor.py:840} INFO - DAG(s) 'example_sensors' retrieved from /home/airflow/.local/lib/python3.8/site-packages/airflow/example_dags/example_sensors.py
[2024-01-21T13:48:44.779+0000] {logging_mixin.py:188} INFO - [2024-01-21T13:48:44.778+0000] {dag.py:3036} INFO - Sync 1 DAGs
[2024-01-21T13:48:44.803+0000] {logging_mixin.py:188} INFO - [2024-01-21T13:48:44.802+0000] {dag.py:3823} INFO - Setting next_dagrun for example_sensors to None, run_after=None
[2024-01-21T13:48:44.842+0000] {processor.py:183} INFO - Processing /home/airflow/.local/lib/python3.8/site-packages/airflow/example_dags/example_sensors.py took 0.151 seconds
[2024-01-21T13:49:15.006+0000] {processor.py:161} INFO - Started process (PID=1122) to work on /home/airflow/.local/lib/python3.8/site-packages/airflow/example_dags/example_sensors.py
[2024-01-21T13:49:15.009+0000] {processor.py:830} INFO - Processing file /home/airflow/.local/lib/python3.8/site-packages/airflow/example_dags/example_sensors.py for tasks to queue
[2024-01-21T13:49:15.013+0000] {logging_mixin.py:188} INFO - [2024-01-21T13:49:15.012+0000] {dagbag.py:538} INFO - Filling up the DagBag from /home/airflow/.local/lib/python3.8/site-packages/airflow/example_dags/example_sensors.py
[2024-01-21T13:49:15.036+0000] {processor.py:840} INFO - DAG(s) 'example_sensors' retrieved from /home/airflow/.local/lib/python3.8/site-packages/airflow/example_dags/example_sensors.py
[2024-01-21T13:49:15.085+0000] {logging_mixin.py:188} INFO - [2024-01-21T13:49:15.085+0000] {dag.py:3036} INFO - Sync 1 DAGs
[2024-01-21T13:49:15.108+0000] {logging_mixin.py:188} INFO - [2024-01-21T13:49:15.108+0000] {dag.py:3823} INFO - Setting next_dagrun for example_sensors to None, run_after=None
[2024-01-21T13:49:15.147+0000] {processor.py:183} INFO - Processing /home/airflow/.local/lib/python3.8/site-packages/airflow/example_dags/example_sensors.py took 0.147 seconds
[2024-01-21T13:49:46.199+0000] {processor.py:161} INFO - Started process (PID=1179) to work on /home/airflow/.local/lib/python3.8/site-packages/airflow/example_dags/example_sensors.py
[2024-01-21T13:49:46.217+0000] {processor.py:830} INFO - Processing file /home/airflow/.local/lib/python3.8/site-packages/airflow/example_dags/example_sensors.py for tasks to queue
[2024-01-21T13:49:46.231+0000] {logging_mixin.py:188} INFO - [2024-01-21T13:49:46.230+0000] {dagbag.py:538} INFO - Filling up the DagBag from /home/airflow/.local/lib/python3.8/site-packages/airflow/example_dags/example_sensors.py
[2024-01-21T13:49:46.272+0000] {processor.py:840} INFO - DAG(s) 'example_sensors' retrieved from /home/airflow/.local/lib/python3.8/site-packages/airflow/example_dags/example_sensors.py
[2024-01-21T13:49:46.366+0000] {logging_mixin.py:188} INFO - [2024-01-21T13:49:46.365+0000] {dag.py:3036} INFO - Sync 1 DAGs
[2024-01-21T13:49:46.405+0000] {logging_mixin.py:188} INFO - [2024-01-21T13:49:46.405+0000] {dag.py:3823} INFO - Setting next_dagrun for example_sensors to None, run_after=None
[2024-01-21T13:49:46.603+0000] {processor.py:183} INFO - Processing /home/airflow/.local/lib/python3.8/site-packages/airflow/example_dags/example_sensors.py took 0.467 seconds
[2024-01-21T13:50:17.203+0000] {processor.py:161} INFO - Started process (PID=1235) to work on /home/airflow/.local/lib/python3.8/site-packages/airflow/example_dags/example_sensors.py
[2024-01-21T13:50:17.205+0000] {processor.py:830} INFO - Processing file /home/airflow/.local/lib/python3.8/site-packages/airflow/example_dags/example_sensors.py for tasks to queue
[2024-01-21T13:50:17.210+0000] {logging_mixin.py:188} INFO - [2024-01-21T13:50:17.209+0000] {dagbag.py:538} INFO - Filling up the DagBag from /home/airflow/.local/lib/python3.8/site-packages/airflow/example_dags/example_sensors.py
[2024-01-21T13:50:17.232+0000] {processor.py:840} INFO - DAG(s) 'example_sensors' retrieved from /home/airflow/.local/lib/python3.8/site-packages/airflow/example_dags/example_sensors.py
[2024-01-21T13:50:17.284+0000] {logging_mixin.py:188} INFO - [2024-01-21T13:50:17.284+0000] {dag.py:3036} INFO - Sync 1 DAGs
[2024-01-21T13:50:17.310+0000] {logging_mixin.py:188} INFO - [2024-01-21T13:50:17.310+0000] {dag.py:3823} INFO - Setting next_dagrun for example_sensors to None, run_after=None
[2024-01-21T13:50:17.351+0000] {processor.py:183} INFO - Processing /home/airflow/.local/lib/python3.8/site-packages/airflow/example_dags/example_sensors.py took 0.156 seconds
[2024-01-21T13:50:47.757+0000] {processor.py:161} INFO - Started process (PID=1291) to work on /home/airflow/.local/lib/python3.8/site-packages/airflow/example_dags/example_sensors.py
[2024-01-21T13:50:47.761+0000] {processor.py:830} INFO - Processing file /home/airflow/.local/lib/python3.8/site-packages/airflow/example_dags/example_sensors.py for tasks to queue
[2024-01-21T13:50:47.768+0000] {logging_mixin.py:188} INFO - [2024-01-21T13:50:47.767+0000] {dagbag.py:538} INFO - Filling up the DagBag from /home/airflow/.local/lib/python3.8/site-packages/airflow/example_dags/example_sensors.py
[2024-01-21T13:50:47.792+0000] {processor.py:840} INFO - DAG(s) 'example_sensors' retrieved from /home/airflow/.local/lib/python3.8/site-packages/airflow/example_dags/example_sensors.py
[2024-01-21T13:50:47.867+0000] {logging_mixin.py:188} INFO - [2024-01-21T13:50:47.866+0000] {dag.py:3036} INFO - Sync 1 DAGs
[2024-01-21T13:50:47.935+0000] {logging_mixin.py:188} INFO - [2024-01-21T13:50:47.935+0000] {dag.py:3823} INFO - Setting next_dagrun for example_sensors to None, run_after=None
[2024-01-21T13:50:47.983+0000] {processor.py:183} INFO - Processing /home/airflow/.local/lib/python3.8/site-packages/airflow/example_dags/example_sensors.py took 0.235 seconds
[2024-01-21T13:51:18.191+0000] {processor.py:161} INFO - Started process (PID=1342) to work on /home/airflow/.local/lib/python3.8/site-packages/airflow/example_dags/example_sensors.py
[2024-01-21T13:51:18.197+0000] {processor.py:830} INFO - Processing file /home/airflow/.local/lib/python3.8/site-packages/airflow/example_dags/example_sensors.py for tasks to queue
[2024-01-21T13:51:18.201+0000] {logging_mixin.py:188} INFO - [2024-01-21T13:51:18.201+0000] {dagbag.py:538} INFO - Filling up the DagBag from /home/airflow/.local/lib/python3.8/site-packages/airflow/example_dags/example_sensors.py
[2024-01-21T13:51:18.230+0000] {processor.py:840} INFO - DAG(s) 'example_sensors' retrieved from /home/airflow/.local/lib/python3.8/site-packages/airflow/example_dags/example_sensors.py
[2024-01-21T13:51:18.285+0000] {logging_mixin.py:188} INFO - [2024-01-21T13:51:18.285+0000] {dag.py:3036} INFO - Sync 1 DAGs
[2024-01-21T13:51:18.305+0000] {logging_mixin.py:188} INFO - [2024-01-21T13:51:18.305+0000] {dag.py:3823} INFO - Setting next_dagrun for example_sensors to None, run_after=None
[2024-01-21T13:51:18.343+0000] {processor.py:183} INFO - Processing /home/airflow/.local/lib/python3.8/site-packages/airflow/example_dags/example_sensors.py took 0.160 seconds
