[2024-01-21T13:20:45.062+0000] {processor.py:161} INFO - Started process (PID=80) to work on /home/airflow/.local/lib/python3.8/site-packages/airflow/example_dags/example_xcom.py
[2024-01-21T13:20:45.064+0000] {processor.py:830} INFO - Processing file /home/airflow/.local/lib/python3.8/site-packages/airflow/example_dags/example_xcom.py for tasks to queue
[2024-01-21T13:20:45.068+0000] {logging_mixin.py:188} INFO - [2024-01-21T13:20:45.067+0000] {dagbag.py:538} INFO - Filling up the DagBag from /home/airflow/.local/lib/python3.8/site-packages/airflow/example_dags/example_xcom.py
[2024-01-21T13:20:45.094+0000] {processor.py:840} INFO - DAG(s) 'example_xcom' retrieved from /home/airflow/.local/lib/python3.8/site-packages/airflow/example_dags/example_xcom.py
[2024-01-21T13:20:45.647+0000] {logging_mixin.py:188} INFO - [2024-01-21T13:20:45.646+0000] {dag.py:3036} INFO - Sync 1 DAGs
[2024-01-21T13:20:45.737+0000] {logging_mixin.py:188} INFO - [2024-01-21T13:20:45.736+0000] {dag.py:3823} INFO - Setting next_dagrun for example_xcom to 2021-01-01 00:00:00+00:00, run_after=2021-01-01 00:00:00+00:00
[2024-01-21T13:20:45.808+0000] {processor.py:183} INFO - Processing /home/airflow/.local/lib/python3.8/site-packages/airflow/example_dags/example_xcom.py took 0.757 seconds
[2024-01-21T13:21:16.239+0000] {processor.py:161} INFO - Started process (PID=135) to work on /home/airflow/.local/lib/python3.8/site-packages/airflow/example_dags/example_xcom.py
[2024-01-21T13:21:16.242+0000] {processor.py:830} INFO - Processing file /home/airflow/.local/lib/python3.8/site-packages/airflow/example_dags/example_xcom.py for tasks to queue
[2024-01-21T13:21:16.249+0000] {logging_mixin.py:188} INFO - [2024-01-21T13:21:16.249+0000] {dagbag.py:538} INFO - Filling up the DagBag from /home/airflow/.local/lib/python3.8/site-packages/airflow/example_dags/example_xcom.py
[2024-01-21T13:21:16.271+0000] {processor.py:840} INFO - DAG(s) 'example_xcom' retrieved from /home/airflow/.local/lib/python3.8/site-packages/airflow/example_dags/example_xcom.py
[2024-01-21T13:21:16.423+0000] {logging_mixin.py:188} INFO - [2024-01-21T13:21:16.422+0000] {dag.py:3036} INFO - Sync 1 DAGs
[2024-01-21T13:21:16.739+0000] {logging_mixin.py:188} INFO - [2024-01-21T13:21:16.739+0000] {dag.py:3823} INFO - Setting next_dagrun for example_xcom to 2021-01-01 00:00:00+00:00, run_after=2021-01-01 00:00:00+00:00
[2024-01-21T13:21:16.841+0000] {processor.py:183} INFO - Processing /home/airflow/.local/lib/python3.8/site-packages/airflow/example_dags/example_xcom.py took 0.615 seconds
[2024-01-21T13:21:47.500+0000] {processor.py:161} INFO - Started process (PID=190) to work on /home/airflow/.local/lib/python3.8/site-packages/airflow/example_dags/example_xcom.py
[2024-01-21T13:21:47.502+0000] {processor.py:830} INFO - Processing file /home/airflow/.local/lib/python3.8/site-packages/airflow/example_dags/example_xcom.py for tasks to queue
[2024-01-21T13:21:47.506+0000] {logging_mixin.py:188} INFO - [2024-01-21T13:21:47.506+0000] {dagbag.py:538} INFO - Filling up the DagBag from /home/airflow/.local/lib/python3.8/site-packages/airflow/example_dags/example_xcom.py
[2024-01-21T13:21:47.521+0000] {processor.py:840} INFO - DAG(s) 'example_xcom' retrieved from /home/airflow/.local/lib/python3.8/site-packages/airflow/example_dags/example_xcom.py
[2024-01-21T13:21:47.558+0000] {logging_mixin.py:188} INFO - [2024-01-21T13:21:47.558+0000] {dag.py:3036} INFO - Sync 1 DAGs
[2024-01-21T13:21:47.595+0000] {logging_mixin.py:188} INFO - [2024-01-21T13:21:47.595+0000] {dag.py:3823} INFO - Setting next_dagrun for example_xcom to 2021-01-01 00:00:00+00:00, run_after=2021-01-01 00:00:00+00:00
[2024-01-21T13:21:47.632+0000] {processor.py:183} INFO - Processing /home/airflow/.local/lib/python3.8/site-packages/airflow/example_dags/example_xcom.py took 0.138 seconds
[2024-01-21T13:22:17.873+0000] {processor.py:161} INFO - Started process (PID=244) to work on /home/airflow/.local/lib/python3.8/site-packages/airflow/example_dags/example_xcom.py
[2024-01-21T13:22:17.877+0000] {processor.py:830} INFO - Processing file /home/airflow/.local/lib/python3.8/site-packages/airflow/example_dags/example_xcom.py for tasks to queue
[2024-01-21T13:22:17.887+0000] {logging_mixin.py:188} INFO - [2024-01-21T13:22:17.887+0000] {dagbag.py:538} INFO - Filling up the DagBag from /home/airflow/.local/lib/python3.8/site-packages/airflow/example_dags/example_xcom.py
[2024-01-21T13:22:17.908+0000] {processor.py:840} INFO - DAG(s) 'example_xcom' retrieved from /home/airflow/.local/lib/python3.8/site-packages/airflow/example_dags/example_xcom.py
[2024-01-21T13:22:17.951+0000] {logging_mixin.py:188} INFO - [2024-01-21T13:22:17.951+0000] {dag.py:3036} INFO - Sync 1 DAGs
[2024-01-21T13:22:17.993+0000] {logging_mixin.py:188} INFO - [2024-01-21T13:22:17.993+0000] {dag.py:3823} INFO - Setting next_dagrun for example_xcom to 2021-01-01 00:00:00+00:00, run_after=2021-01-01 00:00:00+00:00
[2024-01-21T13:22:18.037+0000] {processor.py:183} INFO - Processing /home/airflow/.local/lib/python3.8/site-packages/airflow/example_dags/example_xcom.py took 0.180 seconds
[2024-01-21T13:39:40.790+0000] {processor.py:161} INFO - Started process (PID=86) to work on /home/airflow/.local/lib/python3.8/site-packages/airflow/example_dags/example_xcom.py
[2024-01-21T13:39:40.794+0000] {processor.py:830} INFO - Processing file /home/airflow/.local/lib/python3.8/site-packages/airflow/example_dags/example_xcom.py for tasks to queue
[2024-01-21T13:39:40.798+0000] {logging_mixin.py:188} INFO - [2024-01-21T13:39:40.798+0000] {dagbag.py:538} INFO - Filling up the DagBag from /home/airflow/.local/lib/python3.8/site-packages/airflow/example_dags/example_xcom.py
[2024-01-21T13:39:40.819+0000] {processor.py:840} INFO - DAG(s) 'example_xcom' retrieved from /home/airflow/.local/lib/python3.8/site-packages/airflow/example_dags/example_xcom.py
[2024-01-21T13:39:41.060+0000] {logging_mixin.py:188} INFO - [2024-01-21T13:39:41.059+0000] {dag.py:3036} INFO - Sync 1 DAGs
[2024-01-21T13:39:41.109+0000] {logging_mixin.py:188} INFO - [2024-01-21T13:39:41.109+0000] {dag.py:3823} INFO - Setting next_dagrun for example_xcom to 2021-01-01 00:00:00+00:00, run_after=2021-01-01 00:00:00+00:00
[2024-01-21T13:39:41.156+0000] {processor.py:183} INFO - Processing /home/airflow/.local/lib/python3.8/site-packages/airflow/example_dags/example_xcom.py took 0.372 seconds
[2024-01-21T13:40:18.570+0000] {processor.py:161} INFO - Started process (PID=141) to work on /home/airflow/.local/lib/python3.8/site-packages/airflow/example_dags/example_xcom.py
[2024-01-21T13:40:18.586+0000] {processor.py:830} INFO - Processing file /home/airflow/.local/lib/python3.8/site-packages/airflow/example_dags/example_xcom.py for tasks to queue
[2024-01-21T13:40:18.594+0000] {logging_mixin.py:188} INFO - [2024-01-21T13:40:18.592+0000] {dagbag.py:538} INFO - Filling up the DagBag from /home/airflow/.local/lib/python3.8/site-packages/airflow/example_dags/example_xcom.py
[2024-01-21T13:40:18.720+0000] {processor.py:840} INFO - DAG(s) 'example_xcom' retrieved from /home/airflow/.local/lib/python3.8/site-packages/airflow/example_dags/example_xcom.py
[2024-01-21T13:40:18.865+0000] {logging_mixin.py:188} INFO - [2024-01-21T13:40:18.864+0000] {dag.py:3036} INFO - Sync 1 DAGs
[2024-01-21T13:40:19.166+0000] {logging_mixin.py:188} INFO - [2024-01-21T13:40:19.165+0000] {dag.py:3823} INFO - Setting next_dagrun for example_xcom to 2021-01-01 00:00:00+00:00, run_after=2021-01-01 00:00:00+00:00
[2024-01-21T13:40:19.234+0000] {processor.py:183} INFO - Processing /home/airflow/.local/lib/python3.8/site-packages/airflow/example_dags/example_xcom.py took 0.704 seconds
[2024-01-21T13:40:49.442+0000] {processor.py:161} INFO - Started process (PID=199) to work on /home/airflow/.local/lib/python3.8/site-packages/airflow/example_dags/example_xcom.py
[2024-01-21T13:40:49.444+0000] {processor.py:830} INFO - Processing file /home/airflow/.local/lib/python3.8/site-packages/airflow/example_dags/example_xcom.py for tasks to queue
[2024-01-21T13:40:49.450+0000] {logging_mixin.py:188} INFO - [2024-01-21T13:40:49.449+0000] {dagbag.py:538} INFO - Filling up the DagBag from /home/airflow/.local/lib/python3.8/site-packages/airflow/example_dags/example_xcom.py
[2024-01-21T13:40:49.465+0000] {processor.py:840} INFO - DAG(s) 'example_xcom' retrieved from /home/airflow/.local/lib/python3.8/site-packages/airflow/example_dags/example_xcom.py
[2024-01-21T13:40:49.508+0000] {logging_mixin.py:188} INFO - [2024-01-21T13:40:49.508+0000] {dag.py:3036} INFO - Sync 1 DAGs
[2024-01-21T13:40:49.555+0000] {logging_mixin.py:188} INFO - [2024-01-21T13:40:49.555+0000] {dag.py:3823} INFO - Setting next_dagrun for example_xcom to 2021-01-01 00:00:00+00:00, run_after=2021-01-01 00:00:00+00:00
[2024-01-21T13:40:49.592+0000] {processor.py:183} INFO - Processing /home/airflow/.local/lib/python3.8/site-packages/airflow/example_dags/example_xcom.py took 0.159 seconds
[2024-01-21T13:41:20.443+0000] {processor.py:161} INFO - Started process (PID=255) to work on /home/airflow/.local/lib/python3.8/site-packages/airflow/example_dags/example_xcom.py
[2024-01-21T13:41:20.446+0000] {processor.py:830} INFO - Processing file /home/airflow/.local/lib/python3.8/site-packages/airflow/example_dags/example_xcom.py for tasks to queue
[2024-01-21T13:41:20.452+0000] {logging_mixin.py:188} INFO - [2024-01-21T13:41:20.451+0000] {dagbag.py:538} INFO - Filling up the DagBag from /home/airflow/.local/lib/python3.8/site-packages/airflow/example_dags/example_xcom.py
[2024-01-21T13:41:20.477+0000] {processor.py:840} INFO - DAG(s) 'example_xcom' retrieved from /home/airflow/.local/lib/python3.8/site-packages/airflow/example_dags/example_xcom.py
[2024-01-21T13:41:20.570+0000] {logging_mixin.py:188} INFO - [2024-01-21T13:41:20.569+0000] {dag.py:3036} INFO - Sync 1 DAGs
[2024-01-21T13:41:20.663+0000] {logging_mixin.py:188} INFO - [2024-01-21T13:41:20.662+0000] {dag.py:3823} INFO - Setting next_dagrun for example_xcom to 2021-01-01 00:00:00+00:00, run_after=2021-01-01 00:00:00+00:00
[2024-01-21T13:41:20.839+0000] {processor.py:183} INFO - Processing /home/airflow/.local/lib/python3.8/site-packages/airflow/example_dags/example_xcom.py took 0.407 seconds
[2024-01-21T13:41:52.341+0000] {processor.py:161} INFO - Started process (PID=313) to work on /home/airflow/.local/lib/python3.8/site-packages/airflow/example_dags/example_xcom.py
[2024-01-21T13:41:52.344+0000] {processor.py:830} INFO - Processing file /home/airflow/.local/lib/python3.8/site-packages/airflow/example_dags/example_xcom.py for tasks to queue
[2024-01-21T13:41:52.351+0000] {logging_mixin.py:188} INFO - [2024-01-21T13:41:52.349+0000] {dagbag.py:538} INFO - Filling up the DagBag from /home/airflow/.local/lib/python3.8/site-packages/airflow/example_dags/example_xcom.py
[2024-01-21T13:41:52.373+0000] {processor.py:840} INFO - DAG(s) 'example_xcom' retrieved from /home/airflow/.local/lib/python3.8/site-packages/airflow/example_dags/example_xcom.py
[2024-01-21T13:41:52.448+0000] {logging_mixin.py:188} INFO - [2024-01-21T13:41:52.447+0000] {dag.py:3036} INFO - Sync 1 DAGs
[2024-01-21T13:41:52.526+0000] {logging_mixin.py:188} INFO - [2024-01-21T13:41:52.526+0000] {dag.py:3823} INFO - Setting next_dagrun for example_xcom to 2021-01-01 00:00:00+00:00, run_after=2021-01-01 00:00:00+00:00
[2024-01-21T13:41:52.579+0000] {processor.py:183} INFO - Processing /home/airflow/.local/lib/python3.8/site-packages/airflow/example_dags/example_xcom.py took 0.250 seconds
[2024-01-21T13:42:23.312+0000] {processor.py:161} INFO - Started process (PID=368) to work on /home/airflow/.local/lib/python3.8/site-packages/airflow/example_dags/example_xcom.py
[2024-01-21T13:42:23.316+0000] {processor.py:830} INFO - Processing file /home/airflow/.local/lib/python3.8/site-packages/airflow/example_dags/example_xcom.py for tasks to queue
[2024-01-21T13:42:23.323+0000] {logging_mixin.py:188} INFO - [2024-01-21T13:42:23.322+0000] {dagbag.py:538} INFO - Filling up the DagBag from /home/airflow/.local/lib/python3.8/site-packages/airflow/example_dags/example_xcom.py
[2024-01-21T13:42:23.347+0000] {processor.py:840} INFO - DAG(s) 'example_xcom' retrieved from /home/airflow/.local/lib/python3.8/site-packages/airflow/example_dags/example_xcom.py
[2024-01-21T13:42:23.405+0000] {logging_mixin.py:188} INFO - [2024-01-21T13:42:23.404+0000] {dag.py:3036} INFO - Sync 1 DAGs
[2024-01-21T13:42:23.451+0000] {logging_mixin.py:188} INFO - [2024-01-21T13:42:23.451+0000] {dag.py:3823} INFO - Setting next_dagrun for example_xcom to 2021-01-01 00:00:00+00:00, run_after=2021-01-01 00:00:00+00:00
[2024-01-21T13:42:23.491+0000] {processor.py:183} INFO - Processing /home/airflow/.local/lib/python3.8/site-packages/airflow/example_dags/example_xcom.py took 0.190 seconds
[2024-01-21T13:42:54.099+0000] {processor.py:161} INFO - Started process (PID=423) to work on /home/airflow/.local/lib/python3.8/site-packages/airflow/example_dags/example_xcom.py
[2024-01-21T13:42:54.101+0000] {processor.py:830} INFO - Processing file /home/airflow/.local/lib/python3.8/site-packages/airflow/example_dags/example_xcom.py for tasks to queue
[2024-01-21T13:42:54.105+0000] {logging_mixin.py:188} INFO - [2024-01-21T13:42:54.105+0000] {dagbag.py:538} INFO - Filling up the DagBag from /home/airflow/.local/lib/python3.8/site-packages/airflow/example_dags/example_xcom.py
[2024-01-21T13:42:54.120+0000] {processor.py:840} INFO - DAG(s) 'example_xcom' retrieved from /home/airflow/.local/lib/python3.8/site-packages/airflow/example_dags/example_xcom.py
[2024-01-21T13:42:54.162+0000] {logging_mixin.py:188} INFO - [2024-01-21T13:42:54.161+0000] {dag.py:3036} INFO - Sync 1 DAGs
[2024-01-21T13:42:54.198+0000] {logging_mixin.py:188} INFO - [2024-01-21T13:42:54.198+0000] {dag.py:3823} INFO - Setting next_dagrun for example_xcom to 2021-01-01 00:00:00+00:00, run_after=2021-01-01 00:00:00+00:00
[2024-01-21T13:42:54.233+0000] {processor.py:183} INFO - Processing /home/airflow/.local/lib/python3.8/site-packages/airflow/example_dags/example_xcom.py took 0.140 seconds
[2024-01-21T13:43:24.301+0000] {processor.py:161} INFO - Started process (PID=478) to work on /home/airflow/.local/lib/python3.8/site-packages/airflow/example_dags/example_xcom.py
[2024-01-21T13:43:24.303+0000] {processor.py:830} INFO - Processing file /home/airflow/.local/lib/python3.8/site-packages/airflow/example_dags/example_xcom.py for tasks to queue
[2024-01-21T13:43:24.306+0000] {logging_mixin.py:188} INFO - [2024-01-21T13:43:24.306+0000] {dagbag.py:538} INFO - Filling up the DagBag from /home/airflow/.local/lib/python3.8/site-packages/airflow/example_dags/example_xcom.py
[2024-01-21T13:43:24.319+0000] {processor.py:840} INFO - DAG(s) 'example_xcom' retrieved from /home/airflow/.local/lib/python3.8/site-packages/airflow/example_dags/example_xcom.py
[2024-01-21T13:43:24.356+0000] {logging_mixin.py:188} INFO - [2024-01-21T13:43:24.356+0000] {dag.py:3036} INFO - Sync 1 DAGs
[2024-01-21T13:43:24.392+0000] {logging_mixin.py:188} INFO - [2024-01-21T13:43:24.392+0000] {dag.py:3823} INFO - Setting next_dagrun for example_xcom to 2021-01-01 00:00:00+00:00, run_after=2021-01-01 00:00:00+00:00
[2024-01-21T13:43:24.428+0000] {processor.py:183} INFO - Processing /home/airflow/.local/lib/python3.8/site-packages/airflow/example_dags/example_xcom.py took 0.134 seconds
[2024-01-21T13:43:55.675+0000] {processor.py:161} INFO - Started process (PID=534) to work on /home/airflow/.local/lib/python3.8/site-packages/airflow/example_dags/example_xcom.py
[2024-01-21T13:43:55.690+0000] {processor.py:830} INFO - Processing file /home/airflow/.local/lib/python3.8/site-packages/airflow/example_dags/example_xcom.py for tasks to queue
[2024-01-21T13:43:55.698+0000] {logging_mixin.py:188} INFO - [2024-01-21T13:43:55.698+0000] {dagbag.py:538} INFO - Filling up the DagBag from /home/airflow/.local/lib/python3.8/site-packages/airflow/example_dags/example_xcom.py
[2024-01-21T13:43:55.778+0000] {processor.py:840} INFO - DAG(s) 'example_xcom' retrieved from /home/airflow/.local/lib/python3.8/site-packages/airflow/example_dags/example_xcom.py
[2024-01-21T13:43:56.513+0000] {logging_mixin.py:188} INFO - [2024-01-21T13:43:56.512+0000] {dag.py:3036} INFO - Sync 1 DAGs
[2024-01-21T13:43:56.640+0000] {logging_mixin.py:188} INFO - [2024-01-21T13:43:56.639+0000] {dag.py:3823} INFO - Setting next_dagrun for example_xcom to 2021-01-01 00:00:00+00:00, run_after=2021-01-01 00:00:00+00:00
[2024-01-21T13:43:56.742+0000] {processor.py:183} INFO - Processing /home/airflow/.local/lib/python3.8/site-packages/airflow/example_dags/example_xcom.py took 1.079 seconds
[2024-01-21T13:44:27.440+0000] {processor.py:161} INFO - Started process (PID=589) to work on /home/airflow/.local/lib/python3.8/site-packages/airflow/example_dags/example_xcom.py
[2024-01-21T13:44:27.442+0000] {processor.py:830} INFO - Processing file /home/airflow/.local/lib/python3.8/site-packages/airflow/example_dags/example_xcom.py for tasks to queue
[2024-01-21T13:44:27.445+0000] {logging_mixin.py:188} INFO - [2024-01-21T13:44:27.445+0000] {dagbag.py:538} INFO - Filling up the DagBag from /home/airflow/.local/lib/python3.8/site-packages/airflow/example_dags/example_xcom.py
[2024-01-21T13:44:27.457+0000] {processor.py:840} INFO - DAG(s) 'example_xcom' retrieved from /home/airflow/.local/lib/python3.8/site-packages/airflow/example_dags/example_xcom.py
[2024-01-21T13:44:27.492+0000] {logging_mixin.py:188} INFO - [2024-01-21T13:44:27.492+0000] {dag.py:3036} INFO - Sync 1 DAGs
[2024-01-21T13:44:27.526+0000] {logging_mixin.py:188} INFO - [2024-01-21T13:44:27.525+0000] {dag.py:3823} INFO - Setting next_dagrun for example_xcom to 2021-01-01 00:00:00+00:00, run_after=2021-01-01 00:00:00+00:00
[2024-01-21T13:44:27.561+0000] {processor.py:183} INFO - Processing /home/airflow/.local/lib/python3.8/site-packages/airflow/example_dags/example_xcom.py took 0.126 seconds
[2024-01-21T13:44:57.607+0000] {processor.py:161} INFO - Started process (PID=645) to work on /home/airflow/.local/lib/python3.8/site-packages/airflow/example_dags/example_xcom.py
[2024-01-21T13:44:57.609+0000] {processor.py:830} INFO - Processing file /home/airflow/.local/lib/python3.8/site-packages/airflow/example_dags/example_xcom.py for tasks to queue
[2024-01-21T13:44:57.612+0000] {logging_mixin.py:188} INFO - [2024-01-21T13:44:57.612+0000] {dagbag.py:538} INFO - Filling up the DagBag from /home/airflow/.local/lib/python3.8/site-packages/airflow/example_dags/example_xcom.py
[2024-01-21T13:44:57.625+0000] {processor.py:840} INFO - DAG(s) 'example_xcom' retrieved from /home/airflow/.local/lib/python3.8/site-packages/airflow/example_dags/example_xcom.py
[2024-01-21T13:44:57.661+0000] {logging_mixin.py:188} INFO - [2024-01-21T13:44:57.661+0000] {dag.py:3036} INFO - Sync 1 DAGs
[2024-01-21T13:44:57.697+0000] {logging_mixin.py:188} INFO - [2024-01-21T13:44:57.696+0000] {dag.py:3823} INFO - Setting next_dagrun for example_xcom to 2021-01-01 00:00:00+00:00, run_after=2021-01-01 00:00:00+00:00
[2024-01-21T13:44:57.728+0000] {processor.py:183} INFO - Processing /home/airflow/.local/lib/python3.8/site-packages/airflow/example_dags/example_xcom.py took 0.126 seconds
[2024-01-21T13:45:28.194+0000] {processor.py:161} INFO - Started process (PID=701) to work on /home/airflow/.local/lib/python3.8/site-packages/airflow/example_dags/example_xcom.py
[2024-01-21T13:45:28.196+0000] {processor.py:830} INFO - Processing file /home/airflow/.local/lib/python3.8/site-packages/airflow/example_dags/example_xcom.py for tasks to queue
[2024-01-21T13:45:28.200+0000] {logging_mixin.py:188} INFO - [2024-01-21T13:45:28.199+0000] {dagbag.py:538} INFO - Filling up the DagBag from /home/airflow/.local/lib/python3.8/site-packages/airflow/example_dags/example_xcom.py
[2024-01-21T13:45:28.213+0000] {processor.py:840} INFO - DAG(s) 'example_xcom' retrieved from /home/airflow/.local/lib/python3.8/site-packages/airflow/example_dags/example_xcom.py
[2024-01-21T13:45:28.251+0000] {logging_mixin.py:188} INFO - [2024-01-21T13:45:28.251+0000] {dag.py:3036} INFO - Sync 1 DAGs
[2024-01-21T13:45:28.291+0000] {logging_mixin.py:188} INFO - [2024-01-21T13:45:28.290+0000] {dag.py:3823} INFO - Setting next_dagrun for example_xcom to 2021-01-01 00:00:00+00:00, run_after=2021-01-01 00:00:00+00:00
[2024-01-21T13:45:28.331+0000] {processor.py:183} INFO - Processing /home/airflow/.local/lib/python3.8/site-packages/airflow/example_dags/example_xcom.py took 0.143 seconds
[2024-01-21T13:45:58.805+0000] {processor.py:161} INFO - Started process (PID=757) to work on /home/airflow/.local/lib/python3.8/site-packages/airflow/example_dags/example_xcom.py
[2024-01-21T13:45:58.807+0000] {processor.py:830} INFO - Processing file /home/airflow/.local/lib/python3.8/site-packages/airflow/example_dags/example_xcom.py for tasks to queue
[2024-01-21T13:45:58.812+0000] {logging_mixin.py:188} INFO - [2024-01-21T13:45:58.811+0000] {dagbag.py:538} INFO - Filling up the DagBag from /home/airflow/.local/lib/python3.8/site-packages/airflow/example_dags/example_xcom.py
[2024-01-21T13:45:58.831+0000] {processor.py:840} INFO - DAG(s) 'example_xcom' retrieved from /home/airflow/.local/lib/python3.8/site-packages/airflow/example_dags/example_xcom.py
[2024-01-21T13:45:58.911+0000] {logging_mixin.py:188} INFO - [2024-01-21T13:45:58.910+0000] {dag.py:3036} INFO - Sync 1 DAGs
[2024-01-21T13:45:58.965+0000] {logging_mixin.py:188} INFO - [2024-01-21T13:45:58.964+0000] {dag.py:3823} INFO - Setting next_dagrun for example_xcom to 2021-01-01 00:00:00+00:00, run_after=2021-01-01 00:00:00+00:00
[2024-01-21T13:45:59.001+0000] {processor.py:183} INFO - Processing /home/airflow/.local/lib/python3.8/site-packages/airflow/example_dags/example_xcom.py took 0.203 seconds
[2024-01-21T13:46:31.630+0000] {processor.py:161} INFO - Started process (PID=815) to work on /home/airflow/.local/lib/python3.8/site-packages/airflow/example_dags/example_xcom.py
[2024-01-21T13:46:31.636+0000] {processor.py:830} INFO - Processing file /home/airflow/.local/lib/python3.8/site-packages/airflow/example_dags/example_xcom.py for tasks to queue
[2024-01-21T13:46:31.645+0000] {logging_mixin.py:188} INFO - [2024-01-21T13:46:31.644+0000] {dagbag.py:538} INFO - Filling up the DagBag from /home/airflow/.local/lib/python3.8/site-packages/airflow/example_dags/example_xcom.py
[2024-01-21T13:46:31.822+0000] {processor.py:840} INFO - DAG(s) 'example_xcom' retrieved from /home/airflow/.local/lib/python3.8/site-packages/airflow/example_dags/example_xcom.py
[2024-01-21T13:46:31.931+0000] {logging_mixin.py:188} INFO - [2024-01-21T13:46:31.931+0000] {dag.py:3036} INFO - Sync 1 DAGs
[2024-01-21T13:46:32.212+0000] {logging_mixin.py:188} INFO - [2024-01-21T13:46:32.211+0000] {dag.py:3823} INFO - Setting next_dagrun for example_xcom to 2021-01-01 00:00:00+00:00, run_after=2021-01-01 00:00:00+00:00
[2024-01-21T13:46:32.311+0000] {processor.py:183} INFO - Processing /home/airflow/.local/lib/python3.8/site-packages/airflow/example_dags/example_xcom.py took 0.699 seconds
[2024-01-21T13:47:02.712+0000] {processor.py:161} INFO - Started process (PID=870) to work on /home/airflow/.local/lib/python3.8/site-packages/airflow/example_dags/example_xcom.py
[2024-01-21T13:47:02.714+0000] {processor.py:830} INFO - Processing file /home/airflow/.local/lib/python3.8/site-packages/airflow/example_dags/example_xcom.py for tasks to queue
[2024-01-21T13:47:02.719+0000] {logging_mixin.py:188} INFO - [2024-01-21T13:47:02.718+0000] {dagbag.py:538} INFO - Filling up the DagBag from /home/airflow/.local/lib/python3.8/site-packages/airflow/example_dags/example_xcom.py
[2024-01-21T13:47:02.735+0000] {processor.py:840} INFO - DAG(s) 'example_xcom' retrieved from /home/airflow/.local/lib/python3.8/site-packages/airflow/example_dags/example_xcom.py
[2024-01-21T13:47:02.783+0000] {logging_mixin.py:188} INFO - [2024-01-21T13:47:02.783+0000] {dag.py:3036} INFO - Sync 1 DAGs
[2024-01-21T13:47:02.997+0000] {logging_mixin.py:188} INFO - [2024-01-21T13:47:02.996+0000] {dag.py:3823} INFO - Setting next_dagrun for example_xcom to 2021-01-01 00:00:00+00:00, run_after=2021-01-01 00:00:00+00:00
[2024-01-21T13:47:03.081+0000] {processor.py:183} INFO - Processing /home/airflow/.local/lib/python3.8/site-packages/airflow/example_dags/example_xcom.py took 0.375 seconds
[2024-01-21T13:47:33.228+0000] {processor.py:161} INFO - Started process (PID=925) to work on /home/airflow/.local/lib/python3.8/site-packages/airflow/example_dags/example_xcom.py
[2024-01-21T13:47:33.230+0000] {processor.py:830} INFO - Processing file /home/airflow/.local/lib/python3.8/site-packages/airflow/example_dags/example_xcom.py for tasks to queue
[2024-01-21T13:47:33.234+0000] {logging_mixin.py:188} INFO - [2024-01-21T13:47:33.234+0000] {dagbag.py:538} INFO - Filling up the DagBag from /home/airflow/.local/lib/python3.8/site-packages/airflow/example_dags/example_xcom.py
[2024-01-21T13:47:33.252+0000] {processor.py:840} INFO - DAG(s) 'example_xcom' retrieved from /home/airflow/.local/lib/python3.8/site-packages/airflow/example_dags/example_xcom.py
[2024-01-21T13:47:33.311+0000] {logging_mixin.py:188} INFO - [2024-01-21T13:47:33.310+0000] {dag.py:3036} INFO - Sync 1 DAGs
[2024-01-21T13:47:33.358+0000] {logging_mixin.py:188} INFO - [2024-01-21T13:47:33.358+0000] {dag.py:3823} INFO - Setting next_dagrun for example_xcom to 2021-01-01 00:00:00+00:00, run_after=2021-01-01 00:00:00+00:00
[2024-01-21T13:47:33.410+0000] {processor.py:183} INFO - Processing /home/airflow/.local/lib/python3.8/site-packages/airflow/example_dags/example_xcom.py took 0.188 seconds
[2024-01-21T13:48:06.227+0000] {processor.py:161} INFO - Started process (PID=983) to work on /home/airflow/.local/lib/python3.8/site-packages/airflow/example_dags/example_xcom.py
[2024-01-21T13:48:06.231+0000] {processor.py:830} INFO - Processing file /home/airflow/.local/lib/python3.8/site-packages/airflow/example_dags/example_xcom.py for tasks to queue
[2024-01-21T13:48:06.240+0000] {logging_mixin.py:188} INFO - [2024-01-21T13:48:06.239+0000] {dagbag.py:538} INFO - Filling up the DagBag from /home/airflow/.local/lib/python3.8/site-packages/airflow/example_dags/example_xcom.py
[2024-01-21T13:48:06.287+0000] {processor.py:840} INFO - DAG(s) 'example_xcom' retrieved from /home/airflow/.local/lib/python3.8/site-packages/airflow/example_dags/example_xcom.py
[2024-01-21T13:48:06.380+0000] {logging_mixin.py:188} INFO - [2024-01-21T13:48:06.379+0000] {dag.py:3036} INFO - Sync 1 DAGs
[2024-01-21T13:48:06.458+0000] {logging_mixin.py:188} INFO - [2024-01-21T13:48:06.458+0000] {dag.py:3823} INFO - Setting next_dagrun for example_xcom to 2021-01-01 00:00:00+00:00, run_after=2021-01-01 00:00:00+00:00
[2024-01-21T13:48:06.546+0000] {processor.py:183} INFO - Processing /home/airflow/.local/lib/python3.8/site-packages/airflow/example_dags/example_xcom.py took 0.327 seconds
[2024-01-21T13:48:36.957+0000] {processor.py:161} INFO - Started process (PID=1039) to work on /home/airflow/.local/lib/python3.8/site-packages/airflow/example_dags/example_xcom.py
[2024-01-21T13:48:36.959+0000] {processor.py:830} INFO - Processing file /home/airflow/.local/lib/python3.8/site-packages/airflow/example_dags/example_xcom.py for tasks to queue
[2024-01-21T13:48:36.963+0000] {logging_mixin.py:188} INFO - [2024-01-21T13:48:36.962+0000] {dagbag.py:538} INFO - Filling up the DagBag from /home/airflow/.local/lib/python3.8/site-packages/airflow/example_dags/example_xcom.py
[2024-01-21T13:48:36.984+0000] {processor.py:840} INFO - DAG(s) 'example_xcom' retrieved from /home/airflow/.local/lib/python3.8/site-packages/airflow/example_dags/example_xcom.py
[2024-01-21T13:48:37.034+0000] {logging_mixin.py:188} INFO - [2024-01-21T13:48:37.034+0000] {dag.py:3036} INFO - Sync 1 DAGs
[2024-01-21T13:48:37.084+0000] {logging_mixin.py:188} INFO - [2024-01-21T13:48:37.082+0000] {dag.py:3823} INFO - Setting next_dagrun for example_xcom to 2021-01-01 00:00:00+00:00, run_after=2021-01-01 00:00:00+00:00
[2024-01-21T13:48:37.128+0000] {processor.py:183} INFO - Processing /home/airflow/.local/lib/python3.8/site-packages/airflow/example_dags/example_xcom.py took 0.180 seconds
[2024-01-21T13:49:07.601+0000] {processor.py:161} INFO - Started process (PID=1095) to work on /home/airflow/.local/lib/python3.8/site-packages/airflow/example_dags/example_xcom.py
[2024-01-21T13:49:07.603+0000] {processor.py:830} INFO - Processing file /home/airflow/.local/lib/python3.8/site-packages/airflow/example_dags/example_xcom.py for tasks to queue
[2024-01-21T13:49:07.607+0000] {logging_mixin.py:188} INFO - [2024-01-21T13:49:07.606+0000] {dagbag.py:538} INFO - Filling up the DagBag from /home/airflow/.local/lib/python3.8/site-packages/airflow/example_dags/example_xcom.py
[2024-01-21T13:49:07.624+0000] {processor.py:840} INFO - DAG(s) 'example_xcom' retrieved from /home/airflow/.local/lib/python3.8/site-packages/airflow/example_dags/example_xcom.py
[2024-01-21T13:49:07.662+0000] {logging_mixin.py:188} INFO - [2024-01-21T13:49:07.662+0000] {dag.py:3036} INFO - Sync 1 DAGs
[2024-01-21T13:49:07.722+0000] {logging_mixin.py:188} INFO - [2024-01-21T13:49:07.722+0000] {dag.py:3823} INFO - Setting next_dagrun for example_xcom to 2021-01-01 00:00:00+00:00, run_after=2021-01-01 00:00:00+00:00
[2024-01-21T13:49:07.778+0000] {processor.py:183} INFO - Processing /home/airflow/.local/lib/python3.8/site-packages/airflow/example_dags/example_xcom.py took 0.183 seconds
[2024-01-21T13:49:38.538+0000] {processor.py:161} INFO - Started process (PID=1151) to work on /home/airflow/.local/lib/python3.8/site-packages/airflow/example_dags/example_xcom.py
[2024-01-21T13:49:38.549+0000] {processor.py:830} INFO - Processing file /home/airflow/.local/lib/python3.8/site-packages/airflow/example_dags/example_xcom.py for tasks to queue
[2024-01-21T13:49:38.555+0000] {logging_mixin.py:188} INFO - [2024-01-21T13:49:38.553+0000] {dagbag.py:538} INFO - Filling up the DagBag from /home/airflow/.local/lib/python3.8/site-packages/airflow/example_dags/example_xcom.py
[2024-01-21T13:49:38.582+0000] {processor.py:840} INFO - DAG(s) 'example_xcom' retrieved from /home/airflow/.local/lib/python3.8/site-packages/airflow/example_dags/example_xcom.py
[2024-01-21T13:49:38.639+0000] {logging_mixin.py:188} INFO - [2024-01-21T13:49:38.638+0000] {dag.py:3036} INFO - Sync 1 DAGs
[2024-01-21T13:49:38.701+0000] {logging_mixin.py:188} INFO - [2024-01-21T13:49:38.700+0000] {dag.py:3823} INFO - Setting next_dagrun for example_xcom to 2021-01-01 00:00:00+00:00, run_after=2021-01-01 00:00:00+00:00
[2024-01-21T13:49:38.763+0000] {processor.py:183} INFO - Processing /home/airflow/.local/lib/python3.8/site-packages/airflow/example_dags/example_xcom.py took 0.237 seconds
[2024-01-21T13:50:08.832+0000] {processor.py:161} INFO - Started process (PID=1207) to work on /home/airflow/.local/lib/python3.8/site-packages/airflow/example_dags/example_xcom.py
[2024-01-21T13:50:08.835+0000] {processor.py:830} INFO - Processing file /home/airflow/.local/lib/python3.8/site-packages/airflow/example_dags/example_xcom.py for tasks to queue
[2024-01-21T13:50:08.839+0000] {logging_mixin.py:188} INFO - [2024-01-21T13:50:08.838+0000] {dagbag.py:538} INFO - Filling up the DagBag from /home/airflow/.local/lib/python3.8/site-packages/airflow/example_dags/example_xcom.py
[2024-01-21T13:50:08.860+0000] {processor.py:840} INFO - DAG(s) 'example_xcom' retrieved from /home/airflow/.local/lib/python3.8/site-packages/airflow/example_dags/example_xcom.py
[2024-01-21T13:50:08.908+0000] {logging_mixin.py:188} INFO - [2024-01-21T13:50:08.908+0000] {dag.py:3036} INFO - Sync 1 DAGs
[2024-01-21T13:50:08.953+0000] {logging_mixin.py:188} INFO - [2024-01-21T13:50:08.953+0000] {dag.py:3823} INFO - Setting next_dagrun for example_xcom to 2021-01-01 00:00:00+00:00, run_after=2021-01-01 00:00:00+00:00
[2024-01-21T13:50:08.990+0000] {processor.py:183} INFO - Processing /home/airflow/.local/lib/python3.8/site-packages/airflow/example_dags/example_xcom.py took 0.165 seconds
[2024-01-21T13:50:39.433+0000] {processor.py:161} INFO - Started process (PID=1263) to work on /home/airflow/.local/lib/python3.8/site-packages/airflow/example_dags/example_xcom.py
[2024-01-21T13:50:39.436+0000] {processor.py:830} INFO - Processing file /home/airflow/.local/lib/python3.8/site-packages/airflow/example_dags/example_xcom.py for tasks to queue
[2024-01-21T13:50:39.441+0000] {logging_mixin.py:188} INFO - [2024-01-21T13:50:39.440+0000] {dagbag.py:538} INFO - Filling up the DagBag from /home/airflow/.local/lib/python3.8/site-packages/airflow/example_dags/example_xcom.py
[2024-01-21T13:50:39.464+0000] {processor.py:840} INFO - DAG(s) 'example_xcom' retrieved from /home/airflow/.local/lib/python3.8/site-packages/airflow/example_dags/example_xcom.py
[2024-01-21T13:50:39.510+0000] {logging_mixin.py:188} INFO - [2024-01-21T13:50:39.509+0000] {dag.py:3036} INFO - Sync 1 DAGs
[2024-01-21T13:50:39.554+0000] {logging_mixin.py:188} INFO - [2024-01-21T13:50:39.552+0000] {dag.py:3823} INFO - Setting next_dagrun for example_xcom to 2021-01-01 00:00:00+00:00, run_after=2021-01-01 00:00:00+00:00
[2024-01-21T13:50:39.591+0000] {processor.py:183} INFO - Processing /home/airflow/.local/lib/python3.8/site-packages/airflow/example_dags/example_xcom.py took 0.167 seconds
[2024-01-21T13:51:09.855+0000] {processor.py:161} INFO - Started process (PID=1319) to work on /home/airflow/.local/lib/python3.8/site-packages/airflow/example_dags/example_xcom.py
[2024-01-21T13:51:09.860+0000] {processor.py:830} INFO - Processing file /home/airflow/.local/lib/python3.8/site-packages/airflow/example_dags/example_xcom.py for tasks to queue
[2024-01-21T13:51:09.867+0000] {logging_mixin.py:188} INFO - [2024-01-21T13:51:09.865+0000] {dagbag.py:538} INFO - Filling up the DagBag from /home/airflow/.local/lib/python3.8/site-packages/airflow/example_dags/example_xcom.py
[2024-01-21T13:51:09.888+0000] {processor.py:840} INFO - DAG(s) 'example_xcom' retrieved from /home/airflow/.local/lib/python3.8/site-packages/airflow/example_dags/example_xcom.py
[2024-01-21T13:51:09.950+0000] {logging_mixin.py:188} INFO - [2024-01-21T13:51:09.949+0000] {dag.py:3036} INFO - Sync 1 DAGs
[2024-01-21T13:51:10.004+0000] {logging_mixin.py:188} INFO - [2024-01-21T13:51:10.003+0000] {dag.py:3823} INFO - Setting next_dagrun for example_xcom to 2021-01-01 00:00:00+00:00, run_after=2021-01-01 00:00:00+00:00
[2024-01-21T13:51:10.060+0000] {processor.py:183} INFO - Processing /home/airflow/.local/lib/python3.8/site-packages/airflow/example_dags/example_xcom.py took 0.215 seconds
