[2024-01-21T13:20:44.057+0000] {processor.py:161} INFO - Started process (PID=78) to work on /home/airflow/.local/lib/python3.8/site-packages/airflow/example_dags/example_latest_only.py
[2024-01-21T13:20:44.060+0000] {processor.py:830} INFO - Processing file /home/airflow/.local/lib/python3.8/site-packages/airflow/example_dags/example_latest_only.py for tasks to queue
[2024-01-21T13:20:44.066+0000] {logging_mixin.py:188} INFO - [2024-01-21T13:20:44.065+0000] {dagbag.py:538} INFO - Filling up the DagBag from /home/airflow/.local/lib/python3.8/site-packages/airflow/example_dags/example_latest_only.py
[2024-01-21T13:20:44.088+0000] {processor.py:840} INFO - DAG(s) 'latest_only' retrieved from /home/airflow/.local/lib/python3.8/site-packages/airflow/example_dags/example_latest_only.py
[2024-01-21T13:20:44.611+0000] {logging_mixin.py:188} INFO - [2024-01-21T13:20:44.610+0000] {dag.py:3036} INFO - Sync 1 DAGs
[2024-01-21T13:20:44.747+0000] {logging_mixin.py:188} INFO - [2024-01-21T13:20:44.729+0000] {dag.py:3823} INFO - Setting next_dagrun for latest_only to 2024-01-21 08:00:00+00:00, run_after=2024-01-21 12:00:00+00:00
[2024-01-21T13:20:44.987+0000] {processor.py:183} INFO - Processing /home/airflow/.local/lib/python3.8/site-packages/airflow/example_dags/example_latest_only.py took 0.940 seconds
[2024-01-21T13:21:15.648+0000] {processor.py:161} INFO - Started process (PID=133) to work on /home/airflow/.local/lib/python3.8/site-packages/airflow/example_dags/example_latest_only.py
[2024-01-21T13:21:15.652+0000] {processor.py:830} INFO - Processing file /home/airflow/.local/lib/python3.8/site-packages/airflow/example_dags/example_latest_only.py for tasks to queue
[2024-01-21T13:21:15.657+0000] {logging_mixin.py:188} INFO - [2024-01-21T13:21:15.656+0000] {dagbag.py:538} INFO - Filling up the DagBag from /home/airflow/.local/lib/python3.8/site-packages/airflow/example_dags/example_latest_only.py
[2024-01-21T13:21:15.675+0000] {processor.py:840} INFO - DAG(s) 'latest_only' retrieved from /home/airflow/.local/lib/python3.8/site-packages/airflow/example_dags/example_latest_only.py
[2024-01-21T13:21:15.728+0000] {logging_mixin.py:188} INFO - [2024-01-21T13:21:15.728+0000] {dag.py:3036} INFO - Sync 1 DAGs
[2024-01-21T13:21:15.949+0000] {logging_mixin.py:188} INFO - [2024-01-21T13:21:15.947+0000] {dag.py:3823} INFO - Setting next_dagrun for latest_only to 2024-01-21 08:00:00+00:00, run_after=2024-01-21 12:00:00+00:00
[2024-01-21T13:21:16.123+0000] {processor.py:183} INFO - Processing /home/airflow/.local/lib/python3.8/site-packages/airflow/example_dags/example_latest_only.py took 0.483 seconds
[2024-01-21T13:21:46.303+0000] {processor.py:161} INFO - Started process (PID=188) to work on /home/airflow/.local/lib/python3.8/site-packages/airflow/example_dags/example_latest_only.py
[2024-01-21T13:21:46.305+0000] {processor.py:830} INFO - Processing file /home/airflow/.local/lib/python3.8/site-packages/airflow/example_dags/example_latest_only.py for tasks to queue
[2024-01-21T13:21:46.309+0000] {logging_mixin.py:188} INFO - [2024-01-21T13:21:46.309+0000] {dagbag.py:538} INFO - Filling up the DagBag from /home/airflow/.local/lib/python3.8/site-packages/airflow/example_dags/example_latest_only.py
[2024-01-21T13:21:46.319+0000] {processor.py:840} INFO - DAG(s) 'latest_only' retrieved from /home/airflow/.local/lib/python3.8/site-packages/airflow/example_dags/example_latest_only.py
[2024-01-21T13:21:46.359+0000] {logging_mixin.py:188} INFO - [2024-01-21T13:21:46.358+0000] {dag.py:3036} INFO - Sync 1 DAGs
[2024-01-21T13:21:46.400+0000] {logging_mixin.py:188} INFO - [2024-01-21T13:21:46.400+0000] {dag.py:3823} INFO - Setting next_dagrun for latest_only to 2024-01-21 08:00:00+00:00, run_after=2024-01-21 12:00:00+00:00
[2024-01-21T13:21:46.439+0000] {processor.py:183} INFO - Processing /home/airflow/.local/lib/python3.8/site-packages/airflow/example_dags/example_latest_only.py took 0.142 seconds
[2024-01-21T13:22:16.654+0000] {processor.py:161} INFO - Started process (PID=242) to work on /home/airflow/.local/lib/python3.8/site-packages/airflow/example_dags/example_latest_only.py
[2024-01-21T13:22:16.657+0000] {processor.py:830} INFO - Processing file /home/airflow/.local/lib/python3.8/site-packages/airflow/example_dags/example_latest_only.py for tasks to queue
[2024-01-21T13:22:16.661+0000] {logging_mixin.py:188} INFO - [2024-01-21T13:22:16.660+0000] {dagbag.py:538} INFO - Filling up the DagBag from /home/airflow/.local/lib/python3.8/site-packages/airflow/example_dags/example_latest_only.py
[2024-01-21T13:22:16.670+0000] {processor.py:840} INFO - DAG(s) 'latest_only' retrieved from /home/airflow/.local/lib/python3.8/site-packages/airflow/example_dags/example_latest_only.py
[2024-01-21T13:22:16.709+0000] {logging_mixin.py:188} INFO - [2024-01-21T13:22:16.708+0000] {dag.py:3036} INFO - Sync 1 DAGs
[2024-01-21T13:22:16.749+0000] {logging_mixin.py:188} INFO - [2024-01-21T13:22:16.749+0000] {dag.py:3823} INFO - Setting next_dagrun for latest_only to 2024-01-21 08:00:00+00:00, run_after=2024-01-21 12:00:00+00:00
[2024-01-21T13:22:16.790+0000] {processor.py:183} INFO - Processing /home/airflow/.local/lib/python3.8/site-packages/airflow/example_dags/example_latest_only.py took 0.142 seconds
[2024-01-21T13:39:40.435+0000] {processor.py:161} INFO - Started process (PID=84) to work on /home/airflow/.local/lib/python3.8/site-packages/airflow/example_dags/example_latest_only.py
[2024-01-21T13:39:40.437+0000] {processor.py:830} INFO - Processing file /home/airflow/.local/lib/python3.8/site-packages/airflow/example_dags/example_latest_only.py for tasks to queue
[2024-01-21T13:39:40.441+0000] {logging_mixin.py:188} INFO - [2024-01-21T13:39:40.441+0000] {dagbag.py:538} INFO - Filling up the DagBag from /home/airflow/.local/lib/python3.8/site-packages/airflow/example_dags/example_latest_only.py
[2024-01-21T13:39:40.454+0000] {processor.py:840} INFO - DAG(s) 'latest_only' retrieved from /home/airflow/.local/lib/python3.8/site-packages/airflow/example_dags/example_latest_only.py
[2024-01-21T13:39:40.662+0000] {logging_mixin.py:188} INFO - [2024-01-21T13:39:40.661+0000] {dag.py:3036} INFO - Sync 1 DAGs
[2024-01-21T13:39:40.708+0000] {logging_mixin.py:188} INFO - [2024-01-21T13:39:40.707+0000] {dag.py:3823} INFO - Setting next_dagrun for latest_only to 2024-01-21 08:00:00+00:00, run_after=2024-01-21 12:00:00+00:00
[2024-01-21T13:39:40.747+0000] {processor.py:183} INFO - Processing /home/airflow/.local/lib/python3.8/site-packages/airflow/example_dags/example_latest_only.py took 0.320 seconds
[2024-01-21T13:40:17.915+0000] {processor.py:161} INFO - Started process (PID=139) to work on /home/airflow/.local/lib/python3.8/site-packages/airflow/example_dags/example_latest_only.py
[2024-01-21T13:40:17.919+0000] {processor.py:830} INFO - Processing file /home/airflow/.local/lib/python3.8/site-packages/airflow/example_dags/example_latest_only.py for tasks to queue
[2024-01-21T13:40:17.930+0000] {logging_mixin.py:188} INFO - [2024-01-21T13:40:17.928+0000] {dagbag.py:538} INFO - Filling up the DagBag from /home/airflow/.local/lib/python3.8/site-packages/airflow/example_dags/example_latest_only.py
[2024-01-21T13:40:17.960+0000] {processor.py:840} INFO - DAG(s) 'latest_only' retrieved from /home/airflow/.local/lib/python3.8/site-packages/airflow/example_dags/example_latest_only.py
[2024-01-21T13:40:18.164+0000] {logging_mixin.py:188} INFO - [2024-01-21T13:40:18.164+0000] {dag.py:3036} INFO - Sync 1 DAGs
[2024-01-21T13:40:18.288+0000] {logging_mixin.py:188} INFO - [2024-01-21T13:40:18.288+0000] {dag.py:3823} INFO - Setting next_dagrun for latest_only to 2024-01-21 08:00:00+00:00, run_after=2024-01-21 12:00:00+00:00
[2024-01-21T13:40:18.374+0000] {processor.py:183} INFO - Processing /home/airflow/.local/lib/python3.8/site-packages/airflow/example_dags/example_latest_only.py took 0.469 seconds
[2024-01-21T13:40:48.768+0000] {processor.py:161} INFO - Started process (PID=196) to work on /home/airflow/.local/lib/python3.8/site-packages/airflow/example_dags/example_latest_only.py
[2024-01-21T13:40:48.772+0000] {processor.py:830} INFO - Processing file /home/airflow/.local/lib/python3.8/site-packages/airflow/example_dags/example_latest_only.py for tasks to queue
[2024-01-21T13:40:48.778+0000] {logging_mixin.py:188} INFO - [2024-01-21T13:40:48.777+0000] {dagbag.py:538} INFO - Filling up the DagBag from /home/airflow/.local/lib/python3.8/site-packages/airflow/example_dags/example_latest_only.py
[2024-01-21T13:40:48.792+0000] {processor.py:840} INFO - DAG(s) 'latest_only' retrieved from /home/airflow/.local/lib/python3.8/site-packages/airflow/example_dags/example_latest_only.py
[2024-01-21T13:40:48.846+0000] {logging_mixin.py:188} INFO - [2024-01-21T13:40:48.845+0000] {dag.py:3036} INFO - Sync 1 DAGs
[2024-01-21T13:40:48.892+0000] {logging_mixin.py:188} INFO - [2024-01-21T13:40:48.892+0000] {dag.py:3823} INFO - Setting next_dagrun for latest_only to 2024-01-21 08:00:00+00:00, run_after=2024-01-21 12:00:00+00:00
[2024-01-21T13:40:48.942+0000] {processor.py:183} INFO - Processing /home/airflow/.local/lib/python3.8/site-packages/airflow/example_dags/example_latest_only.py took 0.182 seconds
[2024-01-21T13:41:19.671+0000] {processor.py:161} INFO - Started process (PID=253) to work on /home/airflow/.local/lib/python3.8/site-packages/airflow/example_dags/example_latest_only.py
[2024-01-21T13:41:19.675+0000] {processor.py:830} INFO - Processing file /home/airflow/.local/lib/python3.8/site-packages/airflow/example_dags/example_latest_only.py for tasks to queue
[2024-01-21T13:41:19.679+0000] {logging_mixin.py:188} INFO - [2024-01-21T13:41:19.679+0000] {dagbag.py:538} INFO - Filling up the DagBag from /home/airflow/.local/lib/python3.8/site-packages/airflow/example_dags/example_latest_only.py
[2024-01-21T13:41:19.698+0000] {processor.py:840} INFO - DAG(s) 'latest_only' retrieved from /home/airflow/.local/lib/python3.8/site-packages/airflow/example_dags/example_latest_only.py
[2024-01-21T13:41:19.917+0000] {logging_mixin.py:188} INFO - [2024-01-21T13:41:19.916+0000] {dag.py:3036} INFO - Sync 1 DAGs
[2024-01-21T13:41:20.246+0000] {logging_mixin.py:188} INFO - [2024-01-21T13:41:20.245+0000] {dag.py:3823} INFO - Setting next_dagrun for latest_only to 2024-01-21 08:00:00+00:00, run_after=2024-01-21 12:00:00+00:00
[2024-01-21T13:41:20.353+0000] {processor.py:183} INFO - Processing /home/airflow/.local/lib/python3.8/site-packages/airflow/example_dags/example_latest_only.py took 0.689 seconds
[2024-01-21T13:41:50.450+0000] {processor.py:161} INFO - Started process (PID=308) to work on /home/airflow/.local/lib/python3.8/site-packages/airflow/example_dags/example_latest_only.py
[2024-01-21T13:41:50.452+0000] {processor.py:830} INFO - Processing file /home/airflow/.local/lib/python3.8/site-packages/airflow/example_dags/example_latest_only.py for tasks to queue
[2024-01-21T13:41:50.457+0000] {logging_mixin.py:188} INFO - [2024-01-21T13:41:50.456+0000] {dagbag.py:538} INFO - Filling up the DagBag from /home/airflow/.local/lib/python3.8/site-packages/airflow/example_dags/example_latest_only.py
[2024-01-21T13:41:50.468+0000] {processor.py:840} INFO - DAG(s) 'latest_only' retrieved from /home/airflow/.local/lib/python3.8/site-packages/airflow/example_dags/example_latest_only.py
[2024-01-21T13:41:50.535+0000] {logging_mixin.py:188} INFO - [2024-01-21T13:41:50.535+0000] {dag.py:3036} INFO - Sync 1 DAGs
[2024-01-21T13:41:50.589+0000] {logging_mixin.py:188} INFO - [2024-01-21T13:41:50.588+0000] {dag.py:3823} INFO - Setting next_dagrun for latest_only to 2024-01-21 08:00:00+00:00, run_after=2024-01-21 12:00:00+00:00
[2024-01-21T13:41:50.637+0000] {processor.py:183} INFO - Processing /home/airflow/.local/lib/python3.8/site-packages/airflow/example_dags/example_latest_only.py took 0.203 seconds
[2024-01-21T13:42:20.967+0000] {processor.py:161} INFO - Started process (PID=363) to work on /home/airflow/.local/lib/python3.8/site-packages/airflow/example_dags/example_latest_only.py
[2024-01-21T13:42:20.970+0000] {processor.py:830} INFO - Processing file /home/airflow/.local/lib/python3.8/site-packages/airflow/example_dags/example_latest_only.py for tasks to queue
[2024-01-21T13:42:20.974+0000] {logging_mixin.py:188} INFO - [2024-01-21T13:42:20.973+0000] {dagbag.py:538} INFO - Filling up the DagBag from /home/airflow/.local/lib/python3.8/site-packages/airflow/example_dags/example_latest_only.py
[2024-01-21T13:42:20.983+0000] {processor.py:840} INFO - DAG(s) 'latest_only' retrieved from /home/airflow/.local/lib/python3.8/site-packages/airflow/example_dags/example_latest_only.py
[2024-01-21T13:42:21.023+0000] {logging_mixin.py:188} INFO - [2024-01-21T13:42:21.023+0000] {dag.py:3036} INFO - Sync 1 DAGs
[2024-01-21T13:42:21.066+0000] {logging_mixin.py:188} INFO - [2024-01-21T13:42:21.065+0000] {dag.py:3823} INFO - Setting next_dagrun for latest_only to 2024-01-21 08:00:00+00:00, run_after=2024-01-21 12:00:00+00:00
[2024-01-21T13:42:21.120+0000] {processor.py:183} INFO - Processing /home/airflow/.local/lib/python3.8/site-packages/airflow/example_dags/example_latest_only.py took 0.159 seconds
[2024-01-21T13:42:51.624+0000] {processor.py:161} INFO - Started process (PID=418) to work on /home/airflow/.local/lib/python3.8/site-packages/airflow/example_dags/example_latest_only.py
[2024-01-21T13:42:51.632+0000] {processor.py:830} INFO - Processing file /home/airflow/.local/lib/python3.8/site-packages/airflow/example_dags/example_latest_only.py for tasks to queue
[2024-01-21T13:42:51.636+0000] {logging_mixin.py:188} INFO - [2024-01-21T13:42:51.636+0000] {dagbag.py:538} INFO - Filling up the DagBag from /home/airflow/.local/lib/python3.8/site-packages/airflow/example_dags/example_latest_only.py
[2024-01-21T13:42:51.651+0000] {processor.py:840} INFO - DAG(s) 'latest_only' retrieved from /home/airflow/.local/lib/python3.8/site-packages/airflow/example_dags/example_latest_only.py
[2024-01-21T13:42:51.726+0000] {logging_mixin.py:188} INFO - [2024-01-21T13:42:51.726+0000] {dag.py:3036} INFO - Sync 1 DAGs
[2024-01-21T13:42:51.778+0000] {logging_mixin.py:188} INFO - [2024-01-21T13:42:51.778+0000] {dag.py:3823} INFO - Setting next_dagrun for latest_only to 2024-01-21 08:00:00+00:00, run_after=2024-01-21 12:00:00+00:00
[2024-01-21T13:42:51.824+0000] {processor.py:183} INFO - Processing /home/airflow/.local/lib/python3.8/site-packages/airflow/example_dags/example_latest_only.py took 0.213 seconds
[2024-01-21T13:43:22.654+0000] {processor.py:161} INFO - Started process (PID=473) to work on /home/airflow/.local/lib/python3.8/site-packages/airflow/example_dags/example_latest_only.py
[2024-01-21T13:43:22.658+0000] {processor.py:830} INFO - Processing file /home/airflow/.local/lib/python3.8/site-packages/airflow/example_dags/example_latest_only.py for tasks to queue
[2024-01-21T13:43:22.669+0000] {logging_mixin.py:188} INFO - [2024-01-21T13:43:22.668+0000] {dagbag.py:538} INFO - Filling up the DagBag from /home/airflow/.local/lib/python3.8/site-packages/airflow/example_dags/example_latest_only.py
[2024-01-21T13:43:22.697+0000] {processor.py:840} INFO - DAG(s) 'latest_only' retrieved from /home/airflow/.local/lib/python3.8/site-packages/airflow/example_dags/example_latest_only.py
[2024-01-21T13:43:22.768+0000] {logging_mixin.py:188} INFO - [2024-01-21T13:43:22.767+0000] {dag.py:3036} INFO - Sync 1 DAGs
[2024-01-21T13:43:22.817+0000] {logging_mixin.py:188} INFO - [2024-01-21T13:43:22.816+0000] {dag.py:3823} INFO - Setting next_dagrun for latest_only to 2024-01-21 08:00:00+00:00, run_after=2024-01-21 12:00:00+00:00
[2024-01-21T13:43:22.852+0000] {processor.py:183} INFO - Processing /home/airflow/.local/lib/python3.8/site-packages/airflow/example_dags/example_latest_only.py took 0.209 seconds
[2024-01-21T13:43:53.094+0000] {processor.py:161} INFO - Started process (PID=529) to work on /home/airflow/.local/lib/python3.8/site-packages/airflow/example_dags/example_latest_only.py
[2024-01-21T13:43:53.108+0000] {processor.py:830} INFO - Processing file /home/airflow/.local/lib/python3.8/site-packages/airflow/example_dags/example_latest_only.py for tasks to queue
[2024-01-21T13:43:53.114+0000] {logging_mixin.py:188} INFO - [2024-01-21T13:43:53.113+0000] {dagbag.py:538} INFO - Filling up the DagBag from /home/airflow/.local/lib/python3.8/site-packages/airflow/example_dags/example_latest_only.py
[2024-01-21T13:43:53.136+0000] {processor.py:840} INFO - DAG(s) 'latest_only' retrieved from /home/airflow/.local/lib/python3.8/site-packages/airflow/example_dags/example_latest_only.py
[2024-01-21T13:43:53.199+0000] {logging_mixin.py:188} INFO - [2024-01-21T13:43:53.199+0000] {dag.py:3036} INFO - Sync 1 DAGs
[2024-01-21T13:43:53.272+0000] {logging_mixin.py:188} INFO - [2024-01-21T13:43:53.271+0000] {dag.py:3823} INFO - Setting next_dagrun for latest_only to 2024-01-21 08:00:00+00:00, run_after=2024-01-21 12:00:00+00:00
[2024-01-21T13:43:53.590+0000] {processor.py:183} INFO - Processing /home/airflow/.local/lib/python3.8/site-packages/airflow/example_dags/example_latest_only.py took 0.503 seconds
[2024-01-21T13:44:23.805+0000] {processor.py:161} INFO - Started process (PID=584) to work on /home/airflow/.local/lib/python3.8/site-packages/airflow/example_dags/example_latest_only.py
[2024-01-21T13:44:23.807+0000] {processor.py:830} INFO - Processing file /home/airflow/.local/lib/python3.8/site-packages/airflow/example_dags/example_latest_only.py for tasks to queue
[2024-01-21T13:44:23.812+0000] {logging_mixin.py:188} INFO - [2024-01-21T13:44:23.811+0000] {dagbag.py:538} INFO - Filling up the DagBag from /home/airflow/.local/lib/python3.8/site-packages/airflow/example_dags/example_latest_only.py
[2024-01-21T13:44:23.822+0000] {processor.py:840} INFO - DAG(s) 'latest_only' retrieved from /home/airflow/.local/lib/python3.8/site-packages/airflow/example_dags/example_latest_only.py
[2024-01-21T13:44:23.862+0000] {logging_mixin.py:188} INFO - [2024-01-21T13:44:23.862+0000] {dag.py:3036} INFO - Sync 1 DAGs
[2024-01-21T13:44:23.903+0000] {logging_mixin.py:188} INFO - [2024-01-21T13:44:23.903+0000] {dag.py:3823} INFO - Setting next_dagrun for latest_only to 2024-01-21 08:00:00+00:00, run_after=2024-01-21 12:00:00+00:00
[2024-01-21T13:44:23.942+0000] {processor.py:183} INFO - Processing /home/airflow/.local/lib/python3.8/site-packages/airflow/example_dags/example_latest_only.py took 0.144 seconds
[2024-01-21T13:44:54.195+0000] {processor.py:161} INFO - Started process (PID=640) to work on /home/airflow/.local/lib/python3.8/site-packages/airflow/example_dags/example_latest_only.py
[2024-01-21T13:44:54.200+0000] {processor.py:830} INFO - Processing file /home/airflow/.local/lib/python3.8/site-packages/airflow/example_dags/example_latest_only.py for tasks to queue
[2024-01-21T13:44:54.209+0000] {logging_mixin.py:188} INFO - [2024-01-21T13:44:54.208+0000] {dagbag.py:538} INFO - Filling up the DagBag from /home/airflow/.local/lib/python3.8/site-packages/airflow/example_dags/example_latest_only.py
[2024-01-21T13:44:54.232+0000] {processor.py:840} INFO - DAG(s) 'latest_only' retrieved from /home/airflow/.local/lib/python3.8/site-packages/airflow/example_dags/example_latest_only.py
[2024-01-21T13:44:54.300+0000] {logging_mixin.py:188} INFO - [2024-01-21T13:44:54.299+0000] {dag.py:3036} INFO - Sync 1 DAGs
[2024-01-21T13:44:54.340+0000] {logging_mixin.py:188} INFO - [2024-01-21T13:44:54.340+0000] {dag.py:3823} INFO - Setting next_dagrun for latest_only to 2024-01-21 08:00:00+00:00, run_after=2024-01-21 12:00:00+00:00
[2024-01-21T13:44:54.372+0000] {processor.py:183} INFO - Processing /home/airflow/.local/lib/python3.8/site-packages/airflow/example_dags/example_latest_only.py took 0.189 seconds
[2024-01-21T13:45:24.668+0000] {processor.py:161} INFO - Started process (PID=696) to work on /home/airflow/.local/lib/python3.8/site-packages/airflow/example_dags/example_latest_only.py
[2024-01-21T13:45:24.670+0000] {processor.py:830} INFO - Processing file /home/airflow/.local/lib/python3.8/site-packages/airflow/example_dags/example_latest_only.py for tasks to queue
[2024-01-21T13:45:24.673+0000] {logging_mixin.py:188} INFO - [2024-01-21T13:45:24.673+0000] {dagbag.py:538} INFO - Filling up the DagBag from /home/airflow/.local/lib/python3.8/site-packages/airflow/example_dags/example_latest_only.py
[2024-01-21T13:45:24.681+0000] {processor.py:840} INFO - DAG(s) 'latest_only' retrieved from /home/airflow/.local/lib/python3.8/site-packages/airflow/example_dags/example_latest_only.py
[2024-01-21T13:45:24.717+0000] {logging_mixin.py:188} INFO - [2024-01-21T13:45:24.717+0000] {dag.py:3036} INFO - Sync 1 DAGs
[2024-01-21T13:45:24.757+0000] {logging_mixin.py:188} INFO - [2024-01-21T13:45:24.756+0000] {dag.py:3823} INFO - Setting next_dagrun for latest_only to 2024-01-21 08:00:00+00:00, run_after=2024-01-21 12:00:00+00:00
[2024-01-21T13:45:24.790+0000] {processor.py:183} INFO - Processing /home/airflow/.local/lib/python3.8/site-packages/airflow/example_dags/example_latest_only.py took 0.127 seconds
[2024-01-21T13:45:55.110+0000] {processor.py:161} INFO - Started process (PID=752) to work on /home/airflow/.local/lib/python3.8/site-packages/airflow/example_dags/example_latest_only.py
[2024-01-21T13:45:55.112+0000] {processor.py:830} INFO - Processing file /home/airflow/.local/lib/python3.8/site-packages/airflow/example_dags/example_latest_only.py for tasks to queue
[2024-01-21T13:45:55.116+0000] {logging_mixin.py:188} INFO - [2024-01-21T13:45:55.115+0000] {dagbag.py:538} INFO - Filling up the DagBag from /home/airflow/.local/lib/python3.8/site-packages/airflow/example_dags/example_latest_only.py
[2024-01-21T13:45:55.124+0000] {processor.py:840} INFO - DAG(s) 'latest_only' retrieved from /home/airflow/.local/lib/python3.8/site-packages/airflow/example_dags/example_latest_only.py
[2024-01-21T13:45:55.159+0000] {logging_mixin.py:188} INFO - [2024-01-21T13:45:55.158+0000] {dag.py:3036} INFO - Sync 1 DAGs
[2024-01-21T13:45:55.200+0000] {logging_mixin.py:188} INFO - [2024-01-21T13:45:55.199+0000] {dag.py:3823} INFO - Setting next_dagrun for latest_only to 2024-01-21 08:00:00+00:00, run_after=2024-01-21 12:00:00+00:00
[2024-01-21T13:45:55.236+0000] {processor.py:183} INFO - Processing /home/airflow/.local/lib/python3.8/site-packages/airflow/example_dags/example_latest_only.py took 0.132 seconds
[2024-01-21T13:46:28.693+0000] {processor.py:161} INFO - Started process (PID=808) to work on /home/airflow/.local/lib/python3.8/site-packages/airflow/example_dags/example_latest_only.py
[2024-01-21T13:46:28.703+0000] {processor.py:830} INFO - Processing file /home/airflow/.local/lib/python3.8/site-packages/airflow/example_dags/example_latest_only.py for tasks to queue
[2024-01-21T13:46:28.710+0000] {logging_mixin.py:188} INFO - [2024-01-21T13:46:28.710+0000] {dagbag.py:538} INFO - Filling up the DagBag from /home/airflow/.local/lib/python3.8/site-packages/airflow/example_dags/example_latest_only.py
[2024-01-21T13:46:28.733+0000] {processor.py:840} INFO - DAG(s) 'latest_only' retrieved from /home/airflow/.local/lib/python3.8/site-packages/airflow/example_dags/example_latest_only.py
[2024-01-21T13:46:28.864+0000] {logging_mixin.py:188} INFO - [2024-01-21T13:46:28.861+0000] {dag.py:3036} INFO - Sync 1 DAGs
[2024-01-21T13:46:29.072+0000] {logging_mixin.py:188} INFO - [2024-01-21T13:46:29.068+0000] {dag.py:3823} INFO - Setting next_dagrun for latest_only to 2024-01-21 08:00:00+00:00, run_after=2024-01-21 12:00:00+00:00
[2024-01-21T13:46:29.253+0000] {processor.py:183} INFO - Processing /home/airflow/.local/lib/python3.8/site-packages/airflow/example_dags/example_latest_only.py took 0.622 seconds
[2024-01-21T13:47:00.752+0000] {processor.py:161} INFO - Started process (PID=864) to work on /home/airflow/.local/lib/python3.8/site-packages/airflow/example_dags/example_latest_only.py
[2024-01-21T13:47:00.754+0000] {processor.py:830} INFO - Processing file /home/airflow/.local/lib/python3.8/site-packages/airflow/example_dags/example_latest_only.py for tasks to queue
[2024-01-21T13:47:00.758+0000] {logging_mixin.py:188} INFO - [2024-01-21T13:47:00.757+0000] {dagbag.py:538} INFO - Filling up the DagBag from /home/airflow/.local/lib/python3.8/site-packages/airflow/example_dags/example_latest_only.py
[2024-01-21T13:47:00.769+0000] {processor.py:840} INFO - DAG(s) 'latest_only' retrieved from /home/airflow/.local/lib/python3.8/site-packages/airflow/example_dags/example_latest_only.py
[2024-01-21T13:47:00.813+0000] {logging_mixin.py:188} INFO - [2024-01-21T13:47:00.813+0000] {dag.py:3036} INFO - Sync 1 DAGs
[2024-01-21T13:47:00.864+0000] {logging_mixin.py:188} INFO - [2024-01-21T13:47:00.863+0000] {dag.py:3823} INFO - Setting next_dagrun for latest_only to 2024-01-21 08:00:00+00:00, run_after=2024-01-21 12:00:00+00:00
[2024-01-21T13:47:00.954+0000] {processor.py:183} INFO - Processing /home/airflow/.local/lib/python3.8/site-packages/airflow/example_dags/example_latest_only.py took 0.210 seconds
[2024-01-21T13:47:32.258+0000] {processor.py:161} INFO - Started process (PID=923) to work on /home/airflow/.local/lib/python3.8/site-packages/airflow/example_dags/example_latest_only.py
[2024-01-21T13:47:32.260+0000] {processor.py:830} INFO - Processing file /home/airflow/.local/lib/python3.8/site-packages/airflow/example_dags/example_latest_only.py for tasks to queue
[2024-01-21T13:47:32.266+0000] {logging_mixin.py:188} INFO - [2024-01-21T13:47:32.266+0000] {dagbag.py:538} INFO - Filling up the DagBag from /home/airflow/.local/lib/python3.8/site-packages/airflow/example_dags/example_latest_only.py
[2024-01-21T13:47:32.282+0000] {processor.py:840} INFO - DAG(s) 'latest_only' retrieved from /home/airflow/.local/lib/python3.8/site-packages/airflow/example_dags/example_latest_only.py
[2024-01-21T13:47:32.379+0000] {logging_mixin.py:188} INFO - [2024-01-21T13:47:32.377+0000] {dag.py:3036} INFO - Sync 1 DAGs
[2024-01-21T13:47:32.571+0000] {logging_mixin.py:188} INFO - [2024-01-21T13:47:32.570+0000] {dag.py:3823} INFO - Setting next_dagrun for latest_only to 2024-01-21 08:00:00+00:00, run_after=2024-01-21 12:00:00+00:00
[2024-01-21T13:47:32.705+0000] {processor.py:183} INFO - Processing /home/airflow/.local/lib/python3.8/site-packages/airflow/example_dags/example_latest_only.py took 0.456 seconds
[2024-01-21T13:48:03.008+0000] {processor.py:161} INFO - Started process (PID=978) to work on /home/airflow/.local/lib/python3.8/site-packages/airflow/example_dags/example_latest_only.py
[2024-01-21T13:48:03.010+0000] {processor.py:830} INFO - Processing file /home/airflow/.local/lib/python3.8/site-packages/airflow/example_dags/example_latest_only.py for tasks to queue
[2024-01-21T13:48:03.018+0000] {logging_mixin.py:188} INFO - [2024-01-21T13:48:03.017+0000] {dagbag.py:538} INFO - Filling up the DagBag from /home/airflow/.local/lib/python3.8/site-packages/airflow/example_dags/example_latest_only.py
[2024-01-21T13:48:03.038+0000] {processor.py:840} INFO - DAG(s) 'latest_only' retrieved from /home/airflow/.local/lib/python3.8/site-packages/airflow/example_dags/example_latest_only.py
[2024-01-21T13:48:03.088+0000] {logging_mixin.py:188} INFO - [2024-01-21T13:48:03.088+0000] {dag.py:3036} INFO - Sync 1 DAGs
[2024-01-21T13:48:03.156+0000] {logging_mixin.py:188} INFO - [2024-01-21T13:48:03.156+0000] {dag.py:3823} INFO - Setting next_dagrun for latest_only to 2024-01-21 08:00:00+00:00, run_after=2024-01-21 12:00:00+00:00
[2024-01-21T13:48:03.198+0000] {processor.py:183} INFO - Processing /home/airflow/.local/lib/python3.8/site-packages/airflow/example_dags/example_latest_only.py took 0.202 seconds
[2024-01-21T13:48:34.711+0000] {processor.py:161} INFO - Started process (PID=1034) to work on /home/airflow/.local/lib/python3.8/site-packages/airflow/example_dags/example_latest_only.py
[2024-01-21T13:48:34.713+0000] {processor.py:830} INFO - Processing file /home/airflow/.local/lib/python3.8/site-packages/airflow/example_dags/example_latest_only.py for tasks to queue
[2024-01-21T13:48:34.717+0000] {logging_mixin.py:188} INFO - [2024-01-21T13:48:34.716+0000] {dagbag.py:538} INFO - Filling up the DagBag from /home/airflow/.local/lib/python3.8/site-packages/airflow/example_dags/example_latest_only.py
[2024-01-21T13:48:34.726+0000] {processor.py:840} INFO - DAG(s) 'latest_only' retrieved from /home/airflow/.local/lib/python3.8/site-packages/airflow/example_dags/example_latest_only.py
[2024-01-21T13:48:34.763+0000] {logging_mixin.py:188} INFO - [2024-01-21T13:48:34.762+0000] {dag.py:3036} INFO - Sync 1 DAGs
[2024-01-21T13:48:34.818+0000] {logging_mixin.py:188} INFO - [2024-01-21T13:48:34.818+0000] {dag.py:3823} INFO - Setting next_dagrun for latest_only to 2024-01-21 08:00:00+00:00, run_after=2024-01-21 12:00:00+00:00
[2024-01-21T13:48:34.876+0000] {processor.py:183} INFO - Processing /home/airflow/.local/lib/python3.8/site-packages/airflow/example_dags/example_latest_only.py took 0.172 seconds
[2024-01-21T13:49:05.165+0000] {processor.py:161} INFO - Started process (PID=1090) to work on /home/airflow/.local/lib/python3.8/site-packages/airflow/example_dags/example_latest_only.py
[2024-01-21T13:49:05.167+0000] {processor.py:830} INFO - Processing file /home/airflow/.local/lib/python3.8/site-packages/airflow/example_dags/example_latest_only.py for tasks to queue
[2024-01-21T13:49:05.170+0000] {logging_mixin.py:188} INFO - [2024-01-21T13:49:05.170+0000] {dagbag.py:538} INFO - Filling up the DagBag from /home/airflow/.local/lib/python3.8/site-packages/airflow/example_dags/example_latest_only.py
[2024-01-21T13:49:05.179+0000] {processor.py:840} INFO - DAG(s) 'latest_only' retrieved from /home/airflow/.local/lib/python3.8/site-packages/airflow/example_dags/example_latest_only.py
[2024-01-21T13:49:05.212+0000] {logging_mixin.py:188} INFO - [2024-01-21T13:49:05.212+0000] {dag.py:3036} INFO - Sync 1 DAGs
[2024-01-21T13:49:05.250+0000] {logging_mixin.py:188} INFO - [2024-01-21T13:49:05.250+0000] {dag.py:3823} INFO - Setting next_dagrun for latest_only to 2024-01-21 08:00:00+00:00, run_after=2024-01-21 12:00:00+00:00
[2024-01-21T13:49:05.283+0000] {processor.py:183} INFO - Processing /home/airflow/.local/lib/python3.8/site-packages/airflow/example_dags/example_latest_only.py took 0.124 seconds
[2024-01-21T13:49:35.895+0000] {processor.py:161} INFO - Started process (PID=1147) to work on /home/airflow/.local/lib/python3.8/site-packages/airflow/example_dags/example_latest_only.py
[2024-01-21T13:49:35.898+0000] {processor.py:830} INFO - Processing file /home/airflow/.local/lib/python3.8/site-packages/airflow/example_dags/example_latest_only.py for tasks to queue
[2024-01-21T13:49:35.905+0000] {logging_mixin.py:188} INFO - [2024-01-21T13:49:35.905+0000] {dagbag.py:538} INFO - Filling up the DagBag from /home/airflow/.local/lib/python3.8/site-packages/airflow/example_dags/example_latest_only.py
[2024-01-21T13:49:35.916+0000] {processor.py:840} INFO - DAG(s) 'latest_only' retrieved from /home/airflow/.local/lib/python3.8/site-packages/airflow/example_dags/example_latest_only.py
[2024-01-21T13:49:35.968+0000] {logging_mixin.py:188} INFO - [2024-01-21T13:49:35.967+0000] {dag.py:3036} INFO - Sync 1 DAGs
[2024-01-21T13:49:36.057+0000] {logging_mixin.py:188} INFO - [2024-01-21T13:49:36.056+0000] {dag.py:3823} INFO - Setting next_dagrun for latest_only to 2024-01-21 08:00:00+00:00, run_after=2024-01-21 12:00:00+00:00
[2024-01-21T13:49:36.109+0000] {processor.py:183} INFO - Processing /home/airflow/.local/lib/python3.8/site-packages/airflow/example_dags/example_latest_only.py took 0.221 seconds
[2024-01-21T13:50:06.186+0000] {processor.py:161} INFO - Started process (PID=1203) to work on /home/airflow/.local/lib/python3.8/site-packages/airflow/example_dags/example_latest_only.py
[2024-01-21T13:50:06.192+0000] {processor.py:830} INFO - Processing file /home/airflow/.local/lib/python3.8/site-packages/airflow/example_dags/example_latest_only.py for tasks to queue
[2024-01-21T13:50:06.201+0000] {logging_mixin.py:188} INFO - [2024-01-21T13:50:06.200+0000] {dagbag.py:538} INFO - Filling up the DagBag from /home/airflow/.local/lib/python3.8/site-packages/airflow/example_dags/example_latest_only.py
[2024-01-21T13:50:06.214+0000] {processor.py:840} INFO - DAG(s) 'latest_only' retrieved from /home/airflow/.local/lib/python3.8/site-packages/airflow/example_dags/example_latest_only.py
[2024-01-21T13:50:06.268+0000] {logging_mixin.py:188} INFO - [2024-01-21T13:50:06.267+0000] {dag.py:3036} INFO - Sync 1 DAGs
[2024-01-21T13:50:06.314+0000] {logging_mixin.py:188} INFO - [2024-01-21T13:50:06.314+0000] {dag.py:3823} INFO - Setting next_dagrun for latest_only to 2024-01-21 08:00:00+00:00, run_after=2024-01-21 12:00:00+00:00
[2024-01-21T13:50:06.361+0000] {processor.py:183} INFO - Processing /home/airflow/.local/lib/python3.8/site-packages/airflow/example_dags/example_latest_only.py took 0.188 seconds
[2024-01-21T13:50:36.912+0000] {processor.py:161} INFO - Started process (PID=1258) to work on /home/airflow/.local/lib/python3.8/site-packages/airflow/example_dags/example_latest_only.py
[2024-01-21T13:50:36.917+0000] {processor.py:830} INFO - Processing file /home/airflow/.local/lib/python3.8/site-packages/airflow/example_dags/example_latest_only.py for tasks to queue
[2024-01-21T13:50:36.921+0000] {logging_mixin.py:188} INFO - [2024-01-21T13:50:36.921+0000] {dagbag.py:538} INFO - Filling up the DagBag from /home/airflow/.local/lib/python3.8/site-packages/airflow/example_dags/example_latest_only.py
[2024-01-21T13:50:36.935+0000] {processor.py:840} INFO - DAG(s) 'latest_only' retrieved from /home/airflow/.local/lib/python3.8/site-packages/airflow/example_dags/example_latest_only.py
[2024-01-21T13:50:36.980+0000] {logging_mixin.py:188} INFO - [2024-01-21T13:50:36.979+0000] {dag.py:3036} INFO - Sync 1 DAGs
[2024-01-21T13:50:37.026+0000] {logging_mixin.py:188} INFO - [2024-01-21T13:50:37.025+0000] {dag.py:3823} INFO - Setting next_dagrun for latest_only to 2024-01-21 08:00:00+00:00, run_after=2024-01-21 12:00:00+00:00
[2024-01-21T13:50:37.069+0000] {processor.py:183} INFO - Processing /home/airflow/.local/lib/python3.8/site-packages/airflow/example_dags/example_latest_only.py took 0.171 seconds
[2024-01-21T13:51:07.350+0000] {processor.py:161} INFO - Started process (PID=1314) to work on /home/airflow/.local/lib/python3.8/site-packages/airflow/example_dags/example_latest_only.py
[2024-01-21T13:51:07.352+0000] {processor.py:830} INFO - Processing file /home/airflow/.local/lib/python3.8/site-packages/airflow/example_dags/example_latest_only.py for tasks to queue
[2024-01-21T13:51:07.357+0000] {logging_mixin.py:188} INFO - [2024-01-21T13:51:07.355+0000] {dagbag.py:538} INFO - Filling up the DagBag from /home/airflow/.local/lib/python3.8/site-packages/airflow/example_dags/example_latest_only.py
[2024-01-21T13:51:07.368+0000] {processor.py:840} INFO - DAG(s) 'latest_only' retrieved from /home/airflow/.local/lib/python3.8/site-packages/airflow/example_dags/example_latest_only.py
[2024-01-21T13:51:07.421+0000] {logging_mixin.py:188} INFO - [2024-01-21T13:51:07.420+0000] {dag.py:3036} INFO - Sync 1 DAGs
[2024-01-21T13:51:07.467+0000] {logging_mixin.py:188} INFO - [2024-01-21T13:51:07.467+0000] {dag.py:3823} INFO - Setting next_dagrun for latest_only to 2024-01-21 08:00:00+00:00, run_after=2024-01-21 12:00:00+00:00
[2024-01-21T13:51:07.502+0000] {processor.py:183} INFO - Processing /home/airflow/.local/lib/python3.8/site-packages/airflow/example_dags/example_latest_only.py took 0.163 seconds
