[2024-01-21T13:20:45.564+0000] {processor.py:161} INFO - Started process (PID=81) to work on /home/airflow/.local/lib/python3.8/site-packages/airflow/example_dags/example_branch_python_dop_operator_3.py
[2024-01-21T13:20:45.567+0000] {processor.py:830} INFO - Processing file /home/airflow/.local/lib/python3.8/site-packages/airflow/example_dags/example_branch_python_dop_operator_3.py for tasks to queue
[2024-01-21T13:20:45.598+0000] {logging_mixin.py:188} INFO - [2024-01-21T13:20:45.598+0000] {dagbag.py:538} INFO - Filling up the DagBag from /home/airflow/.local/lib/python3.8/site-packages/airflow/example_dags/example_branch_python_dop_operator_3.py
[2024-01-21T13:20:45.640+0000] {processor.py:840} INFO - DAG(s) 'example_branch_dop_operator_v3' retrieved from /home/airflow/.local/lib/python3.8/site-packages/airflow/example_dags/example_branch_python_dop_operator_3.py
[2024-01-21T13:20:46.451+0000] {logging_mixin.py:188} INFO - [2024-01-21T13:20:46.445+0000] {dag.py:3036} INFO - Sync 1 DAGs
[2024-01-21T13:20:46.544+0000] {logging_mixin.py:188} INFO - [2024-01-21T13:20:46.544+0000] {dag.py:3823} INFO - Setting next_dagrun for example_branch_dop_operator_v3 to 2024-01-21 13:19:00+00:00, run_after=2024-01-21 13:20:00+00:00
[2024-01-21T13:20:46.593+0000] {processor.py:183} INFO - Processing /home/airflow/.local/lib/python3.8/site-packages/airflow/example_dags/example_branch_python_dop_operator_3.py took 1.046 seconds
[2024-01-21T13:21:16.979+0000] {processor.py:161} INFO - Started process (PID=136) to work on /home/airflow/.local/lib/python3.8/site-packages/airflow/example_dags/example_branch_python_dop_operator_3.py
[2024-01-21T13:21:17.111+0000] {processor.py:830} INFO - Processing file /home/airflow/.local/lib/python3.8/site-packages/airflow/example_dags/example_branch_python_dop_operator_3.py for tasks to queue
[2024-01-21T13:21:17.117+0000] {logging_mixin.py:188} INFO - [2024-01-21T13:21:17.116+0000] {dagbag.py:538} INFO - Filling up the DagBag from /home/airflow/.local/lib/python3.8/site-packages/airflow/example_dags/example_branch_python_dop_operator_3.py
[2024-01-21T13:21:17.158+0000] {processor.py:840} INFO - DAG(s) 'example_branch_dop_operator_v3' retrieved from /home/airflow/.local/lib/python3.8/site-packages/airflow/example_dags/example_branch_python_dop_operator_3.py
[2024-01-21T13:21:17.266+0000] {logging_mixin.py:188} INFO - [2024-01-21T13:21:17.265+0000] {dag.py:3036} INFO - Sync 1 DAGs
[2024-01-21T13:21:17.401+0000] {logging_mixin.py:188} INFO - [2024-01-21T13:21:17.400+0000] {dag.py:3823} INFO - Setting next_dagrun for example_branch_dop_operator_v3 to 2024-01-21 13:20:00+00:00, run_after=2024-01-21 13:21:00+00:00
[2024-01-21T13:21:17.477+0000] {processor.py:183} INFO - Processing /home/airflow/.local/lib/python3.8/site-packages/airflow/example_dags/example_branch_python_dop_operator_3.py took 0.523 seconds
[2024-01-21T13:21:47.678+0000] {processor.py:161} INFO - Started process (PID=191) to work on /home/airflow/.local/lib/python3.8/site-packages/airflow/example_dags/example_branch_python_dop_operator_3.py
[2024-01-21T13:21:47.681+0000] {processor.py:830} INFO - Processing file /home/airflow/.local/lib/python3.8/site-packages/airflow/example_dags/example_branch_python_dop_operator_3.py for tasks to queue
[2024-01-21T13:21:47.686+0000] {logging_mixin.py:188} INFO - [2024-01-21T13:21:47.685+0000] {dagbag.py:538} INFO - Filling up the DagBag from /home/airflow/.local/lib/python3.8/site-packages/airflow/example_dags/example_branch_python_dop_operator_3.py
[2024-01-21T13:21:47.706+0000] {processor.py:840} INFO - DAG(s) 'example_branch_dop_operator_v3' retrieved from /home/airflow/.local/lib/python3.8/site-packages/airflow/example_dags/example_branch_python_dop_operator_3.py
[2024-01-21T13:21:47.746+0000] {logging_mixin.py:188} INFO - [2024-01-21T13:21:47.746+0000] {dag.py:3036} INFO - Sync 1 DAGs
[2024-01-21T13:21:47.800+0000] {logging_mixin.py:188} INFO - [2024-01-21T13:21:47.800+0000] {dag.py:3823} INFO - Setting next_dagrun for example_branch_dop_operator_v3 to 2024-01-21 13:20:00+00:00, run_after=2024-01-21 13:21:00+00:00
[2024-01-21T13:21:47.848+0000] {processor.py:183} INFO - Processing /home/airflow/.local/lib/python3.8/site-packages/airflow/example_dags/example_branch_python_dop_operator_3.py took 0.180 seconds
[2024-01-21T13:22:18.035+0000] {processor.py:161} INFO - Started process (PID=245) to work on /home/airflow/.local/lib/python3.8/site-packages/airflow/example_dags/example_branch_python_dop_operator_3.py
[2024-01-21T13:22:18.037+0000] {processor.py:830} INFO - Processing file /home/airflow/.local/lib/python3.8/site-packages/airflow/example_dags/example_branch_python_dop_operator_3.py for tasks to queue
[2024-01-21T13:22:18.042+0000] {logging_mixin.py:188} INFO - [2024-01-21T13:22:18.041+0000] {dagbag.py:538} INFO - Filling up the DagBag from /home/airflow/.local/lib/python3.8/site-packages/airflow/example_dags/example_branch_python_dop_operator_3.py
[2024-01-21T13:22:18.066+0000] {processor.py:840} INFO - DAG(s) 'example_branch_dop_operator_v3' retrieved from /home/airflow/.local/lib/python3.8/site-packages/airflow/example_dags/example_branch_python_dop_operator_3.py
[2024-01-21T13:22:18.112+0000] {logging_mixin.py:188} INFO - [2024-01-21T13:22:18.112+0000] {dag.py:3036} INFO - Sync 1 DAGs
[2024-01-21T13:22:18.173+0000] {logging_mixin.py:188} INFO - [2024-01-21T13:22:18.173+0000] {dag.py:3823} INFO - Setting next_dagrun for example_branch_dop_operator_v3 to 2024-01-21 13:21:00+00:00, run_after=2024-01-21 13:22:00+00:00
[2024-01-21T13:22:18.215+0000] {processor.py:183} INFO - Processing /home/airflow/.local/lib/python3.8/site-packages/airflow/example_dags/example_branch_python_dop_operator_3.py took 0.189 seconds
[2024-01-21T13:39:41.139+0000] {processor.py:161} INFO - Started process (PID=87) to work on /home/airflow/.local/lib/python3.8/site-packages/airflow/example_dags/example_branch_python_dop_operator_3.py
[2024-01-21T13:39:41.141+0000] {processor.py:830} INFO - Processing file /home/airflow/.local/lib/python3.8/site-packages/airflow/example_dags/example_branch_python_dop_operator_3.py for tasks to queue
[2024-01-21T13:39:41.145+0000] {logging_mixin.py:188} INFO - [2024-01-21T13:39:41.145+0000] {dagbag.py:538} INFO - Filling up the DagBag from /home/airflow/.local/lib/python3.8/site-packages/airflow/example_dags/example_branch_python_dop_operator_3.py
[2024-01-21T13:39:41.167+0000] {processor.py:840} INFO - DAG(s) 'example_branch_dop_operator_v3' retrieved from /home/airflow/.local/lib/python3.8/site-packages/airflow/example_dags/example_branch_python_dop_operator_3.py
[2024-01-21T13:39:41.400+0000] {logging_mixin.py:188} INFO - [2024-01-21T13:39:41.400+0000] {dag.py:3036} INFO - Sync 1 DAGs
[2024-01-21T13:39:41.454+0000] {logging_mixin.py:188} INFO - [2024-01-21T13:39:41.453+0000] {dag.py:3823} INFO - Setting next_dagrun for example_branch_dop_operator_v3 to 2024-01-21 13:38:00+00:00, run_after=2024-01-21 13:39:00+00:00
[2024-01-21T13:39:41.494+0000] {processor.py:183} INFO - Processing /home/airflow/.local/lib/python3.8/site-packages/airflow/example_dags/example_branch_python_dop_operator_3.py took 0.362 seconds
[2024-01-21T13:40:24.834+0000] {processor.py:161} INFO - Started process (PID=157) to work on /home/airflow/.local/lib/python3.8/site-packages/airflow/example_dags/example_branch_python_dop_operator_3.py
[2024-01-21T13:40:24.844+0000] {processor.py:830} INFO - Processing file /home/airflow/.local/lib/python3.8/site-packages/airflow/example_dags/example_branch_python_dop_operator_3.py for tasks to queue
[2024-01-21T13:40:24.853+0000] {logging_mixin.py:188} INFO - [2024-01-21T13:40:24.852+0000] {dagbag.py:538} INFO - Filling up the DagBag from /home/airflow/.local/lib/python3.8/site-packages/airflow/example_dags/example_branch_python_dop_operator_3.py
[2024-01-21T13:40:24.948+0000] {processor.py:840} INFO - DAG(s) 'example_branch_dop_operator_v3' retrieved from /home/airflow/.local/lib/python3.8/site-packages/airflow/example_dags/example_branch_python_dop_operator_3.py
[2024-01-21T13:40:25.053+0000] {logging_mixin.py:188} INFO - [2024-01-21T13:40:25.052+0000] {dag.py:3036} INFO - Sync 1 DAGs
[2024-01-21T13:40:25.145+0000] {logging_mixin.py:188} INFO - [2024-01-21T13:40:25.144+0000] {dag.py:3823} INFO - Setting next_dagrun for example_branch_dop_operator_v3 to 2024-01-21 13:39:00+00:00, run_after=2024-01-21 13:40:00+00:00
[2024-01-21T13:40:25.197+0000] {processor.py:183} INFO - Processing /home/airflow/.local/lib/python3.8/site-packages/airflow/example_dags/example_branch_python_dop_operator_3.py took 0.373 seconds
[2024-01-21T13:40:55.452+0000] {processor.py:161} INFO - Started process (PID=214) to work on /home/airflow/.local/lib/python3.8/site-packages/airflow/example_dags/example_branch_python_dop_operator_3.py
[2024-01-21T13:40:55.455+0000] {processor.py:830} INFO - Processing file /home/airflow/.local/lib/python3.8/site-packages/airflow/example_dags/example_branch_python_dop_operator_3.py for tasks to queue
[2024-01-21T13:40:55.460+0000] {logging_mixin.py:188} INFO - [2024-01-21T13:40:55.459+0000] {dagbag.py:538} INFO - Filling up the DagBag from /home/airflow/.local/lib/python3.8/site-packages/airflow/example_dags/example_branch_python_dop_operator_3.py
[2024-01-21T13:40:55.491+0000] {processor.py:840} INFO - DAG(s) 'example_branch_dop_operator_v3' retrieved from /home/airflow/.local/lib/python3.8/site-packages/airflow/example_dags/example_branch_python_dop_operator_3.py
[2024-01-21T13:40:55.536+0000] {logging_mixin.py:188} INFO - [2024-01-21T13:40:55.536+0000] {dag.py:3036} INFO - Sync 1 DAGs
[2024-01-21T13:40:55.594+0000] {logging_mixin.py:188} INFO - [2024-01-21T13:40:55.593+0000] {dag.py:3823} INFO - Setting next_dagrun for example_branch_dop_operator_v3 to 2024-01-21 13:39:00+00:00, run_after=2024-01-21 13:40:00+00:00
[2024-01-21T13:40:55.642+0000] {processor.py:183} INFO - Processing /home/airflow/.local/lib/python3.8/site-packages/airflow/example_dags/example_branch_python_dop_operator_3.py took 0.202 seconds
[2024-01-21T13:41:26.797+0000] {processor.py:161} INFO - Started process (PID=270) to work on /home/airflow/.local/lib/python3.8/site-packages/airflow/example_dags/example_branch_python_dop_operator_3.py
[2024-01-21T13:41:26.803+0000] {processor.py:830} INFO - Processing file /home/airflow/.local/lib/python3.8/site-packages/airflow/example_dags/example_branch_python_dop_operator_3.py for tasks to queue
[2024-01-21T13:41:26.822+0000] {logging_mixin.py:188} INFO - [2024-01-21T13:41:26.820+0000] {dagbag.py:538} INFO - Filling up the DagBag from /home/airflow/.local/lib/python3.8/site-packages/airflow/example_dags/example_branch_python_dop_operator_3.py
[2024-01-21T13:41:26.873+0000] {processor.py:840} INFO - DAG(s) 'example_branch_dop_operator_v3' retrieved from /home/airflow/.local/lib/python3.8/site-packages/airflow/example_dags/example_branch_python_dop_operator_3.py
[2024-01-21T13:41:26.964+0000] {logging_mixin.py:188} INFO - [2024-01-21T13:41:26.964+0000] {dag.py:3036} INFO - Sync 1 DAGs
[2024-01-21T13:41:27.051+0000] {logging_mixin.py:188} INFO - [2024-01-21T13:41:27.051+0000] {dag.py:3823} INFO - Setting next_dagrun for example_branch_dop_operator_v3 to 2024-01-21 13:40:00+00:00, run_after=2024-01-21 13:41:00+00:00
[2024-01-21T13:41:27.099+0000] {processor.py:183} INFO - Processing /home/airflow/.local/lib/python3.8/site-packages/airflow/example_dags/example_branch_python_dop_operator_3.py took 0.310 seconds
[2024-01-21T13:41:57.174+0000] {processor.py:161} INFO - Started process (PID=325) to work on /home/airflow/.local/lib/python3.8/site-packages/airflow/example_dags/example_branch_python_dop_operator_3.py
[2024-01-21T13:41:57.179+0000] {processor.py:830} INFO - Processing file /home/airflow/.local/lib/python3.8/site-packages/airflow/example_dags/example_branch_python_dop_operator_3.py for tasks to queue
[2024-01-21T13:41:57.189+0000] {logging_mixin.py:188} INFO - [2024-01-21T13:41:57.188+0000] {dagbag.py:538} INFO - Filling up the DagBag from /home/airflow/.local/lib/python3.8/site-packages/airflow/example_dags/example_branch_python_dop_operator_3.py
[2024-01-21T13:41:57.220+0000] {processor.py:840} INFO - DAG(s) 'example_branch_dop_operator_v3' retrieved from /home/airflow/.local/lib/python3.8/site-packages/airflow/example_dags/example_branch_python_dop_operator_3.py
[2024-01-21T13:41:57.312+0000] {logging_mixin.py:188} INFO - [2024-01-21T13:41:57.312+0000] {dag.py:3036} INFO - Sync 1 DAGs
[2024-01-21T13:41:57.415+0000] {logging_mixin.py:188} INFO - [2024-01-21T13:41:57.415+0000] {dag.py:3823} INFO - Setting next_dagrun for example_branch_dop_operator_v3 to 2024-01-21 13:40:00+00:00, run_after=2024-01-21 13:41:00+00:00
[2024-01-21T13:41:57.462+0000] {processor.py:183} INFO - Processing /home/airflow/.local/lib/python3.8/site-packages/airflow/example_dags/example_branch_python_dop_operator_3.py took 0.296 seconds
[2024-01-21T13:42:27.765+0000] {processor.py:161} INFO - Started process (PID=380) to work on /home/airflow/.local/lib/python3.8/site-packages/airflow/example_dags/example_branch_python_dop_operator_3.py
[2024-01-21T13:42:27.767+0000] {processor.py:830} INFO - Processing file /home/airflow/.local/lib/python3.8/site-packages/airflow/example_dags/example_branch_python_dop_operator_3.py for tasks to queue
[2024-01-21T13:42:27.771+0000] {logging_mixin.py:188} INFO - [2024-01-21T13:42:27.771+0000] {dagbag.py:538} INFO - Filling up the DagBag from /home/airflow/.local/lib/python3.8/site-packages/airflow/example_dags/example_branch_python_dop_operator_3.py
[2024-01-21T13:42:27.791+0000] {processor.py:840} INFO - DAG(s) 'example_branch_dop_operator_v3' retrieved from /home/airflow/.local/lib/python3.8/site-packages/airflow/example_dags/example_branch_python_dop_operator_3.py
[2024-01-21T13:42:27.835+0000] {logging_mixin.py:188} INFO - [2024-01-21T13:42:27.834+0000] {dag.py:3036} INFO - Sync 1 DAGs
[2024-01-21T13:42:27.881+0000] {logging_mixin.py:188} INFO - [2024-01-21T13:42:27.881+0000] {dag.py:3823} INFO - Setting next_dagrun for example_branch_dop_operator_v3 to 2024-01-21 13:41:00+00:00, run_after=2024-01-21 13:42:00+00:00
[2024-01-21T13:42:27.940+0000] {processor.py:183} INFO - Processing /home/airflow/.local/lib/python3.8/site-packages/airflow/example_dags/example_branch_python_dop_operator_3.py took 0.181 seconds
[2024-01-21T13:42:57.989+0000] {processor.py:161} INFO - Started process (PID=435) to work on /home/airflow/.local/lib/python3.8/site-packages/airflow/example_dags/example_branch_python_dop_operator_3.py
[2024-01-21T13:42:57.993+0000] {processor.py:830} INFO - Processing file /home/airflow/.local/lib/python3.8/site-packages/airflow/example_dags/example_branch_python_dop_operator_3.py for tasks to queue
[2024-01-21T13:42:57.998+0000] {logging_mixin.py:188} INFO - [2024-01-21T13:42:57.998+0000] {dagbag.py:538} INFO - Filling up the DagBag from /home/airflow/.local/lib/python3.8/site-packages/airflow/example_dags/example_branch_python_dop_operator_3.py
[2024-01-21T13:42:58.020+0000] {processor.py:840} INFO - DAG(s) 'example_branch_dop_operator_v3' retrieved from /home/airflow/.local/lib/python3.8/site-packages/airflow/example_dags/example_branch_python_dop_operator_3.py
[2024-01-21T13:42:58.066+0000] {logging_mixin.py:188} INFO - [2024-01-21T13:42:58.066+0000] {dag.py:3036} INFO - Sync 1 DAGs
[2024-01-21T13:42:58.121+0000] {logging_mixin.py:188} INFO - [2024-01-21T13:42:58.121+0000] {dag.py:3823} INFO - Setting next_dagrun for example_branch_dop_operator_v3 to 2024-01-21 13:41:00+00:00, run_after=2024-01-21 13:42:00+00:00
[2024-01-21T13:42:58.159+0000] {processor.py:183} INFO - Processing /home/airflow/.local/lib/python3.8/site-packages/airflow/example_dags/example_branch_python_dop_operator_3.py took 0.177 seconds
[2024-01-21T13:43:28.743+0000] {processor.py:161} INFO - Started process (PID=490) to work on /home/airflow/.local/lib/python3.8/site-packages/airflow/example_dags/example_branch_python_dop_operator_3.py
[2024-01-21T13:43:28.745+0000] {processor.py:830} INFO - Processing file /home/airflow/.local/lib/python3.8/site-packages/airflow/example_dags/example_branch_python_dop_operator_3.py for tasks to queue
[2024-01-21T13:43:28.751+0000] {logging_mixin.py:188} INFO - [2024-01-21T13:43:28.750+0000] {dagbag.py:538} INFO - Filling up the DagBag from /home/airflow/.local/lib/python3.8/site-packages/airflow/example_dags/example_branch_python_dop_operator_3.py
[2024-01-21T13:43:28.774+0000] {processor.py:840} INFO - DAG(s) 'example_branch_dop_operator_v3' retrieved from /home/airflow/.local/lib/python3.8/site-packages/airflow/example_dags/example_branch_python_dop_operator_3.py
[2024-01-21T13:43:28.819+0000] {logging_mixin.py:188} INFO - [2024-01-21T13:43:28.819+0000] {dag.py:3036} INFO - Sync 1 DAGs
[2024-01-21T13:43:28.911+0000] {logging_mixin.py:188} INFO - [2024-01-21T13:43:28.911+0000] {dag.py:3823} INFO - Setting next_dagrun for example_branch_dop_operator_v3 to 2024-01-21 13:42:00+00:00, run_after=2024-01-21 13:43:00+00:00
[2024-01-21T13:43:28.970+0000] {processor.py:183} INFO - Processing /home/airflow/.local/lib/python3.8/site-packages/airflow/example_dags/example_branch_python_dop_operator_3.py took 0.236 seconds
[2024-01-21T13:44:00.531+0000] {processor.py:161} INFO - Started process (PID=546) to work on /home/airflow/.local/lib/python3.8/site-packages/airflow/example_dags/example_branch_python_dop_operator_3.py
[2024-01-21T13:44:00.536+0000] {processor.py:830} INFO - Processing file /home/airflow/.local/lib/python3.8/site-packages/airflow/example_dags/example_branch_python_dop_operator_3.py for tasks to queue
[2024-01-21T13:44:00.540+0000] {logging_mixin.py:188} INFO - [2024-01-21T13:44:00.539+0000] {dagbag.py:538} INFO - Filling up the DagBag from /home/airflow/.local/lib/python3.8/site-packages/airflow/example_dags/example_branch_python_dop_operator_3.py
[2024-01-21T13:44:00.559+0000] {processor.py:840} INFO - DAG(s) 'example_branch_dop_operator_v3' retrieved from /home/airflow/.local/lib/python3.8/site-packages/airflow/example_dags/example_branch_python_dop_operator_3.py
[2024-01-21T13:44:00.604+0000] {logging_mixin.py:188} INFO - [2024-01-21T13:44:00.603+0000] {dag.py:3036} INFO - Sync 1 DAGs
[2024-01-21T13:44:00.696+0000] {logging_mixin.py:188} INFO - [2024-01-21T13:44:00.695+0000] {dag.py:3823} INFO - Setting next_dagrun for example_branch_dop_operator_v3 to 2024-01-21 13:43:00+00:00, run_after=2024-01-21 13:44:00+00:00
[2024-01-21T13:44:00.754+0000] {processor.py:183} INFO - Processing /home/airflow/.local/lib/python3.8/site-packages/airflow/example_dags/example_branch_python_dop_operator_3.py took 0.231 seconds
[2024-01-21T13:44:31.050+0000] {processor.py:161} INFO - Started process (PID=601) to work on /home/airflow/.local/lib/python3.8/site-packages/airflow/example_dags/example_branch_python_dop_operator_3.py
[2024-01-21T13:44:31.055+0000] {processor.py:830} INFO - Processing file /home/airflow/.local/lib/python3.8/site-packages/airflow/example_dags/example_branch_python_dop_operator_3.py for tasks to queue
[2024-01-21T13:44:31.062+0000] {logging_mixin.py:188} INFO - [2024-01-21T13:44:31.061+0000] {dagbag.py:538} INFO - Filling up the DagBag from /home/airflow/.local/lib/python3.8/site-packages/airflow/example_dags/example_branch_python_dop_operator_3.py
[2024-01-21T13:44:31.091+0000] {processor.py:840} INFO - DAG(s) 'example_branch_dop_operator_v3' retrieved from /home/airflow/.local/lib/python3.8/site-packages/airflow/example_dags/example_branch_python_dop_operator_3.py
[2024-01-21T13:44:31.129+0000] {logging_mixin.py:188} INFO - [2024-01-21T13:44:31.128+0000] {dag.py:3036} INFO - Sync 1 DAGs
[2024-01-21T13:44:31.192+0000] {logging_mixin.py:188} INFO - [2024-01-21T13:44:31.191+0000] {dag.py:3823} INFO - Setting next_dagrun for example_branch_dop_operator_v3 to 2024-01-21 13:43:00+00:00, run_after=2024-01-21 13:44:00+00:00
[2024-01-21T13:44:31.242+0000] {processor.py:183} INFO - Processing /home/airflow/.local/lib/python3.8/site-packages/airflow/example_dags/example_branch_python_dop_operator_3.py took 0.199 seconds
[2024-01-21T13:45:01.505+0000] {processor.py:161} INFO - Started process (PID=657) to work on /home/airflow/.local/lib/python3.8/site-packages/airflow/example_dags/example_branch_python_dop_operator_3.py
[2024-01-21T13:45:01.508+0000] {processor.py:830} INFO - Processing file /home/airflow/.local/lib/python3.8/site-packages/airflow/example_dags/example_branch_python_dop_operator_3.py for tasks to queue
[2024-01-21T13:45:01.512+0000] {logging_mixin.py:188} INFO - [2024-01-21T13:45:01.511+0000] {dagbag.py:538} INFO - Filling up the DagBag from /home/airflow/.local/lib/python3.8/site-packages/airflow/example_dags/example_branch_python_dop_operator_3.py
[2024-01-21T13:45:01.535+0000] {processor.py:840} INFO - DAG(s) 'example_branch_dop_operator_v3' retrieved from /home/airflow/.local/lib/python3.8/site-packages/airflow/example_dags/example_branch_python_dop_operator_3.py
[2024-01-21T13:45:01.581+0000] {logging_mixin.py:188} INFO - [2024-01-21T13:45:01.581+0000] {dag.py:3036} INFO - Sync 1 DAGs
[2024-01-21T13:45:01.802+0000] {logging_mixin.py:188} INFO - [2024-01-21T13:45:01.801+0000] {dag.py:3823} INFO - Setting next_dagrun for example_branch_dop_operator_v3 to 2024-01-21 13:44:00+00:00, run_after=2024-01-21 13:45:00+00:00
[2024-01-21T13:45:01.858+0000] {processor.py:183} INFO - Processing /home/airflow/.local/lib/python3.8/site-packages/airflow/example_dags/example_branch_python_dop_operator_3.py took 0.361 seconds
[2024-01-21T13:45:32.055+0000] {processor.py:161} INFO - Started process (PID=713) to work on /home/airflow/.local/lib/python3.8/site-packages/airflow/example_dags/example_branch_python_dop_operator_3.py
[2024-01-21T13:45:32.057+0000] {processor.py:830} INFO - Processing file /home/airflow/.local/lib/python3.8/site-packages/airflow/example_dags/example_branch_python_dop_operator_3.py for tasks to queue
[2024-01-21T13:45:32.061+0000] {logging_mixin.py:188} INFO - [2024-01-21T13:45:32.060+0000] {dagbag.py:538} INFO - Filling up the DagBag from /home/airflow/.local/lib/python3.8/site-packages/airflow/example_dags/example_branch_python_dop_operator_3.py
[2024-01-21T13:45:32.080+0000] {processor.py:840} INFO - DAG(s) 'example_branch_dop_operator_v3' retrieved from /home/airflow/.local/lib/python3.8/site-packages/airflow/example_dags/example_branch_python_dop_operator_3.py
[2024-01-21T13:45:32.118+0000] {logging_mixin.py:188} INFO - [2024-01-21T13:45:32.118+0000] {dag.py:3036} INFO - Sync 1 DAGs
[2024-01-21T13:45:32.175+0000] {logging_mixin.py:188} INFO - [2024-01-21T13:45:32.175+0000] {dag.py:3823} INFO - Setting next_dagrun for example_branch_dop_operator_v3 to 2024-01-21 13:44:00+00:00, run_after=2024-01-21 13:45:00+00:00
[2024-01-21T13:45:32.224+0000] {processor.py:183} INFO - Processing /home/airflow/.local/lib/python3.8/site-packages/airflow/example_dags/example_branch_python_dop_operator_3.py took 0.175 seconds
[2024-01-21T13:46:02.869+0000] {processor.py:161} INFO - Started process (PID=769) to work on /home/airflow/.local/lib/python3.8/site-packages/airflow/example_dags/example_branch_python_dop_operator_3.py
[2024-01-21T13:46:02.871+0000] {processor.py:830} INFO - Processing file /home/airflow/.local/lib/python3.8/site-packages/airflow/example_dags/example_branch_python_dop_operator_3.py for tasks to queue
[2024-01-21T13:46:02.875+0000] {logging_mixin.py:188} INFO - [2024-01-21T13:46:02.875+0000] {dagbag.py:538} INFO - Filling up the DagBag from /home/airflow/.local/lib/python3.8/site-packages/airflow/example_dags/example_branch_python_dop_operator_3.py
[2024-01-21T13:46:02.898+0000] {processor.py:840} INFO - DAG(s) 'example_branch_dop_operator_v3' retrieved from /home/airflow/.local/lib/python3.8/site-packages/airflow/example_dags/example_branch_python_dop_operator_3.py
[2024-01-21T13:46:02.944+0000] {logging_mixin.py:188} INFO - [2024-01-21T13:46:02.943+0000] {dag.py:3036} INFO - Sync 1 DAGs
[2024-01-21T13:46:03.029+0000] {logging_mixin.py:188} INFO - [2024-01-21T13:46:03.029+0000] {dag.py:3823} INFO - Setting next_dagrun for example_branch_dop_operator_v3 to 2024-01-21 13:45:00+00:00, run_after=2024-01-21 13:46:00+00:00
[2024-01-21T13:46:03.077+0000] {processor.py:183} INFO - Processing /home/airflow/.local/lib/python3.8/site-packages/airflow/example_dags/example_branch_python_dop_operator_3.py took 0.215 seconds
[2024-01-21T13:46:35.470+0000] {processor.py:161} INFO - Started process (PID=825) to work on /home/airflow/.local/lib/python3.8/site-packages/airflow/example_dags/example_branch_python_dop_operator_3.py
[2024-01-21T13:46:35.476+0000] {processor.py:830} INFO - Processing file /home/airflow/.local/lib/python3.8/site-packages/airflow/example_dags/example_branch_python_dop_operator_3.py for tasks to queue
[2024-01-21T13:46:35.485+0000] {logging_mixin.py:188} INFO - [2024-01-21T13:46:35.484+0000] {dagbag.py:538} INFO - Filling up the DagBag from /home/airflow/.local/lib/python3.8/site-packages/airflow/example_dags/example_branch_python_dop_operator_3.py
[2024-01-21T13:46:35.551+0000] {processor.py:840} INFO - DAG(s) 'example_branch_dop_operator_v3' retrieved from /home/airflow/.local/lib/python3.8/site-packages/airflow/example_dags/example_branch_python_dop_operator_3.py
[2024-01-21T13:46:35.793+0000] {logging_mixin.py:188} INFO - [2024-01-21T13:46:35.792+0000] {dag.py:3036} INFO - Sync 1 DAGs
[2024-01-21T13:46:35.950+0000] {logging_mixin.py:188} INFO - [2024-01-21T13:46:35.949+0000] {dag.py:3823} INFO - Setting next_dagrun for example_branch_dop_operator_v3 to 2024-01-21 13:45:00+00:00, run_after=2024-01-21 13:46:00+00:00
[2024-01-21T13:46:36.177+0000] {processor.py:183} INFO - Processing /home/airflow/.local/lib/python3.8/site-packages/airflow/example_dags/example_branch_python_dop_operator_3.py took 0.717 seconds
[2024-01-21T13:47:07.097+0000] {processor.py:161} INFO - Started process (PID=880) to work on /home/airflow/.local/lib/python3.8/site-packages/airflow/example_dags/example_branch_python_dop_operator_3.py
[2024-01-21T13:47:07.099+0000] {processor.py:830} INFO - Processing file /home/airflow/.local/lib/python3.8/site-packages/airflow/example_dags/example_branch_python_dop_operator_3.py for tasks to queue
[2024-01-21T13:47:07.105+0000] {logging_mixin.py:188} INFO - [2024-01-21T13:47:07.104+0000] {dagbag.py:538} INFO - Filling up the DagBag from /home/airflow/.local/lib/python3.8/site-packages/airflow/example_dags/example_branch_python_dop_operator_3.py
[2024-01-21T13:47:07.126+0000] {processor.py:840} INFO - DAG(s) 'example_branch_dop_operator_v3' retrieved from /home/airflow/.local/lib/python3.8/site-packages/airflow/example_dags/example_branch_python_dop_operator_3.py
[2024-01-21T13:47:07.178+0000] {logging_mixin.py:188} INFO - [2024-01-21T13:47:07.178+0000] {dag.py:3036} INFO - Sync 1 DAGs
[2024-01-21T13:47:07.238+0000] {logging_mixin.py:188} INFO - [2024-01-21T13:47:07.238+0000] {dag.py:3823} INFO - Setting next_dagrun for example_branch_dop_operator_v3 to 2024-01-21 13:46:00+00:00, run_after=2024-01-21 13:47:00+00:00
[2024-01-21T13:47:07.284+0000] {processor.py:183} INFO - Processing /home/airflow/.local/lib/python3.8/site-packages/airflow/example_dags/example_branch_python_dop_operator_3.py took 0.195 seconds
[2024-01-21T13:47:37.895+0000] {processor.py:161} INFO - Started process (PID=936) to work on /home/airflow/.local/lib/python3.8/site-packages/airflow/example_dags/example_branch_python_dop_operator_3.py
[2024-01-21T13:47:37.898+0000] {processor.py:830} INFO - Processing file /home/airflow/.local/lib/python3.8/site-packages/airflow/example_dags/example_branch_python_dop_operator_3.py for tasks to queue
[2024-01-21T13:47:37.903+0000] {logging_mixin.py:188} INFO - [2024-01-21T13:47:37.902+0000] {dagbag.py:538} INFO - Filling up the DagBag from /home/airflow/.local/lib/python3.8/site-packages/airflow/example_dags/example_branch_python_dop_operator_3.py
[2024-01-21T13:47:37.937+0000] {processor.py:840} INFO - DAG(s) 'example_branch_dop_operator_v3' retrieved from /home/airflow/.local/lib/python3.8/site-packages/airflow/example_dags/example_branch_python_dop_operator_3.py
[2024-01-21T13:47:38.088+0000] {logging_mixin.py:188} INFO - [2024-01-21T13:47:38.087+0000] {dag.py:3036} INFO - Sync 1 DAGs
[2024-01-21T13:47:38.257+0000] {logging_mixin.py:188} INFO - [2024-01-21T13:47:38.257+0000] {dag.py:3823} INFO - Setting next_dagrun for example_branch_dop_operator_v3 to 2024-01-21 13:46:00+00:00, run_after=2024-01-21 13:47:00+00:00
[2024-01-21T13:47:38.326+0000] {processor.py:183} INFO - Processing /home/airflow/.local/lib/python3.8/site-packages/airflow/example_dags/example_branch_python_dop_operator_3.py took 0.440 seconds
[2024-01-21T13:48:10.402+0000] {processor.py:161} INFO - Started process (PID=994) to work on /home/airflow/.local/lib/python3.8/site-packages/airflow/example_dags/example_branch_python_dop_operator_3.py
[2024-01-21T13:48:10.407+0000] {processor.py:830} INFO - Processing file /home/airflow/.local/lib/python3.8/site-packages/airflow/example_dags/example_branch_python_dop_operator_3.py for tasks to queue
[2024-01-21T13:48:10.414+0000] {logging_mixin.py:188} INFO - [2024-01-21T13:48:10.413+0000] {dagbag.py:538} INFO - Filling up the DagBag from /home/airflow/.local/lib/python3.8/site-packages/airflow/example_dags/example_branch_python_dop_operator_3.py
[2024-01-21T13:48:10.477+0000] {processor.py:840} INFO - DAG(s) 'example_branch_dop_operator_v3' retrieved from /home/airflow/.local/lib/python3.8/site-packages/airflow/example_dags/example_branch_python_dop_operator_3.py
[2024-01-21T13:48:10.685+0000] {logging_mixin.py:188} INFO - [2024-01-21T13:48:10.684+0000] {dag.py:3036} INFO - Sync 1 DAGs
[2024-01-21T13:48:10.938+0000] {logging_mixin.py:188} INFO - [2024-01-21T13:48:10.937+0000] {dag.py:3823} INFO - Setting next_dagrun for example_branch_dop_operator_v3 to 2024-01-21 13:47:00+00:00, run_after=2024-01-21 13:48:00+00:00
[2024-01-21T13:48:10.990+0000] {processor.py:183} INFO - Processing /home/airflow/.local/lib/python3.8/site-packages/airflow/example_dags/example_branch_python_dop_operator_3.py took 0.629 seconds
[2024-01-21T13:48:41.801+0000] {processor.py:161} INFO - Started process (PID=1050) to work on /home/airflow/.local/lib/python3.8/site-packages/airflow/example_dags/example_branch_python_dop_operator_3.py
[2024-01-21T13:48:41.803+0000] {processor.py:830} INFO - Processing file /home/airflow/.local/lib/python3.8/site-packages/airflow/example_dags/example_branch_python_dop_operator_3.py for tasks to queue
[2024-01-21T13:48:41.808+0000] {logging_mixin.py:188} INFO - [2024-01-21T13:48:41.808+0000] {dagbag.py:538} INFO - Filling up the DagBag from /home/airflow/.local/lib/python3.8/site-packages/airflow/example_dags/example_branch_python_dop_operator_3.py
[2024-01-21T13:48:41.828+0000] {processor.py:840} INFO - DAG(s) 'example_branch_dop_operator_v3' retrieved from /home/airflow/.local/lib/python3.8/site-packages/airflow/example_dags/example_branch_python_dop_operator_3.py
[2024-01-21T13:48:41.869+0000] {logging_mixin.py:188} INFO - [2024-01-21T13:48:41.869+0000] {dag.py:3036} INFO - Sync 1 DAGs
[2024-01-21T13:48:41.925+0000] {logging_mixin.py:188} INFO - [2024-01-21T13:48:41.925+0000] {dag.py:3823} INFO - Setting next_dagrun for example_branch_dop_operator_v3 to 2024-01-21 13:47:00+00:00, run_after=2024-01-21 13:48:00+00:00
[2024-01-21T13:48:42.003+0000] {processor.py:183} INFO - Processing /home/airflow/.local/lib/python3.8/site-packages/airflow/example_dags/example_branch_python_dop_operator_3.py took 0.208 seconds
[2024-01-21T13:49:12.781+0000] {processor.py:161} INFO - Started process (PID=1112) to work on /home/airflow/.local/lib/python3.8/site-packages/airflow/example_dags/example_branch_python_dop_operator_3.py
[2024-01-21T13:49:12.784+0000] {processor.py:830} INFO - Processing file /home/airflow/.local/lib/python3.8/site-packages/airflow/example_dags/example_branch_python_dop_operator_3.py for tasks to queue
[2024-01-21T13:49:12.789+0000] {logging_mixin.py:188} INFO - [2024-01-21T13:49:12.788+0000] {dagbag.py:538} INFO - Filling up the DagBag from /home/airflow/.local/lib/python3.8/site-packages/airflow/example_dags/example_branch_python_dop_operator_3.py
[2024-01-21T13:49:12.831+0000] {processor.py:840} INFO - DAG(s) 'example_branch_dop_operator_v3' retrieved from /home/airflow/.local/lib/python3.8/site-packages/airflow/example_dags/example_branch_python_dop_operator_3.py
[2024-01-21T13:49:12.893+0000] {logging_mixin.py:188} INFO - [2024-01-21T13:49:12.892+0000] {dag.py:3036} INFO - Sync 1 DAGs
[2024-01-21T13:49:12.987+0000] {logging_mixin.py:188} INFO - [2024-01-21T13:49:12.986+0000] {dag.py:3823} INFO - Setting next_dagrun for example_branch_dop_operator_v3 to 2024-01-21 13:48:00+00:00, run_after=2024-01-21 13:49:00+00:00
[2024-01-21T13:49:13.057+0000] {processor.py:183} INFO - Processing /home/airflow/.local/lib/python3.8/site-packages/airflow/example_dags/example_branch_python_dop_operator_3.py took 0.286 seconds
[2024-01-21T13:49:43.322+0000] {processor.py:161} INFO - Started process (PID=1169) to work on /home/airflow/.local/lib/python3.8/site-packages/airflow/example_dags/example_branch_python_dop_operator_3.py
[2024-01-21T13:49:43.336+0000] {processor.py:830} INFO - Processing file /home/airflow/.local/lib/python3.8/site-packages/airflow/example_dags/example_branch_python_dop_operator_3.py for tasks to queue
[2024-01-21T13:49:43.363+0000] {logging_mixin.py:188} INFO - [2024-01-21T13:49:43.362+0000] {dagbag.py:538} INFO - Filling up the DagBag from /home/airflow/.local/lib/python3.8/site-packages/airflow/example_dags/example_branch_python_dop_operator_3.py
[2024-01-21T13:49:43.456+0000] {processor.py:840} INFO - DAG(s) 'example_branch_dop_operator_v3' retrieved from /home/airflow/.local/lib/python3.8/site-packages/airflow/example_dags/example_branch_python_dop_operator_3.py
[2024-01-21T13:49:43.624+0000] {logging_mixin.py:188} INFO - [2024-01-21T13:49:43.622+0000] {dag.py:3036} INFO - Sync 1 DAGs
[2024-01-21T13:49:43.867+0000] {logging_mixin.py:188} INFO - [2024-01-21T13:49:43.866+0000] {dag.py:3823} INFO - Setting next_dagrun for example_branch_dop_operator_v3 to 2024-01-21 13:48:00+00:00, run_after=2024-01-21 13:49:00+00:00
[2024-01-21T13:49:43.998+0000] {processor.py:183} INFO - Processing /home/airflow/.local/lib/python3.8/site-packages/airflow/example_dags/example_branch_python_dop_operator_3.py took 0.707 seconds
[2024-01-21T13:50:14.131+0000] {processor.py:161} INFO - Started process (PID=1225) to work on /home/airflow/.local/lib/python3.8/site-packages/airflow/example_dags/example_branch_python_dop_operator_3.py
[2024-01-21T13:50:14.133+0000] {processor.py:830} INFO - Processing file /home/airflow/.local/lib/python3.8/site-packages/airflow/example_dags/example_branch_python_dop_operator_3.py for tasks to queue
[2024-01-21T13:50:14.137+0000] {logging_mixin.py:188} INFO - [2024-01-21T13:50:14.137+0000] {dagbag.py:538} INFO - Filling up the DagBag from /home/airflow/.local/lib/python3.8/site-packages/airflow/example_dags/example_branch_python_dop_operator_3.py
[2024-01-21T13:50:14.158+0000] {processor.py:840} INFO - DAG(s) 'example_branch_dop_operator_v3' retrieved from /home/airflow/.local/lib/python3.8/site-packages/airflow/example_dags/example_branch_python_dop_operator_3.py
[2024-01-21T13:50:14.197+0000] {logging_mixin.py:188} INFO - [2024-01-21T13:50:14.196+0000] {dag.py:3036} INFO - Sync 1 DAGs
[2024-01-21T13:50:14.249+0000] {logging_mixin.py:188} INFO - [2024-01-21T13:50:14.249+0000] {dag.py:3823} INFO - Setting next_dagrun for example_branch_dop_operator_v3 to 2024-01-21 13:49:00+00:00, run_after=2024-01-21 13:50:00+00:00
[2024-01-21T13:50:14.329+0000] {processor.py:183} INFO - Processing /home/airflow/.local/lib/python3.8/site-packages/airflow/example_dags/example_branch_python_dop_operator_3.py took 0.205 seconds
[2024-01-21T13:50:44.780+0000] {processor.py:161} INFO - Started process (PID=1281) to work on /home/airflow/.local/lib/python3.8/site-packages/airflow/example_dags/example_branch_python_dop_operator_3.py
[2024-01-21T13:50:44.782+0000] {processor.py:830} INFO - Processing file /home/airflow/.local/lib/python3.8/site-packages/airflow/example_dags/example_branch_python_dop_operator_3.py for tasks to queue
[2024-01-21T13:50:44.786+0000] {logging_mixin.py:188} INFO - [2024-01-21T13:50:44.786+0000] {dagbag.py:538} INFO - Filling up the DagBag from /home/airflow/.local/lib/python3.8/site-packages/airflow/example_dags/example_branch_python_dop_operator_3.py
[2024-01-21T13:50:44.813+0000] {processor.py:840} INFO - DAG(s) 'example_branch_dop_operator_v3' retrieved from /home/airflow/.local/lib/python3.8/site-packages/airflow/example_dags/example_branch_python_dop_operator_3.py
[2024-01-21T13:50:45.035+0000] {logging_mixin.py:188} INFO - [2024-01-21T13:50:45.035+0000] {dag.py:3036} INFO - Sync 1 DAGs
[2024-01-21T13:50:45.151+0000] {logging_mixin.py:188} INFO - [2024-01-21T13:50:45.151+0000] {dag.py:3823} INFO - Setting next_dagrun for example_branch_dop_operator_v3 to 2024-01-21 13:49:00+00:00, run_after=2024-01-21 13:50:00+00:00
[2024-01-21T13:50:45.202+0000] {processor.py:183} INFO - Processing /home/airflow/.local/lib/python3.8/site-packages/airflow/example_dags/example_branch_python_dop_operator_3.py took 0.433 seconds
[2024-01-21T13:51:15.782+0000] {processor.py:161} INFO - Started process (PID=1337) to work on /home/airflow/.local/lib/python3.8/site-packages/airflow/example_dags/example_branch_python_dop_operator_3.py
[2024-01-21T13:51:15.785+0000] {processor.py:830} INFO - Processing file /home/airflow/.local/lib/python3.8/site-packages/airflow/example_dags/example_branch_python_dop_operator_3.py for tasks to queue
[2024-01-21T13:51:15.789+0000] {logging_mixin.py:188} INFO - [2024-01-21T13:51:15.789+0000] {dagbag.py:538} INFO - Filling up the DagBag from /home/airflow/.local/lib/python3.8/site-packages/airflow/example_dags/example_branch_python_dop_operator_3.py
[2024-01-21T13:51:15.805+0000] {processor.py:840} INFO - DAG(s) 'example_branch_dop_operator_v3' retrieved from /home/airflow/.local/lib/python3.8/site-packages/airflow/example_dags/example_branch_python_dop_operator_3.py
[2024-01-21T13:51:15.843+0000] {logging_mixin.py:188} INFO - [2024-01-21T13:51:15.843+0000] {dag.py:3036} INFO - Sync 1 DAGs
[2024-01-21T13:51:15.889+0000] {logging_mixin.py:188} INFO - [2024-01-21T13:51:15.889+0000] {dag.py:3823} INFO - Setting next_dagrun for example_branch_dop_operator_v3 to 2024-01-21 13:50:00+00:00, run_after=2024-01-21 13:51:00+00:00
[2024-01-21T13:51:15.925+0000] {processor.py:183} INFO - Processing /home/airflow/.local/lib/python3.8/site-packages/airflow/example_dags/example_branch_python_dop_operator_3.py took 0.150 seconds
