[2024-01-21T13:20:34.291+0000] {processor.py:161} INFO - Started process (PID=58) to work on /home/airflow/.local/lib/python3.8/site-packages/airflow/example_dags/example_task_group_decorator.py
[2024-01-21T13:20:34.294+0000] {processor.py:830} INFO - Processing file /home/airflow/.local/lib/python3.8/site-packages/airflow/example_dags/example_task_group_decorator.py for tasks to queue
[2024-01-21T13:20:34.302+0000] {logging_mixin.py:188} INFO - [2024-01-21T13:20:34.300+0000] {dagbag.py:538} INFO - Filling up the DagBag from /home/airflow/.local/lib/python3.8/site-packages/airflow/example_dags/example_task_group_decorator.py
[2024-01-21T13:20:34.555+0000] {processor.py:840} INFO - DAG(s) 'example_task_group_decorator' retrieved from /home/airflow/.local/lib/python3.8/site-packages/airflow/example_dags/example_task_group_decorator.py
[2024-01-21T13:20:34.967+0000] {logging_mixin.py:188} INFO - [2024-01-21T13:20:34.965+0000] {dag.py:3036} INFO - Sync 1 DAGs
[2024-01-21T13:20:35.075+0000] {logging_mixin.py:188} INFO - [2024-01-21T13:20:35.074+0000] {dag.py:3823} INFO - Setting next_dagrun for example_task_group_decorator to 2024-01-20 00:00:00+00:00, run_after=2024-01-21 00:00:00+00:00
[2024-01-21T13:20:35.143+0000] {processor.py:183} INFO - Processing /home/airflow/.local/lib/python3.8/site-packages/airflow/example_dags/example_task_group_decorator.py took 0.864 seconds
[2024-01-21T13:21:05.696+0000] {processor.py:161} INFO - Started process (PID=113) to work on /home/airflow/.local/lib/python3.8/site-packages/airflow/example_dags/example_task_group_decorator.py
[2024-01-21T13:21:05.699+0000] {processor.py:830} INFO - Processing file /home/airflow/.local/lib/python3.8/site-packages/airflow/example_dags/example_task_group_decorator.py for tasks to queue
[2024-01-21T13:21:05.706+0000] {logging_mixin.py:188} INFO - [2024-01-21T13:21:05.705+0000] {dagbag.py:538} INFO - Filling up the DagBag from /home/airflow/.local/lib/python3.8/site-packages/airflow/example_dags/example_task_group_decorator.py
[2024-01-21T13:21:05.754+0000] {processor.py:840} INFO - DAG(s) 'example_task_group_decorator' retrieved from /home/airflow/.local/lib/python3.8/site-packages/airflow/example_dags/example_task_group_decorator.py
[2024-01-21T13:21:05.820+0000] {logging_mixin.py:188} INFO - [2024-01-21T13:21:05.820+0000] {dag.py:3036} INFO - Sync 1 DAGs
[2024-01-21T13:21:05.876+0000] {logging_mixin.py:188} INFO - [2024-01-21T13:21:05.875+0000] {dag.py:3823} INFO - Setting next_dagrun for example_task_group_decorator to 2024-01-20 00:00:00+00:00, run_after=2024-01-21 00:00:00+00:00
[2024-01-21T13:21:05.975+0000] {processor.py:183} INFO - Processing /home/airflow/.local/lib/python3.8/site-packages/airflow/example_dags/example_task_group_decorator.py took 0.287 seconds
[2024-01-21T13:21:36.587+0000] {processor.py:161} INFO - Started process (PID=168) to work on /home/airflow/.local/lib/python3.8/site-packages/airflow/example_dags/example_task_group_decorator.py
[2024-01-21T13:21:36.613+0000] {processor.py:830} INFO - Processing file /home/airflow/.local/lib/python3.8/site-packages/airflow/example_dags/example_task_group_decorator.py for tasks to queue
[2024-01-21T13:21:36.624+0000] {logging_mixin.py:188} INFO - [2024-01-21T13:21:36.623+0000] {dagbag.py:538} INFO - Filling up the DagBag from /home/airflow/.local/lib/python3.8/site-packages/airflow/example_dags/example_task_group_decorator.py
[2024-01-21T13:21:36.689+0000] {processor.py:840} INFO - DAG(s) 'example_task_group_decorator' retrieved from /home/airflow/.local/lib/python3.8/site-packages/airflow/example_dags/example_task_group_decorator.py
[2024-01-21T13:21:36.783+0000] {logging_mixin.py:188} INFO - [2024-01-21T13:21:36.782+0000] {dag.py:3036} INFO - Sync 1 DAGs
[2024-01-21T13:21:36.908+0000] {logging_mixin.py:188} INFO - [2024-01-21T13:21:36.907+0000] {dag.py:3823} INFO - Setting next_dagrun for example_task_group_decorator to 2024-01-20 00:00:00+00:00, run_after=2024-01-21 00:00:00+00:00
[2024-01-21T13:21:36.969+0000] {processor.py:183} INFO - Processing /home/airflow/.local/lib/python3.8/site-packages/airflow/example_dags/example_task_group_decorator.py took 0.390 seconds
[2024-01-21T13:22:07.660+0000] {processor.py:161} INFO - Started process (PID=223) to work on /home/airflow/.local/lib/python3.8/site-packages/airflow/example_dags/example_task_group_decorator.py
[2024-01-21T13:22:07.664+0000] {processor.py:830} INFO - Processing file /home/airflow/.local/lib/python3.8/site-packages/airflow/example_dags/example_task_group_decorator.py for tasks to queue
[2024-01-21T13:22:07.671+0000] {logging_mixin.py:188} INFO - [2024-01-21T13:22:07.670+0000] {dagbag.py:538} INFO - Filling up the DagBag from /home/airflow/.local/lib/python3.8/site-packages/airflow/example_dags/example_task_group_decorator.py
[2024-01-21T13:22:07.796+0000] {processor.py:840} INFO - DAG(s) 'example_task_group_decorator' retrieved from /home/airflow/.local/lib/python3.8/site-packages/airflow/example_dags/example_task_group_decorator.py
[2024-01-21T13:22:08.044+0000] {logging_mixin.py:188} INFO - [2024-01-21T13:22:08.044+0000] {dag.py:3036} INFO - Sync 1 DAGs
[2024-01-21T13:22:08.122+0000] {logging_mixin.py:188} INFO - [2024-01-21T13:22:08.122+0000] {dag.py:3823} INFO - Setting next_dagrun for example_task_group_decorator to 2024-01-20 00:00:00+00:00, run_after=2024-01-21 00:00:00+00:00
[2024-01-21T13:22:08.180+0000] {processor.py:183} INFO - Processing /home/airflow/.local/lib/python3.8/site-packages/airflow/example_dags/example_task_group_decorator.py took 0.542 seconds
[2024-01-21T13:39:26.077+0000] {processor.py:161} INFO - Started process (PID=59) to work on /home/airflow/.local/lib/python3.8/site-packages/airflow/example_dags/example_task_group_decorator.py
[2024-01-21T13:39:26.080+0000] {processor.py:830} INFO - Processing file /home/airflow/.local/lib/python3.8/site-packages/airflow/example_dags/example_task_group_decorator.py for tasks to queue
[2024-01-21T13:39:26.093+0000] {logging_mixin.py:188} INFO - [2024-01-21T13:39:26.086+0000] {dagbag.py:538} INFO - Filling up the DagBag from /home/airflow/.local/lib/python3.8/site-packages/airflow/example_dags/example_task_group_decorator.py
[2024-01-21T13:39:26.254+0000] {processor.py:840} INFO - DAG(s) 'example_task_group_decorator' retrieved from /home/airflow/.local/lib/python3.8/site-packages/airflow/example_dags/example_task_group_decorator.py
[2024-01-21T13:39:27.853+0000] {logging_mixin.py:188} INFO - [2024-01-21T13:39:27.852+0000] {dag.py:3036} INFO - Sync 1 DAGs
[2024-01-21T13:39:28.106+0000] {logging_mixin.py:188} INFO - [2024-01-21T13:39:28.088+0000] {dag.py:3823} INFO - Setting next_dagrun for example_task_group_decorator to 2024-01-20 00:00:00+00:00, run_after=2024-01-21 00:00:00+00:00
[2024-01-21T13:39:28.301+0000] {processor.py:183} INFO - Processing /home/airflow/.local/lib/python3.8/site-packages/airflow/example_dags/example_task_group_decorator.py took 2.233 seconds
[2024-01-21T13:39:58.753+0000] {processor.py:161} INFO - Started process (PID=114) to work on /home/airflow/.local/lib/python3.8/site-packages/airflow/example_dags/example_task_group_decorator.py
[2024-01-21T13:39:58.759+0000] {processor.py:830} INFO - Processing file /home/airflow/.local/lib/python3.8/site-packages/airflow/example_dags/example_task_group_decorator.py for tasks to queue
[2024-01-21T13:39:58.780+0000] {logging_mixin.py:188} INFO - [2024-01-21T13:39:58.775+0000] {dagbag.py:538} INFO - Filling up the DagBag from /home/airflow/.local/lib/python3.8/site-packages/airflow/example_dags/example_task_group_decorator.py
[2024-01-21T13:39:58.959+0000] {processor.py:840} INFO - DAG(s) 'example_task_group_decorator' retrieved from /home/airflow/.local/lib/python3.8/site-packages/airflow/example_dags/example_task_group_decorator.py
[2024-01-21T13:40:00.045+0000] {logging_mixin.py:188} INFO - [2024-01-21T13:40:00.042+0000] {dag.py:3036} INFO - Sync 1 DAGs
[2024-01-21T13:40:00.665+0000] {logging_mixin.py:188} INFO - [2024-01-21T13:40:00.664+0000] {dag.py:3823} INFO - Setting next_dagrun for example_task_group_decorator to 2024-01-20 00:00:00+00:00, run_after=2024-01-21 00:00:00+00:00
[2024-01-21T13:40:01.050+0000] {processor.py:183} INFO - Processing /home/airflow/.local/lib/python3.8/site-packages/airflow/example_dags/example_task_group_decorator.py took 2.655 seconds
[2024-01-21T13:40:31.197+0000] {processor.py:161} INFO - Started process (PID=169) to work on /home/airflow/.local/lib/python3.8/site-packages/airflow/example_dags/example_task_group_decorator.py
[2024-01-21T13:40:31.200+0000] {processor.py:830} INFO - Processing file /home/airflow/.local/lib/python3.8/site-packages/airflow/example_dags/example_task_group_decorator.py for tasks to queue
[2024-01-21T13:40:31.204+0000] {logging_mixin.py:188} INFO - [2024-01-21T13:40:31.204+0000] {dagbag.py:538} INFO - Filling up the DagBag from /home/airflow/.local/lib/python3.8/site-packages/airflow/example_dags/example_task_group_decorator.py
[2024-01-21T13:40:31.242+0000] {processor.py:840} INFO - DAG(s) 'example_task_group_decorator' retrieved from /home/airflow/.local/lib/python3.8/site-packages/airflow/example_dags/example_task_group_decorator.py
[2024-01-21T13:40:31.357+0000] {logging_mixin.py:188} INFO - [2024-01-21T13:40:31.356+0000] {dag.py:3036} INFO - Sync 1 DAGs
[2024-01-21T13:40:31.493+0000] {logging_mixin.py:188} INFO - [2024-01-21T13:40:31.493+0000] {dag.py:3823} INFO - Setting next_dagrun for example_task_group_decorator to 2024-01-20 00:00:00+00:00, run_after=2024-01-21 00:00:00+00:00
[2024-01-21T13:40:31.535+0000] {processor.py:183} INFO - Processing /home/airflow/.local/lib/python3.8/site-packages/airflow/example_dags/example_task_group_decorator.py took 0.346 seconds
[2024-01-21T13:41:01.632+0000] {processor.py:161} INFO - Started process (PID=226) to work on /home/airflow/.local/lib/python3.8/site-packages/airflow/example_dags/example_task_group_decorator.py
[2024-01-21T13:41:01.635+0000] {processor.py:830} INFO - Processing file /home/airflow/.local/lib/python3.8/site-packages/airflow/example_dags/example_task_group_decorator.py for tasks to queue
[2024-01-21T13:41:01.639+0000] {logging_mixin.py:188} INFO - [2024-01-21T13:41:01.638+0000] {dagbag.py:538} INFO - Filling up the DagBag from /home/airflow/.local/lib/python3.8/site-packages/airflow/example_dags/example_task_group_decorator.py
[2024-01-21T13:41:01.665+0000] {processor.py:840} INFO - DAG(s) 'example_task_group_decorator' retrieved from /home/airflow/.local/lib/python3.8/site-packages/airflow/example_dags/example_task_group_decorator.py
[2024-01-21T13:41:01.712+0000] {logging_mixin.py:188} INFO - [2024-01-21T13:41:01.711+0000] {dag.py:3036} INFO - Sync 1 DAGs
[2024-01-21T13:41:01.752+0000] {logging_mixin.py:188} INFO - [2024-01-21T13:41:01.752+0000] {dag.py:3823} INFO - Setting next_dagrun for example_task_group_decorator to 2024-01-20 00:00:00+00:00, run_after=2024-01-21 00:00:00+00:00
[2024-01-21T13:41:01.791+0000] {processor.py:183} INFO - Processing /home/airflow/.local/lib/python3.8/site-packages/airflow/example_dags/example_task_group_decorator.py took 0.167 seconds
[2024-01-21T13:41:32.145+0000] {processor.py:161} INFO - Started process (PID=282) to work on /home/airflow/.local/lib/python3.8/site-packages/airflow/example_dags/example_task_group_decorator.py
[2024-01-21T13:41:32.148+0000] {processor.py:830} INFO - Processing file /home/airflow/.local/lib/python3.8/site-packages/airflow/example_dags/example_task_group_decorator.py for tasks to queue
[2024-01-21T13:41:32.160+0000] {logging_mixin.py:188} INFO - [2024-01-21T13:41:32.159+0000] {dagbag.py:538} INFO - Filling up the DagBag from /home/airflow/.local/lib/python3.8/site-packages/airflow/example_dags/example_task_group_decorator.py
[2024-01-21T13:41:32.221+0000] {processor.py:840} INFO - DAG(s) 'example_task_group_decorator' retrieved from /home/airflow/.local/lib/python3.8/site-packages/airflow/example_dags/example_task_group_decorator.py
[2024-01-21T13:41:32.269+0000] {logging_mixin.py:188} INFO - [2024-01-21T13:41:32.268+0000] {dag.py:3036} INFO - Sync 1 DAGs
[2024-01-21T13:41:32.311+0000] {logging_mixin.py:188} INFO - [2024-01-21T13:41:32.310+0000] {dag.py:3823} INFO - Setting next_dagrun for example_task_group_decorator to 2024-01-20 00:00:00+00:00, run_after=2024-01-21 00:00:00+00:00
[2024-01-21T13:41:32.349+0000] {processor.py:183} INFO - Processing /home/airflow/.local/lib/python3.8/site-packages/airflow/example_dags/example_task_group_decorator.py took 0.217 seconds
[2024-01-21T13:42:02.543+0000] {processor.py:161} INFO - Started process (PID=337) to work on /home/airflow/.local/lib/python3.8/site-packages/airflow/example_dags/example_task_group_decorator.py
[2024-01-21T13:42:02.546+0000] {processor.py:830} INFO - Processing file /home/airflow/.local/lib/python3.8/site-packages/airflow/example_dags/example_task_group_decorator.py for tasks to queue
[2024-01-21T13:42:02.552+0000] {logging_mixin.py:188} INFO - [2024-01-21T13:42:02.551+0000] {dagbag.py:538} INFO - Filling up the DagBag from /home/airflow/.local/lib/python3.8/site-packages/airflow/example_dags/example_task_group_decorator.py
[2024-01-21T13:42:02.635+0000] {processor.py:840} INFO - DAG(s) 'example_task_group_decorator' retrieved from /home/airflow/.local/lib/python3.8/site-packages/airflow/example_dags/example_task_group_decorator.py
[2024-01-21T13:42:02.802+0000] {logging_mixin.py:188} INFO - [2024-01-21T13:42:02.801+0000] {dag.py:3036} INFO - Sync 1 DAGs
[2024-01-21T13:42:02.877+0000] {logging_mixin.py:188} INFO - [2024-01-21T13:42:02.876+0000] {dag.py:3823} INFO - Setting next_dagrun for example_task_group_decorator to 2024-01-20 00:00:00+00:00, run_after=2024-01-21 00:00:00+00:00
[2024-01-21T13:42:02.934+0000] {processor.py:183} INFO - Processing /home/airflow/.local/lib/python3.8/site-packages/airflow/example_dags/example_task_group_decorator.py took 0.403 seconds
[2024-01-21T13:42:33.150+0000] {processor.py:161} INFO - Started process (PID=390) to work on /home/airflow/.local/lib/python3.8/site-packages/airflow/example_dags/example_task_group_decorator.py
[2024-01-21T13:42:33.157+0000] {processor.py:830} INFO - Processing file /home/airflow/.local/lib/python3.8/site-packages/airflow/example_dags/example_task_group_decorator.py for tasks to queue
[2024-01-21T13:42:33.166+0000] {logging_mixin.py:188} INFO - [2024-01-21T13:42:33.165+0000] {dagbag.py:538} INFO - Filling up the DagBag from /home/airflow/.local/lib/python3.8/site-packages/airflow/example_dags/example_task_group_decorator.py
[2024-01-21T13:42:33.211+0000] {processor.py:840} INFO - DAG(s) 'example_task_group_decorator' retrieved from /home/airflow/.local/lib/python3.8/site-packages/airflow/example_dags/example_task_group_decorator.py
[2024-01-21T13:42:33.276+0000] {logging_mixin.py:188} INFO - [2024-01-21T13:42:33.276+0000] {dag.py:3036} INFO - Sync 1 DAGs
[2024-01-21T13:42:33.318+0000] {logging_mixin.py:188} INFO - [2024-01-21T13:42:33.318+0000] {dag.py:3823} INFO - Setting next_dagrun for example_task_group_decorator to 2024-01-20 00:00:00+00:00, run_after=2024-01-21 00:00:00+00:00
[2024-01-21T13:42:33.357+0000] {processor.py:183} INFO - Processing /home/airflow/.local/lib/python3.8/site-packages/airflow/example_dags/example_task_group_decorator.py took 0.218 seconds
[2024-01-21T13:43:03.460+0000] {processor.py:161} INFO - Started process (PID=445) to work on /home/airflow/.local/lib/python3.8/site-packages/airflow/example_dags/example_task_group_decorator.py
[2024-01-21T13:43:03.463+0000] {processor.py:830} INFO - Processing file /home/airflow/.local/lib/python3.8/site-packages/airflow/example_dags/example_task_group_decorator.py for tasks to queue
[2024-01-21T13:43:03.467+0000] {logging_mixin.py:188} INFO - [2024-01-21T13:43:03.466+0000] {dagbag.py:538} INFO - Filling up the DagBag from /home/airflow/.local/lib/python3.8/site-packages/airflow/example_dags/example_task_group_decorator.py
[2024-01-21T13:43:03.503+0000] {processor.py:840} INFO - DAG(s) 'example_task_group_decorator' retrieved from /home/airflow/.local/lib/python3.8/site-packages/airflow/example_dags/example_task_group_decorator.py
[2024-01-21T13:43:03.564+0000] {logging_mixin.py:188} INFO - [2024-01-21T13:43:03.563+0000] {dag.py:3036} INFO - Sync 1 DAGs
[2024-01-21T13:43:03.698+0000] {logging_mixin.py:188} INFO - [2024-01-21T13:43:03.698+0000] {dag.py:3823} INFO - Setting next_dagrun for example_task_group_decorator to 2024-01-20 00:00:00+00:00, run_after=2024-01-21 00:00:00+00:00
[2024-01-21T13:43:03.808+0000] {processor.py:183} INFO - Processing /home/airflow/.local/lib/python3.8/site-packages/airflow/example_dags/example_task_group_decorator.py took 0.354 seconds
[2024-01-21T13:43:33.874+0000] {processor.py:161} INFO - Started process (PID=500) to work on /home/airflow/.local/lib/python3.8/site-packages/airflow/example_dags/example_task_group_decorator.py
[2024-01-21T13:43:33.876+0000] {processor.py:830} INFO - Processing file /home/airflow/.local/lib/python3.8/site-packages/airflow/example_dags/example_task_group_decorator.py for tasks to queue
[2024-01-21T13:43:33.880+0000] {logging_mixin.py:188} INFO - [2024-01-21T13:43:33.879+0000] {dagbag.py:538} INFO - Filling up the DagBag from /home/airflow/.local/lib/python3.8/site-packages/airflow/example_dags/example_task_group_decorator.py
[2024-01-21T13:43:33.909+0000] {processor.py:840} INFO - DAG(s) 'example_task_group_decorator' retrieved from /home/airflow/.local/lib/python3.8/site-packages/airflow/example_dags/example_task_group_decorator.py
[2024-01-21T13:43:33.971+0000] {logging_mixin.py:188} INFO - [2024-01-21T13:43:33.971+0000] {dag.py:3036} INFO - Sync 1 DAGs
[2024-01-21T13:43:34.049+0000] {logging_mixin.py:188} INFO - [2024-01-21T13:43:34.048+0000] {dag.py:3823} INFO - Setting next_dagrun for example_task_group_decorator to 2024-01-20 00:00:00+00:00, run_after=2024-01-21 00:00:00+00:00
[2024-01-21T13:43:34.174+0000] {processor.py:183} INFO - Processing /home/airflow/.local/lib/python3.8/site-packages/airflow/example_dags/example_task_group_decorator.py took 0.308 seconds
[2024-01-21T13:44:05.120+0000] {processor.py:161} INFO - Started process (PID=556) to work on /home/airflow/.local/lib/python3.8/site-packages/airflow/example_dags/example_task_group_decorator.py
[2024-01-21T13:44:05.124+0000] {processor.py:830} INFO - Processing file /home/airflow/.local/lib/python3.8/site-packages/airflow/example_dags/example_task_group_decorator.py for tasks to queue
[2024-01-21T13:44:05.131+0000] {logging_mixin.py:188} INFO - [2024-01-21T13:44:05.129+0000] {dagbag.py:538} INFO - Filling up the DagBag from /home/airflow/.local/lib/python3.8/site-packages/airflow/example_dags/example_task_group_decorator.py
[2024-01-21T13:44:05.198+0000] {processor.py:840} INFO - DAG(s) 'example_task_group_decorator' retrieved from /home/airflow/.local/lib/python3.8/site-packages/airflow/example_dags/example_task_group_decorator.py
[2024-01-21T13:44:05.306+0000] {logging_mixin.py:188} INFO - [2024-01-21T13:44:05.305+0000] {dag.py:3036} INFO - Sync 1 DAGs
[2024-01-21T13:44:05.397+0000] {logging_mixin.py:188} INFO - [2024-01-21T13:44:05.397+0000] {dag.py:3823} INFO - Setting next_dagrun for example_task_group_decorator to 2024-01-20 00:00:00+00:00, run_after=2024-01-21 00:00:00+00:00
[2024-01-21T13:44:05.504+0000] {processor.py:183} INFO - Processing /home/airflow/.local/lib/python3.8/site-packages/airflow/example_dags/example_task_group_decorator.py took 0.394 seconds
[2024-01-21T13:44:36.343+0000] {processor.py:161} INFO - Started process (PID=611) to work on /home/airflow/.local/lib/python3.8/site-packages/airflow/example_dags/example_task_group_decorator.py
[2024-01-21T13:44:36.345+0000] {processor.py:830} INFO - Processing file /home/airflow/.local/lib/python3.8/site-packages/airflow/example_dags/example_task_group_decorator.py for tasks to queue
[2024-01-21T13:44:36.352+0000] {logging_mixin.py:188} INFO - [2024-01-21T13:44:36.350+0000] {dagbag.py:538} INFO - Filling up the DagBag from /home/airflow/.local/lib/python3.8/site-packages/airflow/example_dags/example_task_group_decorator.py
[2024-01-21T13:44:36.384+0000] {processor.py:840} INFO - DAG(s) 'example_task_group_decorator' retrieved from /home/airflow/.local/lib/python3.8/site-packages/airflow/example_dags/example_task_group_decorator.py
[2024-01-21T13:44:36.430+0000] {logging_mixin.py:188} INFO - [2024-01-21T13:44:36.429+0000] {dag.py:3036} INFO - Sync 1 DAGs
[2024-01-21T13:44:36.470+0000] {logging_mixin.py:188} INFO - [2024-01-21T13:44:36.470+0000] {dag.py:3823} INFO - Setting next_dagrun for example_task_group_decorator to 2024-01-20 00:00:00+00:00, run_after=2024-01-21 00:00:00+00:00
[2024-01-21T13:44:36.507+0000] {processor.py:183} INFO - Processing /home/airflow/.local/lib/python3.8/site-packages/airflow/example_dags/example_task_group_decorator.py took 0.177 seconds
[2024-01-21T13:45:06.860+0000] {processor.py:161} INFO - Started process (PID=667) to work on /home/airflow/.local/lib/python3.8/site-packages/airflow/example_dags/example_task_group_decorator.py
[2024-01-21T13:45:06.863+0000] {processor.py:830} INFO - Processing file /home/airflow/.local/lib/python3.8/site-packages/airflow/example_dags/example_task_group_decorator.py for tasks to queue
[2024-01-21T13:45:06.868+0000] {logging_mixin.py:188} INFO - [2024-01-21T13:45:06.868+0000] {dagbag.py:538} INFO - Filling up the DagBag from /home/airflow/.local/lib/python3.8/site-packages/airflow/example_dags/example_task_group_decorator.py
[2024-01-21T13:45:06.923+0000] {processor.py:840} INFO - DAG(s) 'example_task_group_decorator' retrieved from /home/airflow/.local/lib/python3.8/site-packages/airflow/example_dags/example_task_group_decorator.py
[2024-01-21T13:45:06.971+0000] {logging_mixin.py:188} INFO - [2024-01-21T13:45:06.971+0000] {dag.py:3036} INFO - Sync 1 DAGs
[2024-01-21T13:45:07.010+0000] {logging_mixin.py:188} INFO - [2024-01-21T13:45:07.009+0000] {dag.py:3823} INFO - Setting next_dagrun for example_task_group_decorator to 2024-01-20 00:00:00+00:00, run_after=2024-01-21 00:00:00+00:00
[2024-01-21T13:45:07.046+0000] {processor.py:183} INFO - Processing /home/airflow/.local/lib/python3.8/site-packages/airflow/example_dags/example_task_group_decorator.py took 0.195 seconds
[2024-01-21T13:45:37.456+0000] {processor.py:161} INFO - Started process (PID=723) to work on /home/airflow/.local/lib/python3.8/site-packages/airflow/example_dags/example_task_group_decorator.py
[2024-01-21T13:45:37.458+0000] {processor.py:830} INFO - Processing file /home/airflow/.local/lib/python3.8/site-packages/airflow/example_dags/example_task_group_decorator.py for tasks to queue
[2024-01-21T13:45:37.462+0000] {logging_mixin.py:188} INFO - [2024-01-21T13:45:37.462+0000] {dagbag.py:538} INFO - Filling up the DagBag from /home/airflow/.local/lib/python3.8/site-packages/airflow/example_dags/example_task_group_decorator.py
[2024-01-21T13:45:37.488+0000] {processor.py:840} INFO - DAG(s) 'example_task_group_decorator' retrieved from /home/airflow/.local/lib/python3.8/site-packages/airflow/example_dags/example_task_group_decorator.py
[2024-01-21T13:45:37.529+0000] {logging_mixin.py:188} INFO - [2024-01-21T13:45:37.529+0000] {dag.py:3036} INFO - Sync 1 DAGs
[2024-01-21T13:45:37.565+0000] {logging_mixin.py:188} INFO - [2024-01-21T13:45:37.564+0000] {dag.py:3823} INFO - Setting next_dagrun for example_task_group_decorator to 2024-01-20 00:00:00+00:00, run_after=2024-01-21 00:00:00+00:00
[2024-01-21T13:45:37.602+0000] {processor.py:183} INFO - Processing /home/airflow/.local/lib/python3.8/site-packages/airflow/example_dags/example_task_group_decorator.py took 0.152 seconds
[2024-01-21T13:46:07.934+0000] {processor.py:161} INFO - Started process (PID=779) to work on /home/airflow/.local/lib/python3.8/site-packages/airflow/example_dags/example_task_group_decorator.py
[2024-01-21T13:46:07.936+0000] {processor.py:830} INFO - Processing file /home/airflow/.local/lib/python3.8/site-packages/airflow/example_dags/example_task_group_decorator.py for tasks to queue
[2024-01-21T13:46:07.941+0000] {logging_mixin.py:188} INFO - [2024-01-21T13:46:07.941+0000] {dagbag.py:538} INFO - Filling up the DagBag from /home/airflow/.local/lib/python3.8/site-packages/airflow/example_dags/example_task_group_decorator.py
[2024-01-21T13:46:07.971+0000] {processor.py:840} INFO - DAG(s) 'example_task_group_decorator' retrieved from /home/airflow/.local/lib/python3.8/site-packages/airflow/example_dags/example_task_group_decorator.py
[2024-01-21T13:46:08.035+0000] {logging_mixin.py:188} INFO - [2024-01-21T13:46:08.034+0000] {dag.py:3036} INFO - Sync 1 DAGs
[2024-01-21T13:46:08.189+0000] {logging_mixin.py:188} INFO - [2024-01-21T13:46:08.189+0000] {dag.py:3823} INFO - Setting next_dagrun for example_task_group_decorator to 2024-01-20 00:00:00+00:00, run_after=2024-01-21 00:00:00+00:00
[2024-01-21T13:46:08.345+0000] {processor.py:183} INFO - Processing /home/airflow/.local/lib/python3.8/site-packages/airflow/example_dags/example_task_group_decorator.py took 0.418 seconds
[2024-01-21T13:46:39.028+0000] {processor.py:161} INFO - Started process (PID=835) to work on /home/airflow/.local/lib/python3.8/site-packages/airflow/example_dags/example_task_group_decorator.py
[2024-01-21T13:46:39.033+0000] {processor.py:830} INFO - Processing file /home/airflow/.local/lib/python3.8/site-packages/airflow/example_dags/example_task_group_decorator.py for tasks to queue
[2024-01-21T13:46:39.044+0000] {logging_mixin.py:188} INFO - [2024-01-21T13:46:39.042+0000] {dagbag.py:538} INFO - Filling up the DagBag from /home/airflow/.local/lib/python3.8/site-packages/airflow/example_dags/example_task_group_decorator.py
[2024-01-21T13:46:39.193+0000] {processor.py:840} INFO - DAG(s) 'example_task_group_decorator' retrieved from /home/airflow/.local/lib/python3.8/site-packages/airflow/example_dags/example_task_group_decorator.py
[2024-01-21T13:46:39.278+0000] {logging_mixin.py:188} INFO - [2024-01-21T13:46:39.278+0000] {dag.py:3036} INFO - Sync 1 DAGs
[2024-01-21T13:46:39.408+0000] {logging_mixin.py:188} INFO - [2024-01-21T13:46:39.407+0000] {dag.py:3823} INFO - Setting next_dagrun for example_task_group_decorator to 2024-01-20 00:00:00+00:00, run_after=2024-01-21 00:00:00+00:00
[2024-01-21T13:46:39.486+0000] {processor.py:183} INFO - Processing /home/airflow/.local/lib/python3.8/site-packages/airflow/example_dags/example_task_group_decorator.py took 0.473 seconds
[2024-01-21T13:47:09.980+0000] {processor.py:161} INFO - Started process (PID=888) to work on /home/airflow/.local/lib/python3.8/site-packages/airflow/example_dags/example_task_group_decorator.py
[2024-01-21T13:47:09.983+0000] {processor.py:830} INFO - Processing file /home/airflow/.local/lib/python3.8/site-packages/airflow/example_dags/example_task_group_decorator.py for tasks to queue
[2024-01-21T13:47:09.989+0000] {logging_mixin.py:188} INFO - [2024-01-21T13:47:09.988+0000] {dagbag.py:538} INFO - Filling up the DagBag from /home/airflow/.local/lib/python3.8/site-packages/airflow/example_dags/example_task_group_decorator.py
[2024-01-21T13:47:10.021+0000] {processor.py:840} INFO - DAG(s) 'example_task_group_decorator' retrieved from /home/airflow/.local/lib/python3.8/site-packages/airflow/example_dags/example_task_group_decorator.py
[2024-01-21T13:47:10.071+0000] {logging_mixin.py:188} INFO - [2024-01-21T13:47:10.070+0000] {dag.py:3036} INFO - Sync 1 DAGs
[2024-01-21T13:47:10.115+0000] {logging_mixin.py:188} INFO - [2024-01-21T13:47:10.114+0000] {dag.py:3823} INFO - Setting next_dagrun for example_task_group_decorator to 2024-01-20 00:00:00+00:00, run_after=2024-01-21 00:00:00+00:00
[2024-01-21T13:47:10.156+0000] {processor.py:183} INFO - Processing /home/airflow/.local/lib/python3.8/site-packages/airflow/example_dags/example_task_group_decorator.py took 0.184 seconds
[2024-01-21T13:47:40.231+0000] {processor.py:161} INFO - Started process (PID=944) to work on /home/airflow/.local/lib/python3.8/site-packages/airflow/example_dags/example_task_group_decorator.py
[2024-01-21T13:47:40.237+0000] {processor.py:830} INFO - Processing file /home/airflow/.local/lib/python3.8/site-packages/airflow/example_dags/example_task_group_decorator.py for tasks to queue
[2024-01-21T13:47:40.244+0000] {logging_mixin.py:188} INFO - [2024-01-21T13:47:40.243+0000] {dagbag.py:538} INFO - Filling up the DagBag from /home/airflow/.local/lib/python3.8/site-packages/airflow/example_dags/example_task_group_decorator.py
[2024-01-21T13:47:40.301+0000] {processor.py:840} INFO - DAG(s) 'example_task_group_decorator' retrieved from /home/airflow/.local/lib/python3.8/site-packages/airflow/example_dags/example_task_group_decorator.py
[2024-01-21T13:47:40.362+0000] {logging_mixin.py:188} INFO - [2024-01-21T13:47:40.361+0000] {dag.py:3036} INFO - Sync 1 DAGs
[2024-01-21T13:47:40.412+0000] {logging_mixin.py:188} INFO - [2024-01-21T13:47:40.412+0000] {dag.py:3823} INFO - Setting next_dagrun for example_task_group_decorator to 2024-01-20 00:00:00+00:00, run_after=2024-01-21 00:00:00+00:00
[2024-01-21T13:47:40.462+0000] {processor.py:183} INFO - Processing /home/airflow/.local/lib/python3.8/site-packages/airflow/example_dags/example_task_group_decorator.py took 0.238 seconds
[2024-01-21T13:48:12.739+0000] {processor.py:161} INFO - Started process (PID=1006) to work on /home/airflow/.local/lib/python3.8/site-packages/airflow/example_dags/example_task_group_decorator.py
[2024-01-21T13:48:12.741+0000] {processor.py:830} INFO - Processing file /home/airflow/.local/lib/python3.8/site-packages/airflow/example_dags/example_task_group_decorator.py for tasks to queue
[2024-01-21T13:48:12.753+0000] {logging_mixin.py:188} INFO - [2024-01-21T13:48:12.752+0000] {dagbag.py:538} INFO - Filling up the DagBag from /home/airflow/.local/lib/python3.8/site-packages/airflow/example_dags/example_task_group_decorator.py
[2024-01-21T13:48:12.866+0000] {processor.py:840} INFO - DAG(s) 'example_task_group_decorator' retrieved from /home/airflow/.local/lib/python3.8/site-packages/airflow/example_dags/example_task_group_decorator.py
[2024-01-21T13:48:13.000+0000] {logging_mixin.py:188} INFO - [2024-01-21T13:48:12.999+0000] {dag.py:3036} INFO - Sync 1 DAGs
[2024-01-21T13:48:13.207+0000] {logging_mixin.py:188} INFO - [2024-01-21T13:48:13.205+0000] {dag.py:3823} INFO - Setting next_dagrun for example_task_group_decorator to 2024-01-20 00:00:00+00:00, run_after=2024-01-21 00:00:00+00:00
[2024-01-21T13:48:13.357+0000] {processor.py:183} INFO - Processing /home/airflow/.local/lib/python3.8/site-packages/airflow/example_dags/example_task_group_decorator.py took 0.636 seconds
[2024-01-21T13:48:43.535+0000] {processor.py:161} INFO - Started process (PID=1063) to work on /home/airflow/.local/lib/python3.8/site-packages/airflow/example_dags/example_task_group_decorator.py
[2024-01-21T13:48:43.538+0000] {processor.py:830} INFO - Processing file /home/airflow/.local/lib/python3.8/site-packages/airflow/example_dags/example_task_group_decorator.py for tasks to queue
[2024-01-21T13:48:43.543+0000] {logging_mixin.py:188} INFO - [2024-01-21T13:48:43.543+0000] {dagbag.py:538} INFO - Filling up the DagBag from /home/airflow/.local/lib/python3.8/site-packages/airflow/example_dags/example_task_group_decorator.py
[2024-01-21T13:48:43.580+0000] {processor.py:840} INFO - DAG(s) 'example_task_group_decorator' retrieved from /home/airflow/.local/lib/python3.8/site-packages/airflow/example_dags/example_task_group_decorator.py
[2024-01-21T13:48:43.635+0000] {logging_mixin.py:188} INFO - [2024-01-21T13:48:43.634+0000] {dag.py:3036} INFO - Sync 1 DAGs
[2024-01-21T13:48:43.677+0000] {logging_mixin.py:188} INFO - [2024-01-21T13:48:43.677+0000] {dag.py:3823} INFO - Setting next_dagrun for example_task_group_decorator to 2024-01-20 00:00:00+00:00, run_after=2024-01-21 00:00:00+00:00
[2024-01-21T13:48:43.713+0000] {processor.py:183} INFO - Processing /home/airflow/.local/lib/python3.8/site-packages/airflow/example_dags/example_task_group_decorator.py took 0.185 seconds
[2024-01-21T13:49:13.809+0000] {processor.py:161} INFO - Started process (PID=1120) to work on /home/airflow/.local/lib/python3.8/site-packages/airflow/example_dags/example_task_group_decorator.py
[2024-01-21T13:49:13.810+0000] {processor.py:830} INFO - Processing file /home/airflow/.local/lib/python3.8/site-packages/airflow/example_dags/example_task_group_decorator.py for tasks to queue
[2024-01-21T13:49:13.813+0000] {logging_mixin.py:188} INFO - [2024-01-21T13:49:13.813+0000] {dagbag.py:538} INFO - Filling up the DagBag from /home/airflow/.local/lib/python3.8/site-packages/airflow/example_dags/example_task_group_decorator.py
[2024-01-21T13:49:13.835+0000] {processor.py:840} INFO - DAG(s) 'example_task_group_decorator' retrieved from /home/airflow/.local/lib/python3.8/site-packages/airflow/example_dags/example_task_group_decorator.py
[2024-01-21T13:49:13.874+0000] {logging_mixin.py:188} INFO - [2024-01-21T13:49:13.874+0000] {dag.py:3036} INFO - Sync 1 DAGs
[2024-01-21T13:49:13.907+0000] {logging_mixin.py:188} INFO - [2024-01-21T13:49:13.907+0000] {dag.py:3823} INFO - Setting next_dagrun for example_task_group_decorator to 2024-01-20 00:00:00+00:00, run_after=2024-01-21 00:00:00+00:00
[2024-01-21T13:49:13.942+0000] {processor.py:183} INFO - Processing /home/airflow/.local/lib/python3.8/site-packages/airflow/example_dags/example_task_group_decorator.py took 0.140 seconds
[2024-01-21T13:49:44.536+0000] {processor.py:161} INFO - Started process (PID=1172) to work on /home/airflow/.local/lib/python3.8/site-packages/airflow/example_dags/example_task_group_decorator.py
[2024-01-21T13:49:44.541+0000] {processor.py:830} INFO - Processing file /home/airflow/.local/lib/python3.8/site-packages/airflow/example_dags/example_task_group_decorator.py for tasks to queue
[2024-01-21T13:49:44.585+0000] {logging_mixin.py:188} INFO - [2024-01-21T13:49:44.584+0000] {dagbag.py:538} INFO - Filling up the DagBag from /home/airflow/.local/lib/python3.8/site-packages/airflow/example_dags/example_task_group_decorator.py
[2024-01-21T13:49:44.782+0000] {processor.py:840} INFO - DAG(s) 'example_task_group_decorator' retrieved from /home/airflow/.local/lib/python3.8/site-packages/airflow/example_dags/example_task_group_decorator.py
[2024-01-21T13:49:44.938+0000] {logging_mixin.py:188} INFO - [2024-01-21T13:49:44.937+0000] {dag.py:3036} INFO - Sync 1 DAGs
[2024-01-21T13:49:45.099+0000] {logging_mixin.py:188} INFO - [2024-01-21T13:49:45.098+0000] {dag.py:3823} INFO - Setting next_dagrun for example_task_group_decorator to 2024-01-20 00:00:00+00:00, run_after=2024-01-21 00:00:00+00:00
[2024-01-21T13:49:45.312+0000] {processor.py:183} INFO - Processing /home/airflow/.local/lib/python3.8/site-packages/airflow/example_dags/example_task_group_decorator.py took 0.799 seconds
[2024-01-21T13:50:15.528+0000] {processor.py:161} INFO - Started process (PID=1228) to work on /home/airflow/.local/lib/python3.8/site-packages/airflow/example_dags/example_task_group_decorator.py
[2024-01-21T13:50:15.530+0000] {processor.py:830} INFO - Processing file /home/airflow/.local/lib/python3.8/site-packages/airflow/example_dags/example_task_group_decorator.py for tasks to queue
[2024-01-21T13:50:15.533+0000] {logging_mixin.py:188} INFO - [2024-01-21T13:50:15.533+0000] {dagbag.py:538} INFO - Filling up the DagBag from /home/airflow/.local/lib/python3.8/site-packages/airflow/example_dags/example_task_group_decorator.py
[2024-01-21T13:50:15.557+0000] {processor.py:840} INFO - DAG(s) 'example_task_group_decorator' retrieved from /home/airflow/.local/lib/python3.8/site-packages/airflow/example_dags/example_task_group_decorator.py
[2024-01-21T13:50:15.597+0000] {logging_mixin.py:188} INFO - [2024-01-21T13:50:15.596+0000] {dag.py:3036} INFO - Sync 1 DAGs
[2024-01-21T13:50:15.629+0000] {logging_mixin.py:188} INFO - [2024-01-21T13:50:15.629+0000] {dag.py:3823} INFO - Setting next_dagrun for example_task_group_decorator to 2024-01-20 00:00:00+00:00, run_after=2024-01-21 00:00:00+00:00
[2024-01-21T13:50:15.666+0000] {processor.py:183} INFO - Processing /home/airflow/.local/lib/python3.8/site-packages/airflow/example_dags/example_task_group_decorator.py took 0.144 seconds
[2024-01-21T13:50:46.281+0000] {processor.py:161} INFO - Started process (PID=1283) to work on /home/airflow/.local/lib/python3.8/site-packages/airflow/example_dags/example_task_group_decorator.py
[2024-01-21T13:50:46.286+0000] {processor.py:830} INFO - Processing file /home/airflow/.local/lib/python3.8/site-packages/airflow/example_dags/example_task_group_decorator.py for tasks to queue
[2024-01-21T13:50:46.290+0000] {logging_mixin.py:188} INFO - [2024-01-21T13:50:46.289+0000] {dagbag.py:538} INFO - Filling up the DagBag from /home/airflow/.local/lib/python3.8/site-packages/airflow/example_dags/example_task_group_decorator.py
[2024-01-21T13:50:46.429+0000] {processor.py:840} INFO - DAG(s) 'example_task_group_decorator' retrieved from /home/airflow/.local/lib/python3.8/site-packages/airflow/example_dags/example_task_group_decorator.py
[2024-01-21T13:50:46.569+0000] {logging_mixin.py:188} INFO - [2024-01-21T13:50:46.569+0000] {dag.py:3036} INFO - Sync 1 DAGs
[2024-01-21T13:50:46.697+0000] {logging_mixin.py:188} INFO - [2024-01-21T13:50:46.696+0000] {dag.py:3823} INFO - Setting next_dagrun for example_task_group_decorator to 2024-01-20 00:00:00+00:00, run_after=2024-01-21 00:00:00+00:00
[2024-01-21T13:50:46.792+0000] {processor.py:183} INFO - Processing /home/airflow/.local/lib/python3.8/site-packages/airflow/example_dags/example_task_group_decorator.py took 0.521 seconds
[2024-01-21T13:51:16.973+0000] {processor.py:161} INFO - Started process (PID=1339) to work on /home/airflow/.local/lib/python3.8/site-packages/airflow/example_dags/example_task_group_decorator.py
[2024-01-21T13:51:16.975+0000] {processor.py:830} INFO - Processing file /home/airflow/.local/lib/python3.8/site-packages/airflow/example_dags/example_task_group_decorator.py for tasks to queue
[2024-01-21T13:51:16.979+0000] {logging_mixin.py:188} INFO - [2024-01-21T13:51:16.979+0000] {dagbag.py:538} INFO - Filling up the DagBag from /home/airflow/.local/lib/python3.8/site-packages/airflow/example_dags/example_task_group_decorator.py
[2024-01-21T13:51:17.002+0000] {processor.py:840} INFO - DAG(s) 'example_task_group_decorator' retrieved from /home/airflow/.local/lib/python3.8/site-packages/airflow/example_dags/example_task_group_decorator.py
[2024-01-21T13:51:17.049+0000] {logging_mixin.py:188} INFO - [2024-01-21T13:51:17.049+0000] {dag.py:3036} INFO - Sync 1 DAGs
[2024-01-21T13:51:17.084+0000] {logging_mixin.py:188} INFO - [2024-01-21T13:51:17.083+0000] {dag.py:3823} INFO - Setting next_dagrun for example_task_group_decorator to 2024-01-20 00:00:00+00:00, run_after=2024-01-21 00:00:00+00:00
[2024-01-21T13:51:17.117+0000] {processor.py:183} INFO - Processing /home/airflow/.local/lib/python3.8/site-packages/airflow/example_dags/example_task_group_decorator.py took 0.148 seconds
