[2024-01-21T13:20:26.401+0000] {processor.py:161} INFO - Started process (PID=53) to work on /home/airflow/.local/lib/python3.8/site-packages/airflow/example_dags/example_setup_teardown_taskflow.py
[2024-01-21T13:20:26.407+0000] {processor.py:830} INFO - Processing file /home/airflow/.local/lib/python3.8/site-packages/airflow/example_dags/example_setup_teardown_taskflow.py for tasks to queue
[2024-01-21T13:20:26.413+0000] {logging_mixin.py:188} INFO - [2024-01-21T13:20:26.412+0000] {dagbag.py:538} INFO - Filling up the DagBag from /home/airflow/.local/lib/python3.8/site-packages/airflow/example_dags/example_setup_teardown_taskflow.py
[2024-01-21T13:20:26.467+0000] {processor.py:840} INFO - DAG(s) 'example_setup_teardown_taskflow' retrieved from /home/airflow/.local/lib/python3.8/site-packages/airflow/example_dags/example_setup_teardown_taskflow.py
[2024-01-21T13:20:27.114+0000] {logging_mixin.py:188} INFO - [2024-01-21T13:20:27.112+0000] {dag.py:3036} INFO - Sync 1 DAGs
[2024-01-21T13:20:27.294+0000] {logging_mixin.py:188} INFO - [2024-01-21T13:20:27.294+0000] {dag.py:3823} INFO - Setting next_dagrun for example_setup_teardown_taskflow to 2024-01-20 00:00:00+00:00, run_after=2024-01-21 00:00:00+00:00
[2024-01-21T13:20:27.398+0000] {processor.py:183} INFO - Processing /home/airflow/.local/lib/python3.8/site-packages/airflow/example_dags/example_setup_teardown_taskflow.py took 1.008 seconds
[2024-01-21T13:20:58.048+0000] {processor.py:161} INFO - Started process (PID=108) to work on /home/airflow/.local/lib/python3.8/site-packages/airflow/example_dags/example_setup_teardown_taskflow.py
[2024-01-21T13:20:58.049+0000] {processor.py:830} INFO - Processing file /home/airflow/.local/lib/python3.8/site-packages/airflow/example_dags/example_setup_teardown_taskflow.py for tasks to queue
[2024-01-21T13:20:58.053+0000] {logging_mixin.py:188} INFO - [2024-01-21T13:20:58.052+0000] {dagbag.py:538} INFO - Filling up the DagBag from /home/airflow/.local/lib/python3.8/site-packages/airflow/example_dags/example_setup_teardown_taskflow.py
[2024-01-21T13:20:58.070+0000] {processor.py:840} INFO - DAG(s) 'example_setup_teardown_taskflow' retrieved from /home/airflow/.local/lib/python3.8/site-packages/airflow/example_dags/example_setup_teardown_taskflow.py
[2024-01-21T13:20:58.115+0000] {logging_mixin.py:188} INFO - [2024-01-21T13:20:58.115+0000] {dag.py:3036} INFO - Sync 1 DAGs
[2024-01-21T13:20:58.159+0000] {logging_mixin.py:188} INFO - [2024-01-21T13:20:58.159+0000] {dag.py:3823} INFO - Setting next_dagrun for example_setup_teardown_taskflow to 2024-01-20 00:00:00+00:00, run_after=2024-01-21 00:00:00+00:00
[2024-01-21T13:20:58.199+0000] {processor.py:183} INFO - Processing /home/airflow/.local/lib/python3.8/site-packages/airflow/example_dags/example_setup_teardown_taskflow.py took 0.160 seconds
[2024-01-21T13:21:33.474+0000] {processor.py:161} INFO - Started process (PID=163) to work on /home/airflow/.local/lib/python3.8/site-packages/airflow/example_dags/example_setup_teardown_taskflow.py
[2024-01-21T13:21:33.478+0000] {processor.py:830} INFO - Processing file /home/airflow/.local/lib/python3.8/site-packages/airflow/example_dags/example_setup_teardown_taskflow.py for tasks to queue
[2024-01-21T13:21:33.483+0000] {logging_mixin.py:188} INFO - [2024-01-21T13:21:33.482+0000] {dagbag.py:538} INFO - Filling up the DagBag from /home/airflow/.local/lib/python3.8/site-packages/airflow/example_dags/example_setup_teardown_taskflow.py
[2024-01-21T13:21:33.520+0000] {processor.py:840} INFO - DAG(s) 'example_setup_teardown_taskflow' retrieved from /home/airflow/.local/lib/python3.8/site-packages/airflow/example_dags/example_setup_teardown_taskflow.py
[2024-01-21T13:21:33.869+0000] {logging_mixin.py:188} INFO - [2024-01-21T13:21:33.868+0000] {dag.py:3036} INFO - Sync 1 DAGs
[2024-01-21T13:21:33.960+0000] {logging_mixin.py:188} INFO - [2024-01-21T13:21:33.959+0000] {dag.py:3823} INFO - Setting next_dagrun for example_setup_teardown_taskflow to 2024-01-20 00:00:00+00:00, run_after=2024-01-21 00:00:00+00:00
[2024-01-21T13:21:34.023+0000] {processor.py:183} INFO - Processing /home/airflow/.local/lib/python3.8/site-packages/airflow/example_dags/example_setup_teardown_taskflow.py took 0.557 seconds
[2024-01-21T13:22:04.323+0000] {processor.py:161} INFO - Started process (PID=217) to work on /home/airflow/.local/lib/python3.8/site-packages/airflow/example_dags/example_setup_teardown_taskflow.py
[2024-01-21T13:22:04.327+0000] {processor.py:830} INFO - Processing file /home/airflow/.local/lib/python3.8/site-packages/airflow/example_dags/example_setup_teardown_taskflow.py for tasks to queue
[2024-01-21T13:22:04.331+0000] {logging_mixin.py:188} INFO - [2024-01-21T13:22:04.330+0000] {dagbag.py:538} INFO - Filling up the DagBag from /home/airflow/.local/lib/python3.8/site-packages/airflow/example_dags/example_setup_teardown_taskflow.py
[2024-01-21T13:22:04.351+0000] {processor.py:840} INFO - DAG(s) 'example_setup_teardown_taskflow' retrieved from /home/airflow/.local/lib/python3.8/site-packages/airflow/example_dags/example_setup_teardown_taskflow.py
[2024-01-21T13:22:04.394+0000] {logging_mixin.py:188} INFO - [2024-01-21T13:22:04.393+0000] {dag.py:3036} INFO - Sync 1 DAGs
[2024-01-21T13:22:04.440+0000] {logging_mixin.py:188} INFO - [2024-01-21T13:22:04.440+0000] {dag.py:3823} INFO - Setting next_dagrun for example_setup_teardown_taskflow to 2024-01-20 00:00:00+00:00, run_after=2024-01-21 00:00:00+00:00
[2024-01-21T13:22:04.479+0000] {processor.py:183} INFO - Processing /home/airflow/.local/lib/python3.8/site-packages/airflow/example_dags/example_setup_teardown_taskflow.py took 0.164 seconds
[2024-01-21T13:22:35.201+0000] {processor.py:161} INFO - Started process (PID=270) to work on /home/airflow/.local/lib/python3.8/site-packages/airflow/example_dags/example_setup_teardown_taskflow.py
[2024-01-21T13:22:35.203+0000] {processor.py:830} INFO - Processing file /home/airflow/.local/lib/python3.8/site-packages/airflow/example_dags/example_setup_teardown_taskflow.py for tasks to queue
[2024-01-21T13:22:35.207+0000] {logging_mixin.py:188} INFO - [2024-01-21T13:22:35.207+0000] {dagbag.py:538} INFO - Filling up the DagBag from /home/airflow/.local/lib/python3.8/site-packages/airflow/example_dags/example_setup_teardown_taskflow.py
[2024-01-21T13:22:35.226+0000] {processor.py:840} INFO - DAG(s) 'example_setup_teardown_taskflow' retrieved from /home/airflow/.local/lib/python3.8/site-packages/airflow/example_dags/example_setup_teardown_taskflow.py
[2024-01-21T13:22:35.315+0000] {logging_mixin.py:188} INFO - [2024-01-21T13:22:35.314+0000] {dag.py:3036} INFO - Sync 1 DAGs
[2024-01-21T13:22:35.399+0000] {logging_mixin.py:188} INFO - [2024-01-21T13:22:35.399+0000] {dag.py:3823} INFO - Setting next_dagrun for example_setup_teardown_taskflow to 2024-01-20 00:00:00+00:00, run_after=2024-01-21 00:00:00+00:00
[2024-01-21T13:22:35.499+0000] {processor.py:183} INFO - Processing /home/airflow/.local/lib/python3.8/site-packages/airflow/example_dags/example_setup_teardown_taskflow.py took 0.305 seconds
[2024-01-21T13:39:03.439+0000] {processor.py:161} INFO - Started process (PID=48) to work on /home/airflow/.local/lib/python3.8/site-packages/airflow/example_dags/example_setup_teardown_taskflow.py
[2024-01-21T13:39:03.447+0000] {processor.py:830} INFO - Processing file /home/airflow/.local/lib/python3.8/site-packages/airflow/example_dags/example_setup_teardown_taskflow.py for tasks to queue
[2024-01-21T13:39:03.451+0000] {logging_mixin.py:188} INFO - [2024-01-21T13:39:03.451+0000] {dagbag.py:538} INFO - Filling up the DagBag from /home/airflow/.local/lib/python3.8/site-packages/airflow/example_dags/example_setup_teardown_taskflow.py
[2024-01-21T13:39:03.510+0000] {processor.py:840} INFO - DAG(s) 'example_setup_teardown_taskflow' retrieved from /home/airflow/.local/lib/python3.8/site-packages/airflow/example_dags/example_setup_teardown_taskflow.py
[2024-01-21T13:39:04.849+0000] {logging_mixin.py:188} INFO - [2024-01-21T13:39:04.848+0000] {dag.py:3036} INFO - Sync 1 DAGs
[2024-01-21T13:39:04.949+0000] {logging_mixin.py:188} INFO - [2024-01-21T13:39:04.948+0000] {dag.py:3823} INFO - Setting next_dagrun for example_setup_teardown_taskflow to 2024-01-20 00:00:00+00:00, run_after=2024-01-21 00:00:00+00:00
[2024-01-21T13:39:05.019+0000] {processor.py:183} INFO - Processing /home/airflow/.local/lib/python3.8/site-packages/airflow/example_dags/example_setup_teardown_taskflow.py took 1.648 seconds
[2024-01-21T13:39:44.902+0000] {processor.py:161} INFO - Started process (PID=109) to work on /home/airflow/.local/lib/python3.8/site-packages/airflow/example_dags/example_setup_teardown_taskflow.py
[2024-01-21T13:39:44.905+0000] {processor.py:830} INFO - Processing file /home/airflow/.local/lib/python3.8/site-packages/airflow/example_dags/example_setup_teardown_taskflow.py for tasks to queue
[2024-01-21T13:39:44.909+0000] {logging_mixin.py:188} INFO - [2024-01-21T13:39:44.908+0000] {dagbag.py:538} INFO - Filling up the DagBag from /home/airflow/.local/lib/python3.8/site-packages/airflow/example_dags/example_setup_teardown_taskflow.py
[2024-01-21T13:39:44.934+0000] {processor.py:840} INFO - DAG(s) 'example_setup_teardown_taskflow' retrieved from /home/airflow/.local/lib/python3.8/site-packages/airflow/example_dags/example_setup_teardown_taskflow.py
[2024-01-21T13:39:44.983+0000] {logging_mixin.py:188} INFO - [2024-01-21T13:39:44.983+0000] {dag.py:3036} INFO - Sync 1 DAGs
[2024-01-21T13:39:45.033+0000] {logging_mixin.py:188} INFO - [2024-01-21T13:39:45.032+0000] {dag.py:3823} INFO - Setting next_dagrun for example_setup_teardown_taskflow to 2024-01-20 00:00:00+00:00, run_after=2024-01-21 00:00:00+00:00
[2024-01-21T13:39:45.079+0000] {processor.py:183} INFO - Processing /home/airflow/.local/lib/python3.8/site-packages/airflow/example_dags/example_setup_teardown_taskflow.py took 0.182 seconds
[2024-01-21T13:40:23.929+0000] {processor.py:161} INFO - Started process (PID=154) to work on /home/airflow/.local/lib/python3.8/site-packages/airflow/example_dags/example_setup_teardown_taskflow.py
[2024-01-21T13:40:23.945+0000] {processor.py:830} INFO - Processing file /home/airflow/.local/lib/python3.8/site-packages/airflow/example_dags/example_setup_teardown_taskflow.py for tasks to queue
[2024-01-21T13:40:23.957+0000] {logging_mixin.py:188} INFO - [2024-01-21T13:40:23.956+0000] {dagbag.py:538} INFO - Filling up the DagBag from /home/airflow/.local/lib/python3.8/site-packages/airflow/example_dags/example_setup_teardown_taskflow.py
[2024-01-21T13:40:24.005+0000] {processor.py:840} INFO - DAG(s) 'example_setup_teardown_taskflow' retrieved from /home/airflow/.local/lib/python3.8/site-packages/airflow/example_dags/example_setup_teardown_taskflow.py
[2024-01-21T13:40:24.143+0000] {logging_mixin.py:188} INFO - [2024-01-21T13:40:24.142+0000] {dag.py:3036} INFO - Sync 1 DAGs
[2024-01-21T13:40:24.321+0000] {logging_mixin.py:188} INFO - [2024-01-21T13:40:24.320+0000] {dag.py:3823} INFO - Setting next_dagrun for example_setup_teardown_taskflow to 2024-01-20 00:00:00+00:00, run_after=2024-01-21 00:00:00+00:00
[2024-01-21T13:40:24.389+0000] {processor.py:183} INFO - Processing /home/airflow/.local/lib/python3.8/site-packages/airflow/example_dags/example_setup_teardown_taskflow.py took 0.468 seconds
[2024-01-21T13:40:54.895+0000] {processor.py:161} INFO - Started process (PID=211) to work on /home/airflow/.local/lib/python3.8/site-packages/airflow/example_dags/example_setup_teardown_taskflow.py
[2024-01-21T13:40:54.898+0000] {processor.py:830} INFO - Processing file /home/airflow/.local/lib/python3.8/site-packages/airflow/example_dags/example_setup_teardown_taskflow.py for tasks to queue
[2024-01-21T13:40:54.904+0000] {logging_mixin.py:188} INFO - [2024-01-21T13:40:54.904+0000] {dagbag.py:538} INFO - Filling up the DagBag from /home/airflow/.local/lib/python3.8/site-packages/airflow/example_dags/example_setup_teardown_taskflow.py
[2024-01-21T13:40:54.932+0000] {processor.py:840} INFO - DAG(s) 'example_setup_teardown_taskflow' retrieved from /home/airflow/.local/lib/python3.8/site-packages/airflow/example_dags/example_setup_teardown_taskflow.py
[2024-01-21T13:40:55.000+0000] {logging_mixin.py:188} INFO - [2024-01-21T13:40:54.999+0000] {dag.py:3036} INFO - Sync 1 DAGs
[2024-01-21T13:40:55.045+0000] {logging_mixin.py:188} INFO - [2024-01-21T13:40:55.044+0000] {dag.py:3823} INFO - Setting next_dagrun for example_setup_teardown_taskflow to 2024-01-20 00:00:00+00:00, run_after=2024-01-21 00:00:00+00:00
[2024-01-21T13:40:55.084+0000] {processor.py:183} INFO - Processing /home/airflow/.local/lib/python3.8/site-packages/airflow/example_dags/example_setup_teardown_taskflow.py took 0.195 seconds
[2024-01-21T13:41:25.750+0000] {processor.py:161} INFO - Started process (PID=267) to work on /home/airflow/.local/lib/python3.8/site-packages/airflow/example_dags/example_setup_teardown_taskflow.py
[2024-01-21T13:41:25.760+0000] {processor.py:830} INFO - Processing file /home/airflow/.local/lib/python3.8/site-packages/airflow/example_dags/example_setup_teardown_taskflow.py for tasks to queue
[2024-01-21T13:41:25.767+0000] {logging_mixin.py:188} INFO - [2024-01-21T13:41:25.766+0000] {dagbag.py:538} INFO - Filling up the DagBag from /home/airflow/.local/lib/python3.8/site-packages/airflow/example_dags/example_setup_teardown_taskflow.py
[2024-01-21T13:41:25.823+0000] {processor.py:840} INFO - DAG(s) 'example_setup_teardown_taskflow' retrieved from /home/airflow/.local/lib/python3.8/site-packages/airflow/example_dags/example_setup_teardown_taskflow.py
[2024-01-21T13:41:26.041+0000] {logging_mixin.py:188} INFO - [2024-01-21T13:41:26.035+0000] {dag.py:3036} INFO - Sync 1 DAGs
[2024-01-21T13:41:26.134+0000] {logging_mixin.py:188} INFO - [2024-01-21T13:41:26.134+0000] {dag.py:3823} INFO - Setting next_dagrun for example_setup_teardown_taskflow to 2024-01-20 00:00:00+00:00, run_after=2024-01-21 00:00:00+00:00
[2024-01-21T13:41:26.336+0000] {processor.py:183} INFO - Processing /home/airflow/.local/lib/python3.8/site-packages/airflow/example_dags/example_setup_teardown_taskflow.py took 0.621 seconds
[2024-01-21T13:41:56.479+0000] {processor.py:161} INFO - Started process (PID=321) to work on /home/airflow/.local/lib/python3.8/site-packages/airflow/example_dags/example_setup_teardown_taskflow.py
[2024-01-21T13:41:56.487+0000] {processor.py:830} INFO - Processing file /home/airflow/.local/lib/python3.8/site-packages/airflow/example_dags/example_setup_teardown_taskflow.py for tasks to queue
[2024-01-21T13:41:56.499+0000] {logging_mixin.py:188} INFO - [2024-01-21T13:41:56.497+0000] {dagbag.py:538} INFO - Filling up the DagBag from /home/airflow/.local/lib/python3.8/site-packages/airflow/example_dags/example_setup_teardown_taskflow.py
[2024-01-21T13:41:56.549+0000] {processor.py:840} INFO - DAG(s) 'example_setup_teardown_taskflow' retrieved from /home/airflow/.local/lib/python3.8/site-packages/airflow/example_dags/example_setup_teardown_taskflow.py
[2024-01-21T13:41:56.644+0000] {logging_mixin.py:188} INFO - [2024-01-21T13:41:56.643+0000] {dag.py:3036} INFO - Sync 1 DAGs
[2024-01-21T13:41:56.692+0000] {logging_mixin.py:188} INFO - [2024-01-21T13:41:56.691+0000] {dag.py:3823} INFO - Setting next_dagrun for example_setup_teardown_taskflow to 2024-01-20 00:00:00+00:00, run_after=2024-01-21 00:00:00+00:00
[2024-01-21T13:41:56.756+0000] {processor.py:183} INFO - Processing /home/airflow/.local/lib/python3.8/site-packages/airflow/example_dags/example_setup_teardown_taskflow.py took 0.287 seconds
[2024-01-21T13:42:27.267+0000] {processor.py:161} INFO - Started process (PID=377) to work on /home/airflow/.local/lib/python3.8/site-packages/airflow/example_dags/example_setup_teardown_taskflow.py
[2024-01-21T13:42:27.272+0000] {processor.py:830} INFO - Processing file /home/airflow/.local/lib/python3.8/site-packages/airflow/example_dags/example_setup_teardown_taskflow.py for tasks to queue
[2024-01-21T13:42:27.277+0000] {logging_mixin.py:188} INFO - [2024-01-21T13:42:27.277+0000] {dagbag.py:538} INFO - Filling up the DagBag from /home/airflow/.local/lib/python3.8/site-packages/airflow/example_dags/example_setup_teardown_taskflow.py
[2024-01-21T13:42:27.329+0000] {processor.py:840} INFO - DAG(s) 'example_setup_teardown_taskflow' retrieved from /home/airflow/.local/lib/python3.8/site-packages/airflow/example_dags/example_setup_teardown_taskflow.py
[2024-01-21T13:42:27.444+0000] {logging_mixin.py:188} INFO - [2024-01-21T13:42:27.443+0000] {dag.py:3036} INFO - Sync 1 DAGs
[2024-01-21T13:42:27.511+0000] {logging_mixin.py:188} INFO - [2024-01-21T13:42:27.511+0000] {dag.py:3823} INFO - Setting next_dagrun for example_setup_teardown_taskflow to 2024-01-20 00:00:00+00:00, run_after=2024-01-21 00:00:00+00:00
[2024-01-21T13:42:27.556+0000] {processor.py:183} INFO - Processing /home/airflow/.local/lib/python3.8/site-packages/airflow/example_dags/example_setup_teardown_taskflow.py took 0.297 seconds
[2024-01-21T13:42:57.647+0000] {processor.py:161} INFO - Started process (PID=432) to work on /home/airflow/.local/lib/python3.8/site-packages/airflow/example_dags/example_setup_teardown_taskflow.py
[2024-01-21T13:42:57.650+0000] {processor.py:830} INFO - Processing file /home/airflow/.local/lib/python3.8/site-packages/airflow/example_dags/example_setup_teardown_taskflow.py for tasks to queue
[2024-01-21T13:42:57.654+0000] {logging_mixin.py:188} INFO - [2024-01-21T13:42:57.653+0000] {dagbag.py:538} INFO - Filling up the DagBag from /home/airflow/.local/lib/python3.8/site-packages/airflow/example_dags/example_setup_teardown_taskflow.py
[2024-01-21T13:42:57.671+0000] {processor.py:840} INFO - DAG(s) 'example_setup_teardown_taskflow' retrieved from /home/airflow/.local/lib/python3.8/site-packages/airflow/example_dags/example_setup_teardown_taskflow.py
[2024-01-21T13:42:57.712+0000] {logging_mixin.py:188} INFO - [2024-01-21T13:42:57.711+0000] {dag.py:3036} INFO - Sync 1 DAGs
[2024-01-21T13:42:57.754+0000] {logging_mixin.py:188} INFO - [2024-01-21T13:42:57.754+0000] {dag.py:3823} INFO - Setting next_dagrun for example_setup_teardown_taskflow to 2024-01-20 00:00:00+00:00, run_after=2024-01-21 00:00:00+00:00
[2024-01-21T13:42:57.794+0000] {processor.py:183} INFO - Processing /home/airflow/.local/lib/python3.8/site-packages/airflow/example_dags/example_setup_teardown_taskflow.py took 0.152 seconds
[2024-01-21T13:43:28.525+0000] {processor.py:161} INFO - Started process (PID=487) to work on /home/airflow/.local/lib/python3.8/site-packages/airflow/example_dags/example_setup_teardown_taskflow.py
[2024-01-21T13:43:28.527+0000] {processor.py:830} INFO - Processing file /home/airflow/.local/lib/python3.8/site-packages/airflow/example_dags/example_setup_teardown_taskflow.py for tasks to queue
[2024-01-21T13:43:28.531+0000] {logging_mixin.py:188} INFO - [2024-01-21T13:43:28.531+0000] {dagbag.py:538} INFO - Filling up the DagBag from /home/airflow/.local/lib/python3.8/site-packages/airflow/example_dags/example_setup_teardown_taskflow.py
[2024-01-21T13:43:28.553+0000] {processor.py:840} INFO - DAG(s) 'example_setup_teardown_taskflow' retrieved from /home/airflow/.local/lib/python3.8/site-packages/airflow/example_dags/example_setup_teardown_taskflow.py
[2024-01-21T13:43:28.601+0000] {logging_mixin.py:188} INFO - [2024-01-21T13:43:28.601+0000] {dag.py:3036} INFO - Sync 1 DAGs
[2024-01-21T13:43:28.647+0000] {logging_mixin.py:188} INFO - [2024-01-21T13:43:28.647+0000] {dag.py:3823} INFO - Setting next_dagrun for example_setup_teardown_taskflow to 2024-01-20 00:00:00+00:00, run_after=2024-01-21 00:00:00+00:00
[2024-01-21T13:43:28.692+0000] {processor.py:183} INFO - Processing /home/airflow/.local/lib/python3.8/site-packages/airflow/example_dags/example_setup_teardown_taskflow.py took 0.174 seconds
[2024-01-21T13:43:59.604+0000] {processor.py:161} INFO - Started process (PID=543) to work on /home/airflow/.local/lib/python3.8/site-packages/airflow/example_dags/example_setup_teardown_taskflow.py
[2024-01-21T13:43:59.616+0000] {processor.py:830} INFO - Processing file /home/airflow/.local/lib/python3.8/site-packages/airflow/example_dags/example_setup_teardown_taskflow.py for tasks to queue
[2024-01-21T13:43:59.648+0000] {logging_mixin.py:188} INFO - [2024-01-21T13:43:59.646+0000] {dagbag.py:538} INFO - Filling up the DagBag from /home/airflow/.local/lib/python3.8/site-packages/airflow/example_dags/example_setup_teardown_taskflow.py
[2024-01-21T13:43:59.712+0000] {processor.py:840} INFO - DAG(s) 'example_setup_teardown_taskflow' retrieved from /home/airflow/.local/lib/python3.8/site-packages/airflow/example_dags/example_setup_teardown_taskflow.py
[2024-01-21T13:43:59.879+0000] {logging_mixin.py:188} INFO - [2024-01-21T13:43:59.878+0000] {dag.py:3036} INFO - Sync 1 DAGs
[2024-01-21T13:44:00.398+0000] {logging_mixin.py:188} INFO - [2024-01-21T13:44:00.397+0000] {dag.py:3823} INFO - Setting next_dagrun for example_setup_teardown_taskflow to 2024-01-20 00:00:00+00:00, run_after=2024-01-21 00:00:00+00:00
[2024-01-21T13:44:00.481+0000] {processor.py:183} INFO - Processing /home/airflow/.local/lib/python3.8/site-packages/airflow/example_dags/example_setup_teardown_taskflow.py took 0.970 seconds
[2024-01-21T13:44:30.746+0000] {processor.py:161} INFO - Started process (PID=598) to work on /home/airflow/.local/lib/python3.8/site-packages/airflow/example_dags/example_setup_teardown_taskflow.py
[2024-01-21T13:44:30.752+0000] {processor.py:830} INFO - Processing file /home/airflow/.local/lib/python3.8/site-packages/airflow/example_dags/example_setup_teardown_taskflow.py for tasks to queue
[2024-01-21T13:44:30.757+0000] {logging_mixin.py:188} INFO - [2024-01-21T13:44:30.756+0000] {dagbag.py:538} INFO - Filling up the DagBag from /home/airflow/.local/lib/python3.8/site-packages/airflow/example_dags/example_setup_teardown_taskflow.py
[2024-01-21T13:44:30.792+0000] {processor.py:840} INFO - DAG(s) 'example_setup_teardown_taskflow' retrieved from /home/airflow/.local/lib/python3.8/site-packages/airflow/example_dags/example_setup_teardown_taskflow.py
[2024-01-21T13:44:30.864+0000] {logging_mixin.py:188} INFO - [2024-01-21T13:44:30.864+0000] {dag.py:3036} INFO - Sync 1 DAGs
[2024-01-21T13:44:30.920+0000] {logging_mixin.py:188} INFO - [2024-01-21T13:44:30.920+0000] {dag.py:3823} INFO - Setting next_dagrun for example_setup_teardown_taskflow to 2024-01-20 00:00:00+00:00, run_after=2024-01-21 00:00:00+00:00
[2024-01-21T13:44:30.984+0000] {processor.py:183} INFO - Processing /home/airflow/.local/lib/python3.8/site-packages/airflow/example_dags/example_setup_teardown_taskflow.py took 0.248 seconds
[2024-01-21T13:45:01.209+0000] {processor.py:161} INFO - Started process (PID=654) to work on /home/airflow/.local/lib/python3.8/site-packages/airflow/example_dags/example_setup_teardown_taskflow.py
[2024-01-21T13:45:01.212+0000] {processor.py:830} INFO - Processing file /home/airflow/.local/lib/python3.8/site-packages/airflow/example_dags/example_setup_teardown_taskflow.py for tasks to queue
[2024-01-21T13:45:01.220+0000] {logging_mixin.py:188} INFO - [2024-01-21T13:45:01.219+0000] {dagbag.py:538} INFO - Filling up the DagBag from /home/airflow/.local/lib/python3.8/site-packages/airflow/example_dags/example_setup_teardown_taskflow.py
[2024-01-21T13:45:01.256+0000] {processor.py:840} INFO - DAG(s) 'example_setup_teardown_taskflow' retrieved from /home/airflow/.local/lib/python3.8/site-packages/airflow/example_dags/example_setup_teardown_taskflow.py
[2024-01-21T13:45:01.329+0000] {logging_mixin.py:188} INFO - [2024-01-21T13:45:01.329+0000] {dag.py:3036} INFO - Sync 1 DAGs
[2024-01-21T13:45:01.394+0000] {logging_mixin.py:188} INFO - [2024-01-21T13:45:01.393+0000] {dag.py:3823} INFO - Setting next_dagrun for example_setup_teardown_taskflow to 2024-01-20 00:00:00+00:00, run_after=2024-01-21 00:00:00+00:00
[2024-01-21T13:45:01.454+0000] {processor.py:183} INFO - Processing /home/airflow/.local/lib/python3.8/site-packages/airflow/example_dags/example_setup_teardown_taskflow.py took 0.259 seconds
[2024-01-21T13:45:31.851+0000] {processor.py:161} INFO - Started process (PID=710) to work on /home/airflow/.local/lib/python3.8/site-packages/airflow/example_dags/example_setup_teardown_taskflow.py
[2024-01-21T13:45:31.853+0000] {processor.py:830} INFO - Processing file /home/airflow/.local/lib/python3.8/site-packages/airflow/example_dags/example_setup_teardown_taskflow.py for tasks to queue
[2024-01-21T13:45:31.857+0000] {logging_mixin.py:188} INFO - [2024-01-21T13:45:31.857+0000] {dagbag.py:538} INFO - Filling up the DagBag from /home/airflow/.local/lib/python3.8/site-packages/airflow/example_dags/example_setup_teardown_taskflow.py
[2024-01-21T13:45:31.879+0000] {processor.py:840} INFO - DAG(s) 'example_setup_teardown_taskflow' retrieved from /home/airflow/.local/lib/python3.8/site-packages/airflow/example_dags/example_setup_teardown_taskflow.py
[2024-01-21T13:45:31.923+0000] {logging_mixin.py:188} INFO - [2024-01-21T13:45:31.922+0000] {dag.py:3036} INFO - Sync 1 DAGs
[2024-01-21T13:45:31.964+0000] {logging_mixin.py:188} INFO - [2024-01-21T13:45:31.963+0000] {dag.py:3823} INFO - Setting next_dagrun for example_setup_teardown_taskflow to 2024-01-20 00:00:00+00:00, run_after=2024-01-21 00:00:00+00:00
[2024-01-21T13:45:32.004+0000] {processor.py:183} INFO - Processing /home/airflow/.local/lib/python3.8/site-packages/airflow/example_dags/example_setup_teardown_taskflow.py took 0.164 seconds
[2024-01-21T13:46:02.591+0000] {processor.py:161} INFO - Started process (PID=766) to work on /home/airflow/.local/lib/python3.8/site-packages/airflow/example_dags/example_setup_teardown_taskflow.py
[2024-01-21T13:46:02.595+0000] {processor.py:830} INFO - Processing file /home/airflow/.local/lib/python3.8/site-packages/airflow/example_dags/example_setup_teardown_taskflow.py for tasks to queue
[2024-01-21T13:46:02.603+0000] {logging_mixin.py:188} INFO - [2024-01-21T13:46:02.602+0000] {dagbag.py:538} INFO - Filling up the DagBag from /home/airflow/.local/lib/python3.8/site-packages/airflow/example_dags/example_setup_teardown_taskflow.py
[2024-01-21T13:46:02.636+0000] {processor.py:840} INFO - DAG(s) 'example_setup_teardown_taskflow' retrieved from /home/airflow/.local/lib/python3.8/site-packages/airflow/example_dags/example_setup_teardown_taskflow.py
[2024-01-21T13:46:02.704+0000] {logging_mixin.py:188} INFO - [2024-01-21T13:46:02.703+0000] {dag.py:3036} INFO - Sync 1 DAGs
[2024-01-21T13:46:02.765+0000] {logging_mixin.py:188} INFO - [2024-01-21T13:46:02.764+0000] {dag.py:3823} INFO - Setting next_dagrun for example_setup_teardown_taskflow to 2024-01-20 00:00:00+00:00, run_after=2024-01-21 00:00:00+00:00
[2024-01-21T13:46:02.817+0000] {processor.py:183} INFO - Processing /home/airflow/.local/lib/python3.8/site-packages/airflow/example_dags/example_setup_teardown_taskflow.py took 0.238 seconds
[2024-01-21T13:46:34.657+0000] {processor.py:161} INFO - Started process (PID=822) to work on /home/airflow/.local/lib/python3.8/site-packages/airflow/example_dags/example_setup_teardown_taskflow.py
[2024-01-21T13:46:34.662+0000] {processor.py:830} INFO - Processing file /home/airflow/.local/lib/python3.8/site-packages/airflow/example_dags/example_setup_teardown_taskflow.py for tasks to queue
[2024-01-21T13:46:34.670+0000] {logging_mixin.py:188} INFO - [2024-01-21T13:46:34.669+0000] {dagbag.py:538} INFO - Filling up the DagBag from /home/airflow/.local/lib/python3.8/site-packages/airflow/example_dags/example_setup_teardown_taskflow.py
[2024-01-21T13:46:34.712+0000] {processor.py:840} INFO - DAG(s) 'example_setup_teardown_taskflow' retrieved from /home/airflow/.local/lib/python3.8/site-packages/airflow/example_dags/example_setup_teardown_taskflow.py
[2024-01-21T13:46:34.809+0000] {logging_mixin.py:188} INFO - [2024-01-21T13:46:34.809+0000] {dag.py:3036} INFO - Sync 1 DAGs
[2024-01-21T13:46:34.938+0000] {logging_mixin.py:188} INFO - [2024-01-21T13:46:34.937+0000] {dag.py:3823} INFO - Setting next_dagrun for example_setup_teardown_taskflow to 2024-01-20 00:00:00+00:00, run_after=2024-01-21 00:00:00+00:00
[2024-01-21T13:46:35.058+0000] {processor.py:183} INFO - Processing /home/airflow/.local/lib/python3.8/site-packages/airflow/example_dags/example_setup_teardown_taskflow.py took 0.412 seconds
[2024-01-21T13:47:05.764+0000] {processor.py:161} INFO - Started process (PID=877) to work on /home/airflow/.local/lib/python3.8/site-packages/airflow/example_dags/example_setup_teardown_taskflow.py
[2024-01-21T13:47:05.767+0000] {processor.py:830} INFO - Processing file /home/airflow/.local/lib/python3.8/site-packages/airflow/example_dags/example_setup_teardown_taskflow.py for tasks to queue
[2024-01-21T13:47:05.772+0000] {logging_mixin.py:188} INFO - [2024-01-21T13:47:05.771+0000] {dagbag.py:538} INFO - Filling up the DagBag from /home/airflow/.local/lib/python3.8/site-packages/airflow/example_dags/example_setup_teardown_taskflow.py
[2024-01-21T13:47:05.811+0000] {processor.py:840} INFO - DAG(s) 'example_setup_teardown_taskflow' retrieved from /home/airflow/.local/lib/python3.8/site-packages/airflow/example_dags/example_setup_teardown_taskflow.py
[2024-01-21T13:47:05.899+0000] {logging_mixin.py:188} INFO - [2024-01-21T13:47:05.899+0000] {dag.py:3036} INFO - Sync 1 DAGs
[2024-01-21T13:47:05.967+0000] {logging_mixin.py:188} INFO - [2024-01-21T13:47:05.965+0000] {dag.py:3823} INFO - Setting next_dagrun for example_setup_teardown_taskflow to 2024-01-20 00:00:00+00:00, run_after=2024-01-21 00:00:00+00:00
[2024-01-21T13:47:06.020+0000] {processor.py:183} INFO - Processing /home/airflow/.local/lib/python3.8/site-packages/airflow/example_dags/example_setup_teardown_taskflow.py took 0.263 seconds
[2024-01-21T13:47:36.386+0000] {processor.py:161} INFO - Started process (PID=933) to work on /home/airflow/.local/lib/python3.8/site-packages/airflow/example_dags/example_setup_teardown_taskflow.py
[2024-01-21T13:47:36.394+0000] {processor.py:830} INFO - Processing file /home/airflow/.local/lib/python3.8/site-packages/airflow/example_dags/example_setup_teardown_taskflow.py for tasks to queue
[2024-01-21T13:47:36.400+0000] {logging_mixin.py:188} INFO - [2024-01-21T13:47:36.399+0000] {dagbag.py:538} INFO - Filling up the DagBag from /home/airflow/.local/lib/python3.8/site-packages/airflow/example_dags/example_setup_teardown_taskflow.py
[2024-01-21T13:47:36.475+0000] {processor.py:840} INFO - DAG(s) 'example_setup_teardown_taskflow' retrieved from /home/airflow/.local/lib/python3.8/site-packages/airflow/example_dags/example_setup_teardown_taskflow.py
[2024-01-21T13:47:36.582+0000] {logging_mixin.py:188} INFO - [2024-01-21T13:47:36.580+0000] {dag.py:3036} INFO - Sync 1 DAGs
[2024-01-21T13:47:36.660+0000] {logging_mixin.py:188} INFO - [2024-01-21T13:47:36.659+0000] {dag.py:3823} INFO - Setting next_dagrun for example_setup_teardown_taskflow to 2024-01-20 00:00:00+00:00, run_after=2024-01-21 00:00:00+00:00
[2024-01-21T13:47:36.719+0000] {processor.py:183} INFO - Processing /home/airflow/.local/lib/python3.8/site-packages/airflow/example_dags/example_setup_teardown_taskflow.py took 0.338 seconds
[2024-01-21T13:48:08.557+0000] {processor.py:161} INFO - Started process (PID=989) to work on /home/airflow/.local/lib/python3.8/site-packages/airflow/example_dags/example_setup_teardown_taskflow.py
[2024-01-21T13:48:08.569+0000] {processor.py:830} INFO - Processing file /home/airflow/.local/lib/python3.8/site-packages/airflow/example_dags/example_setup_teardown_taskflow.py for tasks to queue
[2024-01-21T13:48:08.580+0000] {logging_mixin.py:188} INFO - [2024-01-21T13:48:08.579+0000] {dagbag.py:538} INFO - Filling up the DagBag from /home/airflow/.local/lib/python3.8/site-packages/airflow/example_dags/example_setup_teardown_taskflow.py
[2024-01-21T13:48:08.653+0000] {processor.py:840} INFO - DAG(s) 'example_setup_teardown_taskflow' retrieved from /home/airflow/.local/lib/python3.8/site-packages/airflow/example_dags/example_setup_teardown_taskflow.py
[2024-01-21T13:48:08.868+0000] {logging_mixin.py:188} INFO - [2024-01-21T13:48:08.867+0000] {dag.py:3036} INFO - Sync 1 DAGs
[2024-01-21T13:48:08.967+0000] {logging_mixin.py:188} INFO - [2024-01-21T13:48:08.966+0000] {dag.py:3823} INFO - Setting next_dagrun for example_setup_teardown_taskflow to 2024-01-20 00:00:00+00:00, run_after=2024-01-21 00:00:00+00:00
[2024-01-21T13:48:09.057+0000] {processor.py:183} INFO - Processing /home/airflow/.local/lib/python3.8/site-packages/airflow/example_dags/example_setup_teardown_taskflow.py took 0.558 seconds
[2024-01-21T13:48:39.288+0000] {processor.py:161} INFO - Started process (PID=1045) to work on /home/airflow/.local/lib/python3.8/site-packages/airflow/example_dags/example_setup_teardown_taskflow.py
[2024-01-21T13:48:39.291+0000] {processor.py:830} INFO - Processing file /home/airflow/.local/lib/python3.8/site-packages/airflow/example_dags/example_setup_teardown_taskflow.py for tasks to queue
[2024-01-21T13:48:39.295+0000] {logging_mixin.py:188} INFO - [2024-01-21T13:48:39.295+0000] {dagbag.py:538} INFO - Filling up the DagBag from /home/airflow/.local/lib/python3.8/site-packages/airflow/example_dags/example_setup_teardown_taskflow.py
[2024-01-21T13:48:39.318+0000] {processor.py:840} INFO - DAG(s) 'example_setup_teardown_taskflow' retrieved from /home/airflow/.local/lib/python3.8/site-packages/airflow/example_dags/example_setup_teardown_taskflow.py
[2024-01-21T13:48:39.380+0000] {logging_mixin.py:188} INFO - [2024-01-21T13:48:39.379+0000] {dag.py:3036} INFO - Sync 1 DAGs
[2024-01-21T13:48:39.443+0000] {logging_mixin.py:188} INFO - [2024-01-21T13:48:39.443+0000] {dag.py:3823} INFO - Setting next_dagrun for example_setup_teardown_taskflow to 2024-01-20 00:00:00+00:00, run_after=2024-01-21 00:00:00+00:00
[2024-01-21T13:48:39.490+0000] {processor.py:183} INFO - Processing /home/airflow/.local/lib/python3.8/site-packages/airflow/example_dags/example_setup_teardown_taskflow.py took 0.210 seconds
[2024-01-21T13:49:10.307+0000] {processor.py:161} INFO - Started process (PID=1101) to work on /home/airflow/.local/lib/python3.8/site-packages/airflow/example_dags/example_setup_teardown_taskflow.py
[2024-01-21T13:49:10.309+0000] {processor.py:830} INFO - Processing file /home/airflow/.local/lib/python3.8/site-packages/airflow/example_dags/example_setup_teardown_taskflow.py for tasks to queue
[2024-01-21T13:49:10.313+0000] {logging_mixin.py:188} INFO - [2024-01-21T13:49:10.312+0000] {dagbag.py:538} INFO - Filling up the DagBag from /home/airflow/.local/lib/python3.8/site-packages/airflow/example_dags/example_setup_teardown_taskflow.py
[2024-01-21T13:49:10.334+0000] {processor.py:840} INFO - DAG(s) 'example_setup_teardown_taskflow' retrieved from /home/airflow/.local/lib/python3.8/site-packages/airflow/example_dags/example_setup_teardown_taskflow.py
[2024-01-21T13:49:10.379+0000] {logging_mixin.py:188} INFO - [2024-01-21T13:49:10.379+0000] {dag.py:3036} INFO - Sync 1 DAGs
[2024-01-21T13:49:10.419+0000] {logging_mixin.py:188} INFO - [2024-01-21T13:49:10.419+0000] {dag.py:3823} INFO - Setting next_dagrun for example_setup_teardown_taskflow to 2024-01-20 00:00:00+00:00, run_after=2024-01-21 00:00:00+00:00
[2024-01-21T13:49:10.457+0000] {processor.py:183} INFO - Processing /home/airflow/.local/lib/python3.8/site-packages/airflow/example_dags/example_setup_teardown_taskflow.py took 0.158 seconds
[2024-01-21T13:49:41.660+0000] {processor.py:161} INFO - Started process (PID=1157) to work on /home/airflow/.local/lib/python3.8/site-packages/airflow/example_dags/example_setup_teardown_taskflow.py
[2024-01-21T13:49:41.662+0000] {processor.py:830} INFO - Processing file /home/airflow/.local/lib/python3.8/site-packages/airflow/example_dags/example_setup_teardown_taskflow.py for tasks to queue
[2024-01-21T13:49:41.667+0000] {logging_mixin.py:188} INFO - [2024-01-21T13:49:41.666+0000] {dagbag.py:538} INFO - Filling up the DagBag from /home/airflow/.local/lib/python3.8/site-packages/airflow/example_dags/example_setup_teardown_taskflow.py
[2024-01-21T13:49:41.691+0000] {processor.py:840} INFO - DAG(s) 'example_setup_teardown_taskflow' retrieved from /home/airflow/.local/lib/python3.8/site-packages/airflow/example_dags/example_setup_teardown_taskflow.py
[2024-01-21T13:49:41.745+0000] {logging_mixin.py:188} INFO - [2024-01-21T13:49:41.745+0000] {dag.py:3036} INFO - Sync 1 DAGs
[2024-01-21T13:49:41.808+0000] {logging_mixin.py:188} INFO - [2024-01-21T13:49:41.805+0000] {dag.py:3823} INFO - Setting next_dagrun for example_setup_teardown_taskflow to 2024-01-20 00:00:00+00:00, run_after=2024-01-21 00:00:00+00:00
[2024-01-21T13:49:41.917+0000] {processor.py:183} INFO - Processing /home/airflow/.local/lib/python3.8/site-packages/airflow/example_dags/example_setup_teardown_taskflow.py took 0.269 seconds
[2024-01-21T13:50:12.725+0000] {processor.py:161} INFO - Started process (PID=1214) to work on /home/airflow/.local/lib/python3.8/site-packages/airflow/example_dags/example_setup_teardown_taskflow.py
[2024-01-21T13:50:12.727+0000] {processor.py:830} INFO - Processing file /home/airflow/.local/lib/python3.8/site-packages/airflow/example_dags/example_setup_teardown_taskflow.py for tasks to queue
[2024-01-21T13:50:12.735+0000] {logging_mixin.py:188} INFO - [2024-01-21T13:50:12.734+0000] {dagbag.py:538} INFO - Filling up the DagBag from /home/airflow/.local/lib/python3.8/site-packages/airflow/example_dags/example_setup_teardown_taskflow.py
[2024-01-21T13:50:12.770+0000] {processor.py:840} INFO - DAG(s) 'example_setup_teardown_taskflow' retrieved from /home/airflow/.local/lib/python3.8/site-packages/airflow/example_dags/example_setup_teardown_taskflow.py
[2024-01-21T13:50:12.813+0000] {logging_mixin.py:188} INFO - [2024-01-21T13:50:12.813+0000] {dag.py:3036} INFO - Sync 1 DAGs
[2024-01-21T13:50:12.862+0000] {logging_mixin.py:188} INFO - [2024-01-21T13:50:12.861+0000] {dag.py:3823} INFO - Setting next_dagrun for example_setup_teardown_taskflow to 2024-01-20 00:00:00+00:00, run_after=2024-01-21 00:00:00+00:00
[2024-01-21T13:50:12.906+0000] {processor.py:183} INFO - Processing /home/airflow/.local/lib/python3.8/site-packages/airflow/example_dags/example_setup_teardown_taskflow.py took 0.188 seconds
[2024-01-21T13:50:43.551+0000] {processor.py:161} INFO - Started process (PID=1276) to work on /home/airflow/.local/lib/python3.8/site-packages/airflow/example_dags/example_setup_teardown_taskflow.py
[2024-01-21T13:50:43.863+0000] {processor.py:830} INFO - Processing file /home/airflow/.local/lib/python3.8/site-packages/airflow/example_dags/example_setup_teardown_taskflow.py for tasks to queue
[2024-01-21T13:50:43.871+0000] {logging_mixin.py:188} INFO - [2024-01-21T13:50:43.871+0000] {dagbag.py:538} INFO - Filling up the DagBag from /home/airflow/.local/lib/python3.8/site-packages/airflow/example_dags/example_setup_teardown_taskflow.py
[2024-01-21T13:50:43.918+0000] {processor.py:840} INFO - DAG(s) 'example_setup_teardown_taskflow' retrieved from /home/airflow/.local/lib/python3.8/site-packages/airflow/example_dags/example_setup_teardown_taskflow.py
[2024-01-21T13:50:44.010+0000] {logging_mixin.py:188} INFO - [2024-01-21T13:50:44.008+0000] {dag.py:3036} INFO - Sync 1 DAGs
[2024-01-21T13:50:44.202+0000] {logging_mixin.py:188} INFO - [2024-01-21T13:50:44.201+0000] {dag.py:3823} INFO - Setting next_dagrun for example_setup_teardown_taskflow to 2024-01-20 00:00:00+00:00, run_after=2024-01-21 00:00:00+00:00
[2024-01-21T13:50:44.289+0000] {processor.py:183} INFO - Processing /home/airflow/.local/lib/python3.8/site-packages/airflow/example_dags/example_setup_teardown_taskflow.py took 0.766 seconds
[2024-01-21T13:51:14.588+0000] {processor.py:161} INFO - Started process (PID=1333) to work on /home/airflow/.local/lib/python3.8/site-packages/airflow/example_dags/example_setup_teardown_taskflow.py
[2024-01-21T13:51:14.591+0000] {processor.py:830} INFO - Processing file /home/airflow/.local/lib/python3.8/site-packages/airflow/example_dags/example_setup_teardown_taskflow.py for tasks to queue
[2024-01-21T13:51:14.597+0000] {logging_mixin.py:188} INFO - [2024-01-21T13:51:14.596+0000] {dagbag.py:538} INFO - Filling up the DagBag from /home/airflow/.local/lib/python3.8/site-packages/airflow/example_dags/example_setup_teardown_taskflow.py
[2024-01-21T13:51:14.676+0000] {processor.py:840} INFO - DAG(s) 'example_setup_teardown_taskflow' retrieved from /home/airflow/.local/lib/python3.8/site-packages/airflow/example_dags/example_setup_teardown_taskflow.py
[2024-01-21T13:51:14.785+0000] {logging_mixin.py:188} INFO - [2024-01-21T13:51:14.784+0000] {dag.py:3036} INFO - Sync 1 DAGs
[2024-01-21T13:51:14.867+0000] {logging_mixin.py:188} INFO - [2024-01-21T13:51:14.867+0000] {dag.py:3823} INFO - Setting next_dagrun for example_setup_teardown_taskflow to 2024-01-20 00:00:00+00:00, run_after=2024-01-21 00:00:00+00:00
[2024-01-21T13:51:14.914+0000] {processor.py:183} INFO - Processing /home/airflow/.local/lib/python3.8/site-packages/airflow/example_dags/example_setup_teardown_taskflow.py took 0.335 seconds
