[2024-01-21T13:20:24.606+0000] {processor.py:161} INFO - Started process (PID=48) to work on /home/airflow/.local/lib/python3.8/site-packages/airflow/example_dags/example_sla_dag.py
[2024-01-21T13:20:24.610+0000] {processor.py:830} INFO - Processing file /home/airflow/.local/lib/python3.8/site-packages/airflow/example_dags/example_sla_dag.py for tasks to queue
[2024-01-21T13:20:24.617+0000] {logging_mixin.py:188} INFO - [2024-01-21T13:20:24.616+0000] {dagbag.py:538} INFO - Filling up the DagBag from /home/airflow/.local/lib/python3.8/site-packages/airflow/example_dags/example_sla_dag.py
[2024-01-21T13:20:24.677+0000] {processor.py:840} INFO - DAG(s) 'example_sla_dag' retrieved from /home/airflow/.local/lib/python3.8/site-packages/airflow/example_dags/example_sla_dag.py
[2024-01-21T13:20:25.081+0000] {logging_mixin.py:188} INFO - [2024-01-21T13:20:25.080+0000] {dag.py:3036} INFO - Sync 1 DAGs
[2024-01-21T13:20:25.208+0000] {logging_mixin.py:188} INFO - [2024-01-21T13:20:25.208+0000] {dag.py:3823} INFO - Setting next_dagrun for example_sla_dag to 2024-01-21 13:18:00+00:00, run_after=2024-01-21 13:20:00+00:00
[2024-01-21T13:20:25.268+0000] {processor.py:183} INFO - Processing /home/airflow/.local/lib/python3.8/site-packages/airflow/example_dags/example_sla_dag.py took 0.672 seconds
[2024-01-21T13:20:55.532+0000] {processor.py:161} INFO - Started process (PID=103) to work on /home/airflow/.local/lib/python3.8/site-packages/airflow/example_dags/example_sla_dag.py
[2024-01-21T13:20:55.535+0000] {processor.py:830} INFO - Processing file /home/airflow/.local/lib/python3.8/site-packages/airflow/example_dags/example_sla_dag.py for tasks to queue
[2024-01-21T13:20:55.539+0000] {logging_mixin.py:188} INFO - [2024-01-21T13:20:55.539+0000] {dagbag.py:538} INFO - Filling up the DagBag from /home/airflow/.local/lib/python3.8/site-packages/airflow/example_dags/example_sla_dag.py
[2024-01-21T13:20:55.559+0000] {processor.py:840} INFO - DAG(s) 'example_sla_dag' retrieved from /home/airflow/.local/lib/python3.8/site-packages/airflow/example_dags/example_sla_dag.py
[2024-01-21T13:20:55.605+0000] {logging_mixin.py:188} INFO - [2024-01-21T13:20:55.604+0000] {dag.py:3036} INFO - Sync 1 DAGs
[2024-01-21T13:20:55.683+0000] {logging_mixin.py:188} INFO - [2024-01-21T13:20:55.682+0000] {dag.py:3823} INFO - Setting next_dagrun for example_sla_dag to 2024-01-21 13:18:00+00:00, run_after=2024-01-21 13:20:00+00:00
[2024-01-21T13:20:55.728+0000] {processor.py:183} INFO - Processing /home/airflow/.local/lib/python3.8/site-packages/airflow/example_dags/example_sla_dag.py took 0.252 seconds
[2024-01-21T13:21:27.953+0000] {processor.py:161} INFO - Started process (PID=157) to work on /home/airflow/.local/lib/python3.8/site-packages/airflow/example_dags/example_sla_dag.py
[2024-01-21T13:21:27.965+0000] {processor.py:830} INFO - Processing file /home/airflow/.local/lib/python3.8/site-packages/airflow/example_dags/example_sla_dag.py for tasks to queue
[2024-01-21T13:21:27.980+0000] {logging_mixin.py:188} INFO - [2024-01-21T13:21:27.979+0000] {dagbag.py:538} INFO - Filling up the DagBag from /home/airflow/.local/lib/python3.8/site-packages/airflow/example_dags/example_sla_dag.py
[2024-01-21T13:21:28.070+0000] {processor.py:840} INFO - DAG(s) 'example_sla_dag' retrieved from /home/airflow/.local/lib/python3.8/site-packages/airflow/example_dags/example_sla_dag.py
[2024-01-21T13:21:28.422+0000] {logging_mixin.py:188} INFO - [2024-01-21T13:21:28.421+0000] {dag.py:3036} INFO - Sync 1 DAGs
[2024-01-21T13:21:28.709+0000] {logging_mixin.py:188} INFO - [2024-01-21T13:21:28.709+0000] {dag.py:3823} INFO - Setting next_dagrun for example_sla_dag to 2024-01-21 13:18:00+00:00, run_after=2024-01-21 13:20:00+00:00
[2024-01-21T13:21:28.814+0000] {processor.py:183} INFO - Processing /home/airflow/.local/lib/python3.8/site-packages/airflow/example_dags/example_sla_dag.py took 0.870 seconds
[2024-01-21T13:21:59.050+0000] {processor.py:161} INFO - Started process (PID=210) to work on /home/airflow/.local/lib/python3.8/site-packages/airflow/example_dags/example_sla_dag.py
[2024-01-21T13:21:59.052+0000] {processor.py:830} INFO - Processing file /home/airflow/.local/lib/python3.8/site-packages/airflow/example_dags/example_sla_dag.py for tasks to queue
[2024-01-21T13:21:59.056+0000] {logging_mixin.py:188} INFO - [2024-01-21T13:21:59.055+0000] {dagbag.py:538} INFO - Filling up the DagBag from /home/airflow/.local/lib/python3.8/site-packages/airflow/example_dags/example_sla_dag.py
[2024-01-21T13:21:59.072+0000] {processor.py:840} INFO - DAG(s) 'example_sla_dag' retrieved from /home/airflow/.local/lib/python3.8/site-packages/airflow/example_dags/example_sla_dag.py
[2024-01-21T13:21:59.107+0000] {logging_mixin.py:188} INFO - [2024-01-21T13:21:59.106+0000] {dag.py:3036} INFO - Sync 1 DAGs
[2024-01-21T13:21:59.149+0000] {logging_mixin.py:188} INFO - [2024-01-21T13:21:59.149+0000] {dag.py:3823} INFO - Setting next_dagrun for example_sla_dag to 2024-01-21 13:18:00+00:00, run_after=2024-01-21 13:20:00+00:00
[2024-01-21T13:21:59.191+0000] {processor.py:183} INFO - Processing /home/airflow/.local/lib/python3.8/site-packages/airflow/example_dags/example_sla_dag.py took 0.148 seconds
[2024-01-21T13:22:29.655+0000] {processor.py:161} INFO - Started process (PID=265) to work on /home/airflow/.local/lib/python3.8/site-packages/airflow/example_dags/example_sla_dag.py
[2024-01-21T13:22:29.657+0000] {processor.py:830} INFO - Processing file /home/airflow/.local/lib/python3.8/site-packages/airflow/example_dags/example_sla_dag.py for tasks to queue
[2024-01-21T13:22:29.661+0000] {logging_mixin.py:188} INFO - [2024-01-21T13:22:29.660+0000] {dagbag.py:538} INFO - Filling up the DagBag from /home/airflow/.local/lib/python3.8/site-packages/airflow/example_dags/example_sla_dag.py
[2024-01-21T13:22:29.693+0000] {processor.py:840} INFO - DAG(s) 'example_sla_dag' retrieved from /home/airflow/.local/lib/python3.8/site-packages/airflow/example_dags/example_sla_dag.py
[2024-01-21T13:22:29.740+0000] {logging_mixin.py:188} INFO - [2024-01-21T13:22:29.739+0000] {dag.py:3036} INFO - Sync 1 DAGs
[2024-01-21T13:22:29.810+0000] {logging_mixin.py:188} INFO - [2024-01-21T13:22:29.809+0000] {dag.py:3823} INFO - Setting next_dagrun for example_sla_dag to 2024-01-21 13:20:00+00:00, run_after=2024-01-21 13:22:00+00:00
[2024-01-21T13:22:29.889+0000] {processor.py:183} INFO - Processing /home/airflow/.local/lib/python3.8/site-packages/airflow/example_dags/example_sla_dag.py took 0.240 seconds
[2024-01-21T13:38:58.441+0000] {processor.py:161} INFO - Started process (PID=43) to work on /home/airflow/.local/lib/python3.8/site-packages/airflow/example_dags/example_sla_dag.py
[2024-01-21T13:38:58.444+0000] {processor.py:830} INFO - Processing file /home/airflow/.local/lib/python3.8/site-packages/airflow/example_dags/example_sla_dag.py for tasks to queue
[2024-01-21T13:38:58.449+0000] {logging_mixin.py:188} INFO - [2024-01-21T13:38:58.448+0000] {dagbag.py:538} INFO - Filling up the DagBag from /home/airflow/.local/lib/python3.8/site-packages/airflow/example_dags/example_sla_dag.py
[2024-01-21T13:38:58.506+0000] {processor.py:840} INFO - DAG(s) 'example_sla_dag' retrieved from /home/airflow/.local/lib/python3.8/site-packages/airflow/example_dags/example_sla_dag.py
[2024-01-21T13:38:59.601+0000] {logging_mixin.py:188} INFO - [2024-01-21T13:38:59.600+0000] {dag.py:3036} INFO - Sync 1 DAGs
[2024-01-21T13:38:59.738+0000] {logging_mixin.py:188} INFO - [2024-01-21T13:38:59.738+0000] {dag.py:3823} INFO - Setting next_dagrun for example_sla_dag to 2024-01-21 13:36:00+00:00, run_after=2024-01-21 13:38:00+00:00
[2024-01-21T13:38:59.801+0000] {processor.py:183} INFO - Processing /home/airflow/.local/lib/python3.8/site-packages/airflow/example_dags/example_sla_dag.py took 1.369 seconds
[2024-01-21T13:39:44.299+0000] {processor.py:161} INFO - Started process (PID=104) to work on /home/airflow/.local/lib/python3.8/site-packages/airflow/example_dags/example_sla_dag.py
[2024-01-21T13:39:44.301+0000] {processor.py:830} INFO - Processing file /home/airflow/.local/lib/python3.8/site-packages/airflow/example_dags/example_sla_dag.py for tasks to queue
[2024-01-21T13:39:44.306+0000] {logging_mixin.py:188} INFO - [2024-01-21T13:39:44.305+0000] {dagbag.py:538} INFO - Filling up the DagBag from /home/airflow/.local/lib/python3.8/site-packages/airflow/example_dags/example_sla_dag.py
[2024-01-21T13:39:44.321+0000] {processor.py:840} INFO - DAG(s) 'example_sla_dag' retrieved from /home/airflow/.local/lib/python3.8/site-packages/airflow/example_dags/example_sla_dag.py
[2024-01-21T13:39:44.363+0000] {logging_mixin.py:188} INFO - [2024-01-21T13:39:44.363+0000] {dag.py:3036} INFO - Sync 1 DAGs
[2024-01-21T13:39:44.470+0000] {logging_mixin.py:188} INFO - [2024-01-21T13:39:44.470+0000] {dag.py:3823} INFO - Setting next_dagrun for example_sla_dag to 2024-01-21 13:36:00+00:00, run_after=2024-01-21 13:38:00+00:00
[2024-01-21T13:39:44.525+0000] {processor.py:183} INFO - Processing /home/airflow/.local/lib/python3.8/site-packages/airflow/example_dags/example_sla_dag.py took 0.231 seconds
[2024-01-21T13:40:21.611+0000] {processor.py:161} INFO - Started process (PID=149) to work on /home/airflow/.local/lib/python3.8/site-packages/airflow/example_dags/example_sla_dag.py
[2024-01-21T13:40:21.617+0000] {processor.py:830} INFO - Processing file /home/airflow/.local/lib/python3.8/site-packages/airflow/example_dags/example_sla_dag.py for tasks to queue
[2024-01-21T13:40:21.643+0000] {logging_mixin.py:188} INFO - [2024-01-21T13:40:21.643+0000] {dagbag.py:538} INFO - Filling up the DagBag from /home/airflow/.local/lib/python3.8/site-packages/airflow/example_dags/example_sla_dag.py
[2024-01-21T13:40:21.706+0000] {processor.py:840} INFO - DAG(s) 'example_sla_dag' retrieved from /home/airflow/.local/lib/python3.8/site-packages/airflow/example_dags/example_sla_dag.py
[2024-01-21T13:40:21.759+0000] {logging_mixin.py:188} INFO - [2024-01-21T13:40:21.758+0000] {dag.py:3036} INFO - Sync 1 DAGs
[2024-01-21T13:40:22.511+0000] {logging_mixin.py:188} INFO - [2024-01-21T13:40:22.510+0000] {dag.py:3823} INFO - Setting next_dagrun for example_sla_dag to 2024-01-21 13:38:00+00:00, run_after=2024-01-21 13:40:00+00:00
[2024-01-21T13:40:22.596+0000] {processor.py:183} INFO - Processing /home/airflow/.local/lib/python3.8/site-packages/airflow/example_dags/example_sla_dag.py took 0.994 seconds
[2024-01-21T13:40:53.053+0000] {processor.py:161} INFO - Started process (PID=206) to work on /home/airflow/.local/lib/python3.8/site-packages/airflow/example_dags/example_sla_dag.py
[2024-01-21T13:40:53.055+0000] {processor.py:830} INFO - Processing file /home/airflow/.local/lib/python3.8/site-packages/airflow/example_dags/example_sla_dag.py for tasks to queue
[2024-01-21T13:40:53.060+0000] {logging_mixin.py:188} INFO - [2024-01-21T13:40:53.059+0000] {dagbag.py:538} INFO - Filling up the DagBag from /home/airflow/.local/lib/python3.8/site-packages/airflow/example_dags/example_sla_dag.py
[2024-01-21T13:40:53.084+0000] {processor.py:840} INFO - DAG(s) 'example_sla_dag' retrieved from /home/airflow/.local/lib/python3.8/site-packages/airflow/example_dags/example_sla_dag.py
[2024-01-21T13:40:53.143+0000] {logging_mixin.py:188} INFO - [2024-01-21T13:40:53.142+0000] {dag.py:3036} INFO - Sync 1 DAGs
[2024-01-21T13:40:53.222+0000] {logging_mixin.py:188} INFO - [2024-01-21T13:40:53.222+0000] {dag.py:3823} INFO - Setting next_dagrun for example_sla_dag to 2024-01-21 13:38:00+00:00, run_after=2024-01-21 13:40:00+00:00
[2024-01-21T13:40:53.279+0000] {processor.py:183} INFO - Processing /home/airflow/.local/lib/python3.8/site-packages/airflow/example_dags/example_sla_dag.py took 0.237 seconds
[2024-01-21T13:41:23.760+0000] {processor.py:161} INFO - Started process (PID=262) to work on /home/airflow/.local/lib/python3.8/site-packages/airflow/example_dags/example_sla_dag.py
[2024-01-21T13:41:23.772+0000] {processor.py:830} INFO - Processing file /home/airflow/.local/lib/python3.8/site-packages/airflow/example_dags/example_sla_dag.py for tasks to queue
[2024-01-21T13:41:23.775+0000] {logging_mixin.py:188} INFO - [2024-01-21T13:41:23.775+0000] {dagbag.py:538} INFO - Filling up the DagBag from /home/airflow/.local/lib/python3.8/site-packages/airflow/example_dags/example_sla_dag.py
[2024-01-21T13:41:23.795+0000] {processor.py:840} INFO - DAG(s) 'example_sla_dag' retrieved from /home/airflow/.local/lib/python3.8/site-packages/airflow/example_dags/example_sla_dag.py
[2024-01-21T13:41:23.904+0000] {logging_mixin.py:188} INFO - [2024-01-21T13:41:23.904+0000] {dag.py:3036} INFO - Sync 1 DAGs
[2024-01-21T13:41:24.013+0000] {logging_mixin.py:188} INFO - [2024-01-21T13:41:24.013+0000] {dag.py:3823} INFO - Setting next_dagrun for example_sla_dag to 2024-01-21 13:38:00+00:00, run_after=2024-01-21 13:40:00+00:00
[2024-01-21T13:41:24.053+0000] {processor.py:183} INFO - Processing /home/airflow/.local/lib/python3.8/site-packages/airflow/example_dags/example_sla_dag.py took 0.300 seconds
[2024-01-21T13:41:54.787+0000] {processor.py:161} INFO - Started process (PID=317) to work on /home/airflow/.local/lib/python3.8/site-packages/airflow/example_dags/example_sla_dag.py
[2024-01-21T13:41:54.795+0000] {processor.py:830} INFO - Processing file /home/airflow/.local/lib/python3.8/site-packages/airflow/example_dags/example_sla_dag.py for tasks to queue
[2024-01-21T13:41:54.805+0000] {logging_mixin.py:188} INFO - [2024-01-21T13:41:54.804+0000] {dagbag.py:538} INFO - Filling up the DagBag from /home/airflow/.local/lib/python3.8/site-packages/airflow/example_dags/example_sla_dag.py
[2024-01-21T13:41:54.829+0000] {processor.py:840} INFO - DAG(s) 'example_sla_dag' retrieved from /home/airflow/.local/lib/python3.8/site-packages/airflow/example_dags/example_sla_dag.py
[2024-01-21T13:41:54.877+0000] {logging_mixin.py:188} INFO - [2024-01-21T13:41:54.876+0000] {dag.py:3036} INFO - Sync 1 DAGs
[2024-01-21T13:41:54.970+0000] {logging_mixin.py:188} INFO - [2024-01-21T13:41:54.970+0000] {dag.py:3823} INFO - Setting next_dagrun for example_sla_dag to 2024-01-21 13:38:00+00:00, run_after=2024-01-21 13:40:00+00:00
[2024-01-21T13:41:55.026+0000] {processor.py:183} INFO - Processing /home/airflow/.local/lib/python3.8/site-packages/airflow/example_dags/example_sla_dag.py took 0.247 seconds
[2024-01-21T13:42:25.346+0000] {processor.py:161} INFO - Started process (PID=372) to work on /home/airflow/.local/lib/python3.8/site-packages/airflow/example_dags/example_sla_dag.py
[2024-01-21T13:42:25.350+0000] {processor.py:830} INFO - Processing file /home/airflow/.local/lib/python3.8/site-packages/airflow/example_dags/example_sla_dag.py for tasks to queue
[2024-01-21T13:42:25.355+0000] {logging_mixin.py:188} INFO - [2024-01-21T13:42:25.355+0000] {dagbag.py:538} INFO - Filling up the DagBag from /home/airflow/.local/lib/python3.8/site-packages/airflow/example_dags/example_sla_dag.py
[2024-01-21T13:42:25.375+0000] {processor.py:840} INFO - DAG(s) 'example_sla_dag' retrieved from /home/airflow/.local/lib/python3.8/site-packages/airflow/example_dags/example_sla_dag.py
[2024-01-21T13:42:25.422+0000] {logging_mixin.py:188} INFO - [2024-01-21T13:42:25.422+0000] {dag.py:3036} INFO - Sync 1 DAGs
[2024-01-21T13:42:25.487+0000] {logging_mixin.py:188} INFO - [2024-01-21T13:42:25.487+0000] {dag.py:3823} INFO - Setting next_dagrun for example_sla_dag to 2024-01-21 13:40:00+00:00, run_after=2024-01-21 13:42:00+00:00
[2024-01-21T13:42:25.538+0000] {processor.py:183} INFO - Processing /home/airflow/.local/lib/python3.8/site-packages/airflow/example_dags/example_sla_dag.py took 0.200 seconds
[2024-01-21T13:42:55.605+0000] {processor.py:161} INFO - Started process (PID=427) to work on /home/airflow/.local/lib/python3.8/site-packages/airflow/example_dags/example_sla_dag.py
[2024-01-21T13:42:55.609+0000] {processor.py:830} INFO - Processing file /home/airflow/.local/lib/python3.8/site-packages/airflow/example_dags/example_sla_dag.py for tasks to queue
[2024-01-21T13:42:55.615+0000] {logging_mixin.py:188} INFO - [2024-01-21T13:42:55.614+0000] {dagbag.py:538} INFO - Filling up the DagBag from /home/airflow/.local/lib/python3.8/site-packages/airflow/example_dags/example_sla_dag.py
[2024-01-21T13:42:55.668+0000] {processor.py:840} INFO - DAG(s) 'example_sla_dag' retrieved from /home/airflow/.local/lib/python3.8/site-packages/airflow/example_dags/example_sla_dag.py
[2024-01-21T13:42:55.767+0000] {logging_mixin.py:188} INFO - [2024-01-21T13:42:55.767+0000] {dag.py:3036} INFO - Sync 1 DAGs
[2024-01-21T13:42:55.892+0000] {logging_mixin.py:188} INFO - [2024-01-21T13:42:55.891+0000] {dag.py:3823} INFO - Setting next_dagrun for example_sla_dag to 2024-01-21 13:40:00+00:00, run_after=2024-01-21 13:42:00+00:00
[2024-01-21T13:42:55.962+0000] {processor.py:183} INFO - Processing /home/airflow/.local/lib/python3.8/site-packages/airflow/example_dags/example_sla_dag.py took 0.366 seconds
[2024-01-21T13:43:26.899+0000] {processor.py:161} INFO - Started process (PID=482) to work on /home/airflow/.local/lib/python3.8/site-packages/airflow/example_dags/example_sla_dag.py
[2024-01-21T13:43:26.901+0000] {processor.py:830} INFO - Processing file /home/airflow/.local/lib/python3.8/site-packages/airflow/example_dags/example_sla_dag.py for tasks to queue
[2024-01-21T13:43:26.905+0000] {logging_mixin.py:188} INFO - [2024-01-21T13:43:26.905+0000] {dagbag.py:538} INFO - Filling up the DagBag from /home/airflow/.local/lib/python3.8/site-packages/airflow/example_dags/example_sla_dag.py
[2024-01-21T13:43:26.921+0000] {processor.py:840} INFO - DAG(s) 'example_sla_dag' retrieved from /home/airflow/.local/lib/python3.8/site-packages/airflow/example_dags/example_sla_dag.py
[2024-01-21T13:43:26.961+0000] {logging_mixin.py:188} INFO - [2024-01-21T13:43:26.961+0000] {dag.py:3036} INFO - Sync 1 DAGs
[2024-01-21T13:43:27.009+0000] {logging_mixin.py:188} INFO - [2024-01-21T13:43:27.009+0000] {dag.py:3823} INFO - Setting next_dagrun for example_sla_dag to 2024-01-21 13:40:00+00:00, run_after=2024-01-21 13:42:00+00:00
[2024-01-21T13:43:27.050+0000] {processor.py:183} INFO - Processing /home/airflow/.local/lib/python3.8/site-packages/airflow/example_dags/example_sla_dag.py took 0.157 seconds
[2024-01-21T13:43:58.129+0000] {processor.py:161} INFO - Started process (PID=538) to work on /home/airflow/.local/lib/python3.8/site-packages/airflow/example_dags/example_sla_dag.py
[2024-01-21T13:43:58.133+0000] {processor.py:830} INFO - Processing file /home/airflow/.local/lib/python3.8/site-packages/airflow/example_dags/example_sla_dag.py for tasks to queue
[2024-01-21T13:43:58.142+0000] {logging_mixin.py:188} INFO - [2024-01-21T13:43:58.141+0000] {dagbag.py:538} INFO - Filling up the DagBag from /home/airflow/.local/lib/python3.8/site-packages/airflow/example_dags/example_sla_dag.py
[2024-01-21T13:43:58.193+0000] {processor.py:840} INFO - DAG(s) 'example_sla_dag' retrieved from /home/airflow/.local/lib/python3.8/site-packages/airflow/example_dags/example_sla_dag.py
[2024-01-21T13:43:58.279+0000] {logging_mixin.py:188} INFO - [2024-01-21T13:43:58.279+0000] {dag.py:3036} INFO - Sync 1 DAGs
[2024-01-21T13:43:58.398+0000] {logging_mixin.py:188} INFO - [2024-01-21T13:43:58.397+0000] {dag.py:3823} INFO - Setting next_dagrun for example_sla_dag to 2024-01-21 13:40:00+00:00, run_after=2024-01-21 13:42:00+00:00
[2024-01-21T13:43:58.449+0000] {processor.py:183} INFO - Processing /home/airflow/.local/lib/python3.8/site-packages/airflow/example_dags/example_sla_dag.py took 0.334 seconds
[2024-01-21T13:44:28.823+0000] {processor.py:161} INFO - Started process (PID=593) to work on /home/airflow/.local/lib/python3.8/site-packages/airflow/example_dags/example_sla_dag.py
[2024-01-21T13:44:28.826+0000] {processor.py:830} INFO - Processing file /home/airflow/.local/lib/python3.8/site-packages/airflow/example_dags/example_sla_dag.py for tasks to queue
[2024-01-21T13:44:28.831+0000] {logging_mixin.py:188} INFO - [2024-01-21T13:44:28.830+0000] {dagbag.py:538} INFO - Filling up the DagBag from /home/airflow/.local/lib/python3.8/site-packages/airflow/example_dags/example_sla_dag.py
[2024-01-21T13:44:28.851+0000] {processor.py:840} INFO - DAG(s) 'example_sla_dag' retrieved from /home/airflow/.local/lib/python3.8/site-packages/airflow/example_dags/example_sla_dag.py
[2024-01-21T13:44:28.894+0000] {logging_mixin.py:188} INFO - [2024-01-21T13:44:28.893+0000] {dag.py:3036} INFO - Sync 1 DAGs
[2024-01-21T13:44:28.954+0000] {logging_mixin.py:188} INFO - [2024-01-21T13:44:28.953+0000] {dag.py:3823} INFO - Setting next_dagrun for example_sla_dag to 2024-01-21 13:42:00+00:00, run_after=2024-01-21 13:44:00+00:00
[2024-01-21T13:44:28.998+0000] {processor.py:183} INFO - Processing /home/airflow/.local/lib/python3.8/site-packages/airflow/example_dags/example_sla_dag.py took 0.182 seconds
[2024-01-21T13:44:59.421+0000] {processor.py:161} INFO - Started process (PID=649) to work on /home/airflow/.local/lib/python3.8/site-packages/airflow/example_dags/example_sla_dag.py
[2024-01-21T13:44:59.424+0000] {processor.py:830} INFO - Processing file /home/airflow/.local/lib/python3.8/site-packages/airflow/example_dags/example_sla_dag.py for tasks to queue
[2024-01-21T13:44:59.430+0000] {logging_mixin.py:188} INFO - [2024-01-21T13:44:59.429+0000] {dagbag.py:538} INFO - Filling up the DagBag from /home/airflow/.local/lib/python3.8/site-packages/airflow/example_dags/example_sla_dag.py
[2024-01-21T13:44:59.453+0000] {processor.py:840} INFO - DAG(s) 'example_sla_dag' retrieved from /home/airflow/.local/lib/python3.8/site-packages/airflow/example_dags/example_sla_dag.py
[2024-01-21T13:44:59.517+0000] {logging_mixin.py:188} INFO - [2024-01-21T13:44:59.516+0000] {dag.py:3036} INFO - Sync 1 DAGs
[2024-01-21T13:44:59.682+0000] {logging_mixin.py:188} INFO - [2024-01-21T13:44:59.682+0000] {dag.py:3823} INFO - Setting next_dagrun for example_sla_dag to 2024-01-21 13:42:00+00:00, run_after=2024-01-21 13:44:00+00:00
[2024-01-21T13:44:59.731+0000] {processor.py:183} INFO - Processing /home/airflow/.local/lib/python3.8/site-packages/airflow/example_dags/example_sla_dag.py took 0.318 seconds
[2024-01-21T13:45:29.971+0000] {processor.py:161} INFO - Started process (PID=705) to work on /home/airflow/.local/lib/python3.8/site-packages/airflow/example_dags/example_sla_dag.py
[2024-01-21T13:45:29.976+0000] {processor.py:830} INFO - Processing file /home/airflow/.local/lib/python3.8/site-packages/airflow/example_dags/example_sla_dag.py for tasks to queue
[2024-01-21T13:45:29.981+0000] {logging_mixin.py:188} INFO - [2024-01-21T13:45:29.981+0000] {dagbag.py:538} INFO - Filling up the DagBag from /home/airflow/.local/lib/python3.8/site-packages/airflow/example_dags/example_sla_dag.py
[2024-01-21T13:45:30.017+0000] {processor.py:840} INFO - DAG(s) 'example_sla_dag' retrieved from /home/airflow/.local/lib/python3.8/site-packages/airflow/example_dags/example_sla_dag.py
[2024-01-21T13:45:30.081+0000] {logging_mixin.py:188} INFO - [2024-01-21T13:45:30.080+0000] {dag.py:3036} INFO - Sync 1 DAGs
[2024-01-21T13:45:30.157+0000] {logging_mixin.py:188} INFO - [2024-01-21T13:45:30.156+0000] {dag.py:3823} INFO - Setting next_dagrun for example_sla_dag to 2024-01-21 13:42:00+00:00, run_after=2024-01-21 13:44:00+00:00
[2024-01-21T13:45:30.196+0000] {processor.py:183} INFO - Processing /home/airflow/.local/lib/python3.8/site-packages/airflow/example_dags/example_sla_dag.py took 0.241 seconds
[2024-01-21T13:46:00.341+0000] {processor.py:161} INFO - Started process (PID=760) to work on /home/airflow/.local/lib/python3.8/site-packages/airflow/example_dags/example_sla_dag.py
[2024-01-21T13:46:00.347+0000] {processor.py:830} INFO - Processing file /home/airflow/.local/lib/python3.8/site-packages/airflow/example_dags/example_sla_dag.py for tasks to queue
[2024-01-21T13:46:00.354+0000] {logging_mixin.py:188} INFO - [2024-01-21T13:46:00.354+0000] {dagbag.py:538} INFO - Filling up the DagBag from /home/airflow/.local/lib/python3.8/site-packages/airflow/example_dags/example_sla_dag.py
[2024-01-21T13:46:00.385+0000] {processor.py:840} INFO - DAG(s) 'example_sla_dag' retrieved from /home/airflow/.local/lib/python3.8/site-packages/airflow/example_dags/example_sla_dag.py
[2024-01-21T13:46:00.452+0000] {logging_mixin.py:188} INFO - [2024-01-21T13:46:00.452+0000] {dag.py:3036} INFO - Sync 1 DAGs
[2024-01-21T13:46:00.568+0000] {logging_mixin.py:188} INFO - [2024-01-21T13:46:00.567+0000] {dag.py:3823} INFO - Setting next_dagrun for example_sla_dag to 2024-01-21 13:44:00+00:00, run_after=2024-01-21 13:46:00+00:00
[2024-01-21T13:46:00.612+0000] {processor.py:183} INFO - Processing /home/airflow/.local/lib/python3.8/site-packages/airflow/example_dags/example_sla_dag.py took 0.283 seconds
[2024-01-21T13:46:32.451+0000] {processor.py:161} INFO - Started process (PID=817) to work on /home/airflow/.local/lib/python3.8/site-packages/airflow/example_dags/example_sla_dag.py
[2024-01-21T13:46:32.454+0000] {processor.py:830} INFO - Processing file /home/airflow/.local/lib/python3.8/site-packages/airflow/example_dags/example_sla_dag.py for tasks to queue
[2024-01-21T13:46:32.461+0000] {logging_mixin.py:188} INFO - [2024-01-21T13:46:32.460+0000] {dagbag.py:538} INFO - Filling up the DagBag from /home/airflow/.local/lib/python3.8/site-packages/airflow/example_dags/example_sla_dag.py
[2024-01-21T13:46:32.494+0000] {processor.py:840} INFO - DAG(s) 'example_sla_dag' retrieved from /home/airflow/.local/lib/python3.8/site-packages/airflow/example_dags/example_sla_dag.py
[2024-01-21T13:46:32.629+0000] {logging_mixin.py:188} INFO - [2024-01-21T13:46:32.625+0000] {dag.py:3036} INFO - Sync 1 DAGs
[2024-01-21T13:46:32.795+0000] {logging_mixin.py:188} INFO - [2024-01-21T13:46:32.794+0000] {dag.py:3823} INFO - Setting next_dagrun for example_sla_dag to 2024-01-21 13:44:00+00:00, run_after=2024-01-21 13:46:00+00:00
[2024-01-21T13:46:32.886+0000] {processor.py:183} INFO - Processing /home/airflow/.local/lib/python3.8/site-packages/airflow/example_dags/example_sla_dag.py took 0.451 seconds
[2024-01-21T13:47:03.213+0000] {processor.py:161} INFO - Started process (PID=871) to work on /home/airflow/.local/lib/python3.8/site-packages/airflow/example_dags/example_sla_dag.py
[2024-01-21T13:47:03.217+0000] {processor.py:830} INFO - Processing file /home/airflow/.local/lib/python3.8/site-packages/airflow/example_dags/example_sla_dag.py for tasks to queue
[2024-01-21T13:47:03.225+0000] {logging_mixin.py:188} INFO - [2024-01-21T13:47:03.224+0000] {dagbag.py:538} INFO - Filling up the DagBag from /home/airflow/.local/lib/python3.8/site-packages/airflow/example_dags/example_sla_dag.py
[2024-01-21T13:47:03.297+0000] {processor.py:840} INFO - DAG(s) 'example_sla_dag' retrieved from /home/airflow/.local/lib/python3.8/site-packages/airflow/example_dags/example_sla_dag.py
[2024-01-21T13:47:03.358+0000] {logging_mixin.py:188} INFO - [2024-01-21T13:47:03.358+0000] {dag.py:3036} INFO - Sync 1 DAGs
[2024-01-21T13:47:03.439+0000] {logging_mixin.py:188} INFO - [2024-01-21T13:47:03.438+0000] {dag.py:3823} INFO - Setting next_dagrun for example_sla_dag to 2024-01-21 13:44:00+00:00, run_after=2024-01-21 13:46:00+00:00
[2024-01-21T13:47:03.498+0000] {processor.py:183} INFO - Processing /home/airflow/.local/lib/python3.8/site-packages/airflow/example_dags/example_sla_dag.py took 0.301 seconds
[2024-01-21T13:47:33.660+0000] {processor.py:161} INFO - Started process (PID=927) to work on /home/airflow/.local/lib/python3.8/site-packages/airflow/example_dags/example_sla_dag.py
[2024-01-21T13:47:33.662+0000] {processor.py:830} INFO - Processing file /home/airflow/.local/lib/python3.8/site-packages/airflow/example_dags/example_sla_dag.py for tasks to queue
[2024-01-21T13:47:33.666+0000] {logging_mixin.py:188} INFO - [2024-01-21T13:47:33.666+0000] {dagbag.py:538} INFO - Filling up the DagBag from /home/airflow/.local/lib/python3.8/site-packages/airflow/example_dags/example_sla_dag.py
[2024-01-21T13:47:33.682+0000] {processor.py:840} INFO - DAG(s) 'example_sla_dag' retrieved from /home/airflow/.local/lib/python3.8/site-packages/airflow/example_dags/example_sla_dag.py
[2024-01-21T13:47:33.719+0000] {logging_mixin.py:188} INFO - [2024-01-21T13:47:33.718+0000] {dag.py:3036} INFO - Sync 1 DAGs
[2024-01-21T13:47:33.766+0000] {logging_mixin.py:188} INFO - [2024-01-21T13:47:33.765+0000] {dag.py:3823} INFO - Setting next_dagrun for example_sla_dag to 2024-01-21 13:44:00+00:00, run_after=2024-01-21 13:46:00+00:00
[2024-01-21T13:47:33.798+0000] {processor.py:183} INFO - Processing /home/airflow/.local/lib/python3.8/site-packages/airflow/example_dags/example_sla_dag.py took 0.144 seconds
[2024-01-21T13:48:04.417+0000] {processor.py:161} INFO - Started process (PID=981) to work on /home/airflow/.local/lib/python3.8/site-packages/airflow/example_dags/example_sla_dag.py
[2024-01-21T13:48:04.431+0000] {processor.py:830} INFO - Processing file /home/airflow/.local/lib/python3.8/site-packages/airflow/example_dags/example_sla_dag.py for tasks to queue
[2024-01-21T13:48:04.439+0000] {logging_mixin.py:188} INFO - [2024-01-21T13:48:04.438+0000] {dagbag.py:538} INFO - Filling up the DagBag from /home/airflow/.local/lib/python3.8/site-packages/airflow/example_dags/example_sla_dag.py
[2024-01-21T13:48:04.537+0000] {processor.py:840} INFO - DAG(s) 'example_sla_dag' retrieved from /home/airflow/.local/lib/python3.8/site-packages/airflow/example_dags/example_sla_dag.py
[2024-01-21T13:48:04.675+0000] {logging_mixin.py:188} INFO - [2024-01-21T13:48:04.675+0000] {dag.py:3036} INFO - Sync 1 DAGs
[2024-01-21T13:48:04.918+0000] {logging_mixin.py:188} INFO - [2024-01-21T13:48:04.917+0000] {dag.py:3823} INFO - Setting next_dagrun for example_sla_dag to 2024-01-21 13:46:00+00:00, run_after=2024-01-21 13:48:00+00:00
[2024-01-21T13:48:05.319+0000] {processor.py:183} INFO - Processing /home/airflow/.local/lib/python3.8/site-packages/airflow/example_dags/example_sla_dag.py took 0.927 seconds
[2024-01-21T13:48:35.968+0000] {processor.py:161} INFO - Started process (PID=1036) to work on /home/airflow/.local/lib/python3.8/site-packages/airflow/example_dags/example_sla_dag.py
[2024-01-21T13:48:35.970+0000] {processor.py:830} INFO - Processing file /home/airflow/.local/lib/python3.8/site-packages/airflow/example_dags/example_sla_dag.py for tasks to queue
[2024-01-21T13:48:35.976+0000] {logging_mixin.py:188} INFO - [2024-01-21T13:48:35.975+0000] {dagbag.py:538} INFO - Filling up the DagBag from /home/airflow/.local/lib/python3.8/site-packages/airflow/example_dags/example_sla_dag.py
[2024-01-21T13:48:35.997+0000] {processor.py:840} INFO - DAG(s) 'example_sla_dag' retrieved from /home/airflow/.local/lib/python3.8/site-packages/airflow/example_dags/example_sla_dag.py
[2024-01-21T13:48:36.046+0000] {logging_mixin.py:188} INFO - [2024-01-21T13:48:36.045+0000] {dag.py:3036} INFO - Sync 1 DAGs
[2024-01-21T13:48:36.116+0000] {logging_mixin.py:188} INFO - [2024-01-21T13:48:36.116+0000] {dag.py:3823} INFO - Setting next_dagrun for example_sla_dag to 2024-01-21 13:46:00+00:00, run_after=2024-01-21 13:48:00+00:00
[2024-01-21T13:48:36.164+0000] {processor.py:183} INFO - Processing /home/airflow/.local/lib/python3.8/site-packages/airflow/example_dags/example_sla_dag.py took 0.206 seconds
[2024-01-21T13:49:06.359+0000] {processor.py:161} INFO - Started process (PID=1092) to work on /home/airflow/.local/lib/python3.8/site-packages/airflow/example_dags/example_sla_dag.py
[2024-01-21T13:49:06.362+0000] {processor.py:830} INFO - Processing file /home/airflow/.local/lib/python3.8/site-packages/airflow/example_dags/example_sla_dag.py for tasks to queue
[2024-01-21T13:49:06.366+0000] {logging_mixin.py:188} INFO - [2024-01-21T13:49:06.365+0000] {dagbag.py:538} INFO - Filling up the DagBag from /home/airflow/.local/lib/python3.8/site-packages/airflow/example_dags/example_sla_dag.py
[2024-01-21T13:49:06.381+0000] {processor.py:840} INFO - DAG(s) 'example_sla_dag' retrieved from /home/airflow/.local/lib/python3.8/site-packages/airflow/example_dags/example_sla_dag.py
[2024-01-21T13:49:06.417+0000] {logging_mixin.py:188} INFO - [2024-01-21T13:49:06.417+0000] {dag.py:3036} INFO - Sync 1 DAGs
[2024-01-21T13:49:06.465+0000] {logging_mixin.py:188} INFO - [2024-01-21T13:49:06.465+0000] {dag.py:3823} INFO - Setting next_dagrun for example_sla_dag to 2024-01-21 13:46:00+00:00, run_after=2024-01-21 13:48:00+00:00
[2024-01-21T13:49:06.502+0000] {processor.py:183} INFO - Processing /home/airflow/.local/lib/python3.8/site-packages/airflow/example_dags/example_sla_dag.py took 0.150 seconds
[2024-01-21T13:49:37.182+0000] {processor.py:161} INFO - Started process (PID=1148) to work on /home/airflow/.local/lib/python3.8/site-packages/airflow/example_dags/example_sla_dag.py
[2024-01-21T13:49:37.184+0000] {processor.py:830} INFO - Processing file /home/airflow/.local/lib/python3.8/site-packages/airflow/example_dags/example_sla_dag.py for tasks to queue
[2024-01-21T13:49:37.189+0000] {logging_mixin.py:188} INFO - [2024-01-21T13:49:37.188+0000] {dagbag.py:538} INFO - Filling up the DagBag from /home/airflow/.local/lib/python3.8/site-packages/airflow/example_dags/example_sla_dag.py
[2024-01-21T13:49:37.210+0000] {processor.py:840} INFO - DAG(s) 'example_sla_dag' retrieved from /home/airflow/.local/lib/python3.8/site-packages/airflow/example_dags/example_sla_dag.py
[2024-01-21T13:49:37.338+0000] {logging_mixin.py:188} INFO - [2024-01-21T13:49:37.337+0000] {dag.py:3036} INFO - Sync 1 DAGs
[2024-01-21T13:49:37.533+0000] {logging_mixin.py:188} INFO - [2024-01-21T13:49:37.532+0000] {dag.py:3823} INFO - Setting next_dagrun for example_sla_dag to 2024-01-21 13:46:00+00:00, run_after=2024-01-21 13:48:00+00:00
[2024-01-21T13:49:37.579+0000] {processor.py:183} INFO - Processing /home/airflow/.local/lib/python3.8/site-packages/airflow/example_dags/example_sla_dag.py took 0.404 seconds
[2024-01-21T13:50:07.647+0000] {processor.py:161} INFO - Started process (PID=1205) to work on /home/airflow/.local/lib/python3.8/site-packages/airflow/example_dags/example_sla_dag.py
[2024-01-21T13:50:07.649+0000] {processor.py:830} INFO - Processing file /home/airflow/.local/lib/python3.8/site-packages/airflow/example_dags/example_sla_dag.py for tasks to queue
[2024-01-21T13:50:07.652+0000] {logging_mixin.py:188} INFO - [2024-01-21T13:50:07.652+0000] {dagbag.py:538} INFO - Filling up the DagBag from /home/airflow/.local/lib/python3.8/site-packages/airflow/example_dags/example_sla_dag.py
[2024-01-21T13:50:07.667+0000] {processor.py:840} INFO - DAG(s) 'example_sla_dag' retrieved from /home/airflow/.local/lib/python3.8/site-packages/airflow/example_dags/example_sla_dag.py
[2024-01-21T13:50:07.702+0000] {logging_mixin.py:188} INFO - [2024-01-21T13:50:07.702+0000] {dag.py:3036} INFO - Sync 1 DAGs
[2024-01-21T13:50:07.746+0000] {logging_mixin.py:188} INFO - [2024-01-21T13:50:07.745+0000] {dag.py:3823} INFO - Setting next_dagrun for example_sla_dag to 2024-01-21 13:48:00+00:00, run_after=2024-01-21 13:50:00+00:00
[2024-01-21T13:50:07.783+0000] {processor.py:183} INFO - Processing /home/airflow/.local/lib/python3.8/site-packages/airflow/example_dags/example_sla_dag.py took 0.142 seconds
[2024-01-21T13:50:38.357+0000] {processor.py:161} INFO - Started process (PID=1261) to work on /home/airflow/.local/lib/python3.8/site-packages/airflow/example_dags/example_sla_dag.py
[2024-01-21T13:50:38.361+0000] {processor.py:830} INFO - Processing file /home/airflow/.local/lib/python3.8/site-packages/airflow/example_dags/example_sla_dag.py for tasks to queue
[2024-01-21T13:50:38.365+0000] {logging_mixin.py:188} INFO - [2024-01-21T13:50:38.364+0000] {dagbag.py:538} INFO - Filling up the DagBag from /home/airflow/.local/lib/python3.8/site-packages/airflow/example_dags/example_sla_dag.py
[2024-01-21T13:50:38.380+0000] {processor.py:840} INFO - DAG(s) 'example_sla_dag' retrieved from /home/airflow/.local/lib/python3.8/site-packages/airflow/example_dags/example_sla_dag.py
[2024-01-21T13:50:38.418+0000] {logging_mixin.py:188} INFO - [2024-01-21T13:50:38.417+0000] {dag.py:3036} INFO - Sync 1 DAGs
[2024-01-21T13:50:38.463+0000] {logging_mixin.py:188} INFO - [2024-01-21T13:50:38.462+0000] {dag.py:3823} INFO - Setting next_dagrun for example_sla_dag to 2024-01-21 13:48:00+00:00, run_after=2024-01-21 13:50:00+00:00
[2024-01-21T13:50:38.493+0000] {processor.py:183} INFO - Processing /home/airflow/.local/lib/python3.8/site-packages/airflow/example_dags/example_sla_dag.py took 0.144 seconds
[2024-01-21T13:51:08.777+0000] {processor.py:161} INFO - Started process (PID=1317) to work on /home/airflow/.local/lib/python3.8/site-packages/airflow/example_dags/example_sla_dag.py
[2024-01-21T13:51:08.792+0000] {processor.py:830} INFO - Processing file /home/airflow/.local/lib/python3.8/site-packages/airflow/example_dags/example_sla_dag.py for tasks to queue
[2024-01-21T13:51:08.802+0000] {logging_mixin.py:188} INFO - [2024-01-21T13:51:08.801+0000] {dagbag.py:538} INFO - Filling up the DagBag from /home/airflow/.local/lib/python3.8/site-packages/airflow/example_dags/example_sla_dag.py
[2024-01-21T13:51:08.826+0000] {processor.py:840} INFO - DAG(s) 'example_sla_dag' retrieved from /home/airflow/.local/lib/python3.8/site-packages/airflow/example_dags/example_sla_dag.py
[2024-01-21T13:51:08.870+0000] {logging_mixin.py:188} INFO - [2024-01-21T13:51:08.870+0000] {dag.py:3036} INFO - Sync 1 DAGs
[2024-01-21T13:51:08.941+0000] {logging_mixin.py:188} INFO - [2024-01-21T13:51:08.941+0000] {dag.py:3823} INFO - Setting next_dagrun for example_sla_dag to 2024-01-21 13:48:00+00:00, run_after=2024-01-21 13:50:00+00:00
[2024-01-21T13:51:08.987+0000] {processor.py:183} INFO - Processing /home/airflow/.local/lib/python3.8/site-packages/airflow/example_dags/example_sla_dag.py took 0.216 seconds
