[2024-01-21T13:20:25.356+0000] {processor.py:161} INFO - Started process (PID=50) to work on /home/airflow/.local/lib/python3.8/site-packages/airflow/example_dags/example_short_circuit_decorator.py
[2024-01-21T13:20:25.359+0000] {processor.py:830} INFO - Processing file /home/airflow/.local/lib/python3.8/site-packages/airflow/example_dags/example_short_circuit_decorator.py for tasks to queue
[2024-01-21T13:20:25.365+0000] {logging_mixin.py:188} INFO - [2024-01-21T13:20:25.364+0000] {dagbag.py:538} INFO - Filling up the DagBag from /home/airflow/.local/lib/python3.8/site-packages/airflow/example_dags/example_short_circuit_decorator.py
[2024-01-21T13:20:25.436+0000] {processor.py:840} INFO - DAG(s) 'example_short_circuit_decorator' retrieved from /home/airflow/.local/lib/python3.8/site-packages/airflow/example_dags/example_short_circuit_decorator.py
[2024-01-21T13:20:25.666+0000] {logging_mixin.py:188} INFO - [2024-01-21T13:20:25.665+0000] {dag.py:3036} INFO - Sync 1 DAGs
[2024-01-21T13:20:25.720+0000] {logging_mixin.py:188} INFO - [2024-01-21T13:20:25.720+0000] {dag.py:3823} INFO - Setting next_dagrun for example_short_circuit_decorator to 2024-01-20 00:00:00+00:00, run_after=2024-01-21 00:00:00+00:00
[2024-01-21T13:20:25.772+0000] {processor.py:183} INFO - Processing /home/airflow/.local/lib/python3.8/site-packages/airflow/example_dags/example_short_circuit_decorator.py took 0.427 seconds
[2024-01-21T13:20:56.791+0000] {processor.py:161} INFO - Started process (PID=105) to work on /home/airflow/.local/lib/python3.8/site-packages/airflow/example_dags/example_short_circuit_decorator.py
[2024-01-21T13:20:56.794+0000] {processor.py:830} INFO - Processing file /home/airflow/.local/lib/python3.8/site-packages/airflow/example_dags/example_short_circuit_decorator.py for tasks to queue
[2024-01-21T13:20:56.801+0000] {logging_mixin.py:188} INFO - [2024-01-21T13:20:56.799+0000] {dagbag.py:538} INFO - Filling up the DagBag from /home/airflow/.local/lib/python3.8/site-packages/airflow/example_dags/example_short_circuit_decorator.py
[2024-01-21T13:20:56.831+0000] {processor.py:840} INFO - DAG(s) 'example_short_circuit_decorator' retrieved from /home/airflow/.local/lib/python3.8/site-packages/airflow/example_dags/example_short_circuit_decorator.py
[2024-01-21T13:20:56.891+0000] {logging_mixin.py:188} INFO - [2024-01-21T13:20:56.890+0000] {dag.py:3036} INFO - Sync 1 DAGs
[2024-01-21T13:20:56.947+0000] {logging_mixin.py:188} INFO - [2024-01-21T13:20:56.946+0000] {dag.py:3823} INFO - Setting next_dagrun for example_short_circuit_decorator to 2024-01-20 00:00:00+00:00, run_after=2024-01-21 00:00:00+00:00
[2024-01-21T13:20:56.992+0000] {processor.py:183} INFO - Processing /home/airflow/.local/lib/python3.8/site-packages/airflow/example_dags/example_short_circuit_decorator.py took 0.212 seconds
[2024-01-21T13:21:31.556+0000] {processor.py:161} INFO - Started process (PID=160) to work on /home/airflow/.local/lib/python3.8/site-packages/airflow/example_dags/example_short_circuit_decorator.py
[2024-01-21T13:21:31.561+0000] {processor.py:830} INFO - Processing file /home/airflow/.local/lib/python3.8/site-packages/airflow/example_dags/example_short_circuit_decorator.py for tasks to queue
[2024-01-21T13:21:31.570+0000] {logging_mixin.py:188} INFO - [2024-01-21T13:21:31.569+0000] {dagbag.py:538} INFO - Filling up the DagBag from /home/airflow/.local/lib/python3.8/site-packages/airflow/example_dags/example_short_circuit_decorator.py
[2024-01-21T13:21:31.677+0000] {processor.py:840} INFO - DAG(s) 'example_short_circuit_decorator' retrieved from /home/airflow/.local/lib/python3.8/site-packages/airflow/example_dags/example_short_circuit_decorator.py
[2024-01-21T13:21:32.050+0000] {logging_mixin.py:188} INFO - [2024-01-21T13:21:32.050+0000] {dag.py:3036} INFO - Sync 1 DAGs
[2024-01-21T13:21:32.702+0000] {logging_mixin.py:188} INFO - [2024-01-21T13:21:32.701+0000] {dag.py:3823} INFO - Setting next_dagrun for example_short_circuit_decorator to 2024-01-20 00:00:00+00:00, run_after=2024-01-21 00:00:00+00:00
[2024-01-21T13:21:32.824+0000] {processor.py:183} INFO - Processing /home/airflow/.local/lib/python3.8/site-packages/airflow/example_dags/example_short_circuit_decorator.py took 1.375 seconds
[2024-01-21T13:22:03.339+0000] {processor.py:161} INFO - Started process (PID=212) to work on /home/airflow/.local/lib/python3.8/site-packages/airflow/example_dags/example_short_circuit_decorator.py
[2024-01-21T13:22:03.341+0000] {processor.py:830} INFO - Processing file /home/airflow/.local/lib/python3.8/site-packages/airflow/example_dags/example_short_circuit_decorator.py for tasks to queue
[2024-01-21T13:22:03.345+0000] {logging_mixin.py:188} INFO - [2024-01-21T13:22:03.345+0000] {dagbag.py:538} INFO - Filling up the DagBag from /home/airflow/.local/lib/python3.8/site-packages/airflow/example_dags/example_short_circuit_decorator.py
[2024-01-21T13:22:03.369+0000] {processor.py:840} INFO - DAG(s) 'example_short_circuit_decorator' retrieved from /home/airflow/.local/lib/python3.8/site-packages/airflow/example_dags/example_short_circuit_decorator.py
[2024-01-21T13:22:03.420+0000] {logging_mixin.py:188} INFO - [2024-01-21T13:22:03.420+0000] {dag.py:3036} INFO - Sync 1 DAGs
[2024-01-21T13:22:03.467+0000] {logging_mixin.py:188} INFO - [2024-01-21T13:22:03.466+0000] {dag.py:3823} INFO - Setting next_dagrun for example_short_circuit_decorator to 2024-01-20 00:00:00+00:00, run_after=2024-01-21 00:00:00+00:00
[2024-01-21T13:22:03.510+0000] {processor.py:183} INFO - Processing /home/airflow/.local/lib/python3.8/site-packages/airflow/example_dags/example_short_circuit_decorator.py took 0.179 seconds
[2024-01-21T13:22:33.992+0000] {processor.py:161} INFO - Started process (PID=267) to work on /home/airflow/.local/lib/python3.8/site-packages/airflow/example_dags/example_short_circuit_decorator.py
[2024-01-21T13:22:33.994+0000] {processor.py:830} INFO - Processing file /home/airflow/.local/lib/python3.8/site-packages/airflow/example_dags/example_short_circuit_decorator.py for tasks to queue
[2024-01-21T13:22:33.999+0000] {logging_mixin.py:188} INFO - [2024-01-21T13:22:33.998+0000] {dagbag.py:538} INFO - Filling up the DagBag from /home/airflow/.local/lib/python3.8/site-packages/airflow/example_dags/example_short_circuit_decorator.py
[2024-01-21T13:22:34.020+0000] {processor.py:840} INFO - DAG(s) 'example_short_circuit_decorator' retrieved from /home/airflow/.local/lib/python3.8/site-packages/airflow/example_dags/example_short_circuit_decorator.py
[2024-01-21T13:22:34.077+0000] {logging_mixin.py:188} INFO - [2024-01-21T13:22:34.075+0000] {dag.py:3036} INFO - Sync 1 DAGs
[2024-01-21T13:22:34.120+0000] {logging_mixin.py:188} INFO - [2024-01-21T13:22:34.119+0000] {dag.py:3823} INFO - Setting next_dagrun for example_short_circuit_decorator to 2024-01-20 00:00:00+00:00, run_after=2024-01-21 00:00:00+00:00
[2024-01-21T13:22:34.161+0000] {processor.py:183} INFO - Processing /home/airflow/.local/lib/python3.8/site-packages/airflow/example_dags/example_short_circuit_decorator.py took 0.178 seconds
[2024-01-21T13:39:00.801+0000] {processor.py:161} INFO - Started process (PID=45) to work on /home/airflow/.local/lib/python3.8/site-packages/airflow/example_dags/example_short_circuit_decorator.py
[2024-01-21T13:39:00.842+0000] {processor.py:830} INFO - Processing file /home/airflow/.local/lib/python3.8/site-packages/airflow/example_dags/example_short_circuit_decorator.py for tasks to queue
[2024-01-21T13:39:00.961+0000] {logging_mixin.py:188} INFO - [2024-01-21T13:39:00.930+0000] {dagbag.py:538} INFO - Filling up the DagBag from /home/airflow/.local/lib/python3.8/site-packages/airflow/example_dags/example_short_circuit_decorator.py
[2024-01-21T13:39:01.193+0000] {processor.py:840} INFO - DAG(s) 'example_short_circuit_decorator' retrieved from /home/airflow/.local/lib/python3.8/site-packages/airflow/example_dags/example_short_circuit_decorator.py
[2024-01-21T13:39:02.556+0000] {logging_mixin.py:188} INFO - [2024-01-21T13:39:02.552+0000] {dag.py:3036} INFO - Sync 1 DAGs
[2024-01-21T13:39:02.771+0000] {logging_mixin.py:188} INFO - [2024-01-21T13:39:02.770+0000] {dag.py:3823} INFO - Setting next_dagrun for example_short_circuit_decorator to 2024-01-20 00:00:00+00:00, run_after=2024-01-21 00:00:00+00:00
[2024-01-21T13:39:02.931+0000] {processor.py:183} INFO - Processing /home/airflow/.local/lib/python3.8/site-packages/airflow/example_dags/example_short_circuit_decorator.py took 2.233 seconds
[2024-01-21T13:39:44.577+0000] {processor.py:161} INFO - Started process (PID=106) to work on /home/airflow/.local/lib/python3.8/site-packages/airflow/example_dags/example_short_circuit_decorator.py
[2024-01-21T13:39:44.582+0000] {processor.py:830} INFO - Processing file /home/airflow/.local/lib/python3.8/site-packages/airflow/example_dags/example_short_circuit_decorator.py for tasks to queue
[2024-01-21T13:39:44.586+0000] {logging_mixin.py:188} INFO - [2024-01-21T13:39:44.586+0000] {dagbag.py:538} INFO - Filling up the DagBag from /home/airflow/.local/lib/python3.8/site-packages/airflow/example_dags/example_short_circuit_decorator.py
[2024-01-21T13:39:44.606+0000] {processor.py:840} INFO - DAG(s) 'example_short_circuit_decorator' retrieved from /home/airflow/.local/lib/python3.8/site-packages/airflow/example_dags/example_short_circuit_decorator.py
[2024-01-21T13:39:44.657+0000] {logging_mixin.py:188} INFO - [2024-01-21T13:39:44.656+0000] {dag.py:3036} INFO - Sync 1 DAGs
[2024-01-21T13:39:44.713+0000] {logging_mixin.py:188} INFO - [2024-01-21T13:39:44.712+0000] {dag.py:3823} INFO - Setting next_dagrun for example_short_circuit_decorator to 2024-01-20 00:00:00+00:00, run_after=2024-01-21 00:00:00+00:00
[2024-01-21T13:39:44.757+0000] {processor.py:183} INFO - Processing /home/airflow/.local/lib/python3.8/site-packages/airflow/example_dags/example_short_circuit_decorator.py took 0.188 seconds
[2024-01-21T13:40:22.984+0000] {processor.py:161} INFO - Started process (PID=151) to work on /home/airflow/.local/lib/python3.8/site-packages/airflow/example_dags/example_short_circuit_decorator.py
[2024-01-21T13:40:23.006+0000] {processor.py:830} INFO - Processing file /home/airflow/.local/lib/python3.8/site-packages/airflow/example_dags/example_short_circuit_decorator.py for tasks to queue
[2024-01-21T13:40:23.033+0000] {logging_mixin.py:188} INFO - [2024-01-21T13:40:23.032+0000] {dagbag.py:538} INFO - Filling up the DagBag from /home/airflow/.local/lib/python3.8/site-packages/airflow/example_dags/example_short_circuit_decorator.py
[2024-01-21T13:40:23.073+0000] {processor.py:840} INFO - DAG(s) 'example_short_circuit_decorator' retrieved from /home/airflow/.local/lib/python3.8/site-packages/airflow/example_dags/example_short_circuit_decorator.py
[2024-01-21T13:40:23.268+0000] {logging_mixin.py:188} INFO - [2024-01-21T13:40:23.263+0000] {dag.py:3036} INFO - Sync 1 DAGs
[2024-01-21T13:40:23.565+0000] {logging_mixin.py:188} INFO - [2024-01-21T13:40:23.564+0000] {dag.py:3823} INFO - Setting next_dagrun for example_short_circuit_decorator to 2024-01-20 00:00:00+00:00, run_after=2024-01-21 00:00:00+00:00
[2024-01-21T13:40:23.689+0000] {processor.py:183} INFO - Processing /home/airflow/.local/lib/python3.8/site-packages/airflow/example_dags/example_short_circuit_decorator.py took 0.713 seconds
[2024-01-21T13:40:54.355+0000] {processor.py:161} INFO - Started process (PID=208) to work on /home/airflow/.local/lib/python3.8/site-packages/airflow/example_dags/example_short_circuit_decorator.py
[2024-01-21T13:40:54.358+0000] {processor.py:830} INFO - Processing file /home/airflow/.local/lib/python3.8/site-packages/airflow/example_dags/example_short_circuit_decorator.py for tasks to queue
[2024-01-21T13:40:54.364+0000] {logging_mixin.py:188} INFO - [2024-01-21T13:40:54.363+0000] {dagbag.py:538} INFO - Filling up the DagBag from /home/airflow/.local/lib/python3.8/site-packages/airflow/example_dags/example_short_circuit_decorator.py
[2024-01-21T13:40:54.394+0000] {processor.py:840} INFO - DAG(s) 'example_short_circuit_decorator' retrieved from /home/airflow/.local/lib/python3.8/site-packages/airflow/example_dags/example_short_circuit_decorator.py
[2024-01-21T13:40:54.467+0000] {logging_mixin.py:188} INFO - [2024-01-21T13:40:54.466+0000] {dag.py:3036} INFO - Sync 1 DAGs
[2024-01-21T13:40:54.521+0000] {logging_mixin.py:188} INFO - [2024-01-21T13:40:54.520+0000] {dag.py:3823} INFO - Setting next_dagrun for example_short_circuit_decorator to 2024-01-20 00:00:00+00:00, run_after=2024-01-21 00:00:00+00:00
[2024-01-21T13:40:54.563+0000] {processor.py:183} INFO - Processing /home/airflow/.local/lib/python3.8/site-packages/airflow/example_dags/example_short_circuit_decorator.py took 0.219 seconds
[2024-01-21T13:41:25.040+0000] {processor.py:161} INFO - Started process (PID=264) to work on /home/airflow/.local/lib/python3.8/site-packages/airflow/example_dags/example_short_circuit_decorator.py
[2024-01-21T13:41:25.043+0000] {processor.py:830} INFO - Processing file /home/airflow/.local/lib/python3.8/site-packages/airflow/example_dags/example_short_circuit_decorator.py for tasks to queue
[2024-01-21T13:41:25.048+0000] {logging_mixin.py:188} INFO - [2024-01-21T13:41:25.048+0000] {dagbag.py:538} INFO - Filling up the DagBag from /home/airflow/.local/lib/python3.8/site-packages/airflow/example_dags/example_short_circuit_decorator.py
[2024-01-21T13:41:25.075+0000] {processor.py:840} INFO - DAG(s) 'example_short_circuit_decorator' retrieved from /home/airflow/.local/lib/python3.8/site-packages/airflow/example_dags/example_short_circuit_decorator.py
[2024-01-21T13:41:25.240+0000] {logging_mixin.py:188} INFO - [2024-01-21T13:41:25.240+0000] {dag.py:3036} INFO - Sync 1 DAGs
[2024-01-21T13:41:25.422+0000] {logging_mixin.py:188} INFO - [2024-01-21T13:41:25.421+0000] {dag.py:3823} INFO - Setting next_dagrun for example_short_circuit_decorator to 2024-01-20 00:00:00+00:00, run_after=2024-01-21 00:00:00+00:00
[2024-01-21T13:41:25.507+0000] {processor.py:183} INFO - Processing /home/airflow/.local/lib/python3.8/site-packages/airflow/example_dags/example_short_circuit_decorator.py took 0.475 seconds
[2024-01-21T13:41:56.123+0000] {processor.py:161} INFO - Started process (PID=319) to work on /home/airflow/.local/lib/python3.8/site-packages/airflow/example_dags/example_short_circuit_decorator.py
[2024-01-21T13:41:56.140+0000] {processor.py:830} INFO - Processing file /home/airflow/.local/lib/python3.8/site-packages/airflow/example_dags/example_short_circuit_decorator.py for tasks to queue
[2024-01-21T13:41:56.146+0000] {logging_mixin.py:188} INFO - [2024-01-21T13:41:56.146+0000] {dagbag.py:538} INFO - Filling up the DagBag from /home/airflow/.local/lib/python3.8/site-packages/airflow/example_dags/example_short_circuit_decorator.py
[2024-01-21T13:41:56.185+0000] {processor.py:840} INFO - DAG(s) 'example_short_circuit_decorator' retrieved from /home/airflow/.local/lib/python3.8/site-packages/airflow/example_dags/example_short_circuit_decorator.py
[2024-01-21T13:41:56.278+0000] {logging_mixin.py:188} INFO - [2024-01-21T13:41:56.277+0000] {dag.py:3036} INFO - Sync 1 DAGs
[2024-01-21T13:41:56.364+0000] {logging_mixin.py:188} INFO - [2024-01-21T13:41:56.363+0000] {dag.py:3823} INFO - Setting next_dagrun for example_short_circuit_decorator to 2024-01-20 00:00:00+00:00, run_after=2024-01-21 00:00:00+00:00
[2024-01-21T13:41:56.420+0000] {processor.py:183} INFO - Processing /home/airflow/.local/lib/python3.8/site-packages/airflow/example_dags/example_short_circuit_decorator.py took 0.304 seconds
[2024-01-21T13:42:26.619+0000] {processor.py:161} INFO - Started process (PID=374) to work on /home/airflow/.local/lib/python3.8/site-packages/airflow/example_dags/example_short_circuit_decorator.py
[2024-01-21T13:42:26.660+0000] {processor.py:830} INFO - Processing file /home/airflow/.local/lib/python3.8/site-packages/airflow/example_dags/example_short_circuit_decorator.py for tasks to queue
[2024-01-21T13:42:26.669+0000] {logging_mixin.py:188} INFO - [2024-01-21T13:42:26.668+0000] {dagbag.py:538} INFO - Filling up the DagBag from /home/airflow/.local/lib/python3.8/site-packages/airflow/example_dags/example_short_circuit_decorator.py
[2024-01-21T13:42:26.714+0000] {processor.py:840} INFO - DAG(s) 'example_short_circuit_decorator' retrieved from /home/airflow/.local/lib/python3.8/site-packages/airflow/example_dags/example_short_circuit_decorator.py
[2024-01-21T13:42:26.826+0000] {logging_mixin.py:188} INFO - [2024-01-21T13:42:26.823+0000] {dag.py:3036} INFO - Sync 1 DAGs
[2024-01-21T13:42:26.917+0000] {logging_mixin.py:188} INFO - [2024-01-21T13:42:26.917+0000] {dag.py:3823} INFO - Setting next_dagrun for example_short_circuit_decorator to 2024-01-20 00:00:00+00:00, run_after=2024-01-21 00:00:00+00:00
[2024-01-21T13:42:26.963+0000] {processor.py:183} INFO - Processing /home/airflow/.local/lib/python3.8/site-packages/airflow/example_dags/example_short_circuit_decorator.py took 0.356 seconds
[2024-01-21T13:42:57.075+0000] {processor.py:161} INFO - Started process (PID=429) to work on /home/airflow/.local/lib/python3.8/site-packages/airflow/example_dags/example_short_circuit_decorator.py
[2024-01-21T13:42:57.081+0000] {processor.py:830} INFO - Processing file /home/airflow/.local/lib/python3.8/site-packages/airflow/example_dags/example_short_circuit_decorator.py for tasks to queue
[2024-01-21T13:42:57.088+0000] {logging_mixin.py:188} INFO - [2024-01-21T13:42:57.087+0000] {dagbag.py:538} INFO - Filling up the DagBag from /home/airflow/.local/lib/python3.8/site-packages/airflow/example_dags/example_short_circuit_decorator.py
[2024-01-21T13:42:57.187+0000] {processor.py:840} INFO - DAG(s) 'example_short_circuit_decorator' retrieved from /home/airflow/.local/lib/python3.8/site-packages/airflow/example_dags/example_short_circuit_decorator.py
[2024-01-21T13:42:57.240+0000] {logging_mixin.py:188} INFO - [2024-01-21T13:42:57.239+0000] {dag.py:3036} INFO - Sync 1 DAGs
[2024-01-21T13:42:57.280+0000] {logging_mixin.py:188} INFO - [2024-01-21T13:42:57.280+0000] {dag.py:3823} INFO - Setting next_dagrun for example_short_circuit_decorator to 2024-01-20 00:00:00+00:00, run_after=2024-01-21 00:00:00+00:00
[2024-01-21T13:42:57.326+0000] {processor.py:183} INFO - Processing /home/airflow/.local/lib/python3.8/site-packages/airflow/example_dags/example_short_circuit_decorator.py took 0.266 seconds
[2024-01-21T13:43:28.123+0000] {processor.py:161} INFO - Started process (PID=484) to work on /home/airflow/.local/lib/python3.8/site-packages/airflow/example_dags/example_short_circuit_decorator.py
[2024-01-21T13:43:28.126+0000] {processor.py:830} INFO - Processing file /home/airflow/.local/lib/python3.8/site-packages/airflow/example_dags/example_short_circuit_decorator.py for tasks to queue
[2024-01-21T13:43:28.132+0000] {logging_mixin.py:188} INFO - [2024-01-21T13:43:28.132+0000] {dagbag.py:538} INFO - Filling up the DagBag from /home/airflow/.local/lib/python3.8/site-packages/airflow/example_dags/example_short_circuit_decorator.py
[2024-01-21T13:43:28.157+0000] {processor.py:840} INFO - DAG(s) 'example_short_circuit_decorator' retrieved from /home/airflow/.local/lib/python3.8/site-packages/airflow/example_dags/example_short_circuit_decorator.py
[2024-01-21T13:43:28.212+0000] {logging_mixin.py:188} INFO - [2024-01-21T13:43:28.211+0000] {dag.py:3036} INFO - Sync 1 DAGs
[2024-01-21T13:43:28.252+0000] {logging_mixin.py:188} INFO - [2024-01-21T13:43:28.251+0000] {dag.py:3823} INFO - Setting next_dagrun for example_short_circuit_decorator to 2024-01-20 00:00:00+00:00, run_after=2024-01-21 00:00:00+00:00
[2024-01-21T13:43:28.290+0000] {processor.py:183} INFO - Processing /home/airflow/.local/lib/python3.8/site-packages/airflow/example_dags/example_short_circuit_decorator.py took 0.175 seconds
[2024-01-21T13:43:58.753+0000] {processor.py:161} INFO - Started process (PID=540) to work on /home/airflow/.local/lib/python3.8/site-packages/airflow/example_dags/example_short_circuit_decorator.py
[2024-01-21T13:43:58.758+0000] {processor.py:830} INFO - Processing file /home/airflow/.local/lib/python3.8/site-packages/airflow/example_dags/example_short_circuit_decorator.py for tasks to queue
[2024-01-21T13:43:58.764+0000] {logging_mixin.py:188} INFO - [2024-01-21T13:43:58.763+0000] {dagbag.py:538} INFO - Filling up the DagBag from /home/airflow/.local/lib/python3.8/site-packages/airflow/example_dags/example_short_circuit_decorator.py
[2024-01-21T13:43:58.797+0000] {processor.py:840} INFO - DAG(s) 'example_short_circuit_decorator' retrieved from /home/airflow/.local/lib/python3.8/site-packages/airflow/example_dags/example_short_circuit_decorator.py
[2024-01-21T13:43:58.891+0000] {logging_mixin.py:188} INFO - [2024-01-21T13:43:58.890+0000] {dag.py:3036} INFO - Sync 1 DAGs
[2024-01-21T13:43:58.971+0000] {logging_mixin.py:188} INFO - [2024-01-21T13:43:58.970+0000] {dag.py:3823} INFO - Setting next_dagrun for example_short_circuit_decorator to 2024-01-20 00:00:00+00:00, run_after=2024-01-21 00:00:00+00:00
[2024-01-21T13:43:59.055+0000] {processor.py:183} INFO - Processing /home/airflow/.local/lib/python3.8/site-packages/airflow/example_dags/example_short_circuit_decorator.py took 0.309 seconds
[2024-01-21T13:44:29.189+0000] {processor.py:161} INFO - Started process (PID=595) to work on /home/airflow/.local/lib/python3.8/site-packages/airflow/example_dags/example_short_circuit_decorator.py
[2024-01-21T13:44:29.192+0000] {processor.py:830} INFO - Processing file /home/airflow/.local/lib/python3.8/site-packages/airflow/example_dags/example_short_circuit_decorator.py for tasks to queue
[2024-01-21T13:44:29.198+0000] {logging_mixin.py:188} INFO - [2024-01-21T13:44:29.197+0000] {dagbag.py:538} INFO - Filling up the DagBag from /home/airflow/.local/lib/python3.8/site-packages/airflow/example_dags/example_short_circuit_decorator.py
[2024-01-21T13:44:29.227+0000] {processor.py:840} INFO - DAG(s) 'example_short_circuit_decorator' retrieved from /home/airflow/.local/lib/python3.8/site-packages/airflow/example_dags/example_short_circuit_decorator.py
[2024-01-21T13:44:29.510+0000] {logging_mixin.py:188} INFO - [2024-01-21T13:44:29.510+0000] {dag.py:3036} INFO - Sync 1 DAGs
[2024-01-21T13:44:29.615+0000] {logging_mixin.py:188} INFO - [2024-01-21T13:44:29.614+0000] {dag.py:3823} INFO - Setting next_dagrun for example_short_circuit_decorator to 2024-01-20 00:00:00+00:00, run_after=2024-01-21 00:00:00+00:00
[2024-01-21T13:44:29.667+0000] {processor.py:183} INFO - Processing /home/airflow/.local/lib/python3.8/site-packages/airflow/example_dags/example_short_circuit_decorator.py took 0.485 seconds
[2024-01-21T13:44:59.811+0000] {processor.py:161} INFO - Started process (PID=651) to work on /home/airflow/.local/lib/python3.8/site-packages/airflow/example_dags/example_short_circuit_decorator.py
[2024-01-21T13:44:59.818+0000] {processor.py:830} INFO - Processing file /home/airflow/.local/lib/python3.8/site-packages/airflow/example_dags/example_short_circuit_decorator.py for tasks to queue
[2024-01-21T13:44:59.822+0000] {logging_mixin.py:188} INFO - [2024-01-21T13:44:59.822+0000] {dagbag.py:538} INFO - Filling up the DagBag from /home/airflow/.local/lib/python3.8/site-packages/airflow/example_dags/example_short_circuit_decorator.py
[2024-01-21T13:44:59.843+0000] {processor.py:840} INFO - DAG(s) 'example_short_circuit_decorator' retrieved from /home/airflow/.local/lib/python3.8/site-packages/airflow/example_dags/example_short_circuit_decorator.py
[2024-01-21T13:44:59.908+0000] {logging_mixin.py:188} INFO - [2024-01-21T13:44:59.908+0000] {dag.py:3036} INFO - Sync 1 DAGs
[2024-01-21T13:44:59.962+0000] {logging_mixin.py:188} INFO - [2024-01-21T13:44:59.961+0000] {dag.py:3823} INFO - Setting next_dagrun for example_short_circuit_decorator to 2024-01-20 00:00:00+00:00, run_after=2024-01-21 00:00:00+00:00
[2024-01-21T13:45:00.012+0000] {processor.py:183} INFO - Processing /home/airflow/.local/lib/python3.8/site-packages/airflow/example_dags/example_short_circuit_decorator.py took 0.208 seconds
[2024-01-21T13:45:30.421+0000] {processor.py:161} INFO - Started process (PID=707) to work on /home/airflow/.local/lib/python3.8/site-packages/airflow/example_dags/example_short_circuit_decorator.py
[2024-01-21T13:45:30.429+0000] {processor.py:830} INFO - Processing file /home/airflow/.local/lib/python3.8/site-packages/airflow/example_dags/example_short_circuit_decorator.py for tasks to queue
[2024-01-21T13:45:30.442+0000] {logging_mixin.py:188} INFO - [2024-01-21T13:45:30.441+0000] {dagbag.py:538} INFO - Filling up the DagBag from /home/airflow/.local/lib/python3.8/site-packages/airflow/example_dags/example_short_circuit_decorator.py
[2024-01-21T13:45:30.556+0000] {processor.py:840} INFO - DAG(s) 'example_short_circuit_decorator' retrieved from /home/airflow/.local/lib/python3.8/site-packages/airflow/example_dags/example_short_circuit_decorator.py
[2024-01-21T13:45:30.656+0000] {logging_mixin.py:188} INFO - [2024-01-21T13:45:30.655+0000] {dag.py:3036} INFO - Sync 1 DAGs
[2024-01-21T13:45:30.706+0000] {logging_mixin.py:188} INFO - [2024-01-21T13:45:30.706+0000] {dag.py:3823} INFO - Setting next_dagrun for example_short_circuit_decorator to 2024-01-20 00:00:00+00:00, run_after=2024-01-21 00:00:00+00:00
[2024-01-21T13:45:30.744+0000] {processor.py:183} INFO - Processing /home/airflow/.local/lib/python3.8/site-packages/airflow/example_dags/example_short_circuit_decorator.py took 0.340 seconds
[2024-01-21T13:46:01.107+0000] {processor.py:161} INFO - Started process (PID=763) to work on /home/airflow/.local/lib/python3.8/site-packages/airflow/example_dags/example_short_circuit_decorator.py
[2024-01-21T13:46:01.111+0000] {processor.py:830} INFO - Processing file /home/airflow/.local/lib/python3.8/site-packages/airflow/example_dags/example_short_circuit_decorator.py for tasks to queue
[2024-01-21T13:46:01.118+0000] {logging_mixin.py:188} INFO - [2024-01-21T13:46:01.117+0000] {dagbag.py:538} INFO - Filling up the DagBag from /home/airflow/.local/lib/python3.8/site-packages/airflow/example_dags/example_short_circuit_decorator.py
[2024-01-21T13:46:01.166+0000] {processor.py:840} INFO - DAG(s) 'example_short_circuit_decorator' retrieved from /home/airflow/.local/lib/python3.8/site-packages/airflow/example_dags/example_short_circuit_decorator.py
[2024-01-21T13:46:01.279+0000] {logging_mixin.py:188} INFO - [2024-01-21T13:46:01.278+0000] {dag.py:3036} INFO - Sync 1 DAGs
[2024-01-21T13:46:01.332+0000] {logging_mixin.py:188} INFO - [2024-01-21T13:46:01.331+0000] {dag.py:3823} INFO - Setting next_dagrun for example_short_circuit_decorator to 2024-01-20 00:00:00+00:00, run_after=2024-01-21 00:00:00+00:00
[2024-01-21T13:46:01.384+0000] {processor.py:183} INFO - Processing /home/airflow/.local/lib/python3.8/site-packages/airflow/example_dags/example_short_circuit_decorator.py took 0.294 seconds
[2024-01-21T13:46:33.600+0000] {processor.py:161} INFO - Started process (PID=819) to work on /home/airflow/.local/lib/python3.8/site-packages/airflow/example_dags/example_short_circuit_decorator.py
[2024-01-21T13:46:33.606+0000] {processor.py:830} INFO - Processing file /home/airflow/.local/lib/python3.8/site-packages/airflow/example_dags/example_short_circuit_decorator.py for tasks to queue
[2024-01-21T13:46:33.615+0000] {logging_mixin.py:188} INFO - [2024-01-21T13:46:33.614+0000] {dagbag.py:538} INFO - Filling up the DagBag from /home/airflow/.local/lib/python3.8/site-packages/airflow/example_dags/example_short_circuit_decorator.py
[2024-01-21T13:46:33.680+0000] {processor.py:840} INFO - DAG(s) 'example_short_circuit_decorator' retrieved from /home/airflow/.local/lib/python3.8/site-packages/airflow/example_dags/example_short_circuit_decorator.py
[2024-01-21T13:46:33.923+0000] {logging_mixin.py:188} INFO - [2024-01-21T13:46:33.922+0000] {dag.py:3036} INFO - Sync 1 DAGs
[2024-01-21T13:46:34.216+0000] {logging_mixin.py:188} INFO - [2024-01-21T13:46:34.215+0000] {dag.py:3823} INFO - Setting next_dagrun for example_short_circuit_decorator to 2024-01-20 00:00:00+00:00, run_after=2024-01-21 00:00:00+00:00
[2024-01-21T13:46:34.334+0000] {processor.py:183} INFO - Processing /home/airflow/.local/lib/python3.8/site-packages/airflow/example_dags/example_short_circuit_decorator.py took 0.745 seconds
[2024-01-21T13:47:05.074+0000] {processor.py:161} INFO - Started process (PID=874) to work on /home/airflow/.local/lib/python3.8/site-packages/airflow/example_dags/example_short_circuit_decorator.py
[2024-01-21T13:47:05.081+0000] {processor.py:830} INFO - Processing file /home/airflow/.local/lib/python3.8/site-packages/airflow/example_dags/example_short_circuit_decorator.py for tasks to queue
[2024-01-21T13:47:05.093+0000] {logging_mixin.py:188} INFO - [2024-01-21T13:47:05.092+0000] {dagbag.py:538} INFO - Filling up the DagBag from /home/airflow/.local/lib/python3.8/site-packages/airflow/example_dags/example_short_circuit_decorator.py
[2024-01-21T13:47:05.167+0000] {processor.py:840} INFO - DAG(s) 'example_short_circuit_decorator' retrieved from /home/airflow/.local/lib/python3.8/site-packages/airflow/example_dags/example_short_circuit_decorator.py
[2024-01-21T13:47:05.354+0000] {logging_mixin.py:188} INFO - [2024-01-21T13:47:05.354+0000] {dag.py:3036} INFO - Sync 1 DAGs
[2024-01-21T13:47:05.540+0000] {logging_mixin.py:188} INFO - [2024-01-21T13:47:05.539+0000] {dag.py:3823} INFO - Setting next_dagrun for example_short_circuit_decorator to 2024-01-20 00:00:00+00:00, run_after=2024-01-21 00:00:00+00:00
[2024-01-21T13:47:05.641+0000] {processor.py:183} INFO - Processing /home/airflow/.local/lib/python3.8/site-packages/airflow/example_dags/example_short_circuit_decorator.py took 0.612 seconds
[2024-01-21T13:47:35.954+0000] {processor.py:161} INFO - Started process (PID=930) to work on /home/airflow/.local/lib/python3.8/site-packages/airflow/example_dags/example_short_circuit_decorator.py
[2024-01-21T13:47:35.957+0000] {processor.py:830} INFO - Processing file /home/airflow/.local/lib/python3.8/site-packages/airflow/example_dags/example_short_circuit_decorator.py for tasks to queue
[2024-01-21T13:47:35.963+0000] {logging_mixin.py:188} INFO - [2024-01-21T13:47:35.962+0000] {dagbag.py:538} INFO - Filling up the DagBag from /home/airflow/.local/lib/python3.8/site-packages/airflow/example_dags/example_short_circuit_decorator.py
[2024-01-21T13:47:36.000+0000] {processor.py:840} INFO - DAG(s) 'example_short_circuit_decorator' retrieved from /home/airflow/.local/lib/python3.8/site-packages/airflow/example_dags/example_short_circuit_decorator.py
[2024-01-21T13:47:36.100+0000] {logging_mixin.py:188} INFO - [2024-01-21T13:47:36.099+0000] {dag.py:3036} INFO - Sync 1 DAGs
[2024-01-21T13:47:36.162+0000] {logging_mixin.py:188} INFO - [2024-01-21T13:47:36.161+0000] {dag.py:3823} INFO - Setting next_dagrun for example_short_circuit_decorator to 2024-01-20 00:00:00+00:00, run_after=2024-01-21 00:00:00+00:00
[2024-01-21T13:47:36.215+0000] {processor.py:183} INFO - Processing /home/airflow/.local/lib/python3.8/site-packages/airflow/example_dags/example_short_circuit_decorator.py took 0.271 seconds
[2024-01-21T13:48:07.725+0000] {processor.py:161} INFO - Started process (PID=986) to work on /home/airflow/.local/lib/python3.8/site-packages/airflow/example_dags/example_short_circuit_decorator.py
[2024-01-21T13:48:07.733+0000] {processor.py:830} INFO - Processing file /home/airflow/.local/lib/python3.8/site-packages/airflow/example_dags/example_short_circuit_decorator.py for tasks to queue
[2024-01-21T13:48:07.743+0000] {logging_mixin.py:188} INFO - [2024-01-21T13:48:07.742+0000] {dagbag.py:538} INFO - Filling up the DagBag from /home/airflow/.local/lib/python3.8/site-packages/airflow/example_dags/example_short_circuit_decorator.py
[2024-01-21T13:48:07.798+0000] {processor.py:840} INFO - DAG(s) 'example_short_circuit_decorator' retrieved from /home/airflow/.local/lib/python3.8/site-packages/airflow/example_dags/example_short_circuit_decorator.py
[2024-01-21T13:48:08.034+0000] {logging_mixin.py:188} INFO - [2024-01-21T13:48:08.034+0000] {dag.py:3036} INFO - Sync 1 DAGs
[2024-01-21T13:48:08.161+0000] {logging_mixin.py:188} INFO - [2024-01-21T13:48:08.160+0000] {dag.py:3823} INFO - Setting next_dagrun for example_short_circuit_decorator to 2024-01-20 00:00:00+00:00, run_after=2024-01-21 00:00:00+00:00
[2024-01-21T13:48:08.257+0000] {processor.py:183} INFO - Processing /home/airflow/.local/lib/python3.8/site-packages/airflow/example_dags/example_short_circuit_decorator.py took 0.550 seconds
[2024-01-21T13:48:38.638+0000] {processor.py:161} INFO - Started process (PID=1042) to work on /home/airflow/.local/lib/python3.8/site-packages/airflow/example_dags/example_short_circuit_decorator.py
[2024-01-21T13:48:38.645+0000] {processor.py:830} INFO - Processing file /home/airflow/.local/lib/python3.8/site-packages/airflow/example_dags/example_short_circuit_decorator.py for tasks to queue
[2024-01-21T13:48:38.653+0000] {logging_mixin.py:188} INFO - [2024-01-21T13:48:38.652+0000] {dagbag.py:538} INFO - Filling up the DagBag from /home/airflow/.local/lib/python3.8/site-packages/airflow/example_dags/example_short_circuit_decorator.py
[2024-01-21T13:48:38.723+0000] {processor.py:840} INFO - DAG(s) 'example_short_circuit_decorator' retrieved from /home/airflow/.local/lib/python3.8/site-packages/airflow/example_dags/example_short_circuit_decorator.py
[2024-01-21T13:48:38.854+0000] {logging_mixin.py:188} INFO - [2024-01-21T13:48:38.853+0000] {dag.py:3036} INFO - Sync 1 DAGs
[2024-01-21T13:48:38.961+0000] {logging_mixin.py:188} INFO - [2024-01-21T13:48:38.960+0000] {dag.py:3823} INFO - Setting next_dagrun for example_short_circuit_decorator to 2024-01-20 00:00:00+00:00, run_after=2024-01-21 00:00:00+00:00
[2024-01-21T13:48:39.079+0000] {processor.py:183} INFO - Processing /home/airflow/.local/lib/python3.8/site-packages/airflow/example_dags/example_short_circuit_decorator.py took 0.458 seconds
[2024-01-21T13:49:10.039+0000] {processor.py:161} INFO - Started process (PID=1098) to work on /home/airflow/.local/lib/python3.8/site-packages/airflow/example_dags/example_short_circuit_decorator.py
[2024-01-21T13:49:10.041+0000] {processor.py:830} INFO - Processing file /home/airflow/.local/lib/python3.8/site-packages/airflow/example_dags/example_short_circuit_decorator.py for tasks to queue
[2024-01-21T13:49:10.045+0000] {logging_mixin.py:188} INFO - [2024-01-21T13:49:10.045+0000] {dagbag.py:538} INFO - Filling up the DagBag from /home/airflow/.local/lib/python3.8/site-packages/airflow/example_dags/example_short_circuit_decorator.py
[2024-01-21T13:49:10.066+0000] {processor.py:840} INFO - DAG(s) 'example_short_circuit_decorator' retrieved from /home/airflow/.local/lib/python3.8/site-packages/airflow/example_dags/example_short_circuit_decorator.py
[2024-01-21T13:49:10.118+0000] {logging_mixin.py:188} INFO - [2024-01-21T13:49:10.117+0000] {dag.py:3036} INFO - Sync 1 DAGs
[2024-01-21T13:49:10.164+0000] {logging_mixin.py:188} INFO - [2024-01-21T13:49:10.163+0000] {dag.py:3823} INFO - Setting next_dagrun for example_short_circuit_decorator to 2024-01-20 00:00:00+00:00, run_after=2024-01-21 00:00:00+00:00
[2024-01-21T13:49:10.213+0000] {processor.py:183} INFO - Processing /home/airflow/.local/lib/python3.8/site-packages/airflow/example_dags/example_short_circuit_decorator.py took 0.181 seconds
[2024-01-21T13:49:41.003+0000] {processor.py:161} INFO - Started process (PID=1154) to work on /home/airflow/.local/lib/python3.8/site-packages/airflow/example_dags/example_short_circuit_decorator.py
[2024-01-21T13:49:41.007+0000] {processor.py:830} INFO - Processing file /home/airflow/.local/lib/python3.8/site-packages/airflow/example_dags/example_short_circuit_decorator.py for tasks to queue
[2024-01-21T13:49:41.013+0000] {logging_mixin.py:188} INFO - [2024-01-21T13:49:41.012+0000] {dagbag.py:538} INFO - Filling up the DagBag from /home/airflow/.local/lib/python3.8/site-packages/airflow/example_dags/example_short_circuit_decorator.py
[2024-01-21T13:49:41.069+0000] {processor.py:840} INFO - DAG(s) 'example_short_circuit_decorator' retrieved from /home/airflow/.local/lib/python3.8/site-packages/airflow/example_dags/example_short_circuit_decorator.py
[2024-01-21T13:49:41.167+0000] {logging_mixin.py:188} INFO - [2024-01-21T13:49:41.166+0000] {dag.py:3036} INFO - Sync 1 DAGs
[2024-01-21T13:49:41.219+0000] {logging_mixin.py:188} INFO - [2024-01-21T13:49:41.218+0000] {dag.py:3823} INFO - Setting next_dagrun for example_short_circuit_decorator to 2024-01-20 00:00:00+00:00, run_after=2024-01-21 00:00:00+00:00
[2024-01-21T13:49:41.265+0000] {processor.py:183} INFO - Processing /home/airflow/.local/lib/python3.8/site-packages/airflow/example_dags/example_short_circuit_decorator.py took 0.273 seconds
[2024-01-21T13:50:11.475+0000] {processor.py:161} INFO - Started process (PID=1211) to work on /home/airflow/.local/lib/python3.8/site-packages/airflow/example_dags/example_short_circuit_decorator.py
[2024-01-21T13:50:11.479+0000] {processor.py:830} INFO - Processing file /home/airflow/.local/lib/python3.8/site-packages/airflow/example_dags/example_short_circuit_decorator.py for tasks to queue
[2024-01-21T13:50:11.484+0000] {logging_mixin.py:188} INFO - [2024-01-21T13:50:11.483+0000] {dagbag.py:538} INFO - Filling up the DagBag from /home/airflow/.local/lib/python3.8/site-packages/airflow/example_dags/example_short_circuit_decorator.py
[2024-01-21T13:50:11.512+0000] {processor.py:840} INFO - DAG(s) 'example_short_circuit_decorator' retrieved from /home/airflow/.local/lib/python3.8/site-packages/airflow/example_dags/example_short_circuit_decorator.py
[2024-01-21T13:50:11.574+0000] {logging_mixin.py:188} INFO - [2024-01-21T13:50:11.572+0000] {dag.py:3036} INFO - Sync 1 DAGs
[2024-01-21T13:50:11.617+0000] {logging_mixin.py:188} INFO - [2024-01-21T13:50:11.617+0000] {dag.py:3823} INFO - Setting next_dagrun for example_short_circuit_decorator to 2024-01-20 00:00:00+00:00, run_after=2024-01-21 00:00:00+00:00
[2024-01-21T13:50:11.660+0000] {processor.py:183} INFO - Processing /home/airflow/.local/lib/python3.8/site-packages/airflow/example_dags/example_short_circuit_decorator.py took 0.195 seconds
[2024-01-21T13:50:42.042+0000] {processor.py:161} INFO - Started process (PID=1267) to work on /home/airflow/.local/lib/python3.8/site-packages/airflow/example_dags/example_short_circuit_decorator.py
[2024-01-21T13:50:42.044+0000] {processor.py:830} INFO - Processing file /home/airflow/.local/lib/python3.8/site-packages/airflow/example_dags/example_short_circuit_decorator.py for tasks to queue
[2024-01-21T13:50:42.049+0000] {logging_mixin.py:188} INFO - [2024-01-21T13:50:42.049+0000] {dagbag.py:538} INFO - Filling up the DagBag from /home/airflow/.local/lib/python3.8/site-packages/airflow/example_dags/example_short_circuit_decorator.py
[2024-01-21T13:50:42.070+0000] {processor.py:840} INFO - DAG(s) 'example_short_circuit_decorator' retrieved from /home/airflow/.local/lib/python3.8/site-packages/airflow/example_dags/example_short_circuit_decorator.py
[2024-01-21T13:50:42.128+0000] {logging_mixin.py:188} INFO - [2024-01-21T13:50:42.127+0000] {dag.py:3036} INFO - Sync 1 DAGs
[2024-01-21T13:50:42.180+0000] {logging_mixin.py:188} INFO - [2024-01-21T13:50:42.180+0000] {dag.py:3823} INFO - Setting next_dagrun for example_short_circuit_decorator to 2024-01-20 00:00:00+00:00, run_after=2024-01-21 00:00:00+00:00
[2024-01-21T13:50:42.226+0000] {processor.py:183} INFO - Processing /home/airflow/.local/lib/python3.8/site-packages/airflow/example_dags/example_short_circuit_decorator.py took 0.191 seconds
[2024-01-21T13:51:12.516+0000] {processor.py:161} INFO - Started process (PID=1323) to work on /home/airflow/.local/lib/python3.8/site-packages/airflow/example_dags/example_short_circuit_decorator.py
[2024-01-21T13:51:12.543+0000] {processor.py:830} INFO - Processing file /home/airflow/.local/lib/python3.8/site-packages/airflow/example_dags/example_short_circuit_decorator.py for tasks to queue
[2024-01-21T13:51:12.563+0000] {logging_mixin.py:188} INFO - [2024-01-21T13:51:12.561+0000] {dagbag.py:538} INFO - Filling up the DagBag from /home/airflow/.local/lib/python3.8/site-packages/airflow/example_dags/example_short_circuit_decorator.py
[2024-01-21T13:51:12.633+0000] {processor.py:840} INFO - DAG(s) 'example_short_circuit_decorator' retrieved from /home/airflow/.local/lib/python3.8/site-packages/airflow/example_dags/example_short_circuit_decorator.py
[2024-01-21T13:51:12.720+0000] {logging_mixin.py:188} INFO - [2024-01-21T13:51:12.719+0000] {dag.py:3036} INFO - Sync 1 DAGs
[2024-01-21T13:51:12.796+0000] {logging_mixin.py:188} INFO - [2024-01-21T13:51:12.795+0000] {dag.py:3823} INFO - Setting next_dagrun for example_short_circuit_decorator to 2024-01-20 00:00:00+00:00, run_after=2024-01-21 00:00:00+00:00
[2024-01-21T13:51:12.861+0000] {processor.py:183} INFO - Processing /home/airflow/.local/lib/python3.8/site-packages/airflow/example_dags/example_short_circuit_decorator.py took 0.357 seconds
