[2024-01-21T13:20:25.449+0000] {processor.py:161} INFO - Started process (PID=51) to work on /home/airflow/.local/lib/python3.8/site-packages/airflow/example_dags/tutorial.py
[2024-01-21T13:20:25.454+0000] {processor.py:830} INFO - Processing file /home/airflow/.local/lib/python3.8/site-packages/airflow/example_dags/tutorial.py for tasks to queue
[2024-01-21T13:20:25.459+0000] {logging_mixin.py:188} INFO - [2024-01-21T13:20:25.458+0000] {dagbag.py:538} INFO - Filling up the DagBag from /home/airflow/.local/lib/python3.8/site-packages/airflow/example_dags/tutorial.py
[2024-01-21T13:20:25.475+0000] {processor.py:840} INFO - DAG(s) 'tutorial' retrieved from /home/airflow/.local/lib/python3.8/site-packages/airflow/example_dags/tutorial.py
[2024-01-21T13:20:25.709+0000] {logging_mixin.py:188} INFO - [2024-01-21T13:20:25.709+0000] {dag.py:3036} INFO - Sync 1 DAGs
[2024-01-21T13:20:25.766+0000] {logging_mixin.py:188} INFO - [2024-01-21T13:20:25.765+0000] {dag.py:3823} INFO - Setting next_dagrun for tutorial to 2024-01-20 00:00:00+00:00, run_after=2024-01-21 00:00:00+00:00
[2024-01-21T13:20:26.231+0000] {processor.py:183} INFO - Processing /home/airflow/.local/lib/python3.8/site-packages/airflow/example_dags/tutorial.py took 0.790 seconds
[2024-01-21T13:20:56.804+0000] {processor.py:161} INFO - Started process (PID=106) to work on /home/airflow/.local/lib/python3.8/site-packages/airflow/example_dags/tutorial.py
[2024-01-21T13:20:56.807+0000] {processor.py:830} INFO - Processing file /home/airflow/.local/lib/python3.8/site-packages/airflow/example_dags/tutorial.py for tasks to queue
[2024-01-21T13:20:56.813+0000] {logging_mixin.py:188} INFO - [2024-01-21T13:20:56.812+0000] {dagbag.py:538} INFO - Filling up the DagBag from /home/airflow/.local/lib/python3.8/site-packages/airflow/example_dags/tutorial.py
[2024-01-21T13:20:56.831+0000] {processor.py:840} INFO - DAG(s) 'tutorial' retrieved from /home/airflow/.local/lib/python3.8/site-packages/airflow/example_dags/tutorial.py
[2024-01-21T13:20:56.883+0000] {logging_mixin.py:188} INFO - [2024-01-21T13:20:56.882+0000] {dag.py:3036} INFO - Sync 1 DAGs
[2024-01-21T13:20:56.938+0000] {logging_mixin.py:188} INFO - [2024-01-21T13:20:56.937+0000] {dag.py:3823} INFO - Setting next_dagrun for tutorial to 2024-01-20 00:00:00+00:00, run_after=2024-01-21 00:00:00+00:00
[2024-01-21T13:20:56.980+0000] {processor.py:183} INFO - Processing /home/airflow/.local/lib/python3.8/site-packages/airflow/example_dags/tutorial.py took 0.185 seconds
[2024-01-21T13:21:32.958+0000] {processor.py:161} INFO - Started process (PID=161) to work on /home/airflow/.local/lib/python3.8/site-packages/airflow/example_dags/tutorial.py
[2024-01-21T13:21:32.962+0000] {processor.py:830} INFO - Processing file /home/airflow/.local/lib/python3.8/site-packages/airflow/example_dags/tutorial.py for tasks to queue
[2024-01-21T13:21:32.967+0000] {logging_mixin.py:188} INFO - [2024-01-21T13:21:32.966+0000] {dagbag.py:538} INFO - Filling up the DagBag from /home/airflow/.local/lib/python3.8/site-packages/airflow/example_dags/tutorial.py
[2024-01-21T13:21:32.986+0000] {processor.py:840} INFO - DAG(s) 'tutorial' retrieved from /home/airflow/.local/lib/python3.8/site-packages/airflow/example_dags/tutorial.py
[2024-01-21T13:21:33.067+0000] {logging_mixin.py:188} INFO - [2024-01-21T13:21:33.066+0000] {dag.py:3036} INFO - Sync 1 DAGs
[2024-01-21T13:21:33.240+0000] {logging_mixin.py:188} INFO - [2024-01-21T13:21:33.240+0000] {dag.py:3823} INFO - Setting next_dagrun for tutorial to 2024-01-20 00:00:00+00:00, run_after=2024-01-21 00:00:00+00:00
[2024-01-21T13:21:33.335+0000] {processor.py:183} INFO - Processing /home/airflow/.local/lib/python3.8/site-packages/airflow/example_dags/tutorial.py took 0.401 seconds
[2024-01-21T13:22:03.547+0000] {processor.py:161} INFO - Started process (PID=215) to work on /home/airflow/.local/lib/python3.8/site-packages/airflow/example_dags/tutorial.py
[2024-01-21T13:22:03.549+0000] {processor.py:830} INFO - Processing file /home/airflow/.local/lib/python3.8/site-packages/airflow/example_dags/tutorial.py for tasks to queue
[2024-01-21T13:22:03.554+0000] {logging_mixin.py:188} INFO - [2024-01-21T13:22:03.553+0000] {dagbag.py:538} INFO - Filling up the DagBag from /home/airflow/.local/lib/python3.8/site-packages/airflow/example_dags/tutorial.py
[2024-01-21T13:22:03.565+0000] {processor.py:840} INFO - DAG(s) 'tutorial' retrieved from /home/airflow/.local/lib/python3.8/site-packages/airflow/example_dags/tutorial.py
[2024-01-21T13:22:03.606+0000] {logging_mixin.py:188} INFO - [2024-01-21T13:22:03.605+0000] {dag.py:3036} INFO - Sync 1 DAGs
[2024-01-21T13:22:03.645+0000] {logging_mixin.py:188} INFO - [2024-01-21T13:22:03.644+0000] {dag.py:3823} INFO - Setting next_dagrun for tutorial to 2024-01-20 00:00:00+00:00, run_after=2024-01-21 00:00:00+00:00
[2024-01-21T13:22:03.697+0000] {processor.py:183} INFO - Processing /home/airflow/.local/lib/python3.8/site-packages/airflow/example_dags/tutorial.py took 0.156 seconds
[2024-01-21T13:22:34.003+0000] {processor.py:161} INFO - Started process (PID=268) to work on /home/airflow/.local/lib/python3.8/site-packages/airflow/example_dags/tutorial.py
[2024-01-21T13:22:34.006+0000] {processor.py:830} INFO - Processing file /home/airflow/.local/lib/python3.8/site-packages/airflow/example_dags/tutorial.py for tasks to queue
[2024-01-21T13:22:34.010+0000] {logging_mixin.py:188} INFO - [2024-01-21T13:22:34.010+0000] {dagbag.py:538} INFO - Filling up the DagBag from /home/airflow/.local/lib/python3.8/site-packages/airflow/example_dags/tutorial.py
[2024-01-21T13:22:34.023+0000] {processor.py:840} INFO - DAG(s) 'tutorial' retrieved from /home/airflow/.local/lib/python3.8/site-packages/airflow/example_dags/tutorial.py
[2024-01-21T13:22:34.069+0000] {logging_mixin.py:188} INFO - [2024-01-21T13:22:34.069+0000] {dag.py:3036} INFO - Sync 1 DAGs
[2024-01-21T13:22:34.116+0000] {logging_mixin.py:188} INFO - [2024-01-21T13:22:34.115+0000] {dag.py:3823} INFO - Setting next_dagrun for tutorial to 2024-01-20 00:00:00+00:00, run_after=2024-01-21 00:00:00+00:00
[2024-01-21T13:22:34.156+0000] {processor.py:183} INFO - Processing /home/airflow/.local/lib/python3.8/site-packages/airflow/example_dags/tutorial.py took 0.160 seconds
[2024-01-21T13:39:01.514+0000] {processor.py:161} INFO - Started process (PID=46) to work on /home/airflow/.local/lib/python3.8/site-packages/airflow/example_dags/tutorial.py
[2024-01-21T13:39:01.539+0000] {processor.py:830} INFO - Processing file /home/airflow/.local/lib/python3.8/site-packages/airflow/example_dags/tutorial.py for tasks to queue
[2024-01-21T13:39:01.561+0000] {logging_mixin.py:188} INFO - [2024-01-21T13:39:01.559+0000] {dagbag.py:538} INFO - Filling up the DagBag from /home/airflow/.local/lib/python3.8/site-packages/airflow/example_dags/tutorial.py
[2024-01-21T13:39:01.721+0000] {processor.py:840} INFO - DAG(s) 'tutorial' retrieved from /home/airflow/.local/lib/python3.8/site-packages/airflow/example_dags/tutorial.py
[2024-01-21T13:39:03.029+0000] {logging_mixin.py:188} INFO - [2024-01-21T13:39:03.029+0000] {dag.py:3036} INFO - Sync 1 DAGs
[2024-01-21T13:39:03.160+0000] {logging_mixin.py:188} INFO - [2024-01-21T13:39:03.159+0000] {dag.py:3823} INFO - Setting next_dagrun for tutorial to 2024-01-20 00:00:00+00:00, run_after=2024-01-21 00:00:00+00:00
[2024-01-21T13:39:03.255+0000] {processor.py:183} INFO - Processing /home/airflow/.local/lib/python3.8/site-packages/airflow/example_dags/tutorial.py took 1.862 seconds
[2024-01-21T13:39:44.705+0000] {processor.py:161} INFO - Started process (PID=107) to work on /home/airflow/.local/lib/python3.8/site-packages/airflow/example_dags/tutorial.py
[2024-01-21T13:39:44.707+0000] {processor.py:830} INFO - Processing file /home/airflow/.local/lib/python3.8/site-packages/airflow/example_dags/tutorial.py for tasks to queue
[2024-01-21T13:39:44.711+0000] {logging_mixin.py:188} INFO - [2024-01-21T13:39:44.711+0000] {dagbag.py:538} INFO - Filling up the DagBag from /home/airflow/.local/lib/python3.8/site-packages/airflow/example_dags/tutorial.py
[2024-01-21T13:39:44.726+0000] {processor.py:840} INFO - DAG(s) 'tutorial' retrieved from /home/airflow/.local/lib/python3.8/site-packages/airflow/example_dags/tutorial.py
[2024-01-21T13:39:44.770+0000] {logging_mixin.py:188} INFO - [2024-01-21T13:39:44.770+0000] {dag.py:3036} INFO - Sync 1 DAGs
[2024-01-21T13:39:44.819+0000] {logging_mixin.py:188} INFO - [2024-01-21T13:39:44.819+0000] {dag.py:3823} INFO - Setting next_dagrun for tutorial to 2024-01-20 00:00:00+00:00, run_after=2024-01-21 00:00:00+00:00
[2024-01-21T13:39:44.859+0000] {processor.py:183} INFO - Processing /home/airflow/.local/lib/python3.8/site-packages/airflow/example_dags/tutorial.py took 0.162 seconds
[2024-01-21T13:40:23.428+0000] {processor.py:161} INFO - Started process (PID=152) to work on /home/airflow/.local/lib/python3.8/site-packages/airflow/example_dags/tutorial.py
[2024-01-21T13:40:23.446+0000] {processor.py:830} INFO - Processing file /home/airflow/.local/lib/python3.8/site-packages/airflow/example_dags/tutorial.py for tasks to queue
[2024-01-21T13:40:23.493+0000] {logging_mixin.py:188} INFO - [2024-01-21T13:40:23.492+0000] {dagbag.py:538} INFO - Filling up the DagBag from /home/airflow/.local/lib/python3.8/site-packages/airflow/example_dags/tutorial.py
[2024-01-21T13:40:23.519+0000] {processor.py:840} INFO - DAG(s) 'tutorial' retrieved from /home/airflow/.local/lib/python3.8/site-packages/airflow/example_dags/tutorial.py
[2024-01-21T13:40:23.678+0000] {logging_mixin.py:188} INFO - [2024-01-21T13:40:23.678+0000] {dag.py:3036} INFO - Sync 1 DAGs
[2024-01-21T13:40:23.794+0000] {logging_mixin.py:188} INFO - [2024-01-21T13:40:23.793+0000] {dag.py:3823} INFO - Setting next_dagrun for tutorial to 2024-01-20 00:00:00+00:00, run_after=2024-01-21 00:00:00+00:00
[2024-01-21T13:40:23.868+0000] {processor.py:183} INFO - Processing /home/airflow/.local/lib/python3.8/site-packages/airflow/example_dags/tutorial.py took 0.468 seconds
[2024-01-21T13:40:54.370+0000] {processor.py:161} INFO - Started process (PID=209) to work on /home/airflow/.local/lib/python3.8/site-packages/airflow/example_dags/tutorial.py
[2024-01-21T13:40:54.374+0000] {processor.py:830} INFO - Processing file /home/airflow/.local/lib/python3.8/site-packages/airflow/example_dags/tutorial.py for tasks to queue
[2024-01-21T13:40:54.380+0000] {logging_mixin.py:188} INFO - [2024-01-21T13:40:54.379+0000] {dagbag.py:538} INFO - Filling up the DagBag from /home/airflow/.local/lib/python3.8/site-packages/airflow/example_dags/tutorial.py
[2024-01-21T13:40:54.403+0000] {processor.py:840} INFO - DAG(s) 'tutorial' retrieved from /home/airflow/.local/lib/python3.8/site-packages/airflow/example_dags/tutorial.py
[2024-01-21T13:40:54.462+0000] {logging_mixin.py:188} INFO - [2024-01-21T13:40:54.461+0000] {dag.py:3036} INFO - Sync 1 DAGs
[2024-01-21T13:40:54.519+0000] {logging_mixin.py:188} INFO - [2024-01-21T13:40:54.518+0000] {dag.py:3823} INFO - Setting next_dagrun for tutorial to 2024-01-20 00:00:00+00:00, run_after=2024-01-21 00:00:00+00:00
[2024-01-21T13:40:54.567+0000] {processor.py:183} INFO - Processing /home/airflow/.local/lib/python3.8/site-packages/airflow/example_dags/tutorial.py took 0.206 seconds
[2024-01-21T13:41:25.051+0000] {processor.py:161} INFO - Started process (PID=265) to work on /home/airflow/.local/lib/python3.8/site-packages/airflow/example_dags/tutorial.py
[2024-01-21T13:41:25.055+0000] {processor.py:830} INFO - Processing file /home/airflow/.local/lib/python3.8/site-packages/airflow/example_dags/tutorial.py for tasks to queue
[2024-01-21T13:41:25.060+0000] {logging_mixin.py:188} INFO - [2024-01-21T13:41:25.059+0000] {dagbag.py:538} INFO - Filling up the DagBag from /home/airflow/.local/lib/python3.8/site-packages/airflow/example_dags/tutorial.py
[2024-01-21T13:41:25.077+0000] {processor.py:840} INFO - DAG(s) 'tutorial' retrieved from /home/airflow/.local/lib/python3.8/site-packages/airflow/example_dags/tutorial.py
[2024-01-21T13:41:25.267+0000] {logging_mixin.py:188} INFO - [2024-01-21T13:41:25.266+0000] {dag.py:3036} INFO - Sync 1 DAGs
[2024-01-21T13:41:25.457+0000] {logging_mixin.py:188} INFO - [2024-01-21T13:41:25.456+0000] {dag.py:3823} INFO - Setting next_dagrun for tutorial to 2024-01-20 00:00:00+00:00, run_after=2024-01-21 00:00:00+00:00
[2024-01-21T13:41:25.572+0000] {processor.py:183} INFO - Processing /home/airflow/.local/lib/python3.8/site-packages/airflow/example_dags/tutorial.py took 0.530 seconds
[2024-01-21T13:41:56.121+0000] {processor.py:161} INFO - Started process (PID=320) to work on /home/airflow/.local/lib/python3.8/site-packages/airflow/example_dags/tutorial.py
[2024-01-21T13:41:56.140+0000] {processor.py:830} INFO - Processing file /home/airflow/.local/lib/python3.8/site-packages/airflow/example_dags/tutorial.py for tasks to queue
[2024-01-21T13:41:56.146+0000] {logging_mixin.py:188} INFO - [2024-01-21T13:41:56.145+0000] {dagbag.py:538} INFO - Filling up the DagBag from /home/airflow/.local/lib/python3.8/site-packages/airflow/example_dags/tutorial.py
[2024-01-21T13:41:56.169+0000] {processor.py:840} INFO - DAG(s) 'tutorial' retrieved from /home/airflow/.local/lib/python3.8/site-packages/airflow/example_dags/tutorial.py
[2024-01-21T13:41:56.254+0000] {logging_mixin.py:188} INFO - [2024-01-21T13:41:56.254+0000] {dag.py:3036} INFO - Sync 1 DAGs
[2024-01-21T13:41:56.335+0000] {logging_mixin.py:188} INFO - [2024-01-21T13:41:56.335+0000] {dag.py:3823} INFO - Setting next_dagrun for tutorial to 2024-01-20 00:00:00+00:00, run_after=2024-01-21 00:00:00+00:00
[2024-01-21T13:41:56.396+0000] {processor.py:183} INFO - Processing /home/airflow/.local/lib/python3.8/site-packages/airflow/example_dags/tutorial.py took 0.285 seconds
[2024-01-21T13:42:26.690+0000] {processor.py:161} INFO - Started process (PID=375) to work on /home/airflow/.local/lib/python3.8/site-packages/airflow/example_dags/tutorial.py
[2024-01-21T13:42:26.697+0000] {processor.py:830} INFO - Processing file /home/airflow/.local/lib/python3.8/site-packages/airflow/example_dags/tutorial.py for tasks to queue
[2024-01-21T13:42:26.706+0000] {logging_mixin.py:188} INFO - [2024-01-21T13:42:26.704+0000] {dagbag.py:538} INFO - Filling up the DagBag from /home/airflow/.local/lib/python3.8/site-packages/airflow/example_dags/tutorial.py
[2024-01-21T13:42:26.730+0000] {processor.py:840} INFO - DAG(s) 'tutorial' retrieved from /home/airflow/.local/lib/python3.8/site-packages/airflow/example_dags/tutorial.py
[2024-01-21T13:42:26.814+0000] {logging_mixin.py:188} INFO - [2024-01-21T13:42:26.813+0000] {dag.py:3036} INFO - Sync 1 DAGs
[2024-01-21T13:42:26.917+0000] {logging_mixin.py:188} INFO - [2024-01-21T13:42:26.917+0000] {dag.py:3823} INFO - Setting next_dagrun for tutorial to 2024-01-20 00:00:00+00:00, run_after=2024-01-21 00:00:00+00:00
[2024-01-21T13:42:26.963+0000] {processor.py:183} INFO - Processing /home/airflow/.local/lib/python3.8/site-packages/airflow/example_dags/tutorial.py took 0.285 seconds
[2024-01-21T13:42:57.086+0000] {processor.py:161} INFO - Started process (PID=430) to work on /home/airflow/.local/lib/python3.8/site-packages/airflow/example_dags/tutorial.py
[2024-01-21T13:42:57.091+0000] {processor.py:830} INFO - Processing file /home/airflow/.local/lib/python3.8/site-packages/airflow/example_dags/tutorial.py for tasks to queue
[2024-01-21T13:42:57.099+0000] {logging_mixin.py:188} INFO - [2024-01-21T13:42:57.098+0000] {dagbag.py:538} INFO - Filling up the DagBag from /home/airflow/.local/lib/python3.8/site-packages/airflow/example_dags/tutorial.py
[2024-01-21T13:42:57.122+0000] {processor.py:840} INFO - DAG(s) 'tutorial' retrieved from /home/airflow/.local/lib/python3.8/site-packages/airflow/example_dags/tutorial.py
[2024-01-21T13:42:57.208+0000] {logging_mixin.py:188} INFO - [2024-01-21T13:42:57.208+0000] {dag.py:3036} INFO - Sync 1 DAGs
[2024-01-21T13:42:57.253+0000] {logging_mixin.py:188} INFO - [2024-01-21T13:42:57.253+0000] {dag.py:3823} INFO - Setting next_dagrun for tutorial to 2024-01-20 00:00:00+00:00, run_after=2024-01-21 00:00:00+00:00
[2024-01-21T13:42:57.288+0000] {processor.py:183} INFO - Processing /home/airflow/.local/lib/python3.8/site-packages/airflow/example_dags/tutorial.py took 0.212 seconds
[2024-01-21T13:43:28.142+0000] {processor.py:161} INFO - Started process (PID=485) to work on /home/airflow/.local/lib/python3.8/site-packages/airflow/example_dags/tutorial.py
[2024-01-21T13:43:28.145+0000] {processor.py:830} INFO - Processing file /home/airflow/.local/lib/python3.8/site-packages/airflow/example_dags/tutorial.py for tasks to queue
[2024-01-21T13:43:28.149+0000] {logging_mixin.py:188} INFO - [2024-01-21T13:43:28.148+0000] {dagbag.py:538} INFO - Filling up the DagBag from /home/airflow/.local/lib/python3.8/site-packages/airflow/example_dags/tutorial.py
[2024-01-21T13:43:28.165+0000] {processor.py:840} INFO - DAG(s) 'tutorial' retrieved from /home/airflow/.local/lib/python3.8/site-packages/airflow/example_dags/tutorial.py
[2024-01-21T13:43:28.207+0000] {logging_mixin.py:188} INFO - [2024-01-21T13:43:28.207+0000] {dag.py:3036} INFO - Sync 1 DAGs
[2024-01-21T13:43:28.246+0000] {logging_mixin.py:188} INFO - [2024-01-21T13:43:28.246+0000] {dag.py:3823} INFO - Setting next_dagrun for tutorial to 2024-01-20 00:00:00+00:00, run_after=2024-01-21 00:00:00+00:00
[2024-01-21T13:43:28.285+0000] {processor.py:183} INFO - Processing /home/airflow/.local/lib/python3.8/site-packages/airflow/example_dags/tutorial.py took 0.153 seconds
[2024-01-21T13:43:58.774+0000] {processor.py:161} INFO - Started process (PID=541) to work on /home/airflow/.local/lib/python3.8/site-packages/airflow/example_dags/tutorial.py
[2024-01-21T13:43:58.777+0000] {processor.py:830} INFO - Processing file /home/airflow/.local/lib/python3.8/site-packages/airflow/example_dags/tutorial.py for tasks to queue
[2024-01-21T13:43:58.783+0000] {logging_mixin.py:188} INFO - [2024-01-21T13:43:58.782+0000] {dagbag.py:538} INFO - Filling up the DagBag from /home/airflow/.local/lib/python3.8/site-packages/airflow/example_dags/tutorial.py
[2024-01-21T13:43:58.802+0000] {processor.py:840} INFO - DAG(s) 'tutorial' retrieved from /home/airflow/.local/lib/python3.8/site-packages/airflow/example_dags/tutorial.py
[2024-01-21T13:43:58.878+0000] {logging_mixin.py:188} INFO - [2024-01-21T13:43:58.877+0000] {dag.py:3036} INFO - Sync 1 DAGs
[2024-01-21T13:43:58.946+0000] {logging_mixin.py:188} INFO - [2024-01-21T13:43:58.945+0000] {dag.py:3823} INFO - Setting next_dagrun for tutorial to 2024-01-20 00:00:00+00:00, run_after=2024-01-21 00:00:00+00:00
[2024-01-21T13:43:59.028+0000] {processor.py:183} INFO - Processing /home/airflow/.local/lib/python3.8/site-packages/airflow/example_dags/tutorial.py took 0.267 seconds
[2024-01-21T13:44:29.202+0000] {processor.py:161} INFO - Started process (PID=596) to work on /home/airflow/.local/lib/python3.8/site-packages/airflow/example_dags/tutorial.py
[2024-01-21T13:44:29.204+0000] {processor.py:830} INFO - Processing file /home/airflow/.local/lib/python3.8/site-packages/airflow/example_dags/tutorial.py for tasks to queue
[2024-01-21T13:44:29.210+0000] {logging_mixin.py:188} INFO - [2024-01-21T13:44:29.210+0000] {dagbag.py:538} INFO - Filling up the DagBag from /home/airflow/.local/lib/python3.8/site-packages/airflow/example_dags/tutorial.py
[2024-01-21T13:44:29.226+0000] {processor.py:840} INFO - DAG(s) 'tutorial' retrieved from /home/airflow/.local/lib/python3.8/site-packages/airflow/example_dags/tutorial.py
[2024-01-21T13:44:29.330+0000] {logging_mixin.py:188} INFO - [2024-01-21T13:44:29.330+0000] {dag.py:3036} INFO - Sync 1 DAGs
[2024-01-21T13:44:29.548+0000] {logging_mixin.py:188} INFO - [2024-01-21T13:44:29.547+0000] {dag.py:3823} INFO - Setting next_dagrun for tutorial to 2024-01-20 00:00:00+00:00, run_after=2024-01-21 00:00:00+00:00
[2024-01-21T13:44:29.609+0000] {processor.py:183} INFO - Processing /home/airflow/.local/lib/python3.8/site-packages/airflow/example_dags/tutorial.py took 0.415 seconds
[2024-01-21T13:44:59.944+0000] {processor.py:161} INFO - Started process (PID=652) to work on /home/airflow/.local/lib/python3.8/site-packages/airflow/example_dags/tutorial.py
[2024-01-21T13:44:59.946+0000] {processor.py:830} INFO - Processing file /home/airflow/.local/lib/python3.8/site-packages/airflow/example_dags/tutorial.py for tasks to queue
[2024-01-21T13:44:59.950+0000] {logging_mixin.py:188} INFO - [2024-01-21T13:44:59.949+0000] {dagbag.py:538} INFO - Filling up the DagBag from /home/airflow/.local/lib/python3.8/site-packages/airflow/example_dags/tutorial.py
[2024-01-21T13:44:59.961+0000] {processor.py:840} INFO - DAG(s) 'tutorial' retrieved from /home/airflow/.local/lib/python3.8/site-packages/airflow/example_dags/tutorial.py
[2024-01-21T13:45:00.021+0000] {logging_mixin.py:188} INFO - [2024-01-21T13:45:00.020+0000] {dag.py:3036} INFO - Sync 1 DAGs
[2024-01-21T13:45:00.089+0000] {logging_mixin.py:188} INFO - [2024-01-21T13:45:00.089+0000] {dag.py:3823} INFO - Setting next_dagrun for tutorial to 2024-01-20 00:00:00+00:00, run_after=2024-01-21 00:00:00+00:00
[2024-01-21T13:45:00.130+0000] {processor.py:183} INFO - Processing /home/airflow/.local/lib/python3.8/site-packages/airflow/example_dags/tutorial.py took 0.192 seconds
[2024-01-21T13:45:30.636+0000] {processor.py:161} INFO - Started process (PID=708) to work on /home/airflow/.local/lib/python3.8/site-packages/airflow/example_dags/tutorial.py
[2024-01-21T13:45:30.639+0000] {processor.py:830} INFO - Processing file /home/airflow/.local/lib/python3.8/site-packages/airflow/example_dags/tutorial.py for tasks to queue
[2024-01-21T13:45:30.643+0000] {logging_mixin.py:188} INFO - [2024-01-21T13:45:30.643+0000] {dagbag.py:538} INFO - Filling up the DagBag from /home/airflow/.local/lib/python3.8/site-packages/airflow/example_dags/tutorial.py
[2024-01-21T13:45:30.656+0000] {processor.py:840} INFO - DAG(s) 'tutorial' retrieved from /home/airflow/.local/lib/python3.8/site-packages/airflow/example_dags/tutorial.py
[2024-01-21T13:45:30.700+0000] {logging_mixin.py:188} INFO - [2024-01-21T13:45:30.699+0000] {dag.py:3036} INFO - Sync 1 DAGs
[2024-01-21T13:45:30.745+0000] {logging_mixin.py:188} INFO - [2024-01-21T13:45:30.744+0000] {dag.py:3823} INFO - Setting next_dagrun for tutorial to 2024-01-20 00:00:00+00:00, run_after=2024-01-21 00:00:00+00:00
[2024-01-21T13:45:30.792+0000] {processor.py:183} INFO - Processing /home/airflow/.local/lib/python3.8/site-packages/airflow/example_dags/tutorial.py took 0.165 seconds
[2024-01-21T13:46:01.279+0000] {processor.py:161} INFO - Started process (PID=764) to work on /home/airflow/.local/lib/python3.8/site-packages/airflow/example_dags/tutorial.py
[2024-01-21T13:46:01.281+0000] {processor.py:830} INFO - Processing file /home/airflow/.local/lib/python3.8/site-packages/airflow/example_dags/tutorial.py for tasks to queue
[2024-01-21T13:46:01.285+0000] {logging_mixin.py:188} INFO - [2024-01-21T13:46:01.284+0000] {dagbag.py:538} INFO - Filling up the DagBag from /home/airflow/.local/lib/python3.8/site-packages/airflow/example_dags/tutorial.py
[2024-01-21T13:46:01.302+0000] {processor.py:840} INFO - DAG(s) 'tutorial' retrieved from /home/airflow/.local/lib/python3.8/site-packages/airflow/example_dags/tutorial.py
[2024-01-21T13:46:01.350+0000] {logging_mixin.py:188} INFO - [2024-01-21T13:46:01.350+0000] {dag.py:3036} INFO - Sync 1 DAGs
[2024-01-21T13:46:01.430+0000] {logging_mixin.py:188} INFO - [2024-01-21T13:46:01.430+0000] {dag.py:3823} INFO - Setting next_dagrun for tutorial to 2024-01-20 00:00:00+00:00, run_after=2024-01-21 00:00:00+00:00
[2024-01-21T13:46:01.515+0000] {processor.py:183} INFO - Processing /home/airflow/.local/lib/python3.8/site-packages/airflow/example_dags/tutorial.py took 0.243 seconds
[2024-01-21T13:46:34.010+0000] {processor.py:161} INFO - Started process (PID=820) to work on /home/airflow/.local/lib/python3.8/site-packages/airflow/example_dags/tutorial.py
[2024-01-21T13:46:34.030+0000] {processor.py:830} INFO - Processing file /home/airflow/.local/lib/python3.8/site-packages/airflow/example_dags/tutorial.py for tasks to queue
[2024-01-21T13:46:34.050+0000] {logging_mixin.py:188} INFO - [2024-01-21T13:46:34.049+0000] {dagbag.py:538} INFO - Filling up the DagBag from /home/airflow/.local/lib/python3.8/site-packages/airflow/example_dags/tutorial.py
[2024-01-21T13:46:34.194+0000] {processor.py:840} INFO - DAG(s) 'tutorial' retrieved from /home/airflow/.local/lib/python3.8/site-packages/airflow/example_dags/tutorial.py
[2024-01-21T13:46:34.321+0000] {logging_mixin.py:188} INFO - [2024-01-21T13:46:34.320+0000] {dag.py:3036} INFO - Sync 1 DAGs
[2024-01-21T13:46:34.423+0000] {logging_mixin.py:188} INFO - [2024-01-21T13:46:34.421+0000] {dag.py:3823} INFO - Setting next_dagrun for tutorial to 2024-01-20 00:00:00+00:00, run_after=2024-01-21 00:00:00+00:00
[2024-01-21T13:46:34.583+0000] {processor.py:183} INFO - Processing /home/airflow/.local/lib/python3.8/site-packages/airflow/example_dags/tutorial.py took 0.655 seconds
[2024-01-21T13:47:05.261+0000] {processor.py:161} INFO - Started process (PID=875) to work on /home/airflow/.local/lib/python3.8/site-packages/airflow/example_dags/tutorial.py
[2024-01-21T13:47:05.264+0000] {processor.py:830} INFO - Processing file /home/airflow/.local/lib/python3.8/site-packages/airflow/example_dags/tutorial.py for tasks to queue
[2024-01-21T13:47:05.271+0000] {logging_mixin.py:188} INFO - [2024-01-21T13:47:05.270+0000] {dagbag.py:538} INFO - Filling up the DagBag from /home/airflow/.local/lib/python3.8/site-packages/airflow/example_dags/tutorial.py
[2024-01-21T13:47:05.376+0000] {processor.py:840} INFO - DAG(s) 'tutorial' retrieved from /home/airflow/.local/lib/python3.8/site-packages/airflow/example_dags/tutorial.py
[2024-01-21T13:47:05.504+0000] {logging_mixin.py:188} INFO - [2024-01-21T13:47:05.502+0000] {dag.py:3036} INFO - Sync 1 DAGs
[2024-01-21T13:47:05.654+0000] {logging_mixin.py:188} INFO - [2024-01-21T13:47:05.654+0000] {dag.py:3823} INFO - Setting next_dagrun for tutorial to 2024-01-20 00:00:00+00:00, run_after=2024-01-21 00:00:00+00:00
[2024-01-21T13:47:05.714+0000] {processor.py:183} INFO - Processing /home/airflow/.local/lib/python3.8/site-packages/airflow/example_dags/tutorial.py took 0.464 seconds
[2024-01-21T13:47:36.120+0000] {processor.py:161} INFO - Started process (PID=931) to work on /home/airflow/.local/lib/python3.8/site-packages/airflow/example_dags/tutorial.py
[2024-01-21T13:47:36.123+0000] {processor.py:830} INFO - Processing file /home/airflow/.local/lib/python3.8/site-packages/airflow/example_dags/tutorial.py for tasks to queue
[2024-01-21T13:47:36.131+0000] {logging_mixin.py:188} INFO - [2024-01-21T13:47:36.130+0000] {dagbag.py:538} INFO - Filling up the DagBag from /home/airflow/.local/lib/python3.8/site-packages/airflow/example_dags/tutorial.py
[2024-01-21T13:47:36.149+0000] {processor.py:840} INFO - DAG(s) 'tutorial' retrieved from /home/airflow/.local/lib/python3.8/site-packages/airflow/example_dags/tutorial.py
[2024-01-21T13:47:36.207+0000] {logging_mixin.py:188} INFO - [2024-01-21T13:47:36.207+0000] {dag.py:3036} INFO - Sync 1 DAGs
[2024-01-21T13:47:36.278+0000] {logging_mixin.py:188} INFO - [2024-01-21T13:47:36.277+0000] {dag.py:3823} INFO - Setting next_dagrun for tutorial to 2024-01-20 00:00:00+00:00, run_after=2024-01-21 00:00:00+00:00
[2024-01-21T13:47:36.324+0000] {processor.py:183} INFO - Processing /home/airflow/.local/lib/python3.8/site-packages/airflow/example_dags/tutorial.py took 0.212 seconds
[2024-01-21T13:48:07.842+0000] {processor.py:161} INFO - Started process (PID=987) to work on /home/airflow/.local/lib/python3.8/site-packages/airflow/example_dags/tutorial.py
[2024-01-21T13:48:07.850+0000] {processor.py:830} INFO - Processing file /home/airflow/.local/lib/python3.8/site-packages/airflow/example_dags/tutorial.py for tasks to queue
[2024-01-21T13:48:07.864+0000] {logging_mixin.py:188} INFO - [2024-01-21T13:48:07.862+0000] {dagbag.py:538} INFO - Filling up the DagBag from /home/airflow/.local/lib/python3.8/site-packages/airflow/example_dags/tutorial.py
[2024-01-21T13:48:08.011+0000] {processor.py:840} INFO - DAG(s) 'tutorial' retrieved from /home/airflow/.local/lib/python3.8/site-packages/airflow/example_dags/tutorial.py
[2024-01-21T13:48:08.154+0000] {logging_mixin.py:188} INFO - [2024-01-21T13:48:08.151+0000] {dag.py:3036} INFO - Sync 1 DAGs
[2024-01-21T13:48:08.297+0000] {logging_mixin.py:188} INFO - [2024-01-21T13:48:08.296+0000] {dag.py:3823} INFO - Setting next_dagrun for tutorial to 2024-01-20 00:00:00+00:00, run_after=2024-01-21 00:00:00+00:00
[2024-01-21T13:48:08.373+0000] {processor.py:183} INFO - Processing /home/airflow/.local/lib/python3.8/site-packages/airflow/example_dags/tutorial.py took 0.554 seconds
[2024-01-21T13:48:38.829+0000] {processor.py:161} INFO - Started process (PID=1043) to work on /home/airflow/.local/lib/python3.8/site-packages/airflow/example_dags/tutorial.py
[2024-01-21T13:48:38.832+0000] {processor.py:830} INFO - Processing file /home/airflow/.local/lib/python3.8/site-packages/airflow/example_dags/tutorial.py for tasks to queue
[2024-01-21T13:48:38.837+0000] {logging_mixin.py:188} INFO - [2024-01-21T13:48:38.836+0000] {dagbag.py:538} INFO - Filling up the DagBag from /home/airflow/.local/lib/python3.8/site-packages/airflow/example_dags/tutorial.py
[2024-01-21T13:48:38.867+0000] {processor.py:840} INFO - DAG(s) 'tutorial' retrieved from /home/airflow/.local/lib/python3.8/site-packages/airflow/example_dags/tutorial.py
[2024-01-21T13:48:38.954+0000] {logging_mixin.py:188} INFO - [2024-01-21T13:48:38.953+0000] {dag.py:3036} INFO - Sync 1 DAGs
[2024-01-21T13:48:39.087+0000] {logging_mixin.py:188} INFO - [2024-01-21T13:48:39.087+0000] {dag.py:3823} INFO - Setting next_dagrun for tutorial to 2024-01-20 00:00:00+00:00, run_after=2024-01-21 00:00:00+00:00
[2024-01-21T13:48:39.196+0000] {processor.py:183} INFO - Processing /home/airflow/.local/lib/python3.8/site-packages/airflow/example_dags/tutorial.py took 0.382 seconds
[2024-01-21T13:49:10.050+0000] {processor.py:161} INFO - Started process (PID=1099) to work on /home/airflow/.local/lib/python3.8/site-packages/airflow/example_dags/tutorial.py
[2024-01-21T13:49:10.052+0000] {processor.py:830} INFO - Processing file /home/airflow/.local/lib/python3.8/site-packages/airflow/example_dags/tutorial.py for tasks to queue
[2024-01-21T13:49:10.056+0000] {logging_mixin.py:188} INFO - [2024-01-21T13:49:10.055+0000] {dagbag.py:538} INFO - Filling up the DagBag from /home/airflow/.local/lib/python3.8/site-packages/airflow/example_dags/tutorial.py
[2024-01-21T13:49:10.065+0000] {processor.py:840} INFO - DAG(s) 'tutorial' retrieved from /home/airflow/.local/lib/python3.8/site-packages/airflow/example_dags/tutorial.py
[2024-01-21T13:49:10.105+0000] {logging_mixin.py:188} INFO - [2024-01-21T13:49:10.104+0000] {dag.py:3036} INFO - Sync 1 DAGs
[2024-01-21T13:49:10.147+0000] {logging_mixin.py:188} INFO - [2024-01-21T13:49:10.147+0000] {dag.py:3823} INFO - Setting next_dagrun for tutorial to 2024-01-20 00:00:00+00:00, run_after=2024-01-21 00:00:00+00:00
[2024-01-21T13:49:10.186+0000] {processor.py:183} INFO - Processing /home/airflow/.local/lib/python3.8/site-packages/airflow/example_dags/tutorial.py took 0.143 seconds
[2024-01-21T13:49:41.003+0000] {processor.py:161} INFO - Started process (PID=1155) to work on /home/airflow/.local/lib/python3.8/site-packages/airflow/example_dags/tutorial.py
[2024-01-21T13:49:41.008+0000] {processor.py:830} INFO - Processing file /home/airflow/.local/lib/python3.8/site-packages/airflow/example_dags/tutorial.py for tasks to queue
[2024-01-21T13:49:41.015+0000] {logging_mixin.py:188} INFO - [2024-01-21T13:49:41.014+0000] {dagbag.py:538} INFO - Filling up the DagBag from /home/airflow/.local/lib/python3.8/site-packages/airflow/example_dags/tutorial.py
[2024-01-21T13:49:41.054+0000] {processor.py:840} INFO - DAG(s) 'tutorial' retrieved from /home/airflow/.local/lib/python3.8/site-packages/airflow/example_dags/tutorial.py
[2024-01-21T13:49:41.152+0000] {logging_mixin.py:188} INFO - [2024-01-21T13:49:41.151+0000] {dag.py:3036} INFO - Sync 1 DAGs
[2024-01-21T13:49:41.209+0000] {logging_mixin.py:188} INFO - [2024-01-21T13:49:41.208+0000] {dag.py:3823} INFO - Setting next_dagrun for tutorial to 2024-01-20 00:00:00+00:00, run_after=2024-01-21 00:00:00+00:00
[2024-01-21T13:49:41.250+0000] {processor.py:183} INFO - Processing /home/airflow/.local/lib/python3.8/site-packages/airflow/example_dags/tutorial.py took 0.258 seconds
[2024-01-21T13:50:11.488+0000] {processor.py:161} INFO - Started process (PID=1212) to work on /home/airflow/.local/lib/python3.8/site-packages/airflow/example_dags/tutorial.py
[2024-01-21T13:50:11.492+0000] {processor.py:830} INFO - Processing file /home/airflow/.local/lib/python3.8/site-packages/airflow/example_dags/tutorial.py for tasks to queue
[2024-01-21T13:50:11.497+0000] {logging_mixin.py:188} INFO - [2024-01-21T13:50:11.496+0000] {dagbag.py:538} INFO - Filling up the DagBag from /home/airflow/.local/lib/python3.8/site-packages/airflow/example_dags/tutorial.py
[2024-01-21T13:50:11.516+0000] {processor.py:840} INFO - DAG(s) 'tutorial' retrieved from /home/airflow/.local/lib/python3.8/site-packages/airflow/example_dags/tutorial.py
[2024-01-21T13:50:11.565+0000] {logging_mixin.py:188} INFO - [2024-01-21T13:50:11.565+0000] {dag.py:3036} INFO - Sync 1 DAGs
[2024-01-21T13:50:11.613+0000] {logging_mixin.py:188} INFO - [2024-01-21T13:50:11.613+0000] {dag.py:3823} INFO - Setting next_dagrun for tutorial to 2024-01-20 00:00:00+00:00, run_after=2024-01-21 00:00:00+00:00
[2024-01-21T13:50:11.659+0000] {processor.py:183} INFO - Processing /home/airflow/.local/lib/python3.8/site-packages/airflow/example_dags/tutorial.py took 0.179 seconds
[2024-01-21T13:50:42.055+0000] {processor.py:161} INFO - Started process (PID=1268) to work on /home/airflow/.local/lib/python3.8/site-packages/airflow/example_dags/tutorial.py
[2024-01-21T13:50:42.058+0000] {processor.py:830} INFO - Processing file /home/airflow/.local/lib/python3.8/site-packages/airflow/example_dags/tutorial.py for tasks to queue
[2024-01-21T13:50:42.062+0000] {logging_mixin.py:188} INFO - [2024-01-21T13:50:42.061+0000] {dagbag.py:538} INFO - Filling up the DagBag from /home/airflow/.local/lib/python3.8/site-packages/airflow/example_dags/tutorial.py
[2024-01-21T13:50:42.077+0000] {processor.py:840} INFO - DAG(s) 'tutorial' retrieved from /home/airflow/.local/lib/python3.8/site-packages/airflow/example_dags/tutorial.py
[2024-01-21T13:50:42.129+0000] {logging_mixin.py:188} INFO - [2024-01-21T13:50:42.128+0000] {dag.py:3036} INFO - Sync 1 DAGs
[2024-01-21T13:50:42.187+0000] {logging_mixin.py:188} INFO - [2024-01-21T13:50:42.186+0000] {dag.py:3823} INFO - Setting next_dagrun for tutorial to 2024-01-20 00:00:00+00:00, run_after=2024-01-21 00:00:00+00:00
[2024-01-21T13:50:42.236+0000] {processor.py:183} INFO - Processing /home/airflow/.local/lib/python3.8/site-packages/airflow/example_dags/tutorial.py took 0.188 seconds
[2024-01-21T13:51:12.578+0000] {processor.py:161} INFO - Started process (PID=1324) to work on /home/airflow/.local/lib/python3.8/site-packages/airflow/example_dags/tutorial.py
[2024-01-21T13:51:12.589+0000] {processor.py:830} INFO - Processing file /home/airflow/.local/lib/python3.8/site-packages/airflow/example_dags/tutorial.py for tasks to queue
[2024-01-21T13:51:12.598+0000] {logging_mixin.py:188} INFO - [2024-01-21T13:51:12.596+0000] {dagbag.py:538} INFO - Filling up the DagBag from /home/airflow/.local/lib/python3.8/site-packages/airflow/example_dags/tutorial.py
[2024-01-21T13:51:12.634+0000] {processor.py:840} INFO - DAG(s) 'tutorial' retrieved from /home/airflow/.local/lib/python3.8/site-packages/airflow/example_dags/tutorial.py
[2024-01-21T13:51:12.711+0000] {logging_mixin.py:188} INFO - [2024-01-21T13:51:12.711+0000] {dag.py:3036} INFO - Sync 1 DAGs
[2024-01-21T13:51:12.789+0000] {logging_mixin.py:188} INFO - [2024-01-21T13:51:12.787+0000] {dag.py:3823} INFO - Setting next_dagrun for tutorial to 2024-01-20 00:00:00+00:00, run_after=2024-01-21 00:00:00+00:00
[2024-01-21T13:51:12.853+0000] {processor.py:183} INFO - Processing /home/airflow/.local/lib/python3.8/site-packages/airflow/example_dags/tutorial.py took 0.289 seconds
