[2024-01-21T13:20:32.417+0000] {processor.py:161} INFO - Started process (PID=56) to work on /home/airflow/.local/lib/python3.8/site-packages/airflow/example_dags/tutorial_objectstorage.py
[2024-01-21T13:20:32.420+0000] {processor.py:830} INFO - Processing file /home/airflow/.local/lib/python3.8/site-packages/airflow/example_dags/tutorial_objectstorage.py for tasks to queue
[2024-01-21T13:20:32.425+0000] {logging_mixin.py:188} INFO - [2024-01-21T13:20:32.424+0000] {dagbag.py:538} INFO - Filling up the DagBag from /home/airflow/.local/lib/python3.8/site-packages/airflow/example_dags/tutorial_objectstorage.py
[2024-01-21T13:20:32.525+0000] {processor.py:840} INFO - DAG(s) 'tutorial_objectstorage' retrieved from /home/airflow/.local/lib/python3.8/site-packages/airflow/example_dags/tutorial_objectstorage.py
[2024-01-21T13:20:34.018+0000] {logging_mixin.py:188} INFO - [2024-01-21T13:20:34.017+0000] {dag.py:3036} INFO - Sync 1 DAGs
[2024-01-21T13:20:34.133+0000] {logging_mixin.py:188} INFO - [2024-01-21T13:20:34.132+0000] {dag.py:3823} INFO - Setting next_dagrun for tutorial_objectstorage to None, run_after=None
[2024-01-21T13:20:34.208+0000] {processor.py:183} INFO - Processing /home/airflow/.local/lib/python3.8/site-packages/airflow/example_dags/tutorial_objectstorage.py took 1.802 seconds
[2024-01-21T13:21:04.497+0000] {processor.py:161} INFO - Started process (PID=111) to work on /home/airflow/.local/lib/python3.8/site-packages/airflow/example_dags/tutorial_objectstorage.py
[2024-01-21T13:21:04.501+0000] {processor.py:830} INFO - Processing file /home/airflow/.local/lib/python3.8/site-packages/airflow/example_dags/tutorial_objectstorage.py for tasks to queue
[2024-01-21T13:21:04.506+0000] {logging_mixin.py:188} INFO - [2024-01-21T13:21:04.505+0000] {dagbag.py:538} INFO - Filling up the DagBag from /home/airflow/.local/lib/python3.8/site-packages/airflow/example_dags/tutorial_objectstorage.py
[2024-01-21T13:21:04.521+0000] {processor.py:840} INFO - DAG(s) 'tutorial_objectstorage' retrieved from /home/airflow/.local/lib/python3.8/site-packages/airflow/example_dags/tutorial_objectstorage.py
[2024-01-21T13:21:04.565+0000] {logging_mixin.py:188} INFO - [2024-01-21T13:21:04.564+0000] {dag.py:3036} INFO - Sync 1 DAGs
[2024-01-21T13:21:04.593+0000] {logging_mixin.py:188} INFO - [2024-01-21T13:21:04.593+0000] {dag.py:3823} INFO - Setting next_dagrun for tutorial_objectstorage to None, run_after=None
[2024-01-21T13:21:04.635+0000] {processor.py:183} INFO - Processing /home/airflow/.local/lib/python3.8/site-packages/airflow/example_dags/tutorial_objectstorage.py took 0.146 seconds
[2024-01-21T13:21:35.360+0000] {processor.py:161} INFO - Started process (PID=166) to work on /home/airflow/.local/lib/python3.8/site-packages/airflow/example_dags/tutorial_objectstorage.py
[2024-01-21T13:21:35.364+0000] {processor.py:830} INFO - Processing file /home/airflow/.local/lib/python3.8/site-packages/airflow/example_dags/tutorial_objectstorage.py for tasks to queue
[2024-01-21T13:21:35.368+0000] {logging_mixin.py:188} INFO - [2024-01-21T13:21:35.368+0000] {dagbag.py:538} INFO - Filling up the DagBag from /home/airflow/.local/lib/python3.8/site-packages/airflow/example_dags/tutorial_objectstorage.py
[2024-01-21T13:21:35.386+0000] {processor.py:840} INFO - DAG(s) 'tutorial_objectstorage' retrieved from /home/airflow/.local/lib/python3.8/site-packages/airflow/example_dags/tutorial_objectstorage.py
[2024-01-21T13:21:35.436+0000] {logging_mixin.py:188} INFO - [2024-01-21T13:21:35.435+0000] {dag.py:3036} INFO - Sync 1 DAGs
[2024-01-21T13:21:35.470+0000] {logging_mixin.py:188} INFO - [2024-01-21T13:21:35.470+0000] {dag.py:3823} INFO - Setting next_dagrun for tutorial_objectstorage to None, run_after=None
[2024-01-21T13:21:35.520+0000] {processor.py:183} INFO - Processing /home/airflow/.local/lib/python3.8/site-packages/airflow/example_dags/tutorial_objectstorage.py took 0.166 seconds
[2024-01-21T13:22:05.743+0000] {processor.py:161} INFO - Started process (PID=220) to work on /home/airflow/.local/lib/python3.8/site-packages/airflow/example_dags/tutorial_objectstorage.py
[2024-01-21T13:22:05.746+0000] {processor.py:830} INFO - Processing file /home/airflow/.local/lib/python3.8/site-packages/airflow/example_dags/tutorial_objectstorage.py for tasks to queue
[2024-01-21T13:22:05.752+0000] {logging_mixin.py:188} INFO - [2024-01-21T13:22:05.752+0000] {dagbag.py:538} INFO - Filling up the DagBag from /home/airflow/.local/lib/python3.8/site-packages/airflow/example_dags/tutorial_objectstorage.py
[2024-01-21T13:22:05.771+0000] {processor.py:840} INFO - DAG(s) 'tutorial_objectstorage' retrieved from /home/airflow/.local/lib/python3.8/site-packages/airflow/example_dags/tutorial_objectstorage.py
[2024-01-21T13:22:05.830+0000] {logging_mixin.py:188} INFO - [2024-01-21T13:22:05.829+0000] {dag.py:3036} INFO - Sync 1 DAGs
[2024-01-21T13:22:05.857+0000] {logging_mixin.py:188} INFO - [2024-01-21T13:22:05.857+0000] {dag.py:3823} INFO - Setting next_dagrun for tutorial_objectstorage to None, run_after=None
[2024-01-21T13:22:05.901+0000] {processor.py:183} INFO - Processing /home/airflow/.local/lib/python3.8/site-packages/airflow/example_dags/tutorial_objectstorage.py took 0.167 seconds
[2024-01-21T13:22:36.914+0000] {processor.py:161} INFO - Started process (PID=274) to work on /home/airflow/.local/lib/python3.8/site-packages/airflow/example_dags/tutorial_objectstorage.py
[2024-01-21T13:22:36.937+0000] {processor.py:830} INFO - Processing file /home/airflow/.local/lib/python3.8/site-packages/airflow/example_dags/tutorial_objectstorage.py for tasks to queue
[2024-01-21T13:22:37.033+0000] {logging_mixin.py:188} INFO - [2024-01-21T13:22:37.031+0000] {dagbag.py:538} INFO - Filling up the DagBag from /home/airflow/.local/lib/python3.8/site-packages/airflow/example_dags/tutorial_objectstorage.py
[2024-01-21T13:22:37.236+0000] {processor.py:840} INFO - DAG(s) 'tutorial_objectstorage' retrieved from /home/airflow/.local/lib/python3.8/site-packages/airflow/example_dags/tutorial_objectstorage.py
[2024-01-21T13:22:37.487+0000] {logging_mixin.py:188} INFO - [2024-01-21T13:22:37.487+0000] {dag.py:3036} INFO - Sync 1 DAGs
[2024-01-21T13:22:37.688+0000] {logging_mixin.py:188} INFO - [2024-01-21T13:22:37.687+0000] {dag.py:3823} INFO - Setting next_dagrun for tutorial_objectstorage to None, run_after=None
[2024-01-21T13:22:38.001+0000] {processor.py:183} INFO - Processing /home/airflow/.local/lib/python3.8/site-packages/airflow/example_dags/tutorial_objectstorage.py took 1.237 seconds
[2024-01-21T13:39:16.597+0000] {processor.py:161} INFO - Started process (PID=57) to work on /home/airflow/.local/lib/python3.8/site-packages/airflow/example_dags/tutorial_objectstorage.py
[2024-01-21T13:39:16.613+0000] {processor.py:830} INFO - Processing file /home/airflow/.local/lib/python3.8/site-packages/airflow/example_dags/tutorial_objectstorage.py for tasks to queue
[2024-01-21T13:39:16.672+0000] {logging_mixin.py:188} INFO - [2024-01-21T13:39:16.670+0000] {dagbag.py:538} INFO - Filling up the DagBag from /home/airflow/.local/lib/python3.8/site-packages/airflow/example_dags/tutorial_objectstorage.py
[2024-01-21T13:39:17.369+0000] {processor.py:840} INFO - DAG(s) 'tutorial_objectstorage' retrieved from /home/airflow/.local/lib/python3.8/site-packages/airflow/example_dags/tutorial_objectstorage.py
[2024-01-21T13:39:25.115+0000] {logging_mixin.py:188} INFO - [2024-01-21T13:39:25.114+0000] {dag.py:3036} INFO - Sync 1 DAGs
[2024-01-21T13:39:25.225+0000] {logging_mixin.py:188} INFO - [2024-01-21T13:39:25.224+0000] {dag.py:3823} INFO - Setting next_dagrun for tutorial_objectstorage to None, run_after=None
[2024-01-21T13:39:25.573+0000] {processor.py:183} INFO - Processing /home/airflow/.local/lib/python3.8/site-packages/airflow/example_dags/tutorial_objectstorage.py took 9.001 seconds
[2024-01-21T13:39:56.597+0000] {processor.py:161} INFO - Started process (PID=112) to work on /home/airflow/.local/lib/python3.8/site-packages/airflow/example_dags/tutorial_objectstorage.py
[2024-01-21T13:39:56.603+0000] {processor.py:830} INFO - Processing file /home/airflow/.local/lib/python3.8/site-packages/airflow/example_dags/tutorial_objectstorage.py for tasks to queue
[2024-01-21T13:39:56.687+0000] {logging_mixin.py:188} INFO - [2024-01-21T13:39:56.676+0000] {dagbag.py:538} INFO - Filling up the DagBag from /home/airflow/.local/lib/python3.8/site-packages/airflow/example_dags/tutorial_objectstorage.py
[2024-01-21T13:39:56.970+0000] {processor.py:840} INFO - DAG(s) 'tutorial_objectstorage' retrieved from /home/airflow/.local/lib/python3.8/site-packages/airflow/example_dags/tutorial_objectstorage.py
[2024-01-21T13:39:57.143+0000] {logging_mixin.py:188} INFO - [2024-01-21T13:39:57.139+0000] {dag.py:3036} INFO - Sync 1 DAGs
[2024-01-21T13:39:57.227+0000] {logging_mixin.py:188} INFO - [2024-01-21T13:39:57.226+0000] {dag.py:3823} INFO - Setting next_dagrun for tutorial_objectstorage to None, run_after=None
[2024-01-21T13:39:57.333+0000] {processor.py:183} INFO - Processing /home/airflow/.local/lib/python3.8/site-packages/airflow/example_dags/tutorial_objectstorage.py took 0.760 seconds
[2024-01-21T13:40:27.440+0000] {processor.py:161} INFO - Started process (PID=167) to work on /home/airflow/.local/lib/python3.8/site-packages/airflow/example_dags/tutorial_objectstorage.py
[2024-01-21T13:40:27.442+0000] {processor.py:830} INFO - Processing file /home/airflow/.local/lib/python3.8/site-packages/airflow/example_dags/tutorial_objectstorage.py for tasks to queue
[2024-01-21T13:40:27.446+0000] {logging_mixin.py:188} INFO - [2024-01-21T13:40:27.445+0000] {dagbag.py:538} INFO - Filling up the DagBag from /home/airflow/.local/lib/python3.8/site-packages/airflow/example_dags/tutorial_objectstorage.py
[2024-01-21T13:40:27.469+0000] {processor.py:840} INFO - DAG(s) 'tutorial_objectstorage' retrieved from /home/airflow/.local/lib/python3.8/site-packages/airflow/example_dags/tutorial_objectstorage.py
[2024-01-21T13:40:27.547+0000] {logging_mixin.py:188} INFO - [2024-01-21T13:40:27.541+0000] {dag.py:3036} INFO - Sync 1 DAGs
[2024-01-21T13:40:27.679+0000] {logging_mixin.py:188} INFO - [2024-01-21T13:40:27.678+0000] {dag.py:3823} INFO - Setting next_dagrun for tutorial_objectstorage to None, run_after=None
[2024-01-21T13:40:27.760+0000] {processor.py:183} INFO - Processing /home/airflow/.local/lib/python3.8/site-packages/airflow/example_dags/tutorial_objectstorage.py took 0.327 seconds
[2024-01-21T13:40:58.077+0000] {processor.py:161} INFO - Started process (PID=222) to work on /home/airflow/.local/lib/python3.8/site-packages/airflow/example_dags/tutorial_objectstorage.py
[2024-01-21T13:40:58.080+0000] {processor.py:830} INFO - Processing file /home/airflow/.local/lib/python3.8/site-packages/airflow/example_dags/tutorial_objectstorage.py for tasks to queue
[2024-01-21T13:40:58.091+0000] {logging_mixin.py:188} INFO - [2024-01-21T13:40:58.091+0000] {dagbag.py:538} INFO - Filling up the DagBag from /home/airflow/.local/lib/python3.8/site-packages/airflow/example_dags/tutorial_objectstorage.py
[2024-01-21T13:40:58.141+0000] {processor.py:840} INFO - DAG(s) 'tutorial_objectstorage' retrieved from /home/airflow/.local/lib/python3.8/site-packages/airflow/example_dags/tutorial_objectstorage.py
[2024-01-21T13:40:58.220+0000] {logging_mixin.py:188} INFO - [2024-01-21T13:40:58.220+0000] {dag.py:3036} INFO - Sync 1 DAGs
[2024-01-21T13:40:58.248+0000] {logging_mixin.py:188} INFO - [2024-01-21T13:40:58.248+0000] {dag.py:3823} INFO - Setting next_dagrun for tutorial_objectstorage to None, run_after=None
[2024-01-21T13:40:58.292+0000] {processor.py:183} INFO - Processing /home/airflow/.local/lib/python3.8/site-packages/airflow/example_dags/tutorial_objectstorage.py took 0.225 seconds
[2024-01-21T13:41:28.870+0000] {processor.py:161} INFO - Started process (PID=278) to work on /home/airflow/.local/lib/python3.8/site-packages/airflow/example_dags/tutorial_objectstorage.py
[2024-01-21T13:41:28.873+0000] {processor.py:830} INFO - Processing file /home/airflow/.local/lib/python3.8/site-packages/airflow/example_dags/tutorial_objectstorage.py for tasks to queue
[2024-01-21T13:41:28.878+0000] {logging_mixin.py:188} INFO - [2024-01-21T13:41:28.877+0000] {dagbag.py:538} INFO - Filling up the DagBag from /home/airflow/.local/lib/python3.8/site-packages/airflow/example_dags/tutorial_objectstorage.py
[2024-01-21T13:41:28.893+0000] {processor.py:840} INFO - DAG(s) 'tutorial_objectstorage' retrieved from /home/airflow/.local/lib/python3.8/site-packages/airflow/example_dags/tutorial_objectstorage.py
[2024-01-21T13:41:28.934+0000] {logging_mixin.py:188} INFO - [2024-01-21T13:41:28.934+0000] {dag.py:3036} INFO - Sync 1 DAGs
[2024-01-21T13:41:28.961+0000] {logging_mixin.py:188} INFO - [2024-01-21T13:41:28.961+0000] {dag.py:3823} INFO - Setting next_dagrun for tutorial_objectstorage to None, run_after=None
[2024-01-21T13:41:29.006+0000] {processor.py:183} INFO - Processing /home/airflow/.local/lib/python3.8/site-packages/airflow/example_dags/tutorial_objectstorage.py took 0.143 seconds
[2024-01-21T13:42:00.356+0000] {processor.py:161} INFO - Started process (PID=333) to work on /home/airflow/.local/lib/python3.8/site-packages/airflow/example_dags/tutorial_objectstorage.py
[2024-01-21T13:42:00.362+0000] {processor.py:830} INFO - Processing file /home/airflow/.local/lib/python3.8/site-packages/airflow/example_dags/tutorial_objectstorage.py for tasks to queue
[2024-01-21T13:42:00.369+0000] {logging_mixin.py:188} INFO - [2024-01-21T13:42:00.369+0000] {dagbag.py:538} INFO - Filling up the DagBag from /home/airflow/.local/lib/python3.8/site-packages/airflow/example_dags/tutorial_objectstorage.py
[2024-01-21T13:42:00.394+0000] {processor.py:840} INFO - DAG(s) 'tutorial_objectstorage' retrieved from /home/airflow/.local/lib/python3.8/site-packages/airflow/example_dags/tutorial_objectstorage.py
[2024-01-21T13:42:00.746+0000] {logging_mixin.py:188} INFO - [2024-01-21T13:42:00.745+0000] {dag.py:3036} INFO - Sync 1 DAGs
[2024-01-21T13:42:00.836+0000] {logging_mixin.py:188} INFO - [2024-01-21T13:42:00.835+0000] {dag.py:3823} INFO - Setting next_dagrun for tutorial_objectstorage to None, run_after=None
[2024-01-21T13:42:00.971+0000] {processor.py:183} INFO - Processing /home/airflow/.local/lib/python3.8/site-packages/airflow/example_dags/tutorial_objectstorage.py took 0.624 seconds
[2024-01-21T13:42:31.708+0000] {processor.py:161} INFO - Started process (PID=388) to work on /home/airflow/.local/lib/python3.8/site-packages/airflow/example_dags/tutorial_objectstorage.py
[2024-01-21T13:42:31.712+0000] {processor.py:830} INFO - Processing file /home/airflow/.local/lib/python3.8/site-packages/airflow/example_dags/tutorial_objectstorage.py for tasks to queue
[2024-01-21T13:42:31.717+0000] {logging_mixin.py:188} INFO - [2024-01-21T13:42:31.716+0000] {dagbag.py:538} INFO - Filling up the DagBag from /home/airflow/.local/lib/python3.8/site-packages/airflow/example_dags/tutorial_objectstorage.py
[2024-01-21T13:42:31.732+0000] {processor.py:840} INFO - DAG(s) 'tutorial_objectstorage' retrieved from /home/airflow/.local/lib/python3.8/site-packages/airflow/example_dags/tutorial_objectstorage.py
[2024-01-21T13:42:31.778+0000] {logging_mixin.py:188} INFO - [2024-01-21T13:42:31.778+0000] {dag.py:3036} INFO - Sync 1 DAGs
[2024-01-21T13:42:31.810+0000] {logging_mixin.py:188} INFO - [2024-01-21T13:42:31.810+0000] {dag.py:3823} INFO - Setting next_dagrun for tutorial_objectstorage to None, run_after=None
[2024-01-21T13:42:31.941+0000] {processor.py:183} INFO - Processing /home/airflow/.local/lib/python3.8/site-packages/airflow/example_dags/tutorial_objectstorage.py took 0.241 seconds
[2024-01-21T13:43:02.099+0000] {processor.py:161} INFO - Started process (PID=443) to work on /home/airflow/.local/lib/python3.8/site-packages/airflow/example_dags/tutorial_objectstorage.py
[2024-01-21T13:43:02.102+0000] {processor.py:830} INFO - Processing file /home/airflow/.local/lib/python3.8/site-packages/airflow/example_dags/tutorial_objectstorage.py for tasks to queue
[2024-01-21T13:43:02.105+0000] {logging_mixin.py:188} INFO - [2024-01-21T13:43:02.105+0000] {dagbag.py:538} INFO - Filling up the DagBag from /home/airflow/.local/lib/python3.8/site-packages/airflow/example_dags/tutorial_objectstorage.py
[2024-01-21T13:43:02.118+0000] {processor.py:840} INFO - DAG(s) 'tutorial_objectstorage' retrieved from /home/airflow/.local/lib/python3.8/site-packages/airflow/example_dags/tutorial_objectstorage.py
[2024-01-21T13:43:02.159+0000] {logging_mixin.py:188} INFO - [2024-01-21T13:43:02.158+0000] {dag.py:3036} INFO - Sync 1 DAGs
[2024-01-21T13:43:02.180+0000] {logging_mixin.py:188} INFO - [2024-01-21T13:43:02.180+0000] {dag.py:3823} INFO - Setting next_dagrun for tutorial_objectstorage to None, run_after=None
[2024-01-21T13:43:02.226+0000] {processor.py:183} INFO - Processing /home/airflow/.local/lib/python3.8/site-packages/airflow/example_dags/tutorial_objectstorage.py took 0.134 seconds
[2024-01-21T13:43:32.412+0000] {processor.py:161} INFO - Started process (PID=496) to work on /home/airflow/.local/lib/python3.8/site-packages/airflow/example_dags/tutorial_objectstorage.py
[2024-01-21T13:43:32.414+0000] {processor.py:830} INFO - Processing file /home/airflow/.local/lib/python3.8/site-packages/airflow/example_dags/tutorial_objectstorage.py for tasks to queue
[2024-01-21T13:43:32.428+0000] {logging_mixin.py:188} INFO - [2024-01-21T13:43:32.426+0000] {dagbag.py:538} INFO - Filling up the DagBag from /home/airflow/.local/lib/python3.8/site-packages/airflow/example_dags/tutorial_objectstorage.py
[2024-01-21T13:43:32.454+0000] {processor.py:840} INFO - DAG(s) 'tutorial_objectstorage' retrieved from /home/airflow/.local/lib/python3.8/site-packages/airflow/example_dags/tutorial_objectstorage.py
[2024-01-21T13:43:32.582+0000] {logging_mixin.py:188} INFO - [2024-01-21T13:43:32.582+0000] {dag.py:3036} INFO - Sync 1 DAGs
[2024-01-21T13:43:32.647+0000] {logging_mixin.py:188} INFO - [2024-01-21T13:43:32.647+0000] {dag.py:3823} INFO - Setting next_dagrun for tutorial_objectstorage to None, run_after=None
[2024-01-21T13:43:32.700+0000] {processor.py:183} INFO - Processing /home/airflow/.local/lib/python3.8/site-packages/airflow/example_dags/tutorial_objectstorage.py took 0.299 seconds
[2024-01-21T13:44:03.279+0000] {processor.py:161} INFO - Started process (PID=552) to work on /home/airflow/.local/lib/python3.8/site-packages/airflow/example_dags/tutorial_objectstorage.py
[2024-01-21T13:44:03.309+0000] {processor.py:830} INFO - Processing file /home/airflow/.local/lib/python3.8/site-packages/airflow/example_dags/tutorial_objectstorage.py for tasks to queue
[2024-01-21T13:44:03.323+0000] {logging_mixin.py:188} INFO - [2024-01-21T13:44:03.320+0000] {dagbag.py:538} INFO - Filling up the DagBag from /home/airflow/.local/lib/python3.8/site-packages/airflow/example_dags/tutorial_objectstorage.py
[2024-01-21T13:44:03.367+0000] {processor.py:840} INFO - DAG(s) 'tutorial_objectstorage' retrieved from /home/airflow/.local/lib/python3.8/site-packages/airflow/example_dags/tutorial_objectstorage.py
[2024-01-21T13:44:03.555+0000] {logging_mixin.py:188} INFO - [2024-01-21T13:44:03.555+0000] {dag.py:3036} INFO - Sync 1 DAGs
[2024-01-21T13:44:03.588+0000] {logging_mixin.py:188} INFO - [2024-01-21T13:44:03.587+0000] {dag.py:3823} INFO - Setting next_dagrun for tutorial_objectstorage to None, run_after=None
[2024-01-21T13:44:03.787+0000] {processor.py:183} INFO - Processing /home/airflow/.local/lib/python3.8/site-packages/airflow/example_dags/tutorial_objectstorage.py took 0.534 seconds
[2024-01-21T13:44:33.866+0000] {processor.py:161} INFO - Started process (PID=607) to work on /home/airflow/.local/lib/python3.8/site-packages/airflow/example_dags/tutorial_objectstorage.py
[2024-01-21T13:44:33.868+0000] {processor.py:830} INFO - Processing file /home/airflow/.local/lib/python3.8/site-packages/airflow/example_dags/tutorial_objectstorage.py for tasks to queue
[2024-01-21T13:44:33.871+0000] {logging_mixin.py:188} INFO - [2024-01-21T13:44:33.871+0000] {dagbag.py:538} INFO - Filling up the DagBag from /home/airflow/.local/lib/python3.8/site-packages/airflow/example_dags/tutorial_objectstorage.py
[2024-01-21T13:44:33.882+0000] {processor.py:840} INFO - DAG(s) 'tutorial_objectstorage' retrieved from /home/airflow/.local/lib/python3.8/site-packages/airflow/example_dags/tutorial_objectstorage.py
[2024-01-21T13:44:33.917+0000] {logging_mixin.py:188} INFO - [2024-01-21T13:44:33.916+0000] {dag.py:3036} INFO - Sync 1 DAGs
[2024-01-21T13:44:33.939+0000] {logging_mixin.py:188} INFO - [2024-01-21T13:44:33.938+0000] {dag.py:3823} INFO - Setting next_dagrun for tutorial_objectstorage to None, run_after=None
[2024-01-21T13:44:33.976+0000] {processor.py:183} INFO - Processing /home/airflow/.local/lib/python3.8/site-packages/airflow/example_dags/tutorial_objectstorage.py took 0.115 seconds
[2024-01-21T13:45:04.510+0000] {processor.py:161} INFO - Started process (PID=663) to work on /home/airflow/.local/lib/python3.8/site-packages/airflow/example_dags/tutorial_objectstorage.py
[2024-01-21T13:45:04.512+0000] {processor.py:830} INFO - Processing file /home/airflow/.local/lib/python3.8/site-packages/airflow/example_dags/tutorial_objectstorage.py for tasks to queue
[2024-01-21T13:45:04.516+0000] {logging_mixin.py:188} INFO - [2024-01-21T13:45:04.516+0000] {dagbag.py:538} INFO - Filling up the DagBag from /home/airflow/.local/lib/python3.8/site-packages/airflow/example_dags/tutorial_objectstorage.py
[2024-01-21T13:45:04.529+0000] {processor.py:840} INFO - DAG(s) 'tutorial_objectstorage' retrieved from /home/airflow/.local/lib/python3.8/site-packages/airflow/example_dags/tutorial_objectstorage.py
[2024-01-21T13:45:04.567+0000] {logging_mixin.py:188} INFO - [2024-01-21T13:45:04.567+0000] {dag.py:3036} INFO - Sync 1 DAGs
[2024-01-21T13:45:04.597+0000] {logging_mixin.py:188} INFO - [2024-01-21T13:45:04.597+0000] {dag.py:3823} INFO - Setting next_dagrun for tutorial_objectstorage to None, run_after=None
[2024-01-21T13:45:04.639+0000] {processor.py:183} INFO - Processing /home/airflow/.local/lib/python3.8/site-packages/airflow/example_dags/tutorial_objectstorage.py took 0.136 seconds
[2024-01-21T13:45:34.914+0000] {processor.py:161} INFO - Started process (PID=719) to work on /home/airflow/.local/lib/python3.8/site-packages/airflow/example_dags/tutorial_objectstorage.py
[2024-01-21T13:45:34.918+0000] {processor.py:830} INFO - Processing file /home/airflow/.local/lib/python3.8/site-packages/airflow/example_dags/tutorial_objectstorage.py for tasks to queue
[2024-01-21T13:45:34.925+0000] {logging_mixin.py:188} INFO - [2024-01-21T13:45:34.923+0000] {dagbag.py:538} INFO - Filling up the DagBag from /home/airflow/.local/lib/python3.8/site-packages/airflow/example_dags/tutorial_objectstorage.py
[2024-01-21T13:45:34.952+0000] {processor.py:840} INFO - DAG(s) 'tutorial_objectstorage' retrieved from /home/airflow/.local/lib/python3.8/site-packages/airflow/example_dags/tutorial_objectstorage.py
[2024-01-21T13:45:35.035+0000] {logging_mixin.py:188} INFO - [2024-01-21T13:45:35.034+0000] {dag.py:3036} INFO - Sync 1 DAGs
[2024-01-21T13:45:35.120+0000] {logging_mixin.py:188} INFO - [2024-01-21T13:45:35.120+0000] {dag.py:3823} INFO - Setting next_dagrun for tutorial_objectstorage to None, run_after=None
[2024-01-21T13:45:35.237+0000] {processor.py:183} INFO - Processing /home/airflow/.local/lib/python3.8/site-packages/airflow/example_dags/tutorial_objectstorage.py took 0.333 seconds
[2024-01-21T13:46:05.470+0000] {processor.py:161} INFO - Started process (PID=775) to work on /home/airflow/.local/lib/python3.8/site-packages/airflow/example_dags/tutorial_objectstorage.py
[2024-01-21T13:46:05.474+0000] {processor.py:830} INFO - Processing file /home/airflow/.local/lib/python3.8/site-packages/airflow/example_dags/tutorial_objectstorage.py for tasks to queue
[2024-01-21T13:46:05.480+0000] {logging_mixin.py:188} INFO - [2024-01-21T13:46:05.479+0000] {dagbag.py:538} INFO - Filling up the DagBag from /home/airflow/.local/lib/python3.8/site-packages/airflow/example_dags/tutorial_objectstorage.py
[2024-01-21T13:46:05.500+0000] {processor.py:840} INFO - DAG(s) 'tutorial_objectstorage' retrieved from /home/airflow/.local/lib/python3.8/site-packages/airflow/example_dags/tutorial_objectstorage.py
[2024-01-21T13:46:05.546+0000] {logging_mixin.py:188} INFO - [2024-01-21T13:46:05.545+0000] {dag.py:3036} INFO - Sync 1 DAGs
[2024-01-21T13:46:05.597+0000] {logging_mixin.py:188} INFO - [2024-01-21T13:46:05.597+0000] {dag.py:3823} INFO - Setting next_dagrun for tutorial_objectstorage to None, run_after=None
[2024-01-21T13:46:05.694+0000] {processor.py:183} INFO - Processing /home/airflow/.local/lib/python3.8/site-packages/airflow/example_dags/tutorial_objectstorage.py took 0.234 seconds
[2024-01-21T13:46:37.541+0000] {processor.py:161} INFO - Started process (PID=831) to work on /home/airflow/.local/lib/python3.8/site-packages/airflow/example_dags/tutorial_objectstorage.py
[2024-01-21T13:46:37.549+0000] {processor.py:830} INFO - Processing file /home/airflow/.local/lib/python3.8/site-packages/airflow/example_dags/tutorial_objectstorage.py for tasks to queue
[2024-01-21T13:46:37.563+0000] {logging_mixin.py:188} INFO - [2024-01-21T13:46:37.558+0000] {dagbag.py:538} INFO - Filling up the DagBag from /home/airflow/.local/lib/python3.8/site-packages/airflow/example_dags/tutorial_objectstorage.py
[2024-01-21T13:46:37.711+0000] {processor.py:840} INFO - DAG(s) 'tutorial_objectstorage' retrieved from /home/airflow/.local/lib/python3.8/site-packages/airflow/example_dags/tutorial_objectstorage.py
[2024-01-21T13:46:37.788+0000] {logging_mixin.py:188} INFO - [2024-01-21T13:46:37.787+0000] {dag.py:3036} INFO - Sync 1 DAGs
[2024-01-21T13:46:37.949+0000] {logging_mixin.py:188} INFO - [2024-01-21T13:46:37.949+0000] {dag.py:3823} INFO - Setting next_dagrun for tutorial_objectstorage to None, run_after=None
[2024-01-21T13:46:38.157+0000] {processor.py:183} INFO - Processing /home/airflow/.local/lib/python3.8/site-packages/airflow/example_dags/tutorial_objectstorage.py took 0.630 seconds
[2024-01-21T13:47:08.791+0000] {processor.py:161} INFO - Started process (PID=886) to work on /home/airflow/.local/lib/python3.8/site-packages/airflow/example_dags/tutorial_objectstorage.py
[2024-01-21T13:47:08.794+0000] {processor.py:830} INFO - Processing file /home/airflow/.local/lib/python3.8/site-packages/airflow/example_dags/tutorial_objectstorage.py for tasks to queue
[2024-01-21T13:47:08.798+0000] {logging_mixin.py:188} INFO - [2024-01-21T13:47:08.798+0000] {dagbag.py:538} INFO - Filling up the DagBag from /home/airflow/.local/lib/python3.8/site-packages/airflow/example_dags/tutorial_objectstorage.py
[2024-01-21T13:47:08.813+0000] {processor.py:840} INFO - DAG(s) 'tutorial_objectstorage' retrieved from /home/airflow/.local/lib/python3.8/site-packages/airflow/example_dags/tutorial_objectstorage.py
[2024-01-21T13:47:08.856+0000] {logging_mixin.py:188} INFO - [2024-01-21T13:47:08.856+0000] {dag.py:3036} INFO - Sync 1 DAGs
[2024-01-21T13:47:08.882+0000] {logging_mixin.py:188} INFO - [2024-01-21T13:47:08.882+0000] {dag.py:3823} INFO - Setting next_dagrun for tutorial_objectstorage to None, run_after=None
[2024-01-21T13:47:08.926+0000] {processor.py:183} INFO - Processing /home/airflow/.local/lib/python3.8/site-packages/airflow/example_dags/tutorial_objectstorage.py took 0.144 seconds
[2024-01-21T13:47:39.034+0000] {processor.py:161} INFO - Started process (PID=942) to work on /home/airflow/.local/lib/python3.8/site-packages/airflow/example_dags/tutorial_objectstorage.py
[2024-01-21T13:47:39.038+0000] {processor.py:830} INFO - Processing file /home/airflow/.local/lib/python3.8/site-packages/airflow/example_dags/tutorial_objectstorage.py for tasks to queue
[2024-01-21T13:47:39.042+0000] {logging_mixin.py:188} INFO - [2024-01-21T13:47:39.041+0000] {dagbag.py:538} INFO - Filling up the DagBag from /home/airflow/.local/lib/python3.8/site-packages/airflow/example_dags/tutorial_objectstorage.py
[2024-01-21T13:47:39.057+0000] {processor.py:840} INFO - DAG(s) 'tutorial_objectstorage' retrieved from /home/airflow/.local/lib/python3.8/site-packages/airflow/example_dags/tutorial_objectstorage.py
[2024-01-21T13:47:39.106+0000] {logging_mixin.py:188} INFO - [2024-01-21T13:47:39.106+0000] {dag.py:3036} INFO - Sync 1 DAGs
[2024-01-21T13:47:39.135+0000] {logging_mixin.py:188} INFO - [2024-01-21T13:47:39.135+0000] {dag.py:3823} INFO - Setting next_dagrun for tutorial_objectstorage to None, run_after=None
[2024-01-21T13:47:39.176+0000] {processor.py:183} INFO - Processing /home/airflow/.local/lib/python3.8/site-packages/airflow/example_dags/tutorial_objectstorage.py took 0.148 seconds
[2024-01-21T13:48:09.491+0000] {processor.py:161} INFO - Started process (PID=992) to work on /home/airflow/.local/lib/python3.8/site-packages/airflow/example_dags/tutorial_objectstorage.py
[2024-01-21T13:48:09.495+0000] {processor.py:830} INFO - Processing file /home/airflow/.local/lib/python3.8/site-packages/airflow/example_dags/tutorial_objectstorage.py for tasks to queue
[2024-01-21T13:48:09.502+0000] {logging_mixin.py:188} INFO - [2024-01-21T13:48:09.501+0000] {dagbag.py:538} INFO - Filling up the DagBag from /home/airflow/.local/lib/python3.8/site-packages/airflow/example_dags/tutorial_objectstorage.py
[2024-01-21T13:48:09.522+0000] {processor.py:840} INFO - DAG(s) 'tutorial_objectstorage' retrieved from /home/airflow/.local/lib/python3.8/site-packages/airflow/example_dags/tutorial_objectstorage.py
[2024-01-21T13:48:09.591+0000] {logging_mixin.py:188} INFO - [2024-01-21T13:48:09.591+0000] {dag.py:3036} INFO - Sync 1 DAGs
[2024-01-21T13:48:09.647+0000] {logging_mixin.py:188} INFO - [2024-01-21T13:48:09.644+0000] {dag.py:3823} INFO - Setting next_dagrun for tutorial_objectstorage to None, run_after=None
[2024-01-21T13:48:09.757+0000] {processor.py:183} INFO - Processing /home/airflow/.local/lib/python3.8/site-packages/airflow/example_dags/tutorial_objectstorage.py took 0.279 seconds
[2024-01-21T13:48:40.580+0000] {processor.py:161} INFO - Started process (PID=1048) to work on /home/airflow/.local/lib/python3.8/site-packages/airflow/example_dags/tutorial_objectstorage.py
[2024-01-21T13:48:40.582+0000] {processor.py:830} INFO - Processing file /home/airflow/.local/lib/python3.8/site-packages/airflow/example_dags/tutorial_objectstorage.py for tasks to queue
[2024-01-21T13:48:40.585+0000] {logging_mixin.py:188} INFO - [2024-01-21T13:48:40.585+0000] {dagbag.py:538} INFO - Filling up the DagBag from /home/airflow/.local/lib/python3.8/site-packages/airflow/example_dags/tutorial_objectstorage.py
[2024-01-21T13:48:40.599+0000] {processor.py:840} INFO - DAG(s) 'tutorial_objectstorage' retrieved from /home/airflow/.local/lib/python3.8/site-packages/airflow/example_dags/tutorial_objectstorage.py
[2024-01-21T13:48:40.638+0000] {logging_mixin.py:188} INFO - [2024-01-21T13:48:40.638+0000] {dag.py:3036} INFO - Sync 1 DAGs
[2024-01-21T13:48:40.663+0000] {logging_mixin.py:188} INFO - [2024-01-21T13:48:40.662+0000] {dag.py:3823} INFO - Setting next_dagrun for tutorial_objectstorage to None, run_after=None
[2024-01-21T13:48:40.710+0000] {processor.py:183} INFO - Processing /home/airflow/.local/lib/python3.8/site-packages/airflow/example_dags/tutorial_objectstorage.py took 0.137 seconds
[2024-01-21T13:49:11.570+0000] {processor.py:161} INFO - Started process (PID=1104) to work on /home/airflow/.local/lib/python3.8/site-packages/airflow/example_dags/tutorial_objectstorage.py
[2024-01-21T13:49:11.572+0000] {processor.py:830} INFO - Processing file /home/airflow/.local/lib/python3.8/site-packages/airflow/example_dags/tutorial_objectstorage.py for tasks to queue
[2024-01-21T13:49:11.577+0000] {logging_mixin.py:188} INFO - [2024-01-21T13:49:11.576+0000] {dagbag.py:538} INFO - Filling up the DagBag from /home/airflow/.local/lib/python3.8/site-packages/airflow/example_dags/tutorial_objectstorage.py
[2024-01-21T13:49:11.591+0000] {processor.py:840} INFO - DAG(s) 'tutorial_objectstorage' retrieved from /home/airflow/.local/lib/python3.8/site-packages/airflow/example_dags/tutorial_objectstorage.py
[2024-01-21T13:49:11.651+0000] {logging_mixin.py:188} INFO - [2024-01-21T13:49:11.651+0000] {dag.py:3036} INFO - Sync 1 DAGs
[2024-01-21T13:49:11.678+0000] {logging_mixin.py:188} INFO - [2024-01-21T13:49:11.678+0000] {dag.py:3823} INFO - Setting next_dagrun for tutorial_objectstorage to None, run_after=None
[2024-01-21T13:49:11.726+0000] {processor.py:183} INFO - Processing /home/airflow/.local/lib/python3.8/site-packages/airflow/example_dags/tutorial_objectstorage.py took 0.163 seconds
[2024-01-21T13:49:41.981+0000] {processor.py:161} INFO - Started process (PID=1160) to work on /home/airflow/.local/lib/python3.8/site-packages/airflow/example_dags/tutorial_objectstorage.py
[2024-01-21T13:49:41.983+0000] {processor.py:830} INFO - Processing file /home/airflow/.local/lib/python3.8/site-packages/airflow/example_dags/tutorial_objectstorage.py for tasks to queue
[2024-01-21T13:49:41.988+0000] {logging_mixin.py:188} INFO - [2024-01-21T13:49:41.988+0000] {dagbag.py:538} INFO - Filling up the DagBag from /home/airflow/.local/lib/python3.8/site-packages/airflow/example_dags/tutorial_objectstorage.py
[2024-01-21T13:49:42.011+0000] {processor.py:840} INFO - DAG(s) 'tutorial_objectstorage' retrieved from /home/airflow/.local/lib/python3.8/site-packages/airflow/example_dags/tutorial_objectstorage.py
[2024-01-21T13:49:42.068+0000] {logging_mixin.py:188} INFO - [2024-01-21T13:49:42.068+0000] {dag.py:3036} INFO - Sync 1 DAGs
[2024-01-21T13:49:42.106+0000] {logging_mixin.py:188} INFO - [2024-01-21T13:49:42.106+0000] {dag.py:3823} INFO - Setting next_dagrun for tutorial_objectstorage to None, run_after=None
[2024-01-21T13:49:42.163+0000] {processor.py:183} INFO - Processing /home/airflow/.local/lib/python3.8/site-packages/airflow/example_dags/tutorial_objectstorage.py took 0.191 seconds
[2024-01-21T13:50:12.948+0000] {processor.py:161} INFO - Started process (PID=1223) to work on /home/airflow/.local/lib/python3.8/site-packages/airflow/example_dags/tutorial_objectstorage.py
[2024-01-21T13:50:12.951+0000] {processor.py:830} INFO - Processing file /home/airflow/.local/lib/python3.8/site-packages/airflow/example_dags/tutorial_objectstorage.py for tasks to queue
[2024-01-21T13:50:12.956+0000] {logging_mixin.py:188} INFO - [2024-01-21T13:50:12.956+0000] {dagbag.py:538} INFO - Filling up the DagBag from /home/airflow/.local/lib/python3.8/site-packages/airflow/example_dags/tutorial_objectstorage.py
[2024-01-21T13:50:12.968+0000] {processor.py:840} INFO - DAG(s) 'tutorial_objectstorage' retrieved from /home/airflow/.local/lib/python3.8/site-packages/airflow/example_dags/tutorial_objectstorage.py
[2024-01-21T13:50:13.010+0000] {logging_mixin.py:188} INFO - [2024-01-21T13:50:13.009+0000] {dag.py:3036} INFO - Sync 1 DAGs
[2024-01-21T13:50:13.033+0000] {logging_mixin.py:188} INFO - [2024-01-21T13:50:13.033+0000] {dag.py:3823} INFO - Setting next_dagrun for tutorial_objectstorage to None, run_after=None
[2024-01-21T13:50:13.076+0000] {processor.py:183} INFO - Processing /home/airflow/.local/lib/python3.8/site-packages/airflow/example_dags/tutorial_objectstorage.py took 0.134 seconds
[2024-01-21T13:50:44.380+0000] {processor.py:161} INFO - Started process (PID=1279) to work on /home/airflow/.local/lib/python3.8/site-packages/airflow/example_dags/tutorial_objectstorage.py
[2024-01-21T13:50:44.383+0000] {processor.py:830} INFO - Processing file /home/airflow/.local/lib/python3.8/site-packages/airflow/example_dags/tutorial_objectstorage.py for tasks to queue
[2024-01-21T13:50:44.388+0000] {logging_mixin.py:188} INFO - [2024-01-21T13:50:44.387+0000] {dagbag.py:538} INFO - Filling up the DagBag from /home/airflow/.local/lib/python3.8/site-packages/airflow/example_dags/tutorial_objectstorage.py
[2024-01-21T13:50:44.413+0000] {processor.py:840} INFO - DAG(s) 'tutorial_objectstorage' retrieved from /home/airflow/.local/lib/python3.8/site-packages/airflow/example_dags/tutorial_objectstorage.py
[2024-01-21T13:50:44.473+0000] {logging_mixin.py:188} INFO - [2024-01-21T13:50:44.472+0000] {dag.py:3036} INFO - Sync 1 DAGs
[2024-01-21T13:50:44.518+0000] {logging_mixin.py:188} INFO - [2024-01-21T13:50:44.517+0000] {dag.py:3823} INFO - Setting next_dagrun for tutorial_objectstorage to None, run_after=None
[2024-01-21T13:50:44.618+0000] {processor.py:183} INFO - Processing /home/airflow/.local/lib/python3.8/site-packages/airflow/example_dags/tutorial_objectstorage.py took 0.249 seconds
[2024-01-21T13:51:14.979+0000] {processor.py:161} INFO - Started process (PID=1335) to work on /home/airflow/.local/lib/python3.8/site-packages/airflow/example_dags/tutorial_objectstorage.py
[2024-01-21T13:51:14.982+0000] {processor.py:830} INFO - Processing file /home/airflow/.local/lib/python3.8/site-packages/airflow/example_dags/tutorial_objectstorage.py for tasks to queue
[2024-01-21T13:51:14.987+0000] {logging_mixin.py:188} INFO - [2024-01-21T13:51:14.986+0000] {dagbag.py:538} INFO - Filling up the DagBag from /home/airflow/.local/lib/python3.8/site-packages/airflow/example_dags/tutorial_objectstorage.py
[2024-01-21T13:51:15.004+0000] {processor.py:840} INFO - DAG(s) 'tutorial_objectstorage' retrieved from /home/airflow/.local/lib/python3.8/site-packages/airflow/example_dags/tutorial_objectstorage.py
[2024-01-21T13:51:15.101+0000] {logging_mixin.py:188} INFO - [2024-01-21T13:51:15.100+0000] {dag.py:3036} INFO - Sync 1 DAGs
[2024-01-21T13:51:15.154+0000] {logging_mixin.py:188} INFO - [2024-01-21T13:51:15.154+0000] {dag.py:3823} INFO - Setting next_dagrun for tutorial_objectstorage to None, run_after=None
[2024-01-21T13:51:15.251+0000] {processor.py:183} INFO - Processing /home/airflow/.local/lib/python3.8/site-packages/airflow/example_dags/tutorial_objectstorage.py took 0.281 seconds
